2025-03-15 15:53:11,196 : INFO : root : Loading config.
2025-03-15 15:53:11,206 : INFO : YamlMultifileConfigLoader : Machine config file #1: config.yaml
2025-03-15 15:53:11,206 : INFO : ConfigProcessor : Loading config from cache: C:\Users\User\AppData\Local\Temp\5682b9bdeb2b9ad8a31c13560e038609.mpf_cache
2025-03-15 15:53:11,446 : INFO : ConfigProcessor : Loading config from cache: C:\Users\User\AppData\Local\Temp\8422c6572f827355f8aade1949d04025.mpf_cache
2025-03-15 15:53:11,448 : INFO : ConfigProcessor : Loading config from cache: C:\Users\User\AppData\Local\Temp\1c0e7e9816717d8e62c4728dfe372999.mpf_cache
2025-03-15 15:53:11,453 : INFO : ConfigProcessor : Loading config from cache: C:\Users\User\AppData\Local\Temp\e3e8065d662ad307fa9574659e7e4e8e.mpf_cache
2025-03-15 15:53:11,456 : INFO : ConfigProcessor : Loading config from cache: C:\Users\User\AppData\Local\Temp\8422c6572f827355f8aade1949d04025.mpf_cache
2025-03-15 15:53:11,457 : INFO : Machine : Mission Pinball Framework Core Engine v0.80.0.dev6
2025-03-15 15:53:11,458 : INFO : Machine : Command line arguments: {'no_load_cache': False, 'create_config_cache': True, 'bcp': False, 'configfile': ['config.yaml'], 'force_assets_load': False, 'platform_integration_test': False, 'jsonlogging': False, 'logfile': 'logs\\2025-03-15-15-53-11-mpf-BERNIE.log', 'pause': False, 'production': False, 'text_ui': False, 'loglevel': 15, 'consoleloglevel': 20, 'force_platform': None, 'syslog_address': None, 'full_logfile_path': 'C:\\Users\\User\\Desktop\\fast_homebrew_godot_v2\\fast_homebrew_godot_v2\\logs\\2025-03-15-15-53-11-mpf-BERNIE.log'}
2025-03-15 15:53:11,458 : INFO : Machine : MPF path: C:\Users\User\AppData\Local\Programs\Python\Python312\Lib\site-packages\mpf
2025-03-15 15:53:11,458 : INFO : Machine : Machine path: C:\Users\User\Desktop\fast_homebrew_godot_v2\fast_homebrew_godot_v2
2025-03-15 15:53:11,458 : INFO : Machine : Platform: win32
2025-03-15 15:53:11,458 : INFO : Machine : Python executable location: C:\Users\User\AppData\Local\Programs\Python\Python312\python.exe
2025-03-15 15:53:11,458 : INFO : Machine : Python version: 3.12.3 (64-bit)
2025-03-15 15:53:11,463 : INFO : Machine : Initializing MPF...
2025-03-15 15:53:11,706 : INFO : FAST : Auto-detecting ports for the following connections: ['net']
2025-03-15 15:53:11,758 : INFO : FAST : Detected NET on port COM5
2025-03-15 15:53:11,872 : INFO : FAST [NET] : Trying to connect to COM5 at 921600bps
2025-03-15 15:53:11,879 : INFO : FAST [NET] : Connected to COM5 at 921600bps
2025-03-15 15:53:11,884 : INFO : FAST [NET] : Connected to FP-CPU-2000 with firmware v02.26
2025-03-15 15:53:11,917 : INFO : FAST [NET] : Registered I/O Board 0: Model: FP-I/O-3208, Firmware: 01.10, Switches: 32, Drivers: 8
2025-03-15 15:53:11,931 : INFO : FAST [NET] : Registered I/O Board 1: Model: FP-I/O-3208, Firmware: 01.10, Switches: 32, Drivers: 8
2025-03-15 15:53:11,932 : INFO : EventManager : Event: ======'machine_var_credits_string'====== Args={'value': 'FREE PLAY', 'prev_value': None, 'change': True}
2025-03-15 15:53:11,999 : INFO : EventManager : Event: ======'machine_var_master_volume'====== Args={'value': 0.5, 'prev_value': None, 'change': True}
2025-03-15 15:53:12,000 : INFO : EventManager : Event: ======'machine_var_mpf_version'====== Args={'value': 'Mission Pinball Framework v0.80.0.dev6', 'prev_value': None, 'change': True}
2025-03-15 15:53:12,000 : INFO : EventManager : Event: ======'machine_var_mpf_extended_version'====== Args={'value': 'Mission Pinball Framework v0.80.0.dev6, Config version:6, Show version: 6, BCP version:1.1', 'prev_value': None, 'change': True}
2025-03-15 15:53:12,002 : INFO : EventManager : Event: ======'machine_var_python_version'====== Args={'value': '3.12.3', 'prev_value': None, 'change': True}
2025-03-15 15:53:12,194 : INFO : EventManager : Event: ======'machine_var_platform'====== Args={'value': 'Windows-11-10.0.22631-SP0', 'prev_value': None, 'change': True}
2025-03-15 15:53:12,195 : INFO : EventManager : Event: ======'machine_var_platform_system'====== Args={'value': 'Windows', 'prev_value': None, 'change': True}
2025-03-15 15:53:12,195 : INFO : EventManager : Event: ======'machine_var_platform_release'====== Args={'value': '11', 'prev_value': None, 'change': True}
2025-03-15 15:53:12,195 : INFO : EventManager : Event: ======'machine_var_platform_version'====== Args={'value': '10.0.22631', 'prev_value': None, 'change': True}
2025-03-15 15:53:12,195 : INFO : EventManager : Event: ======'machine_var_platform_machine'====== Args={'value': 'AMD64', 'prev_value': None, 'change': True}
2025-03-15 15:53:12,195 : INFO : EventManager : Event: ======'machine_var_log_file_path'====== Args={'value': 'C:\\Users\\User\\Desktop\\fast_homebrew_godot_v2\\fast_homebrew_godot_v2\\logs\\2025-03-15-15-53-11-mpf-BERNIE.log', 'prev_value': None, 'change': True}
2025-03-15 15:53:12,195 : INFO : EventManager : Event: ======'init_phase_1'====== Args={}
2025-03-15 15:53:14,793 : INFO : SwitchController : <<<<<<< 's_trough_ball_jam' active >>>>>>>
2025-03-15 15:53:14,793 : INFO : SwitchController : <<<<<<< 's_trough_ball_1' active >>>>>>>
2025-03-15 15:53:14,793 : INFO : SwitchController : <<<<<<< 's_trough_ball_2' active >>>>>>>
2025-03-15 15:53:14,794 : INFO : EventManager : Event: ======'init_phase_2'====== Args={}
2025-03-15 15:53:14,795 : INFO : SwitchController : Found active switch: (6, [FAST Platform Interface]) <switch.s_trough_ball_jam>
2025-03-15 15:53:14,795 : INFO : SwitchController : Found active switch: (26, [FAST Platform Interface]) <switch.s_trough_ball_1>
2025-03-15 15:53:14,795 : INFO : SwitchController : Found active switch: (28, [FAST Platform Interface]) <switch.s_trough_ball_2>
2025-03-15 15:53:15,308 : INFO : ball_device.bd_trough : BCH: Initial count: 1
2025-03-15 15:53:15,308 : INFO : ball_device.bd_trough : State: idle
2025-03-15 15:53:15,311 : INFO : ball_device.bd_plunger : BCH: Initial count: 0
2025-03-15 15:53:15,311 : INFO : ball_device.bd_plunger : State: idle
2025-03-15 15:53:15,369 : INFO : EventManager : Event: ======'init_phase_3'====== Args={}
2025-03-15 15:53:15,373 : INFO : EventManager : Event: ======'init_phase_4'====== Args={}
2025-03-15 15:53:15,375 : INFO : BallController : Initial balls found: 1
2025-03-15 15:53:15,377 : INFO : EventManager : Event: ======'machine_var_audits_events_game_ended'====== Args={'value': 0, 'prev_value': None, 'change': True}
2025-03-15 15:53:15,377 : INFO : EventManager : Event: ======'machine_var_audits_events_game_started'====== Args={'value': 426, 'prev_value': None, 'change': True}
2025-03-15 15:53:15,377 : INFO : EventManager : Event: ======'machine_var_audits_missing_switches_s_eject_confirm'====== Args={'value': 14, 'prev_value': None, 'change': True}
2025-03-15 15:53:15,377 : INFO : EventManager : Event: ======'machine_var_audits_missing_switches_s_flipper_left'====== Args={'value': 10, 'prev_value': None, 'change': True}
2025-03-15 15:53:15,378 : INFO : EventManager : Event: ======'machine_var_audits_missing_switches_s_flipper_left_lower_eos'====== Args={'value': 4, 'prev_value': None, 'change': True}
2025-03-15 15:53:15,378 : INFO : EventManager : Event: ======'machine_var_audits_missing_switches_s_flipper_left_upper_eos'====== Args={'value': 4, 'prev_value': None, 'change': True}
2025-03-15 15:53:15,378 : INFO : EventManager : Event: ======'machine_var_audits_missing_switches_s_flipper_right'====== Args={'value': 37, 'prev_value': None, 'change': True}
2025-03-15 15:53:15,378 : INFO : EventManager : Event: ======'machine_var_audits_missing_switches_s_flipper_right_eos'====== Args={'value': 34, 'prev_value': None, 'change': True}
2025-03-15 15:53:15,378 : INFO : EventManager : Event: ======'machine_var_audits_missing_switches_s_launch'====== Args={'value': 6, 'prev_value': None, 'change': True}
2025-03-15 15:53:15,378 : INFO : EventManager : Event: ======'machine_var_audits_missing_switches_s_left_flipper'====== Args={'value': 363, 'prev_value': None, 'change': True}
2025-03-15 15:53:15,378 : INFO : EventManager : Event: ======'machine_var_audits_missing_switches_s_left_flipper_eos'====== Args={'value': 363, 'prev_value': None, 'change': True}
2025-03-15 15:53:15,378 : INFO : EventManager : Event: ======'machine_var_audits_missing_switches_s_left_inlane'====== Args={'value': 6, 'prev_value': None, 'change': True}
2025-03-15 15:53:15,378 : INFO : EventManager : Event: ======'machine_var_audits_missing_switches_s_left_inner_lane'====== Args={'value': 357, 'prev_value': None, 'change': True}
2025-03-15 15:53:15,379 : INFO : EventManager : Event: ======'machine_var_audits_missing_switches_s_left_outer_lane'====== Args={'value': 153, 'prev_value': None, 'change': True}
2025-03-15 15:53:15,379 : INFO : EventManager : Event: ======'machine_var_audits_missing_switches_s_left_outlane'====== Args={'value': 6, 'prev_value': None, 'change': True}
2025-03-15 15:53:15,379 : INFO : EventManager : Event: ======'machine_var_audits_missing_switches_s_left_sling'====== Args={'value': 363, 'prev_value': None, 'change': True}
2025-03-15 15:53:15,379 : INFO : EventManager : Event: ======'machine_var_audits_missing_switches_s_mead'====== Args={'value': 267, 'prev_value': None, 'change': True}
2025-03-15 15:53:15,379 : INFO : EventManager : Event: ======'machine_var_audits_missing_switches_s_percy'====== Args={'value': 85, 'prev_value': None, 'change': True}
2025-03-15 15:53:15,379 : INFO : EventManager : Event: ======'machine_var_audits_missing_switches_s_pop_bumper_1'====== Args={'value': 357, 'prev_value': None, 'change': True}
2025-03-15 15:53:15,379 : INFO : EventManager : Event: ======'machine_var_audits_missing_switches_s_pop_bumper_2'====== Args={'value': 357, 'prev_value': None, 'change': True}
2025-03-15 15:53:15,379 : INFO : EventManager : Event: ======'machine_var_audits_missing_switches_s_pop_bumper_3'====== Args={'value': 357, 'prev_value': None, 'change': True}
2025-03-15 15:53:15,379 : INFO : EventManager : Event: ======'machine_var_audits_missing_switches_s_pop_bumper_cc_1'====== Args={'value': 9, 'prev_value': None, 'change': True}
2025-03-15 15:53:15,379 : INFO : EventManager : Event: ======'machine_var_audits_missing_switches_s_pop_bumper_cc_2'====== Args={'value': 9, 'prev_value': None, 'change': True}
2025-03-15 15:53:15,379 : INFO : EventManager : Event: ======'machine_var_audits_missing_switches_s_pop_bumper_cc_3'====== Args={'value': 9, 'prev_value': None, 'change': True}
2025-03-15 15:53:15,380 : INFO : EventManager : Event: ======'machine_var_audits_missing_switches_s_pop_bumper_m'====== Args={'value': 9, 'prev_value': None, 'change': True}
2025-03-15 15:53:15,380 : INFO : EventManager : Event: ======'machine_var_audits_missing_switches_s_right_flipper'====== Args={'value': 363, 'prev_value': None, 'change': True}
2025-03-15 15:53:15,380 : INFO : EventManager : Event: ======'machine_var_audits_missing_switches_s_right_flipper_eos'====== Args={'value': 363, 'prev_value': None, 'change': True}
2025-03-15 15:53:15,380 : INFO : EventManager : Event: ======'machine_var_audits_missing_switches_s_right_inlane'====== Args={'value': 6, 'prev_value': None, 'change': True}
2025-03-15 15:53:15,380 : INFO : EventManager : Event: ======'machine_var_audits_missing_switches_s_right_inner_lane'====== Args={'value': 357, 'prev_value': None, 'change': True}
2025-03-15 15:53:15,380 : INFO : EventManager : Event: ======'machine_var_audits_missing_switches_s_right_outer_lane'====== Args={'value': 357, 'prev_value': None, 'change': True}
2025-03-15 15:53:15,380 : INFO : EventManager : Event: ======'machine_var_audits_missing_switches_s_right_outlane'====== Args={'value': 6, 'prev_value': None, 'change': True}
2025-03-15 15:53:15,380 : INFO : EventManager : Event: ======'machine_var_audits_missing_switches_s_right_sling'====== Args={'value': 363, 'prev_value': None, 'change': True}
2025-03-15 15:53:15,380 : INFO : EventManager : Event: ======'machine_var_audits_missing_switches_s_scanlan'====== Args={'value': 204, 'prev_value': None, 'change': True}
2025-03-15 15:53:15,380 : INFO : EventManager : Event: ======'machine_var_audits_missing_switches_s_slingshot_1'====== Args={'value': 9, 'prev_value': None, 'change': True}
2025-03-15 15:53:15,380 : INFO : EventManager : Event: ======'machine_var_audits_missing_switches_s_slingshot_2'====== Args={'value': 10, 'prev_value': None, 'change': True}
2025-03-15 15:53:15,380 : INFO : EventManager : Event: ======'machine_var_audits_missing_switches_s_trough_ball_3'====== Args={'value': 12, 'prev_value': None, 'change': True}
2025-03-15 15:53:15,380 : INFO : EventManager : Event: ======'machine_var_audits_missing_switches_s_trough_ball_4'====== Args={'value': 12, 'prev_value': None, 'change': True}
2025-03-15 15:53:15,380 : INFO : EventManager : Event: ======'machine_var_audits_missing_switches_s_trough_ball_5'====== Args={'value': 12, 'prev_value': None, 'change': True}
2025-03-15 15:53:15,380 : INFO : EventManager : Event: ======'machine_var_audits_missing_switches_s_trough_ball_6'====== Args={'value': 12, 'prev_value': None, 'change': True}
2025-03-15 15:53:15,381 : INFO : EventManager : Event: ======'machine_var_audits_missing_switches_s_trough_ball_jam'====== Args={'value': 400, 'prev_value': None, 'change': True}
2025-03-15 15:53:15,381 : INFO : EventManager : Event: ======'machine_var_audits_player_score'====== Args={'value': {'average': 0, 'top': [], 'total': 0}, 'prev_value': None, 'change': True}
2025-03-15 15:53:15,381 : INFO : EventManager : Event: ======'machine_var_audits_shots_mead_shot'====== Args={'value': 223, 'prev_value': None, 'change': True}
2025-03-15 15:53:15,381 : INFO : EventManager : Event: ======'machine_var_audits_shots_percy_shot'====== Args={'value': 56, 'prev_value': None, 'change': True}
2025-03-15 15:53:15,381 : INFO : EventManager : Event: ======'machine_var_audits_shots_scanlan_shot'====== Args={'value': 121, 'prev_value': None, 'change': True}
2025-03-15 15:53:15,381 : INFO : EventManager : Event: ======'machine_var_audits_shots_video_shot_1'====== Args={'value': 24, 'prev_value': None, 'change': True}
2025-03-15 15:53:15,381 : INFO : EventManager : Event: ======'machine_var_audits_shots_video_shot_2'====== Args={'value': 20, 'prev_value': None, 'change': True}
2025-03-15 15:53:15,381 : INFO : EventManager : Event: ======'machine_var_audits_switches_s_auto_launcher'====== Args={'value': 0, 'prev_value': None, 'change': True}
2025-03-15 15:53:15,381 : INFO : EventManager : Event: ======'machine_var_audits_switches_s_ball_drain'====== Args={'value': 0, 'prev_value': None, 'change': True}
2025-03-15 15:53:15,381 : INFO : EventManager : Event: ======'machine_var_audits_switches_s_eject_confirm'====== Args={'value': 0, 'prev_value': None, 'change': True}
2025-03-15 15:53:15,382 : INFO : EventManager : Event: ======'machine_var_audits_switches_s_flipper_left'====== Args={'value': 19, 'prev_value': None, 'change': True}
2025-03-15 15:53:15,384 : INFO : EventManager : Event: ======'machine_var_audits_switches_s_flipper_left_lower_eos'====== Args={'value': 12, 'prev_value': None, 'change': True}
2025-03-15 15:53:15,384 : INFO : EventManager : Event: ======'machine_var_audits_switches_s_flipper_left_upper_eos'====== Args={'value': 11, 'prev_value': None, 'change': True}
2025-03-15 15:53:15,384 : INFO : EventManager : Event: ======'machine_var_audits_switches_s_flipper_right'====== Args={'value': 0, 'prev_value': None, 'change': True}
2025-03-15 15:53:15,384 : INFO : EventManager : Event: ======'machine_var_audits_switches_s_flipper_right_eos'====== Args={'value': 3, 'prev_value': None, 'change': True}
2025-03-15 15:53:15,384 : INFO : EventManager : Event: ======'machine_var_audits_switches_s_launch'====== Args={'value': 0, 'prev_value': None, 'change': True}
2025-03-15 15:53:15,384 : INFO : EventManager : Event: ======'machine_var_audits_switches_s_left_flipper'====== Args={'value': 36, 'prev_value': None, 'change': True}
2025-03-15 15:53:15,384 : INFO : EventManager : Event: ======'machine_var_audits_switches_s_left_flipper_eos'====== Args={'value': 0, 'prev_value': None, 'change': True}
2025-03-15 15:53:15,384 : INFO : EventManager : Event: ======'machine_var_audits_switches_s_left_inlane'====== Args={'value': 0, 'prev_value': None, 'change': True}
2025-03-15 15:53:15,385 : INFO : EventManager : Event: ======'machine_var_audits_switches_s_left_inner_lane'====== Args={'value': 0, 'prev_value': None, 'change': True}
2025-03-15 15:53:15,388 : INFO : EventManager : Event: ======'machine_var_audits_switches_s_left_outer_lane'====== Args={'value': 0, 'prev_value': None, 'change': True}
2025-03-15 15:53:15,388 : INFO : EventManager : Event: ======'machine_var_audits_switches_s_left_outlane'====== Args={'value': 0, 'prev_value': None, 'change': True}
2025-03-15 15:53:15,388 : INFO : EventManager : Event: ======'machine_var_audits_switches_s_left_sling'====== Args={'value': 7, 'prev_value': None, 'change': True}
2025-03-15 15:53:15,388 : INFO : EventManager : Event: ======'machine_var_audits_switches_s_mead'====== Args={'value': 0, 'prev_value': None, 'change': True}
2025-03-15 15:53:15,388 : INFO : EventManager : Event: ======'machine_var_audits_switches_s_percy'====== Args={'value': 0, 'prev_value': None, 'change': True}
2025-03-15 15:53:15,388 : INFO : EventManager : Event: ======'machine_var_audits_switches_s_plunger'====== Args={'value': 27, 'prev_value': None, 'change': True}
2025-03-15 15:53:15,388 : INFO : EventManager : Event: ======'machine_var_audits_switches_s_pop_bumper_1'====== Args={'value': 0, 'prev_value': None, 'change': True}
2025-03-15 15:53:15,388 : INFO : EventManager : Event: ======'machine_var_audits_switches_s_pop_bumper_2'====== Args={'value': 0, 'prev_value': None, 'change': True}
2025-03-15 15:53:15,388 : INFO : EventManager : Event: ======'machine_var_audits_switches_s_pop_bumper_3'====== Args={'value': 0, 'prev_value': None, 'change': True}
2025-03-15 15:53:15,388 : INFO : EventManager : Event: ======'machine_var_audits_switches_s_pop_bumper_cc_1'====== Args={'value': 12, 'prev_value': None, 'change': True}
2025-03-15 15:53:15,388 : INFO : EventManager : Event: ======'machine_var_audits_switches_s_pop_bumper_cc_2'====== Args={'value': 12, 'prev_value': None, 'change': True}
2025-03-15 15:53:15,390 : INFO : EventManager : Event: ======'machine_var_audits_switches_s_pop_bumper_cc_3'====== Args={'value': 10, 'prev_value': None, 'change': True}
2025-03-15 15:53:15,390 : INFO : EventManager : Event: ======'machine_var_audits_switches_s_pop_bumper_m'====== Args={'value': 13, 'prev_value': None, 'change': True}
2025-03-15 15:53:15,390 : INFO : EventManager : Event: ======'machine_var_audits_switches_s_right_flipper'====== Args={'value': 131, 'prev_value': None, 'change': True}
2025-03-15 15:53:15,390 : INFO : EventManager : Event: ======'machine_var_audits_switches_s_right_flipper_eos'====== Args={'value': 0, 'prev_value': None, 'change': True}
2025-03-15 15:53:15,390 : INFO : EventManager : Event: ======'machine_var_audits_switches_s_right_inlane'====== Args={'value': 0, 'prev_value': None, 'change': True}
2025-03-15 15:53:15,390 : INFO : EventManager : Event: ======'machine_var_audits_switches_s_right_inner_lane'====== Args={'value': 0, 'prev_value': None, 'change': True}
2025-03-15 15:53:15,391 : INFO : EventManager : Event: ======'machine_var_audits_switches_s_right_outer_lane'====== Args={'value': 0, 'prev_value': None, 'change': True}
2025-03-15 15:53:15,391 : INFO : EventManager : Event: ======'machine_var_audits_switches_s_right_outlane'====== Args={'value': 0, 'prev_value': None, 'change': True}
2025-03-15 15:53:15,391 : INFO : EventManager : Event: ======'machine_var_audits_switches_s_right_sling'====== Args={'value': 3, 'prev_value': None, 'change': True}
2025-03-15 15:53:15,391 : INFO : EventManager : Event: ======'machine_var_audits_switches_s_scanlan'====== Args={'value': 0, 'prev_value': None, 'change': True}
2025-03-15 15:53:15,391 : INFO : EventManager : Event: ======'machine_var_audits_switches_s_slingshot_1'====== Args={'value': 13, 'prev_value': None, 'change': True}
2025-03-15 15:53:15,391 : INFO : EventManager : Event: ======'machine_var_audits_switches_s_slingshot_2'====== Args={'value': 7, 'prev_value': None, 'change': True}
2025-03-15 15:53:15,391 : INFO : EventManager : Event: ======'machine_var_audits_switches_s_start'====== Args={'value': 156, 'prev_value': None, 'change': True}
2025-03-15 15:53:15,391 : INFO : EventManager : Event: ======'machine_var_audits_switches_s_switch_2'====== Args={'value': 0, 'prev_value': None, 'change': True}
2025-03-15 15:53:15,391 : INFO : EventManager : Event: ======'machine_var_audits_switches_s_trough_ball_1'====== Args={'value': 17, 'prev_value': None, 'change': True}
2025-03-15 15:53:15,391 : INFO : EventManager : Event: ======'machine_var_audits_switches_s_trough_ball_2'====== Args={'value': 13, 'prev_value': None, 'change': True}
2025-03-15 15:53:15,392 : INFO : EventManager : Event: ======'machine_var_audits_switches_s_trough_ball_3'====== Args={'value': 5, 'prev_value': None, 'change': True}
2025-03-15 15:53:15,392 : INFO : EventManager : Event: ======'machine_var_audits_switches_s_trough_ball_4'====== Args={'value': 4, 'prev_value': None, 'change': True}
2025-03-15 15:53:15,392 : INFO : EventManager : Event: ======'machine_var_audits_switches_s_trough_ball_5'====== Args={'value': 4, 'prev_value': None, 'change': True}
2025-03-15 15:53:15,392 : INFO : EventManager : Event: ======'machine_var_audits_switches_s_trough_ball_6'====== Args={'value': 5, 'prev_value': None, 'change': True}
2025-03-15 15:53:15,392 : INFO : EventManager : Event: ======'machine_var_audits_switches_s_trough_ball_jam'====== Args={'value': 3, 'prev_value': None, 'change': True}
2025-03-15 15:53:15,392 : INFO : EventManager : Event: ======'machine_var_audits_switches_s_trough_eject_coil'====== Args={'value': 0, 'prev_value': None, 'change': True}
2025-03-15 15:53:15,393 : INFO : EventManager : Event: ======'init_phase_5'====== Args={}
2025-03-15 15:53:15,394 : INFO : EventManager : Event: ======'init_done'====== Args={}
2025-03-15 15:53:15,394 : INFO : EventManager : Event: ======'machine_reset_phase_1'====== Args={}
2025-03-15 15:53:15,395 : INFO : EventManager : Event: ======'machine_reset_phase_2'====== Args={}
2025-03-15 15:53:15,395 : INFO : EventManager : Event: ======'machine_reset_phase_3'====== Args={}
2025-03-15 15:53:15,397 : INFO : EventManager : Event: ======'reset_complete'====== Args={}
2025-03-15 15:53:15,398 : INFO : EventManager : Event: ======'mode_attract_will_start'====== Args={}
2025-03-15 15:53:15,398 : INFO : EventManager : Event: ======'mode_attract_starting'====== Args={}
2025-03-15 15:53:15,399 : INFO : Mode.attract : Started. Priority: 10
2025-03-15 15:53:15,402 : INFO : EventManager : Event: ======'modes_active_modes_changed'====== Args={}
2025-03-15 15:53:15,402 : INFO : EventManager : Event: ======'mode_attract_started'====== Args={}
2025-03-15 15:53:15,403 : INFO : EventManager : Event: ======'collecting_balls_complete'====== Args={}
2025-03-15 15:53:15,404 : INFO : Machine : Starting the main run loop with active modes: [<Mode.attract>]
2025-03-15 15:53:17,633 : INFO : SwitchController : <<<<<<< 's_start' active >>>>>>>
2025-03-15 15:53:17,882 : INFO : SwitchController : <<<<<<< 's_start' inactive >>>>>>>
2025-03-15 15:53:17,883 : INFO : EventManager : Event: ======'request_to_start_game'====== Args={}
2025-03-15 15:53:17,883 : INFO : EventManager : Event: ======'game_start'====== Args={'buttons': [], 'hold_time': 0.25}
2025-03-15 15:53:17,883 : INFO : EventManager : Event: ======'mode_game_will_start'====== Args={'buttons': [], 'hold_time': 0.25}
2025-03-15 15:53:17,884 : INFO : EventManager : Event: ======'mode_game_starting'====== Args={'buttons': [], 'hold_time': 0.25}
2025-03-15 15:53:17,884 : INFO : EventManager : Event: ======'mode_attract_will_stop'====== Args={}
2025-03-15 15:53:17,884 : INFO : EventManager : Event: ======'mode_attract_stopping'====== Args={}
2025-03-15 15:53:17,884 : INFO : Mode.game : Started. Priority: 20
2025-03-15 15:53:17,884 : INFO : EventManager : Event: ======'modes_active_modes_changed'====== Args={}
2025-03-15 15:53:17,884 : INFO : EventManager : Event: ======'mode_game_started'====== Args={'buttons': [], 'hold_time': 0.25}
2025-03-15 15:53:17,885 : INFO : Mode.attract : Stopped.
2025-03-15 15:53:17,885 : INFO : EventManager : Event: ======'modes_active_modes_changed'====== Args={}
2025-03-15 15:53:17,885 : INFO : EventManager : Event: ======'mode_attract_stopped'====== Args={}
2025-03-15 15:53:17,885 : INFO : EventManager : Event: ======'clear'====== Args={'key': 'attract'}
2025-03-15 15:53:17,886 : INFO : EventManager : Event: ======'game_will_start'====== Args={}
2025-03-15 15:53:17,886 : INFO : EventManager : Event: ======'game_starting'====== Args={'game': <Mode.game>}
2025-03-15 15:53:17,887 : INFO : EventManager : Unordered handler for class <Auditor> on event game_ended with priority 1. Handlers: [RegisteredHandler(callback=<bound method Auditor.disable of <Auditor>>, priority=1, kwargs={}, key=UUID('16bc5632-a501-4efe-8103-2c4dc4c7365d'), condition=None, blocking_facility=None), RegisteredHandler(callback=<bound method Auditor._save_audits of <Auditor>>, priority=1, kwargs={}, key=UUID('4e0ef5cc-8531-4786-9d72-e4662f3ba457'), condition=None, blocking_facility=None)]. The order of those handlers is not defined and they will be executed in random order. This might lead to race conditions and potential bugs.
2025-03-15 15:53:17,888 : INFO : EventManager : Event: ======'player_add_request'====== Args={}
2025-03-15 15:53:17,888 : INFO : EventManager : Event: ======'player_will_add'====== Args={'number': 1}
2025-03-15 15:53:17,888 : INFO : EventManager : Event: ======'player_adding'====== Args={'player': <Player 1>, 'number': 1}
2025-03-15 15:53:17,888 : INFO : EventManager : Event: ======'player_added'====== Args={'player': <Player 1>, 'num': 1}
2025-03-15 15:53:17,888 : INFO : Mode.game : Player added successfully. Total players: 1
2025-03-15 15:53:17,888 : INFO : EventManager : Event: ======'player_index'====== Args={'value': 0, 'prev_value': 0, 'change': 0, 'player_num': 1}
2025-03-15 15:53:17,890 : INFO : EventManager : Event: ======'player_number'====== Args={'value': 1, 'prev_value': 1, 'change': 0, 'player_num': 1}
2025-03-15 15:53:17,890 : INFO : EventManager : Event: ======'player_score'====== Args={'value': 0, 'prev_value': 0, 'change': 0, 'player_num': 1}
2025-03-15 15:53:17,891 : INFO : EventManager : Event: ======'game_started'====== Args={}
2025-03-15 15:53:17,891 : INFO : EventManager : Event: ======'player_turn_will_start'====== Args={'player': <Player 1>, 'number': 1}
2025-03-15 15:53:17,891 : INFO : EventManager : Event: ======'player_turn_starting'====== Args={'player': <Player 1>, 'number': 1}
2025-03-15 15:53:17,892 : INFO : EventManager : Event: ======'player_ball'====== Args={'value': 1, 'prev_value': 0, 'change': 1, 'player_num': 1}
2025-03-15 15:53:17,892 : INFO : EventManager : Event: ======'player_turn_started'====== Args={'player': <Player 1>, 'number': 1}
2025-03-15 15:53:17,892 : INFO : EventManager : Event: ======'ball_will_start'====== Args={'player': 1, 'ball': 1, 'balls_remaining': 0, 'is_extra_ball': False}
2025-03-15 15:53:17,893 : INFO : EventManager : Event: ======'ball_starting'====== Args={'player': 1, 'ball': 1, 'balls_remaining': 0, 'is_extra_ball': False}
2025-03-15 15:53:17,893 : INFO : EventManager : Event: ======'balls_in_play'====== Args={'balls': 1}
2025-03-15 15:53:17,894 : INFO : EventManager : Event: ======'ball_started'====== Args={'player': 1, 'ball': 1, 'balls_remaining': 0, 'is_extra_ball': False}
2025-03-15 15:53:17,894 : INFO : EventManager : Event: ======'mode_base_will_start'====== Args={'player': 1, 'ball': 1, 'balls_remaining': 0, 'is_extra_ball': False}
2025-03-15 15:53:17,894 : INFO : EventManager : Event: ======'mode_base_starting'====== Args={'player': 1, 'ball': 1, 'balls_remaining': 0, 'is_extra_ball': False}
2025-03-15 15:53:17,895 : INFO : Mode.base : Started. Priority: 100
2025-03-15 15:53:17,895 : INFO : EventManager : Event: ======'modes_active_modes_changed'====== Args={}
2025-03-15 15:53:17,895 : INFO : EventManager : Event: ======'mode_base_started'====== Args={'player': 1, 'ball': 1, 'balls_remaining': 0, 'is_extra_ball': False}
2025-03-15 15:53:17,895 : INFO : EventManager : Event: ======'single_player_ball_started'====== Args={}
2025-03-15 15:53:17,908 : INFO : EventManager : Event: ======'ball_start_target'====== Args={'target': 'playfield'}
2025-03-15 15:53:17,908 : INFO : ball_device.bd_plunger : Setting up player-controlled eject. Balls: 1, Target: <playfield.playfield>, player_controlled_eject_event: None
2025-03-15 15:53:17,908 : INFO : EventManager : Event: ======'balldevice_balls_available'====== Args={}
2025-03-15 15:53:17,910 : INFO : ball_device.bd_trough : State: waiting_for_target_ready
2025-03-15 15:53:17,911 : INFO : EventManager : Event: ======'balldevice_bd_trough_ball_eject_attempt'====== Args={'balls': 1, 'target': <ball_device.bd_plunger>, 'source': <ball_device.bd_trough>, 'mechanical_eject': True, 'num_attempts': 0}
2025-03-15 15:53:17,911 : INFO : ball_device.bd_plunger : State: waiting_for_ball
2025-03-15 15:53:17,911 : INFO : ball_device.bd_trough : State: ejecting
2025-03-15 15:53:17,913 : INFO : ball_device.bd_trough : Ejecting ball to <ball_device.bd_plunger>
2025-03-15 15:53:17,913 : INFO : EventManager : Event: ======'balldevice_bd_trough_ejecting_ball'====== Args={'balls': 1, 'target': <ball_device.bd_plunger>, 'source': <ball_device.bd_trough>, 'mechanical_eject': True, 'num_attempts': 0}
2025-03-15 15:53:17,914 : INFO : ball_device.bd_trough : Wait for ball to leave device
2025-03-15 15:53:17,915 : INFO : coil.c_trough_eject_coil : Pulsing Driver for 15ms (1.0 pulse_power)
2025-03-15 15:53:17,929 : INFO : SwitchController : <<<<<<< 's_start' active >>>>>>>
2025-03-15 15:53:17,930 : INFO : EventManager : Event: ======'sw_start'====== Args={}
2025-03-15 15:53:17,930 : INFO : EventManager : Event: ======'machine_var_audits_switches_s_start'====== Args={'value': 157, 'prev_value': 156, 'change': 1}
2025-03-15 15:53:17,944 : INFO : SwitchController : <<<<<<< 's_trough_ball_1' inactive >>>>>>>
2025-03-15 15:53:17,945 : INFO : ball_device.bd_trough : State: ball_left
2025-03-15 15:53:17,945 : INFO : ball_device.bd_trough : Ball left
2025-03-15 15:53:17,945 : INFO : ball_device.bd_trough : Wait for confirm with timeout 10.0
2025-03-15 15:53:17,960 : INFO : SwitchController : <<<<<<< 's_trough_ball_1' active >>>>>>>
2025-03-15 15:53:17,960 : INFO : EventManager : Event: ======'machine_var_audits_switches_s_trough_ball_1'====== Args={'value': 18, 'prev_value': 17, 'change': 1}
2025-03-15 15:53:17,976 : INFO : SwitchController : <<<<<<< 's_trough_ball_1' inactive >>>>>>>
2025-03-15 15:53:17,993 : INFO : SwitchController : <<<<<<< 's_start' inactive >>>>>>>
2025-03-15 15:53:18,008 : INFO : SwitchController : <<<<<<< 's_start' active >>>>>>>
2025-03-15 15:53:18,008 : INFO : EventManager : Event: ======'sw_start'====== Args={}
2025-03-15 15:53:18,009 : INFO : EventManager : Event: ======'machine_var_audits_switches_s_start'====== Args={'value': 158, 'prev_value': 157, 'change': 1}
2025-03-15 15:53:18,055 : INFO : SwitchController : <<<<<<< 's_trough_ball_2' inactive >>>>>>>
2025-03-15 15:53:18,086 : INFO : SwitchController : <<<<<<< 's_start' inactive >>>>>>>
2025-03-15 15:53:18,118 : INFO : SwitchController : <<<<<<< 's_trough_ball_1' active >>>>>>>
2025-03-15 15:53:18,118 : INFO : EventManager : Event: ======'machine_var_audits_switches_s_trough_ball_1'====== Args={'value': 19, 'prev_value': 18, 'change': 1}
2025-03-15 15:53:19,862 : INFO : SwitchController : <<<<<<< 's_plunger' active >>>>>>>
2025-03-15 15:53:19,862 : INFO : EventManager : Event: ======'machine_var_audits_switches_s_plunger'====== Args={'value': 28, 'prev_value': 27, 'change': 1}
2025-03-15 15:53:20,364 : INFO : ball_device.bd_plunger : Received ball from <ball_device.bd_trough>
2025-03-15 15:53:20,364 : INFO : EventManager : Event: ======'balldevice_bd_plunger_ball_enter'====== Args={'new_balls': 1, 'unclaimed_balls': 0, 'new_available_balls': 0, 'device': <ball_device.bd_plunger>}
2025-03-15 15:53:20,367 : INFO : EventManager : Event: ======'balldevice_bd_plunger_ball_entered'====== Args={'new_balls': 0, 'device': <ball_device.bd_plunger>}
2025-03-15 15:53:20,367 : INFO : EventManager : Event: ======'balldevice_bd_plunger_ball_count_changed'====== Args={'balls': 1}
2025-03-15 15:53:20,368 : INFO : ball_device.bd_trough : Got eject confirm
2025-03-15 15:53:20,368 : INFO : ball_device.bd_trough : Eject successful
2025-03-15 15:53:20,368 : INFO : EventManager : Event: ======'balldevice_bd_trough_ball_eject_success'====== Args={'balls': 1, 'target': <ball_device.bd_plunger>}
2025-03-15 15:53:20,368 : INFO : ball_device.bd_plunger : State: waiting_for_target_ready
2025-03-15 15:53:20,368 : INFO : EventManager : Event: ======'balldevice_bd_plunger_ball_eject_attempt'====== Args={'balls': 1, 'target': <playfield.playfield>, 'source': <ball_device.bd_plunger>, 'mechanical_eject': True, 'num_attempts': 0}
2025-03-15 15:53:20,369 : INFO : EventManager : Event: ======'balldevice_bd_trough_ball_count_changed'====== Args={'balls': 0}
2025-03-15 15:53:20,369 : INFO : ball_device.bd_trough : State: idle
2025-03-15 15:53:20,369 : INFO : EventManager : Event: ======'balldevice_bd_trough_ball_count_changed'====== Args={'balls': 1}
2025-03-15 15:53:20,369 : INFO : ball_device.bd_trough : Received unexpected ball
2025-03-15 15:53:20,369 : INFO : EventManager : Event: ======'balldevice_captured_from_playfield'====== Args={'balls': 1}
2025-03-15 15:53:20,369 : INFO : ball_device.bd_plunger : State: ejecting
2025-03-15 15:53:20,369 : INFO : ball_device.bd_plunger : Ejecting ball to <playfield.playfield>
2025-03-15 15:53:20,370 : INFO : EventManager : Event: ======'balldevice_bd_plunger_ejecting_ball'====== Args={'balls': 1, 'target': <playfield.playfield>, 'source': <ball_device.bd_plunger>, 'mechanical_eject': True, 'num_attempts': 0}
2025-03-15 15:53:20,370 : INFO : EventManager : Event: ======'sw_playfield_active'====== Args={'balls': 1}
2025-03-15 15:53:20,370 : INFO : EventManager : Event: ======'playfield_active'====== Args={'source': None}
2025-03-15 15:53:20,370 : INFO : EventManager : Event: ======'unexpected_ball_on_playfield'====== Args={}
2025-03-15 15:53:20,371 : INFO : EventManager : Event: ======'playfield_ball_count_change'====== Args={'balls': -1, 'change': -1}
2025-03-15 15:53:20,371 : INFO : EventManager : Event: ======'balldevice_playfield_ball_enter'====== Args={'new_balls': 1, 'unclaimed_balls': 1, 'device': <playfield.playfield>}
2025-03-15 15:53:20,371 : INFO : EventManager : Event: ======'playfield_ball_count_change'====== Args={'balls': 0, 'change': 1}
2025-03-15 15:53:20,372 : INFO : BallController : Found a new ball which was captured from playfield. Known balls: 2
2025-03-15 15:53:20,372 : INFO : EventManager : Event: ======'found_new_ball'====== Args={}
2025-03-15 15:53:20,372 : INFO : EventManager : Event: ======'balldevice_bd_trough_ball_enter'====== Args={'new_balls': 1, 'unclaimed_balls': 1, 'new_available_balls': 1, 'device': <ball_device.bd_trough>}
2025-03-15 15:53:20,372 : INFO : EventManager : Event: ======'ball_drain'====== Args={'device': <ball_device.bd_trough>, 'balls': 1}
2025-03-15 15:53:20,374 : INFO : ball_device.bd_plunger : Wait for ball to leave device
2025-03-15 15:53:20,374 : INFO : EventManager : Event: ======'ball_will_end'====== Args={}
2025-03-15 15:53:20,374 : INFO : EventManager : Event: ======'balldevice_balls_available'====== Args={}
2025-03-15 15:53:20,374 : INFO : EventManager : Event: ======'balldevice_bd_trough_ball_entered'====== Args={'new_balls': 1, 'device': <ball_device.bd_trough>}
2025-03-15 15:53:20,378 : INFO : EventManager : Event: ======'ball_ending'====== Args={}
2025-03-15 15:53:20,378 : INFO : EventManager : Event: ======'mode_base_will_stop'====== Args={}
2025-03-15 15:53:20,378 : INFO : EventManager : Event: ======'mode_base_stopping'====== Args={}
2025-03-15 15:53:20,380 : INFO : Mode.base : Stopped.
2025-03-15 15:53:20,380 : INFO : EventManager : Event: ======'modes_active_modes_changed'====== Args={}
2025-03-15 15:53:20,380 : INFO : EventManager : Event: ======'mode_base_stopped'====== Args={}
2025-03-15 15:53:20,381 : INFO : EventManager : Event: ======'clear'====== Args={'key': 'base'}
2025-03-15 15:53:20,381 : INFO : EventManager : Event: ======'ball_ended'====== Args={}
2025-03-15 15:53:20,381 : INFO : EventManager : Event: ======'player_turn_will_end'====== Args={'player': <Player 1>, 'number': 1}
2025-03-15 15:53:20,382 : INFO : EventManager : Event: ======'player_turn_ending'====== Args={'player': <Player 1>, 'number': 1}
2025-03-15 15:53:20,384 : INFO : EventManager : Event: ======'player_turn_ended'====== Args={'player': <Player 1>, 'number': 1}
2025-03-15 15:53:20,384 : INFO : EventManager : Event: ======'game_will_end'====== Args={}
2025-03-15 15:53:20,385 : INFO : EventManager : Event: ======'game_ending'====== Args={}
2025-03-15 15:53:20,385 : INFO : EventManager : Event: ======'machine_var_player1_score'====== Args={'value': 0, 'prev_value': None, 'change': True}
2025-03-15 15:53:20,385 : INFO : EventManager : Event: ======'game_ended'====== Args={}
2025-03-15 15:53:20,385 : INFO : EventManager : Event: ======'mode_game_will_stop'====== Args={}
2025-03-15 15:53:20,385 : INFO : EventManager : Event: ======'mode_game_stopping'====== Args={}
2025-03-15 15:53:20,386 : INFO : EventManager : Event: ======'mode_attract_will_start'====== Args={}
2025-03-15 15:53:20,386 : INFO : EventManager : Event: ======'mode_attract_starting'====== Args={}
2025-03-15 15:53:20,387 : INFO : Mode.attract : Started. Priority: 10
2025-03-15 15:53:20,387 : INFO : EventManager : Event: ======'modes_active_modes_changed'====== Args={}
2025-03-15 15:53:20,387 : INFO : EventManager : Event: ======'mode_attract_started'====== Args={}
2025-03-15 15:53:20,387 : INFO : EventManager : Event: ======'collecting_balls'====== Args={}
2025-03-15 15:53:20,388 : INFO : Mode.game : Stopped.
2025-03-15 15:53:20,388 : INFO : EventManager : Event: ======'modes_active_modes_changed'====== Args={}
2025-03-15 15:53:20,388 : INFO : EventManager : Event: ======'mode_game_stopped'====== Args={}
2025-03-15 15:53:20,388 : INFO : EventManager : Event: ======'clear'====== Args={'key': 'game'}
2025-03-15 15:53:20,845 : INFO : SwitchController : <<<<<<< 's_plunger' inactive >>>>>>>
2025-03-15 15:53:20,846 : INFO : ball_device.bd_plunger : State: ball_left
2025-03-15 15:53:20,847 : INFO : ball_device.bd_plunger : Ball left
2025-03-15 15:53:20,847 : INFO : ball_device.bd_plunger : Wait for confirm with timeout 5.0
2025-03-15 15:53:25,852 : INFO : ball_device.bd_plunger : State: failed_confirm
2025-03-15 15:53:25,852 : INFO : ball_device.bd_plunger : Got timeout (5.0s) before confirm from <playfield.playfield>
2025-03-15 15:53:25,944 : INFO : ball_device.bd_plunger : Confirming eject because target is playfield and ball did not return.
2025-03-15 15:53:25,944 : INFO : ball_device.bd_plunger : Eject successful
2025-03-15 15:53:25,944 : INFO : EventManager : Event: ======'balldevice_bd_plunger_ball_eject_success'====== Args={'balls': 1, 'target': <playfield.playfield>}
2025-03-15 15:53:25,944 : INFO : EventManager : Event: ======'balldevice_playfield_ball_enter'====== Args={'new_balls': 1, 'unclaimed_balls': 1, 'device': <playfield.playfield>}
2025-03-15 15:53:25,944 : INFO : EventManager : Event: ======'playfield_ball_count_change'====== Args={'balls': 1, 'change': 1}
2025-03-15 15:53:25,944 : INFO : EventManager : Event: ======'balldevice_bd_plunger_ball_count_changed'====== Args={'balls': 0}
2025-03-15 15:53:25,944 : INFO : ball_device.bd_plunger : State: idle
2025-03-15 15:53:29,429 : INFO : SwitchController : <<<<<<< 's_trough_ball_2' active >>>>>>>
2025-03-15 15:53:43,584 : INFO : SwitchController : <<<<<<< 's_start' active >>>>>>>
2025-03-15 15:53:43,852 : INFO : SwitchController : <<<<<<< 's_start' inactive >>>>>>>
2025-03-15 15:53:43,852 : INFO : EventManager : Event: ======'request_to_start_game'====== Args={}
2025-03-15 15:53:43,853 : INFO : EventManager : Event: ======'collecting_balls'====== Args={}
2025-03-15 15:53:43,854 : INFO : BallController : Known balls: 2
2025-03-15 15:53:43,854 : INFO : BallController : bd_trough contains 1 balls. Tags ['trough', 'home', 'drain']
2025-03-15 15:53:43,854 : INFO : BallController : bd_plunger contains 0 balls. Tags []
2025-03-15 15:53:43,854 : INFO : BallController : playfield contains 1 balls. Tags ['default']
2025-03-15 15:53:43,854 : WARNING : BallController : BallController denies game start. Balls are not in their home positions.
2025-03-15 15:54:14,909 : INFO : SwitchController : <<<<<<< 's_trough_ball_1' inactive >>>>>>>
2025-03-15 15:54:14,973 : INFO : SwitchController : <<<<<<< 's_trough_ball_2' inactive >>>>>>>
2025-03-15 15:54:15,035 : INFO : SwitchController : <<<<<<< 's_trough_ball_1' active >>>>>>>
2025-03-15 15:54:15,086 : INFO : SwitchController : <<<<<<< 's_trough_ball_2' active >>>>>>>
2025-03-15 15:54:29,645 : INFO : Machine : Shutting down...
2025-03-15 15:54:29,646 : INFO : EventManager : Event: ======'shutdown'====== Args={}
2025-03-15 15:54:29,742 : INFO : root : MPF run loop ended.
