2025-03-14 21:10:50,946 : INFO : root : Loading config.
2025-03-14 21:10:50,953 : INFO : YamlMultifileConfigLoader : Machine config file #1: config.yaml
2025-03-14 21:10:50,954 : INFO : ConfigProcessor : Loading config from cache: C:\Users\User\AppData\Local\Temp\5682b9bdeb2b9ad8a31c13560e038609.mpf_cache
2025-03-14 21:10:50,987 : WARNING : ConfigProcessor : Config file in cache changed: C:\Users\User\Desktop\fast_homebrew_godot_v2\fast_homebrew_godot_v2\config\coils.yaml
2025-03-14 21:10:50,987 : INFO : ConfigProcessor : Loading config from file C:\Users\User\AppData\Local\Programs\Python\Python312\Lib\site-packages\mpf\mpfconfig.yaml.
2025-03-14 21:10:51,019 : INFO : ConfigProcessor : Loading config: C:\Users\User\AppData\Local\Programs\Python\Python312\Lib\site-packages\mpf\mpfconfig.yaml
2025-03-14 21:10:51,020 : INFO : ConfigProcessor : Loading config from file C:\Users\User\Desktop\fast_homebrew_godot_v2\fast_homebrew_godot_v2\config\config.yaml.
2025-03-14 21:10:51,026 : INFO : ConfigProcessor : Loading config: C:\Users\User\Desktop\fast_homebrew_godot_v2\fast_homebrew_godot_v2\config\config.yaml
2025-03-14 21:10:51,027 : INFO : ConfigProcessor : Loading config: C:\Users\User\Desktop\fast_homebrew_godot_v2\fast_homebrew_godot_v2\config\lights.yaml
2025-03-14 21:10:51,030 : INFO : ConfigProcessor : Loading config: C:\Users\User\Desktop\fast_homebrew_godot_v2\fast_homebrew_godot_v2\config\coils.yaml
2025-03-14 21:10:51,034 : INFO : ConfigProcessor : Loading config: C:\Users\User\Desktop\fast_homebrew_godot_v2\fast_homebrew_godot_v2\config\switches.yaml
2025-03-14 21:10:51,036 : INFO : ConfigProcessor : Loading config: C:\Users\User\Desktop\fast_homebrew_godot_v2\fast_homebrew_godot_v2\config\images.yaml
2025-03-14 21:10:51,045 : INFO : ConfigProcessor : Loading config: C:\Users\User\Desktop\fast_homebrew_godot_v2\fast_homebrew_godot_v2\config\videos.yaml
2025-03-14 21:10:51,048 : INFO : ConfigProcessor : Config file cache created: C:\Users\User\AppData\Local\Temp\5682b9bdeb2b9ad8a31c13560e038609.mpf_cache
2025-03-14 21:10:51,254 : INFO : ConfigProcessor : Loading config from cache: C:\Users\User\AppData\Local\Temp\8422c6572f827355f8aade1949d04025.mpf_cache
2025-03-14 21:10:51,255 : INFO : ConfigProcessor : Loading config from cache: C:\Users\User\AppData\Local\Temp\1c0e7e9816717d8e62c4728dfe372999.mpf_cache
2025-03-14 21:10:51,257 : INFO : ConfigProcessor : Loading config from cache: C:\Users\User\AppData\Local\Temp\e3e8065d662ad307fa9574659e7e4e8e.mpf_cache
2025-03-14 21:10:51,259 : INFO : ConfigProcessor : Loading config from cache: C:\Users\User\AppData\Local\Temp\8422c6572f827355f8aade1949d04025.mpf_cache
2025-03-14 21:10:51,260 : INFO : Machine : Mission Pinball Framework Core Engine v0.80.0.dev6
2025-03-14 21:10:51,262 : INFO : Machine : Command line arguments: {'no_load_cache': False, 'create_config_cache': True, 'bcp': False, 'configfile': ['config.yaml'], 'force_assets_load': False, 'platform_integration_test': False, 'jsonlogging': False, 'logfile': 'logs\\2025-03-14-21-10-50-mpf-BERNIE.log', 'pause': False, 'production': False, 'text_ui': False, 'loglevel': 15, 'consoleloglevel': 20, 'force_platform': None, 'syslog_address': None, 'full_logfile_path': 'C:\\Users\\User\\Desktop\\fast_homebrew_godot_v2\\fast_homebrew_godot_v2\\logs\\2025-03-14-21-10-50-mpf-BERNIE.log'}
2025-03-14 21:10:51,262 : INFO : Machine : MPF path: C:\Users\User\AppData\Local\Programs\Python\Python312\Lib\site-packages\mpf
2025-03-14 21:10:51,262 : INFO : Machine : Machine path: C:\Users\User\Desktop\fast_homebrew_godot_v2\fast_homebrew_godot_v2
2025-03-14 21:10:51,262 : INFO : Machine : Platform: win32
2025-03-14 21:10:51,262 : INFO : Machine : Python executable location: C:\Users\User\AppData\Local\Programs\Python\Python312\python.exe
2025-03-14 21:10:51,262 : INFO : Machine : Python version: 3.12.3 (64-bit)
2025-03-14 21:10:51,266 : INFO : Machine : Initializing MPF...
2025-03-14 21:10:51,481 : INFO : FAST : Auto-detecting ports for the following connections: ['net']
2025-03-14 21:10:51,527 : INFO : FAST : Detected NET on port COM5
2025-03-14 21:10:51,639 : INFO : FAST [NET] : Trying to connect to COM5 at 921600bps
2025-03-14 21:10:51,647 : INFO : FAST [NET] : Connected to COM5 at 921600bps
2025-03-14 21:10:51,652 : INFO : FAST [NET] : Connected to FP-CPU-2000 with firmware v02.26
2025-03-14 21:10:51,684 : INFO : FAST [NET] : Registered I/O Board 0: Model: FP-I/O-3208, Firmware: 01.10, Switches: 32, Drivers: 8
2025-03-14 21:10:51,684 : INFO : EventManager : Event: ======'machine_var_credits_string'====== Args={'value': 'FREE PLAY', 'prev_value': None, 'change': True}
2025-03-14 21:10:51,744 : INFO : EventManager : Event: ======'machine_var_master_volume'====== Args={'value': 0.5, 'prev_value': None, 'change': True}
2025-03-14 21:10:51,744 : INFO : EventManager : Event: ======'machine_var_mpf_version'====== Args={'value': 'Mission Pinball Framework v0.80.0.dev6', 'prev_value': None, 'change': True}
2025-03-14 21:10:51,745 : INFO : EventManager : Event: ======'machine_var_mpf_extended_version'====== Args={'value': 'Mission Pinball Framework v0.80.0.dev6, Config version:6, Show version: 6, BCP version:1.1', 'prev_value': None, 'change': True}
2025-03-14 21:10:51,745 : INFO : EventManager : Event: ======'machine_var_python_version'====== Args={'value': '3.12.3', 'prev_value': None, 'change': True}
2025-03-14 21:10:51,984 : INFO : EventManager : Event: ======'machine_var_platform'====== Args={'value': 'Windows-11-10.0.22631-SP0', 'prev_value': None, 'change': True}
2025-03-14 21:10:51,985 : INFO : EventManager : Event: ======'machine_var_platform_system'====== Args={'value': 'Windows', 'prev_value': None, 'change': True}
2025-03-14 21:10:51,985 : INFO : EventManager : Event: ======'machine_var_platform_release'====== Args={'value': '11', 'prev_value': None, 'change': True}
2025-03-14 21:10:51,985 : INFO : EventManager : Event: ======'machine_var_platform_version'====== Args={'value': '10.0.22631', 'prev_value': None, 'change': True}
2025-03-14 21:10:51,985 : INFO : EventManager : Event: ======'machine_var_platform_machine'====== Args={'value': 'AMD64', 'prev_value': None, 'change': True}
2025-03-14 21:10:51,985 : INFO : EventManager : Event: ======'machine_var_log_file_path'====== Args={'value': 'C:\\Users\\User\\Desktop\\fast_homebrew_godot_v2\\fast_homebrew_godot_v2\\logs\\2025-03-14-21-10-50-mpf-BERNIE.log', 'prev_value': None, 'change': True}
2025-03-14 21:10:51,985 : INFO : EventManager : Event: ======'init_phase_1'====== Args={}
2025-03-14 21:10:54,435 : INFO : SwitchController : <<<<<<< 's_trough_ball_jam' active >>>>>>>
2025-03-14 21:10:54,437 : INFO : SwitchController : <<<<<<< 's_trough_ball_1' active >>>>>>>
2025-03-14 21:10:54,437 : INFO : SwitchController : <<<<<<< 's_flipper_left' active >>>>>>>
2025-03-14 21:10:54,437 : INFO : SwitchController : <<<<<<< 's_flipper_right' active >>>>>>>
2025-03-14 21:10:54,438 : INFO : SwitchController : <<<<<<< 's_start' active >>>>>>>
2025-03-14 21:10:54,439 : INFO : EventManager : Event: ======'init_phase_2'====== Args={}
2025-03-14 21:10:54,440 : INFO : SwitchController : Found active switch: (6, [FAST Platform Interface]) <switch.s_trough_ball_jam>
2025-03-14 21:10:54,440 : INFO : SwitchController : Found active switch: (0, [FAST Platform Interface]) <switch.s_trough_ball_1>
2025-03-14 21:10:54,441 : INFO : SwitchController : Found active switch: (30, [FAST Platform Interface]) <switch.s_flipper_left>
2025-03-14 21:10:54,441 : INFO : SwitchController : Found active switch: (31, [FAST Platform Interface]) <switch.s_flipper_right>
2025-03-14 21:10:54,441 : INFO : SwitchController : Found active switch: (29, [FAST Platform Interface]) <switch.s_start>
2025-03-14 21:10:54,935 : INFO : ball_device.bd_trough : BCH: Initial count: 1
2025-03-14 21:10:54,937 : INFO : ball_device.bd_trough : State: idle
2025-03-14 21:10:54,938 : INFO : ball_device.bd_plunger : BCH: Initial count: 0
2025-03-14 21:10:54,939 : INFO : ball_device.bd_plunger : State: idle
2025-03-14 21:10:54,991 : INFO : EventManager : Event: ======'init_phase_3'====== Args={}
2025-03-14 21:10:54,997 : INFO : EventManager : Event: ======'init_phase_4'====== Args={}
2025-03-14 21:10:54,999 : INFO : BallController : Initial balls found: 1
2025-03-14 21:10:55,000 : INFO : EventManager : Event: ======'machine_var_audits_events_game_ended'====== Args={'value': 0, 'prev_value': None, 'change': True}
2025-03-14 21:10:55,001 : INFO : EventManager : Event: ======'machine_var_audits_events_game_started'====== Args={'value': 389, 'prev_value': None, 'change': True}
2025-03-14 21:10:55,001 : INFO : EventManager : Event: ======'machine_var_audits_missing_switches_s_launch'====== Args={'value': 6, 'prev_value': None, 'change': True}
2025-03-14 21:10:55,001 : INFO : EventManager : Event: ======'machine_var_audits_missing_switches_s_left_flipper'====== Args={'value': 363, 'prev_value': None, 'change': True}
2025-03-14 21:10:55,001 : INFO : EventManager : Event: ======'machine_var_audits_missing_switches_s_left_flipper_eos'====== Args={'value': 363, 'prev_value': None, 'change': True}
2025-03-14 21:10:55,001 : INFO : EventManager : Event: ======'machine_var_audits_missing_switches_s_left_inlane'====== Args={'value': 6, 'prev_value': None, 'change': True}
2025-03-14 21:10:55,001 : INFO : EventManager : Event: ======'machine_var_audits_missing_switches_s_left_inner_lane'====== Args={'value': 357, 'prev_value': None, 'change': True}
2025-03-14 21:10:55,001 : INFO : EventManager : Event: ======'machine_var_audits_missing_switches_s_left_outer_lane'====== Args={'value': 153, 'prev_value': None, 'change': True}
2025-03-14 21:10:55,001 : INFO : EventManager : Event: ======'machine_var_audits_missing_switches_s_left_outlane'====== Args={'value': 6, 'prev_value': None, 'change': True}
2025-03-14 21:10:55,001 : INFO : EventManager : Event: ======'machine_var_audits_missing_switches_s_left_sling'====== Args={'value': 363, 'prev_value': None, 'change': True}
2025-03-14 21:10:55,001 : INFO : EventManager : Event: ======'machine_var_audits_missing_switches_s_mead'====== Args={'value': 267, 'prev_value': None, 'change': True}
2025-03-14 21:10:55,001 : INFO : EventManager : Event: ======'machine_var_audits_missing_switches_s_percy'====== Args={'value': 85, 'prev_value': None, 'change': True}
2025-03-14 21:10:55,001 : INFO : EventManager : Event: ======'machine_var_audits_missing_switches_s_plunger'====== Args={'value': 363, 'prev_value': None, 'change': True}
2025-03-14 21:10:55,001 : INFO : EventManager : Event: ======'machine_var_audits_missing_switches_s_pop_bumper_1'====== Args={'value': 357, 'prev_value': None, 'change': True}
2025-03-14 21:10:55,001 : INFO : EventManager : Event: ======'machine_var_audits_missing_switches_s_pop_bumper_2'====== Args={'value': 357, 'prev_value': None, 'change': True}
2025-03-14 21:10:55,001 : INFO : EventManager : Event: ======'machine_var_audits_missing_switches_s_pop_bumper_3'====== Args={'value': 357, 'prev_value': None, 'change': True}
2025-03-14 21:10:55,002 : INFO : EventManager : Event: ======'machine_var_audits_missing_switches_s_right_flipper'====== Args={'value': 363, 'prev_value': None, 'change': True}
2025-03-14 21:10:55,002 : INFO : EventManager : Event: ======'machine_var_audits_missing_switches_s_right_flipper_eos'====== Args={'value': 363, 'prev_value': None, 'change': True}
2025-03-14 21:10:55,002 : INFO : EventManager : Event: ======'machine_var_audits_missing_switches_s_right_inlane'====== Args={'value': 6, 'prev_value': None, 'change': True}
2025-03-14 21:10:55,002 : INFO : EventManager : Event: ======'machine_var_audits_missing_switches_s_right_inner_lane'====== Args={'value': 357, 'prev_value': None, 'change': True}
2025-03-14 21:10:55,002 : INFO : EventManager : Event: ======'machine_var_audits_missing_switches_s_right_outer_lane'====== Args={'value': 357, 'prev_value': None, 'change': True}
2025-03-14 21:10:55,002 : INFO : EventManager : Event: ======'machine_var_audits_missing_switches_s_right_outlane'====== Args={'value': 6, 'prev_value': None, 'change': True}
2025-03-14 21:10:55,002 : INFO : EventManager : Event: ======'machine_var_audits_missing_switches_s_right_sling'====== Args={'value': 363, 'prev_value': None, 'change': True}
2025-03-14 21:10:55,002 : INFO : EventManager : Event: ======'machine_var_audits_missing_switches_s_scanlan'====== Args={'value': 204, 'prev_value': None, 'change': True}
2025-03-14 21:10:55,002 : INFO : EventManager : Event: ======'machine_var_audits_missing_switches_s_start'====== Args={'value': 6, 'prev_value': None, 'change': True}
2025-03-14 21:10:55,003 : INFO : EventManager : Event: ======'machine_var_audits_missing_switches_s_trough_ball_1'====== Args={'value': 363, 'prev_value': None, 'change': True}
2025-03-14 21:10:55,003 : INFO : EventManager : Event: ======'machine_var_audits_missing_switches_s_trough_ball_2'====== Args={'value': 363, 'prev_value': None, 'change': True}
2025-03-14 21:10:55,003 : INFO : EventManager : Event: ======'machine_var_audits_missing_switches_s_trough_ball_3'====== Args={'value': 363, 'prev_value': None, 'change': True}
2025-03-14 21:10:55,003 : INFO : EventManager : Event: ======'machine_var_audits_missing_switches_s_trough_ball_4'====== Args={'value': 278, 'prev_value': None, 'change': True}
2025-03-14 21:10:55,003 : INFO : EventManager : Event: ======'machine_var_audits_missing_switches_s_trough_ball_5'====== Args={'value': 363, 'prev_value': None, 'change': True}
2025-03-14 21:10:55,003 : INFO : EventManager : Event: ======'machine_var_audits_missing_switches_s_trough_ball_6'====== Args={'value': 95, 'prev_value': None, 'change': True}
2025-03-14 21:10:55,003 : INFO : EventManager : Event: ======'machine_var_audits_missing_switches_s_trough_ball_jam'====== Args={'value': 363, 'prev_value': None, 'change': True}
2025-03-14 21:10:55,003 : INFO : EventManager : Event: ======'machine_var_audits_player_score'====== Args={'value': {'average': 0, 'top': [], 'total': 0}, 'prev_value': None, 'change': True}
2025-03-14 21:10:55,003 : INFO : EventManager : Event: ======'machine_var_audits_shots_mead_shot'====== Args={'value': 223, 'prev_value': None, 'change': True}
2025-03-14 21:10:55,003 : INFO : EventManager : Event: ======'machine_var_audits_shots_percy_shot'====== Args={'value': 56, 'prev_value': None, 'change': True}
2025-03-14 21:10:55,004 : INFO : EventManager : Event: ======'machine_var_audits_shots_scanlan_shot'====== Args={'value': 121, 'prev_value': None, 'change': True}
2025-03-14 21:10:55,004 : INFO : EventManager : Event: ======'machine_var_audits_shots_video_shot_1'====== Args={'value': 24, 'prev_value': None, 'change': True}
2025-03-14 21:10:55,004 : INFO : EventManager : Event: ======'machine_var_audits_shots_video_shot_2'====== Args={'value': 20, 'prev_value': None, 'change': True}
2025-03-14 21:10:55,004 : INFO : EventManager : Event: ======'machine_var_audits_switches_s_auto_launcher'====== Args={'value': 0, 'prev_value': None, 'change': True}
2025-03-14 21:10:55,004 : INFO : EventManager : Event: ======'machine_var_audits_switches_s_ball_drain'====== Args={'value': 0, 'prev_value': None, 'change': True}
2025-03-14 21:10:55,004 : INFO : EventManager : Event: ======'machine_var_audits_switches_s_launch'====== Args={'value': 0, 'prev_value': None, 'change': True}
2025-03-14 21:10:55,004 : INFO : EventManager : Event: ======'machine_var_audits_switches_s_left_flipper'====== Args={'value': 36, 'prev_value': None, 'change': True}
2025-03-14 21:10:55,004 : INFO : EventManager : Event: ======'machine_var_audits_switches_s_left_flipper_eos'====== Args={'value': 0, 'prev_value': None, 'change': True}
2025-03-14 21:10:55,004 : INFO : EventManager : Event: ======'machine_var_audits_switches_s_left_inlane'====== Args={'value': 0, 'prev_value': None, 'change': True}
2025-03-14 21:10:55,004 : INFO : EventManager : Event: ======'machine_var_audits_switches_s_left_inner_lane'====== Args={'value': 0, 'prev_value': None, 'change': True}
2025-03-14 21:10:55,005 : INFO : EventManager : Event: ======'machine_var_audits_switches_s_left_outer_lane'====== Args={'value': 0, 'prev_value': None, 'change': True}
2025-03-14 21:10:55,005 : INFO : EventManager : Event: ======'machine_var_audits_switches_s_left_outlane'====== Args={'value': 0, 'prev_value': None, 'change': True}
2025-03-14 21:10:55,005 : INFO : EventManager : Event: ======'machine_var_audits_switches_s_left_sling'====== Args={'value': 7, 'prev_value': None, 'change': True}
2025-03-14 21:10:55,005 : INFO : EventManager : Event: ======'machine_var_audits_switches_s_mead'====== Args={'value': 0, 'prev_value': None, 'change': True}
2025-03-14 21:10:55,005 : INFO : EventManager : Event: ======'machine_var_audits_switches_s_percy'====== Args={'value': 0, 'prev_value': None, 'change': True}
2025-03-14 21:10:55,005 : INFO : EventManager : Event: ======'machine_var_audits_switches_s_plunger'====== Args={'value': 9, 'prev_value': None, 'change': True}
2025-03-14 21:10:55,005 : INFO : EventManager : Event: ======'machine_var_audits_switches_s_pop_bumper_1'====== Args={'value': 0, 'prev_value': None, 'change': True}
2025-03-14 21:10:55,006 : INFO : EventManager : Event: ======'machine_var_audits_switches_s_pop_bumper_2'====== Args={'value': 0, 'prev_value': None, 'change': True}
2025-03-14 21:10:55,006 : INFO : EventManager : Event: ======'machine_var_audits_switches_s_pop_bumper_3'====== Args={'value': 0, 'prev_value': None, 'change': True}
2025-03-14 21:10:55,006 : INFO : EventManager : Event: ======'machine_var_audits_switches_s_right_flipper'====== Args={'value': 131, 'prev_value': None, 'change': True}
2025-03-14 21:10:55,006 : INFO : EventManager : Event: ======'machine_var_audits_switches_s_right_flipper_eos'====== Args={'value': 0, 'prev_value': None, 'change': True}
2025-03-14 21:10:55,006 : INFO : EventManager : Event: ======'machine_var_audits_switches_s_right_inlane'====== Args={'value': 0, 'prev_value': None, 'change': True}
2025-03-14 21:10:55,006 : INFO : EventManager : Event: ======'machine_var_audits_switches_s_right_inner_lane'====== Args={'value': 0, 'prev_value': None, 'change': True}
2025-03-14 21:10:55,006 : INFO : EventManager : Event: ======'machine_var_audits_switches_s_right_outer_lane'====== Args={'value': 0, 'prev_value': None, 'change': True}
2025-03-14 21:10:55,006 : INFO : EventManager : Event: ======'machine_var_audits_switches_s_right_outlane'====== Args={'value': 0, 'prev_value': None, 'change': True}
2025-03-14 21:10:55,006 : INFO : EventManager : Event: ======'machine_var_audits_switches_s_right_sling'====== Args={'value': 3, 'prev_value': None, 'change': True}
2025-03-14 21:10:55,006 : INFO : EventManager : Event: ======'machine_var_audits_switches_s_scanlan'====== Args={'value': 0, 'prev_value': None, 'change': True}
2025-03-14 21:10:55,007 : INFO : EventManager : Event: ======'machine_var_audits_switches_s_start'====== Args={'value': 38, 'prev_value': None, 'change': True}
2025-03-14 21:10:55,007 : INFO : EventManager : Event: ======'machine_var_audits_switches_s_switch_2'====== Args={'value': 0, 'prev_value': None, 'change': True}
2025-03-14 21:10:55,007 : INFO : EventManager : Event: ======'machine_var_audits_switches_s_trough_ball_1'====== Args={'value': 4, 'prev_value': None, 'change': True}
2025-03-14 21:10:55,007 : INFO : EventManager : Event: ======'machine_var_audits_switches_s_trough_ball_2'====== Args={'value': 4, 'prev_value': None, 'change': True}
2025-03-14 21:10:55,007 : INFO : EventManager : Event: ======'machine_var_audits_switches_s_trough_ball_3'====== Args={'value': 1, 'prev_value': None, 'change': True}
2025-03-14 21:10:55,007 : INFO : EventManager : Event: ======'machine_var_audits_switches_s_trough_ball_4'====== Args={'value': 0, 'prev_value': None, 'change': True}
2025-03-14 21:10:55,007 : INFO : EventManager : Event: ======'machine_var_audits_switches_s_trough_ball_5'====== Args={'value': 0, 'prev_value': None, 'change': True}
2025-03-14 21:10:55,010 : INFO : EventManager : Event: ======'machine_var_audits_switches_s_trough_ball_6'====== Args={'value': 1, 'prev_value': None, 'change': True}
2025-03-14 21:10:55,010 : INFO : EventManager : Event: ======'machine_var_audits_switches_s_trough_ball_jam'====== Args={'value': 3, 'prev_value': None, 'change': True}
2025-03-14 21:10:55,010 : INFO : EventManager : Event: ======'machine_var_audits_switches_s_trough_eject_coil'====== Args={'value': 0, 'prev_value': None, 'change': True}
2025-03-14 21:10:55,010 : INFO : EventManager : Event: ======'machine_var_audits_switches_s_flipper_left'====== Args={'value': 0, 'prev_value': None, 'change': True}
2025-03-14 21:10:55,010 : INFO : EventManager : Event: ======'machine_var_audits_switches_s_flipper_left_lower_eos'====== Args={'value': 0, 'prev_value': None, 'change': True}
2025-03-14 21:10:55,010 : INFO : EventManager : Event: ======'machine_var_audits_switches_s_flipper_left_upper_eos'====== Args={'value': 0, 'prev_value': None, 'change': True}
2025-03-14 21:10:55,011 : INFO : EventManager : Event: ======'machine_var_audits_switches_s_flipper_right_eos'====== Args={'value': 0, 'prev_value': None, 'change': True}
2025-03-14 21:10:55,011 : INFO : EventManager : Event: ======'machine_var_audits_switches_s_flipper_right'====== Args={'value': 0, 'prev_value': None, 'change': True}
2025-03-14 21:10:55,013 : INFO : EventManager : Event: ======'init_phase_5'====== Args={}
2025-03-14 21:10:55,013 : INFO : EventManager : Event: ======'init_done'====== Args={}
2025-03-14 21:10:55,013 : INFO : EventManager : Event: ======'machine_reset_phase_1'====== Args={}
2025-03-14 21:10:55,014 : INFO : EventManager : Event: ======'machine_reset_phase_2'====== Args={}
2025-03-14 21:10:55,015 : INFO : EventManager : Event: ======'machine_reset_phase_3'====== Args={}
2025-03-14 21:10:55,018 : INFO : EventManager : Event: ======'reset_complete'====== Args={}
2025-03-14 21:10:55,018 : INFO : EventManager : Event: ======'mode_attract_will_start'====== Args={}
2025-03-14 21:10:55,019 : INFO : EventManager : Event: ======'mode_attract_starting'====== Args={}
2025-03-14 21:10:55,019 : INFO : Mode.attract : Started. Priority: 10
2025-03-14 21:10:55,019 : INFO : EventManager : Event: ======'modes_active_modes_changed'====== Args={}
2025-03-14 21:10:55,020 : INFO : EventManager : Event: ======'mode_attract_started'====== Args={}
2025-03-14 21:10:55,020 : INFO : EventManager : Event: ======'collecting_balls_complete'====== Args={}
2025-03-14 21:10:55,022 : INFO : Machine : Starting the main run loop with active modes: [<Mode.attract>]
2025-03-14 21:11:05,001 : INFO : SwitchController : <<<<<<< 's_flipper_left' inactive >>>>>>>
2025-03-14 21:11:05,001 : INFO : SwitchController : <<<<<<< 's_flipper_right' inactive >>>>>>>
2025-03-14 21:11:05,095 : INFO : SwitchController : <<<<<<< 's_flipper_left' active >>>>>>>
2025-03-14 21:11:05,096 : INFO : SwitchController : <<<<<<< 's_flipper_right' active >>>>>>>
2025-03-14 21:11:05,114 : INFO : SwitchController : <<<<<<< 's_flipper_left' inactive >>>>>>>
2025-03-14 21:11:05,115 : INFO : SwitchController : <<<<<<< 's_flipper_right' inactive >>>>>>>
2025-03-14 21:11:05,249 : INFO : SwitchController : <<<<<<< 's_flipper_left' active >>>>>>>
2025-03-14 21:11:05,249 : INFO : SwitchController : <<<<<<< 's_flipper_right' active >>>>>>>
2025-03-14 21:11:05,655 : INFO : SwitchController : <<<<<<< 's_flipper_left' inactive >>>>>>>
2025-03-14 21:11:05,655 : INFO : SwitchController : <<<<<<< 's_flipper_right' inactive >>>>>>>
2025-03-14 21:11:05,765 : INFO : SwitchController : <<<<<<< 's_flipper_left' active >>>>>>>
2025-03-14 21:11:05,765 : INFO : SwitchController : <<<<<<< 's_flipper_right' active >>>>>>>
2025-03-14 21:11:06,110 : INFO : SwitchController : <<<<<<< 's_flipper_left' inactive >>>>>>>
2025-03-14 21:11:06,110 : INFO : SwitchController : <<<<<<< 's_flipper_right' inactive >>>>>>>
2025-03-14 21:11:06,268 : INFO : SwitchController : <<<<<<< 's_flipper_left' active >>>>>>>
2025-03-14 21:11:06,268 : INFO : SwitchController : <<<<<<< 's_flipper_right' active >>>>>>>
2025-03-14 21:11:06,549 : INFO : SwitchController : <<<<<<< 's_flipper_left' inactive >>>>>>>
2025-03-14 21:11:06,549 : INFO : SwitchController : <<<<<<< 's_flipper_right' inactive >>>>>>>
2025-03-14 21:11:06,706 : INFO : SwitchController : <<<<<<< 's_flipper_left' active >>>>>>>
2025-03-14 21:11:06,706 : INFO : SwitchController : <<<<<<< 's_flipper_right' active >>>>>>>
2025-03-14 21:11:07,004 : INFO : SwitchController : <<<<<<< 's_flipper_left' inactive >>>>>>>
2025-03-14 21:11:07,004 : INFO : SwitchController : <<<<<<< 's_flipper_right' inactive >>>>>>>
2025-03-14 21:11:07,177 : INFO : SwitchController : <<<<<<< 's_flipper_left' active >>>>>>>
2025-03-14 21:11:07,178 : INFO : SwitchController : <<<<<<< 's_flipper_right' active >>>>>>>
2025-03-14 21:11:07,532 : INFO : SwitchController : <<<<<<< 's_flipper_left' inactive >>>>>>>
2025-03-14 21:11:07,532 : INFO : SwitchController : <<<<<<< 's_flipper_right' inactive >>>>>>>
2025-03-14 21:11:07,719 : INFO : SwitchController : <<<<<<< 's_flipper_left' active >>>>>>>
2025-03-14 21:11:07,719 : INFO : SwitchController : <<<<<<< 's_flipper_right' active >>>>>>>
2025-03-14 21:11:08,298 : INFO : SwitchController : <<<<<<< 's_flipper_left' inactive >>>>>>>
2025-03-14 21:11:08,298 : INFO : SwitchController : <<<<<<< 's_flipper_right' inactive >>>>>>>
2025-03-14 21:11:08,487 : INFO : SwitchController : <<<<<<< 's_flipper_left' active >>>>>>>
2025-03-14 21:11:08,487 : INFO : SwitchController : <<<<<<< 's_flipper_right' active >>>>>>>
2025-03-14 21:11:08,565 : INFO : SwitchController : <<<<<<< 's_flipper_left' inactive >>>>>>>
2025-03-14 21:11:08,565 : INFO : SwitchController : <<<<<<< 's_flipper_right' inactive >>>>>>>
2025-03-14 21:11:08,720 : INFO : SwitchController : <<<<<<< 's_flipper_left' active >>>>>>>
2025-03-14 21:11:08,720 : INFO : SwitchController : <<<<<<< 's_flipper_right' active >>>>>>>
2025-03-14 21:11:08,784 : INFO : SwitchController : <<<<<<< 's_flipper_left' inactive >>>>>>>
2025-03-14 21:11:08,784 : INFO : SwitchController : <<<<<<< 's_flipper_right' inactive >>>>>>>
2025-03-14 21:11:08,893 : INFO : SwitchController : <<<<<<< 's_flipper_left' active >>>>>>>
2025-03-14 21:11:08,894 : INFO : SwitchController : <<<<<<< 's_flipper_right' active >>>>>>>
2025-03-14 21:11:09,188 : INFO : SwitchController : <<<<<<< 's_flipper_left' inactive >>>>>>>
2025-03-14 21:11:09,188 : INFO : SwitchController : <<<<<<< 's_flipper_right' inactive >>>>>>>
2025-03-14 21:11:09,312 : INFO : SwitchController : <<<<<<< 's_flipper_left' active >>>>>>>
2025-03-14 21:11:09,313 : INFO : SwitchController : <<<<<<< 's_flipper_right' active >>>>>>>
2025-03-14 21:11:09,406 : INFO : SwitchController : <<<<<<< 's_flipper_left' inactive >>>>>>>
2025-03-14 21:11:09,406 : INFO : SwitchController : <<<<<<< 's_flipper_right' inactive >>>>>>>
2025-03-14 21:11:09,530 : INFO : SwitchController : <<<<<<< 's_flipper_left' active >>>>>>>
2025-03-14 21:11:09,530 : INFO : SwitchController : <<<<<<< 's_flipper_right' active >>>>>>>
2025-03-14 21:11:10,975 : INFO : SwitchController : <<<<<<< 's_flipper_left' inactive >>>>>>>
2025-03-14 21:11:10,976 : INFO : SwitchController : <<<<<<< 's_flipper_right' inactive >>>>>>>
2025-03-14 21:11:11,112 : INFO : SwitchController : <<<<<<< 's_flipper_left' active >>>>>>>
2025-03-14 21:11:11,112 : INFO : SwitchController : <<<<<<< 's_flipper_right' active >>>>>>>
2025-03-14 21:11:11,425 : INFO : SwitchController : <<<<<<< 's_flipper_left' inactive >>>>>>>
2025-03-14 21:11:11,427 : INFO : SwitchController : <<<<<<< 's_flipper_right' inactive >>>>>>>
2025-03-14 21:11:12,080 : INFO : SwitchController : <<<<<<< 's_flipper_left' active >>>>>>>
2025-03-14 21:11:12,080 : INFO : SwitchController : <<<<<<< 's_flipper_right' active >>>>>>>
2025-03-14 21:11:12,655 : INFO : SwitchController : <<<<<<< 's_flipper_left' inactive >>>>>>>
2025-03-14 21:11:12,655 : INFO : SwitchController : <<<<<<< 's_flipper_right' inactive >>>>>>>
2025-03-14 21:11:12,827 : INFO : SwitchController : <<<<<<< 's_flipper_left' active >>>>>>>
2025-03-14 21:11:12,828 : INFO : SwitchController : <<<<<<< 's_flipper_right' active >>>>>>>
2025-03-14 21:11:12,998 : INFO : SwitchController : <<<<<<< 's_flipper_left' inactive >>>>>>>
2025-03-14 21:11:12,998 : INFO : SwitchController : <<<<<<< 's_flipper_right' inactive >>>>>>>
2025-03-14 21:11:13,170 : INFO : SwitchController : <<<<<<< 's_flipper_left' active >>>>>>>
2025-03-14 21:11:13,170 : INFO : SwitchController : <<<<<<< 's_flipper_right' active >>>>>>>
2025-03-14 21:11:16,270 : INFO : Machine : Shutting down...
2025-03-14 21:11:16,270 : INFO : EventManager : Event: ======'shutdown'====== Args={}
2025-03-14 21:11:16,386 : INFO : root : MPF run loop ended.
