2025-03-14 22:15:39,899 : INFO : root : Loading config.
2025-03-14 22:15:39,908 : INFO : YamlMultifileConfigLoader : Machine config file #1: config.yaml
2025-03-14 22:15:39,909 : WARNING : ConfigProcessor : Config file in cache changed: C:\Users\User\Desktop\fast_homebrew_godot_v2\fast_homebrew_godot_v2\config\config.yaml
2025-03-14 22:15:39,909 : INFO : ConfigProcessor : Loading config from file C:\Users\User\AppData\Local\Programs\Python\Python312\Lib\site-packages\mpf\mpfconfig.yaml.
2025-03-14 22:15:39,944 : INFO : ConfigProcessor : Loading config: C:\Users\User\AppData\Local\Programs\Python\Python312\Lib\site-packages\mpf\mpfconfig.yaml
2025-03-14 22:15:39,944 : INFO : ConfigProcessor : Loading config from file C:\Users\User\Desktop\fast_homebrew_godot_v2\fast_homebrew_godot_v2\config\config.yaml.
2025-03-14 22:15:39,952 : INFO : ConfigProcessor : Loading config: C:\Users\User\Desktop\fast_homebrew_godot_v2\fast_homebrew_godot_v2\config\config.yaml
2025-03-14 22:15:39,954 : INFO : ConfigProcessor : Loading config: C:\Users\User\Desktop\fast_homebrew_godot_v2\fast_homebrew_godot_v2\config\lights.yaml
2025-03-14 22:15:39,958 : INFO : ConfigProcessor : Loading config: C:\Users\User\Desktop\fast_homebrew_godot_v2\fast_homebrew_godot_v2\config\coils.yaml
2025-03-14 22:15:39,961 : INFO : ConfigProcessor : Loading config: C:\Users\User\Desktop\fast_homebrew_godot_v2\fast_homebrew_godot_v2\config\switches.yaml
2025-03-14 22:15:39,964 : INFO : ConfigProcessor : Loading config: C:\Users\User\Desktop\fast_homebrew_godot_v2\fast_homebrew_godot_v2\config\images.yaml
2025-03-14 22:15:39,969 : INFO : ConfigProcessor : Loading config: C:\Users\User\Desktop\fast_homebrew_godot_v2\fast_homebrew_godot_v2\config\videos.yaml
2025-03-14 22:15:39,972 : INFO : ConfigProcessor : Config file cache created: C:\Users\User\AppData\Local\Temp\5682b9bdeb2b9ad8a31c13560e038609.mpf_cache
2025-03-14 22:15:40,195 : INFO : ConfigProcessor : Loading config from cache: C:\Users\User\AppData\Local\Temp\8422c6572f827355f8aade1949d04025.mpf_cache
2025-03-14 22:15:40,198 : INFO : ConfigProcessor : Loading config from cache: C:\Users\User\AppData\Local\Temp\1c0e7e9816717d8e62c4728dfe372999.mpf_cache
2025-03-14 22:15:40,200 : INFO : ConfigProcessor : Loading config from cache: C:\Users\User\AppData\Local\Temp\e3e8065d662ad307fa9574659e7e4e8e.mpf_cache
2025-03-14 22:15:40,202 : INFO : ConfigProcessor : Loading config from cache: C:\Users\User\AppData\Local\Temp\8422c6572f827355f8aade1949d04025.mpf_cache
2025-03-14 22:15:40,204 : INFO : Machine : Mission Pinball Framework Core Engine v0.80.0.dev6
2025-03-14 22:15:40,204 : INFO : Machine : Command line arguments: {'no_load_cache': False, 'create_config_cache': True, 'bcp': False, 'configfile': ['config.yaml'], 'force_assets_load': False, 'platform_integration_test': False, 'jsonlogging': False, 'logfile': 'logs\\2025-03-14-22-15-39-mpf-BERNIE.log', 'pause': False, 'production': False, 'text_ui': False, 'loglevel': 15, 'consoleloglevel': 20, 'force_platform': None, 'syslog_address': None, 'full_logfile_path': 'C:\\Users\\User\\Desktop\\fast_homebrew_godot_v2\\fast_homebrew_godot_v2\\logs\\2025-03-14-22-15-39-mpf-BERNIE.log'}
2025-03-14 22:15:40,204 : INFO : Machine : MPF path: C:\Users\User\AppData\Local\Programs\Python\Python312\Lib\site-packages\mpf
2025-03-14 22:15:40,204 : INFO : Machine : Machine path: C:\Users\User\Desktop\fast_homebrew_godot_v2\fast_homebrew_godot_v2
2025-03-14 22:15:40,204 : INFO : Machine : Platform: win32
2025-03-14 22:15:40,204 : INFO : Machine : Python executable location: C:\Users\User\AppData\Local\Programs\Python\Python312\python.exe
2025-03-14 22:15:40,204 : INFO : Machine : Python version: 3.12.3 (64-bit)
2025-03-14 22:15:40,209 : INFO : Machine : Initializing MPF...
2025-03-14 22:15:40,457 : INFO : FAST : Auto-detecting ports for the following connections: ['net']
2025-03-14 22:15:40,505 : INFO : FAST : Detected NET on port COM5
2025-03-14 22:15:40,616 : INFO : FAST [NET] : Trying to connect to COM5 at 921600bps
2025-03-14 22:15:40,625 : INFO : FAST [NET] : Connected to COM5 at 921600bps
2025-03-14 22:15:40,645 : INFO : FAST [NET] : Connected to FP-CPU-2000 with firmware v02.26
2025-03-14 22:15:40,676 : INFO : FAST [NET] : Registered I/O Board 0: Model: FP-I/O-3208, Firmware: 01.10, Switches: 32, Drivers: 8
2025-03-14 22:15:40,676 : INFO : EventManager : Event: ======'machine_var_credits_string'====== Args={'value': 'FREE PLAY', 'prev_value': None, 'change': True}
2025-03-14 22:15:40,733 : INFO : EventManager : Event: ======'machine_var_master_volume'====== Args={'value': 0.5, 'prev_value': None, 'change': True}
2025-03-14 22:15:40,733 : INFO : EventManager : Event: ======'machine_var_mpf_version'====== Args={'value': 'Mission Pinball Framework v0.80.0.dev6', 'prev_value': None, 'change': True}
2025-03-14 22:15:40,733 : INFO : EventManager : Event: ======'machine_var_mpf_extended_version'====== Args={'value': 'Mission Pinball Framework v0.80.0.dev6, Config version:6, Show version: 6, BCP version:1.1', 'prev_value': None, 'change': True}
2025-03-14 22:15:40,734 : INFO : EventManager : Event: ======'machine_var_python_version'====== Args={'value': '3.12.3', 'prev_value': None, 'change': True}
2025-03-14 22:15:41,000 : INFO : EventManager : Event: ======'machine_var_platform'====== Args={'value': 'Windows-11-10.0.22631-SP0', 'prev_value': None, 'change': True}
2025-03-14 22:15:41,000 : INFO : EventManager : Event: ======'machine_var_platform_system'====== Args={'value': 'Windows', 'prev_value': None, 'change': True}
2025-03-14 22:15:41,000 : INFO : EventManager : Event: ======'machine_var_platform_release'====== Args={'value': '11', 'prev_value': None, 'change': True}
2025-03-14 22:15:41,001 : INFO : EventManager : Event: ======'machine_var_platform_version'====== Args={'value': '10.0.22631', 'prev_value': None, 'change': True}
2025-03-14 22:15:41,001 : INFO : EventManager : Event: ======'machine_var_platform_machine'====== Args={'value': 'AMD64', 'prev_value': None, 'change': True}
2025-03-14 22:15:41,001 : INFO : EventManager : Event: ======'machine_var_log_file_path'====== Args={'value': 'C:\\Users\\User\\Desktop\\fast_homebrew_godot_v2\\fast_homebrew_godot_v2\\logs\\2025-03-14-22-15-39-mpf-BERNIE.log', 'prev_value': None, 'change': True}
2025-03-14 22:15:41,001 : INFO : EventManager : Event: ======'init_phase_1'====== Args={}
2025-03-14 22:15:43,502 : INFO : SwitchController : <<<<<<< 's_trough_ball_jam' active >>>>>>>
2025-03-14 22:15:43,502 : INFO : SwitchController : <<<<<<< 's_trough_ball_1' active >>>>>>>
2025-03-14 22:15:43,502 : INFO : SwitchController : <<<<<<< 's_flipper_right' active >>>>>>>
2025-03-14 22:15:43,503 : INFO : EventManager : Event: ======'init_phase_2'====== Args={}
2025-03-14 22:15:43,503 : INFO : SwitchController : Found active switch: (6, [FAST Platform Interface]) <switch.s_trough_ball_jam>
2025-03-14 22:15:43,504 : INFO : SwitchController : Found active switch: (0, [FAST Platform Interface]) <switch.s_trough_ball_1>
2025-03-14 22:15:43,504 : INFO : SwitchController : Found active switch: (31, [FAST Platform Interface]) <switch.s_flipper_right>
2025-03-14 22:15:44,002 : INFO : ball_device.bd_trough : BCH: Initial count: 1
2025-03-14 22:15:44,003 : INFO : ball_device.bd_trough : State: idle
2025-03-14 22:15:44,004 : INFO : ball_device.bd_plunger : BCH: Initial count: 0
2025-03-14 22:15:44,004 : INFO : ball_device.bd_plunger : State: idle
2025-03-14 22:15:44,032 : INFO : EventManager : Event: ======'init_phase_3'====== Args={}
2025-03-14 22:15:44,037 : INFO : EventManager : Event: ======'init_phase_4'====== Args={}
2025-03-14 22:15:44,037 : INFO : BallController : Initial balls found: 1
2025-03-14 22:15:44,040 : INFO : EventManager : Event: ======'machine_var_audits_events_game_ended'====== Args={'value': 0, 'prev_value': None, 'change': True}
2025-03-14 22:15:44,040 : INFO : EventManager : Event: ======'machine_var_audits_events_game_started'====== Args={'value': 395, 'prev_value': None, 'change': True}
2025-03-14 22:15:44,040 : INFO : EventManager : Event: ======'machine_var_audits_missing_switches_s_flipper_left'====== Args={'value': 5, 'prev_value': None, 'change': True}
2025-03-14 22:15:44,040 : INFO : EventManager : Event: ======'machine_var_audits_missing_switches_s_flipper_left_lower_eos'====== Args={'value': 3, 'prev_value': None, 'change': True}
2025-03-14 22:15:44,040 : INFO : EventManager : Event: ======'machine_var_audits_missing_switches_s_flipper_left_upper_eos'====== Args={'value': 3, 'prev_value': None, 'change': True}
2025-03-14 22:15:44,040 : INFO : EventManager : Event: ======'machine_var_audits_missing_switches_s_flipper_right'====== Args={'value': 6, 'prev_value': None, 'change': True}
2025-03-14 22:15:44,040 : INFO : EventManager : Event: ======'machine_var_audits_missing_switches_s_flipper_right_eos'====== Args={'value': 3, 'prev_value': None, 'change': True}
2025-03-14 22:15:44,041 : INFO : EventManager : Event: ======'machine_var_audits_missing_switches_s_launch'====== Args={'value': 6, 'prev_value': None, 'change': True}
2025-03-14 22:15:44,041 : INFO : EventManager : Event: ======'machine_var_audits_missing_switches_s_left_flipper'====== Args={'value': 363, 'prev_value': None, 'change': True}
2025-03-14 22:15:44,041 : INFO : EventManager : Event: ======'machine_var_audits_missing_switches_s_left_flipper_eos'====== Args={'value': 363, 'prev_value': None, 'change': True}
2025-03-14 22:15:44,041 : INFO : EventManager : Event: ======'machine_var_audits_missing_switches_s_left_inlane'====== Args={'value': 6, 'prev_value': None, 'change': True}
2025-03-14 22:15:44,041 : INFO : EventManager : Event: ======'machine_var_audits_missing_switches_s_left_inner_lane'====== Args={'value': 357, 'prev_value': None, 'change': True}
2025-03-14 22:15:44,041 : INFO : EventManager : Event: ======'machine_var_audits_missing_switches_s_left_outer_lane'====== Args={'value': 153, 'prev_value': None, 'change': True}
2025-03-14 22:15:44,041 : INFO : EventManager : Event: ======'machine_var_audits_missing_switches_s_left_outlane'====== Args={'value': 6, 'prev_value': None, 'change': True}
2025-03-14 22:15:44,041 : INFO : EventManager : Event: ======'machine_var_audits_missing_switches_s_left_sling'====== Args={'value': 363, 'prev_value': None, 'change': True}
2025-03-14 22:15:44,041 : INFO : EventManager : Event: ======'machine_var_audits_missing_switches_s_mead'====== Args={'value': 267, 'prev_value': None, 'change': True}
2025-03-14 22:15:44,042 : INFO : EventManager : Event: ======'machine_var_audits_missing_switches_s_percy'====== Args={'value': 85, 'prev_value': None, 'change': True}
2025-03-14 22:15:44,042 : INFO : EventManager : Event: ======'machine_var_audits_missing_switches_s_plunger'====== Args={'value': 3, 'prev_value': None, 'change': True}
2025-03-14 22:15:44,042 : INFO : EventManager : Event: ======'machine_var_audits_missing_switches_s_pop_bumper_1'====== Args={'value': 357, 'prev_value': None, 'change': True}
2025-03-14 22:15:44,042 : INFO : EventManager : Event: ======'machine_var_audits_missing_switches_s_pop_bumper_2'====== Args={'value': 357, 'prev_value': None, 'change': True}
2025-03-14 22:15:44,042 : INFO : EventManager : Event: ======'machine_var_audits_missing_switches_s_pop_bumper_3'====== Args={'value': 357, 'prev_value': None, 'change': True}
2025-03-14 22:15:44,042 : INFO : EventManager : Event: ======'machine_var_audits_missing_switches_s_right_flipper'====== Args={'value': 363, 'prev_value': None, 'change': True}
2025-03-14 22:15:44,042 : INFO : EventManager : Event: ======'machine_var_audits_missing_switches_s_right_flipper_eos'====== Args={'value': 363, 'prev_value': None, 'change': True}
2025-03-14 22:15:44,042 : INFO : EventManager : Event: ======'machine_var_audits_missing_switches_s_right_inlane'====== Args={'value': 6, 'prev_value': None, 'change': True}
2025-03-14 22:15:44,042 : INFO : EventManager : Event: ======'machine_var_audits_missing_switches_s_right_inner_lane'====== Args={'value': 357, 'prev_value': None, 'change': True}
2025-03-14 22:15:44,043 : INFO : EventManager : Event: ======'machine_var_audits_missing_switches_s_right_outer_lane'====== Args={'value': 357, 'prev_value': None, 'change': True}
2025-03-14 22:15:44,043 : INFO : EventManager : Event: ======'machine_var_audits_missing_switches_s_right_outlane'====== Args={'value': 6, 'prev_value': None, 'change': True}
2025-03-14 22:15:44,043 : INFO : EventManager : Event: ======'machine_var_audits_missing_switches_s_right_sling'====== Args={'value': 363, 'prev_value': None, 'change': True}
2025-03-14 22:15:44,043 : INFO : EventManager : Event: ======'machine_var_audits_missing_switches_s_scanlan'====== Args={'value': 204, 'prev_value': None, 'change': True}
2025-03-14 22:15:44,043 : INFO : EventManager : Event: ======'machine_var_audits_missing_switches_s_trough_ball_1'====== Args={'value': 369, 'prev_value': None, 'change': True}
2025-03-14 22:15:44,043 : INFO : EventManager : Event: ======'machine_var_audits_missing_switches_s_trough_ball_2'====== Args={'value': 3, 'prev_value': None, 'change': True}
2025-03-14 22:15:44,043 : INFO : EventManager : Event: ======'machine_var_audits_missing_switches_s_trough_ball_3'====== Args={'value': 3, 'prev_value': None, 'change': True}
2025-03-14 22:15:44,043 : INFO : EventManager : Event: ======'machine_var_audits_missing_switches_s_trough_ball_4'====== Args={'value': 3, 'prev_value': None, 'change': True}
2025-03-14 22:15:44,044 : INFO : EventManager : Event: ======'machine_var_audits_missing_switches_s_trough_ball_5'====== Args={'value': 3, 'prev_value': None, 'change': True}
2025-03-14 22:15:44,044 : INFO : EventManager : Event: ======'machine_var_audits_missing_switches_s_trough_ball_6'====== Args={'value': 3, 'prev_value': None, 'change': True}
2025-03-14 22:15:44,044 : INFO : EventManager : Event: ======'machine_var_audits_missing_switches_s_trough_ball_jam'====== Args={'value': 369, 'prev_value': None, 'change': True}
2025-03-14 22:15:44,044 : INFO : EventManager : Event: ======'machine_var_audits_player_score'====== Args={'value': {'average': 0, 'top': [], 'total': 0}, 'prev_value': None, 'change': True}
2025-03-14 22:15:44,044 : INFO : EventManager : Event: ======'machine_var_audits_shots_mead_shot'====== Args={'value': 223, 'prev_value': None, 'change': True}
2025-03-14 22:15:44,044 : INFO : EventManager : Event: ======'machine_var_audits_shots_percy_shot'====== Args={'value': 56, 'prev_value': None, 'change': True}
2025-03-14 22:15:44,044 : INFO : EventManager : Event: ======'machine_var_audits_shots_scanlan_shot'====== Args={'value': 121, 'prev_value': None, 'change': True}
2025-03-14 22:15:44,044 : INFO : EventManager : Event: ======'machine_var_audits_shots_video_shot_1'====== Args={'value': 24, 'prev_value': None, 'change': True}
2025-03-14 22:15:44,044 : INFO : EventManager : Event: ======'machine_var_audits_shots_video_shot_2'====== Args={'value': 20, 'prev_value': None, 'change': True}
2025-03-14 22:15:44,044 : INFO : EventManager : Event: ======'machine_var_audits_switches_s_auto_launcher'====== Args={'value': 0, 'prev_value': None, 'change': True}
2025-03-14 22:15:44,045 : INFO : EventManager : Event: ======'machine_var_audits_switches_s_ball_drain'====== Args={'value': 0, 'prev_value': None, 'change': True}
2025-03-14 22:15:44,045 : INFO : EventManager : Event: ======'machine_var_audits_switches_s_flipper_left'====== Args={'value': 13, 'prev_value': None, 'change': True}
2025-03-14 22:15:44,045 : INFO : EventManager : Event: ======'machine_var_audits_switches_s_flipper_left_lower_eos'====== Args={'value': 4, 'prev_value': None, 'change': True}
2025-03-14 22:15:44,045 : INFO : EventManager : Event: ======'machine_var_audits_switches_s_flipper_left_upper_eos'====== Args={'value': 3, 'prev_value': None, 'change': True}
2025-03-14 22:15:44,045 : INFO : EventManager : Event: ======'machine_var_audits_switches_s_flipper_right'====== Args={'value': 0, 'prev_value': None, 'change': True}
2025-03-14 22:15:44,045 : INFO : EventManager : Event: ======'machine_var_audits_switches_s_flipper_right_eos'====== Args={'value': 3, 'prev_value': None, 'change': True}
2025-03-14 22:15:44,045 : INFO : EventManager : Event: ======'machine_var_audits_switches_s_launch'====== Args={'value': 0, 'prev_value': None, 'change': True}
2025-03-14 22:15:44,045 : INFO : EventManager : Event: ======'machine_var_audits_switches_s_left_flipper'====== Args={'value': 36, 'prev_value': None, 'change': True}
2025-03-14 22:15:44,046 : INFO : EventManager : Event: ======'machine_var_audits_switches_s_left_flipper_eos'====== Args={'value': 0, 'prev_value': None, 'change': True}
2025-03-14 22:15:44,046 : INFO : EventManager : Event: ======'machine_var_audits_switches_s_left_inlane'====== Args={'value': 0, 'prev_value': None, 'change': True}
2025-03-14 22:15:44,046 : INFO : EventManager : Event: ======'machine_var_audits_switches_s_left_inner_lane'====== Args={'value': 0, 'prev_value': None, 'change': True}
2025-03-14 22:15:44,046 : INFO : EventManager : Event: ======'machine_var_audits_switches_s_left_outer_lane'====== Args={'value': 0, 'prev_value': None, 'change': True}
2025-03-14 22:15:44,046 : INFO : EventManager : Event: ======'machine_var_audits_switches_s_left_outlane'====== Args={'value': 0, 'prev_value': None, 'change': True}
2025-03-14 22:15:44,046 : INFO : EventManager : Event: ======'machine_var_audits_switches_s_left_sling'====== Args={'value': 7, 'prev_value': None, 'change': True}
2025-03-14 22:15:44,046 : INFO : EventManager : Event: ======'machine_var_audits_switches_s_mead'====== Args={'value': 0, 'prev_value': None, 'change': True}
2025-03-14 22:15:44,046 : INFO : EventManager : Event: ======'machine_var_audits_switches_s_percy'====== Args={'value': 0, 'prev_value': None, 'change': True}
2025-03-14 22:15:44,046 : INFO : EventManager : Event: ======'machine_var_audits_switches_s_plunger'====== Args={'value': 12, 'prev_value': None, 'change': True}
2025-03-14 22:15:44,046 : INFO : EventManager : Event: ======'machine_var_audits_switches_s_pop_bumper_1'====== Args={'value': 0, 'prev_value': None, 'change': True}
2025-03-14 22:15:44,046 : INFO : EventManager : Event: ======'machine_var_audits_switches_s_pop_bumper_2'====== Args={'value': 0, 'prev_value': None, 'change': True}
2025-03-14 22:15:44,046 : INFO : EventManager : Event: ======'machine_var_audits_switches_s_pop_bumper_3'====== Args={'value': 0, 'prev_value': None, 'change': True}
2025-03-14 22:15:44,046 : INFO : EventManager : Event: ======'machine_var_audits_switches_s_right_flipper'====== Args={'value': 131, 'prev_value': None, 'change': True}
2025-03-14 22:15:44,046 : INFO : EventManager : Event: ======'machine_var_audits_switches_s_right_flipper_eos'====== Args={'value': 0, 'prev_value': None, 'change': True}
2025-03-14 22:15:44,046 : INFO : EventManager : Event: ======'machine_var_audits_switches_s_right_inlane'====== Args={'value': 0, 'prev_value': None, 'change': True}
2025-03-14 22:15:44,047 : INFO : EventManager : Event: ======'machine_var_audits_switches_s_right_inner_lane'====== Args={'value': 0, 'prev_value': None, 'change': True}
2025-03-14 22:15:44,047 : INFO : EventManager : Event: ======'machine_var_audits_switches_s_right_outer_lane'====== Args={'value': 0, 'prev_value': None, 'change': True}
2025-03-14 22:15:44,050 : INFO : EventManager : Event: ======'machine_var_audits_switches_s_right_outlane'====== Args={'value': 0, 'prev_value': None, 'change': True}
2025-03-14 22:15:44,050 : INFO : EventManager : Event: ======'machine_var_audits_switches_s_right_sling'====== Args={'value': 3, 'prev_value': None, 'change': True}
2025-03-14 22:15:44,050 : INFO : EventManager : Event: ======'machine_var_audits_switches_s_scanlan'====== Args={'value': 0, 'prev_value': None, 'change': True}
2025-03-14 22:15:44,050 : INFO : EventManager : Event: ======'machine_var_audits_switches_s_start'====== Args={'value': 76, 'prev_value': None, 'change': True}
2025-03-14 22:15:44,050 : INFO : EventManager : Event: ======'machine_var_audits_switches_s_switch_2'====== Args={'value': 0, 'prev_value': None, 'change': True}
2025-03-14 22:15:44,051 : INFO : EventManager : Event: ======'machine_var_audits_switches_s_trough_ball_1'====== Args={'value': 4, 'prev_value': None, 'change': True}
2025-03-14 22:15:44,051 : INFO : EventManager : Event: ======'machine_var_audits_switches_s_trough_ball_2'====== Args={'value': 7, 'prev_value': None, 'change': True}
2025-03-14 22:15:44,051 : INFO : EventManager : Event: ======'machine_var_audits_switches_s_trough_ball_3'====== Args={'value': 4, 'prev_value': None, 'change': True}
2025-03-14 22:15:44,051 : INFO : EventManager : Event: ======'machine_var_audits_switches_s_trough_ball_4'====== Args={'value': 3, 'prev_value': None, 'change': True}
2025-03-14 22:15:44,051 : INFO : EventManager : Event: ======'machine_var_audits_switches_s_trough_ball_5'====== Args={'value': 3, 'prev_value': None, 'change': True}
2025-03-14 22:15:44,051 : INFO : EventManager : Event: ======'machine_var_audits_switches_s_trough_ball_6'====== Args={'value': 4, 'prev_value': None, 'change': True}
2025-03-14 22:15:44,051 : INFO : EventManager : Event: ======'machine_var_audits_switches_s_trough_ball_jam'====== Args={'value': 3, 'prev_value': None, 'change': True}
2025-03-14 22:15:44,051 : INFO : EventManager : Event: ======'machine_var_audits_switches_s_trough_eject_coil'====== Args={'value': 0, 'prev_value': None, 'change': True}
2025-03-14 22:15:44,052 : INFO : EventManager : Event: ======'init_phase_5'====== Args={}
2025-03-14 22:15:44,054 : INFO : EventManager : Event: ======'init_done'====== Args={}
2025-03-14 22:15:44,054 : INFO : EventManager : Event: ======'machine_reset_phase_1'====== Args={}
2025-03-14 22:15:44,058 : INFO : EventManager : Event: ======'machine_reset_phase_2'====== Args={}
2025-03-14 22:15:44,060 : INFO : EventManager : Event: ======'machine_reset_phase_3'====== Args={}
2025-03-14 22:15:44,061 : INFO : EventManager : Event: ======'reset_complete'====== Args={}
2025-03-14 22:15:44,062 : INFO : EventManager : Event: ======'mode_attract_will_start'====== Args={}
2025-03-14 22:15:44,063 : INFO : EventManager : Event: ======'mode_attract_starting'====== Args={}
2025-03-14 22:15:44,063 : INFO : Mode.attract : Started. Priority: 10
2025-03-14 22:15:44,063 : INFO : EventManager : Event: ======'modes_active_modes_changed'====== Args={}
2025-03-14 22:15:44,064 : INFO : EventManager : Event: ======'mode_attract_started'====== Args={}
2025-03-14 22:15:44,067 : INFO : EventManager : Event: ======'collecting_balls_complete'====== Args={}
2025-03-14 22:15:44,070 : INFO : Machine : Starting the main run loop with active modes: [<Mode.attract>]
2025-03-14 22:15:44,095 : INFO : SwitchController : <<<<<<< 's_flipper_right_eos' active >>>>>>>
2025-03-14 22:15:54,325 : INFO : SwitchController : <<<<<<< 's_start' active >>>>>>>
2025-03-14 22:15:54,402 : INFO : SwitchController : <<<<<<< 's_start' inactive >>>>>>>
2025-03-14 22:15:54,403 : INFO : EventManager : Event: ======'request_to_start_game'====== Args={}
2025-03-14 22:15:54,404 : INFO : EventManager : Event: ======'game_start'====== Args={'buttons': [], 'hold_time': 0.0779999999795109}
2025-03-14 22:15:54,404 : INFO : EventManager : Event: ======'mode_game_will_start'====== Args={'buttons': [], 'hold_time': 0.0779999999795109}
2025-03-14 22:15:54,406 : INFO : EventManager : Event: ======'mode_game_starting'====== Args={'buttons': [], 'hold_time': 0.0779999999795109}
2025-03-14 22:15:54,406 : INFO : EventManager : Event: ======'mode_attract_will_stop'====== Args={}
2025-03-14 22:15:54,406 : INFO : EventManager : Event: ======'mode_attract_stopping'====== Args={}
2025-03-14 22:15:54,407 : INFO : Mode.game : Started. Priority: 20
2025-03-14 22:15:54,407 : INFO : EventManager : Event: ======'modes_active_modes_changed'====== Args={}
2025-03-14 22:15:54,407 : INFO : EventManager : Event: ======'mode_game_started'====== Args={'buttons': [], 'hold_time': 0.0779999999795109}
2025-03-14 22:15:54,410 : INFO : Mode.attract : Stopped.
2025-03-14 22:15:54,411 : INFO : EventManager : Event: ======'modes_active_modes_changed'====== Args={}
2025-03-14 22:15:54,411 : INFO : EventManager : Event: ======'mode_attract_stopped'====== Args={}
2025-03-14 22:15:54,412 : INFO : EventManager : Event: ======'clear'====== Args={'key': 'attract'}
2025-03-14 22:15:54,413 : INFO : EventManager : Event: ======'game_will_start'====== Args={}
2025-03-14 22:15:54,414 : INFO : EventManager : Event: ======'game_starting'====== Args={'game': <Mode.game>}
2025-03-14 22:15:54,416 : INFO : EventManager : Unordered handler for class <Auditor> on event game_ended with priority 1. Handlers: [RegisteredHandler(callback=<bound method Auditor.disable of <Auditor>>, priority=1, kwargs={}, key=UUID('7a582806-535a-4be6-a023-d0ea02399596'), condition=None, blocking_facility=None), RegisteredHandler(callback=<bound method Auditor._save_audits of <Auditor>>, priority=1, kwargs={}, key=UUID('062eac5c-3a1f-4197-869b-3918e0f5f61c'), condition=None, blocking_facility=None)]. The order of those handlers is not defined and they will be executed in random order. This might lead to race conditions and potential bugs.
2025-03-14 22:15:54,416 : INFO : EventManager : Event: ======'player_add_request'====== Args={}
2025-03-14 22:15:54,417 : INFO : EventManager : Event: ======'player_will_add'====== Args={'number': 1}
2025-03-14 22:15:54,417 : INFO : EventManager : Event: ======'player_adding'====== Args={'player': <Player 1>, 'number': 1}
2025-03-14 22:15:54,419 : INFO : EventManager : Event: ======'player_added'====== Args={'player': <Player 1>, 'num': 1}
2025-03-14 22:15:54,419 : INFO : Mode.game : Player added successfully. Total players: 1
2025-03-14 22:15:54,419 : INFO : EventManager : Event: ======'player_index'====== Args={'value': 0, 'prev_value': 0, 'change': 0, 'player_num': 1}
2025-03-14 22:15:54,421 : INFO : EventManager : Event: ======'player_number'====== Args={'value': 1, 'prev_value': 1, 'change': 0, 'player_num': 1}
2025-03-14 22:15:54,421 : INFO : EventManager : Event: ======'player_score'====== Args={'value': 0, 'prev_value': 0, 'change': 0, 'player_num': 1}
2025-03-14 22:15:54,421 : INFO : EventManager : Event: ======'game_started'====== Args={}
2025-03-14 22:15:54,422 : INFO : EventManager : Event: ======'player_turn_will_start'====== Args={'player': <Player 1>, 'number': 1}
2025-03-14 22:15:54,423 : INFO : EventManager : Event: ======'player_turn_starting'====== Args={'player': <Player 1>, 'number': 1}
2025-03-14 22:15:54,423 : INFO : EventManager : Event: ======'player_ball'====== Args={'value': 1, 'prev_value': 0, 'change': 1, 'player_num': 1}
2025-03-14 22:15:54,423 : INFO : EventManager : Event: ======'player_turn_started'====== Args={'player': <Player 1>, 'number': 1}
2025-03-14 22:15:54,424 : INFO : EventManager : Event: ======'ball_will_start'====== Args={'player': 1, 'ball': 1, 'balls_remaining': 2, 'is_extra_ball': False}
2025-03-14 22:15:54,425 : INFO : EventManager : Event: ======'ball_starting'====== Args={'player': 1, 'ball': 1, 'balls_remaining': 2, 'is_extra_ball': False}
2025-03-14 22:15:54,426 : INFO : EventManager : Event: ======'balls_in_play'====== Args={'balls': 1}
2025-03-14 22:15:54,426 : INFO : EventManager : Event: ======'ball_started'====== Args={'player': 1, 'ball': 1, 'balls_remaining': 2, 'is_extra_ball': False}
2025-03-14 22:15:54,427 : INFO : EventManager : Event: ======'mode_base_will_start'====== Args={'player': 1, 'ball': 1, 'balls_remaining': 2, 'is_extra_ball': False}
2025-03-14 22:15:54,427 : INFO : EventManager : Event: ======'mode_base_starting'====== Args={'player': 1, 'ball': 1, 'balls_remaining': 2, 'is_extra_ball': False}
2025-03-14 22:15:54,428 : INFO : Mode.base : Started. Priority: 100
2025-03-14 22:15:54,428 : INFO : EventManager : Event: ======'modes_active_modes_changed'====== Args={}
2025-03-14 22:15:54,428 : INFO : EventManager : Event: ======'mode_base_started'====== Args={'player': 1, 'ball': 1, 'balls_remaining': 2, 'is_extra_ball': False}
2025-03-14 22:15:54,450 : INFO : EventManager : Event: ======'single_player_ball_started'====== Args={}
2025-03-14 22:15:54,451 : INFO : EventManager : Event: ======'ball_start_target'====== Args={'target': 'playfield'}
2025-03-14 22:15:54,451 : INFO : ball_device.bd_plunger : Setting up player-controlled eject. Balls: 1, Target: <playfield.playfield>, player_controlled_eject_event: None
2025-03-14 22:15:54,451 : INFO : EventManager : Event: ======'balldevice_balls_available'====== Args={}
2025-03-14 22:15:54,454 : INFO : ball_device.bd_trough : State: waiting_for_target_ready
2025-03-14 22:15:54,454 : INFO : EventManager : Event: ======'balldevice_bd_trough_ball_eject_attempt'====== Args={'balls': 1, 'target': <ball_device.bd_plunger>, 'source': <ball_device.bd_trough>, 'mechanical_eject': True, 'num_attempts': 0}
2025-03-14 22:15:54,454 : INFO : ball_device.bd_plunger : State: waiting_for_ball
2025-03-14 22:15:54,454 : INFO : ball_device.bd_trough : State: ejecting
2025-03-14 22:15:54,454 : INFO : ball_device.bd_trough : Ejecting ball to <ball_device.bd_plunger>
2025-03-14 22:15:54,454 : INFO : EventManager : Event: ======'balldevice_bd_trough_ejecting_ball'====== Args={'balls': 1, 'target': <ball_device.bd_plunger>, 'source': <ball_device.bd_trough>, 'mechanical_eject': True, 'num_attempts': 0}
2025-03-14 22:15:54,456 : INFO : ball_device.bd_trough : Wait for ball to leave device
2025-03-14 22:15:54,456 : INFO : coil.c_trough_eject_coil : Pulsing Driver for 15ms (1.0 pulse_power)
2025-03-14 22:15:54,512 : INFO : SwitchController : <<<<<<< 's_start' active >>>>>>>
2025-03-14 22:15:54,512 : INFO : EventManager : Event: ======'sw_start'====== Args={}
2025-03-14 22:15:54,513 : INFO : EventManager : Event: ======'machine_var_audits_switches_s_start'====== Args={'value': 77, 'prev_value': 76, 'change': 1}
2025-03-14 22:15:54,513 : INFO : EventManager : Event: ======'player_add_request'====== Args={}
2025-03-14 22:15:54,516 : INFO : EventManager : Event: ======'player_will_add'====== Args={'number': 2}
2025-03-14 22:15:54,516 : INFO : EventManager : Event: ======'player_adding'====== Args={'player': <Player 2>, 'number': 2}
2025-03-14 22:15:54,516 : INFO : EventManager : Event: ======'player_added'====== Args={'player': <Player 2>, 'num': 2}
2025-03-14 22:15:54,516 : INFO : Mode.game : Player added successfully. Total players: 2
2025-03-14 22:15:54,517 : INFO : EventManager : Event: ======'multiplayer_game'====== Args={}
2025-03-14 22:15:54,517 : INFO : EventManager : Event: ======'player_index'====== Args={'value': 1, 'prev_value': 1, 'change': 0, 'player_num': 2}
2025-03-14 22:15:54,517 : INFO : EventManager : Event: ======'player_number'====== Args={'value': 2, 'prev_value': 2, 'change': 0, 'player_num': 2}
2025-03-14 22:15:54,517 : INFO : EventManager : Event: ======'player_score'====== Args={'value': 0, 'prev_value': 0, 'change': 0, 'player_num': 2}
2025-03-14 22:15:54,669 : INFO : SwitchController : <<<<<<< 's_start' inactive >>>>>>>
2025-03-14 22:15:55,329 : INFO : SwitchController : <<<<<<< 's_start' active >>>>>>>
2025-03-14 22:15:55,329 : INFO : EventManager : Event: ======'sw_start'====== Args={}
2025-03-14 22:15:55,330 : INFO : EventManager : Event: ======'machine_var_audits_switches_s_start'====== Args={'value': 78, 'prev_value': 77, 'change': 1}
2025-03-14 22:15:55,331 : INFO : EventManager : Event: ======'player_add_request'====== Args={}
2025-03-14 22:15:55,331 : INFO : EventManager : Event: ======'player_will_add'====== Args={'number': 3}
2025-03-14 22:15:55,331 : INFO : EventManager : Event: ======'player_adding'====== Args={'player': <Player 3>, 'number': 3}
2025-03-14 22:15:55,332 : INFO : EventManager : Event: ======'player_added'====== Args={'player': <Player 3>, 'num': 3}
2025-03-14 22:15:55,332 : INFO : Mode.game : Player added successfully. Total players: 3
2025-03-14 22:15:55,333 : INFO : EventManager : Event: ======'player_index'====== Args={'value': 2, 'prev_value': 2, 'change': 0, 'player_num': 3}
2025-03-14 22:15:55,333 : INFO : EventManager : Event: ======'player_number'====== Args={'value': 3, 'prev_value': 3, 'change': 0, 'player_num': 3}
2025-03-14 22:15:55,334 : INFO : EventManager : Event: ======'player_score'====== Args={'value': 0, 'prev_value': 0, 'change': 0, 'player_num': 3}
2025-03-14 22:15:55,499 : INFO : SwitchController : <<<<<<< 's_start' inactive >>>>>>>
2025-03-14 22:15:55,780 : INFO : SwitchController : <<<<<<< 's_start' active >>>>>>>
2025-03-14 22:15:55,781 : INFO : EventManager : Event: ======'sw_start'====== Args={}
2025-03-14 22:15:55,781 : INFO : EventManager : Event: ======'machine_var_audits_switches_s_start'====== Args={'value': 79, 'prev_value': 78, 'change': 1}
2025-03-14 22:15:55,781 : INFO : EventManager : Event: ======'player_add_request'====== Args={}
2025-03-14 22:15:55,781 : INFO : EventManager : Event: ======'player_will_add'====== Args={'number': 4}
2025-03-14 22:15:55,781 : INFO : EventManager : Event: ======'player_adding'====== Args={'player': <Player 4>, 'number': 4}
2025-03-14 22:15:55,781 : INFO : EventManager : Event: ======'player_added'====== Args={'player': <Player 4>, 'num': 4}
2025-03-14 22:15:55,782 : INFO : Mode.game : Player added successfully. Total players: 4
2025-03-14 22:15:55,782 : INFO : EventManager : Event: ======'player_index'====== Args={'value': 3, 'prev_value': 3, 'change': 0, 'player_num': 4}
2025-03-14 22:15:55,782 : INFO : EventManager : Event: ======'player_number'====== Args={'value': 4, 'prev_value': 4, 'change': 0, 'player_num': 4}
2025-03-14 22:15:55,782 : INFO : EventManager : Event: ======'player_score'====== Args={'value': 0, 'prev_value': 0, 'change': 0, 'player_num': 4}
2025-03-14 22:15:55,952 : INFO : SwitchController : <<<<<<< 's_start' inactive >>>>>>>
2025-03-14 22:15:56,110 : INFO : SwitchController : <<<<<<< 's_start' active >>>>>>>
2025-03-14 22:15:56,111 : INFO : EventManager : Event: ======'sw_start'====== Args={}
2025-03-14 22:15:56,111 : INFO : EventManager : Event: ======'machine_var_audits_switches_s_start'====== Args={'value': 80, 'prev_value': 79, 'change': 1}
2025-03-14 22:15:56,267 : INFO : SwitchController : <<<<<<< 's_start' inactive >>>>>>>
2025-03-14 22:15:56,440 : INFO : SwitchController : <<<<<<< 's_start' active >>>>>>>
2025-03-14 22:15:56,440 : INFO : EventManager : Event: ======'sw_start'====== Args={}
2025-03-14 22:15:56,440 : INFO : EventManager : Event: ======'machine_var_audits_switches_s_start'====== Args={'value': 81, 'prev_value': 80, 'change': 1}
2025-03-14 22:15:56,594 : INFO : SwitchController : <<<<<<< 's_start' inactive >>>>>>>
2025-03-14 22:15:56,907 : INFO : SwitchController : <<<<<<< 's_start' active >>>>>>>
2025-03-14 22:15:56,909 : INFO : EventManager : Event: ======'sw_start'====== Args={}
2025-03-14 22:15:56,909 : INFO : EventManager : Event: ======'machine_var_audits_switches_s_start'====== Args={'value': 82, 'prev_value': 81, 'change': 1}
2025-03-14 22:15:57,064 : INFO : SwitchController : <<<<<<< 's_start' inactive >>>>>>>
2025-03-14 22:16:04,451 : INFO : ball_device.bd_trough : State: eject_broken
2025-03-14 22:16:04,452 : INFO : EventManager : Event: ======'balldevice_bd_trough_ball_eject_failed'====== Args={'target': <ball_device.bd_plunger>, 'balls': 1, 'retry': False, 'num_attempts': 1}
2025-03-14 22:16:04,452 : INFO : EventManager : Event: ======'balldevice_bd_trough_broken'====== Args={}
2025-03-14 22:16:44,649 : INFO : SwitchController : <<<<<<< 's_flipper_left' active >>>>>>>
2025-03-14 22:16:44,649 : INFO : EventManager : Event: ======'machine_var_audits_switches_s_flipper_left'====== Args={'value': 14, 'prev_value': 13, 'change': 1}
2025-03-14 22:16:44,683 : INFO : SwitchController : <<<<<<< 's_flipper_left_upper_eos' active >>>>>>>
2025-03-14 22:16:44,683 : INFO : EventManager : Event: ======'machine_var_audits_switches_s_flipper_left_upper_eos'====== Args={'value': 4, 'prev_value': 3, 'change': 1}
2025-03-14 22:16:44,684 : INFO : SwitchController : <<<<<<< 's_flipper_left_lower_eos' active >>>>>>>
2025-03-14 22:16:44,684 : INFO : EventManager : Event: ======'machine_var_audits_switches_s_flipper_left_lower_eos'====== Args={'value': 5, 'prev_value': 4, 'change': 1}
2025-03-14 22:16:44,822 : INFO : SwitchController : <<<<<<< 's_flipper_left' inactive >>>>>>>
2025-03-14 22:16:44,899 : INFO : SwitchController : <<<<<<< 's_flipper_left_lower_eos' inactive >>>>>>>
2025-03-14 22:16:44,899 : INFO : SwitchController : <<<<<<< 's_flipper_left_upper_eos' inactive >>>>>>>
2025-03-14 22:16:45,133 : INFO : SwitchController : <<<<<<< 's_flipper_left' active >>>>>>>
2025-03-14 22:16:45,134 : INFO : EventManager : Event: ======'machine_var_audits_switches_s_flipper_left'====== Args={'value': 15, 'prev_value': 14, 'change': 1}
2025-03-14 22:16:45,151 : INFO : SwitchController : <<<<<<< 's_flipper_left_lower_eos' active >>>>>>>
2025-03-14 22:16:45,151 : INFO : EventManager : Event: ======'machine_var_audits_switches_s_flipper_left_lower_eos'====== Args={'value': 6, 'prev_value': 5, 'change': 1}
2025-03-14 22:16:45,151 : INFO : SwitchController : <<<<<<< 's_flipper_left_upper_eos' active >>>>>>>
2025-03-14 22:16:45,152 : INFO : EventManager : Event: ======'machine_var_audits_switches_s_flipper_left_upper_eos'====== Args={'value': 5, 'prev_value': 4, 'change': 1}
2025-03-14 22:16:45,260 : INFO : SwitchController : <<<<<<< 's_flipper_left' inactive >>>>>>>
2025-03-14 22:16:45,336 : INFO : SwitchController : <<<<<<< 's_flipper_left_lower_eos' inactive >>>>>>>
2025-03-14 22:16:45,353 : INFO : SwitchController : <<<<<<< 's_flipper_left_upper_eos' inactive >>>>>>>
2025-03-14 22:16:49,503 : INFO : SwitchController : <<<<<<< 's_start' active >>>>>>>
2025-03-14 22:16:49,504 : INFO : EventManager : Event: ======'sw_start'====== Args={}
2025-03-14 22:16:49,504 : INFO : EventManager : Event: ======'machine_var_audits_switches_s_start'====== Args={'value': 83, 'prev_value': 82, 'change': 1}
2025-03-14 22:16:49,739 : INFO : SwitchController : <<<<<<< 's_start' inactive >>>>>>>
2025-03-14 22:16:49,882 : INFO : SwitchController : <<<<<<< 's_start' active >>>>>>>
2025-03-14 22:16:49,882 : INFO : EventManager : Event: ======'sw_start'====== Args={}
2025-03-14 22:16:49,882 : INFO : EventManager : Event: ======'machine_var_audits_switches_s_start'====== Args={'value': 84, 'prev_value': 83, 'change': 1}
2025-03-14 22:16:49,944 : INFO : SwitchController : <<<<<<< 's_start' inactive >>>>>>>
2025-03-14 22:16:49,944 : INFO : SwitchController : <<<<<<< 's_start' active >>>>>>>
2025-03-14 22:16:49,945 : INFO : EventManager : Event: ======'sw_start'====== Args={}
2025-03-14 22:16:49,945 : INFO : EventManager : Event: ======'machine_var_audits_switches_s_start'====== Args={'value': 85, 'prev_value': 84, 'change': 1}
2025-03-14 22:16:50,022 : INFO : SwitchController : <<<<<<< 's_start' inactive >>>>>>>
2025-03-14 22:16:50,023 : INFO : SwitchController : <<<<<<< 's_start' active >>>>>>>
2025-03-14 22:16:50,023 : INFO : EventManager : Event: ======'sw_start'====== Args={}
2025-03-14 22:16:50,023 : INFO : EventManager : Event: ======'machine_var_audits_switches_s_start'====== Args={'value': 86, 'prev_value': 85, 'change': 1}
2025-03-14 22:16:50,179 : INFO : SwitchController : <<<<<<< 's_start' inactive >>>>>>>
2025-03-14 22:16:50,258 : INFO : SwitchController : <<<<<<< 's_start' active >>>>>>>
2025-03-14 22:16:50,258 : INFO : EventManager : Event: ======'sw_start'====== Args={}
2025-03-14 22:16:50,258 : INFO : EventManager : Event: ======'machine_var_audits_switches_s_start'====== Args={'value': 87, 'prev_value': 86, 'change': 1}
2025-03-14 22:16:50,338 : INFO : SwitchController : <<<<<<< 's_start' inactive >>>>>>>
2025-03-14 22:20:10,807 : INFO : SwitchController : <<<<<<< 's_start' active >>>>>>>
2025-03-14 22:20:10,807 : INFO : EventManager : Event: ======'sw_start'====== Args={}
2025-03-14 22:20:10,808 : INFO : EventManager : Event: ======'machine_var_audits_switches_s_start'====== Args={'value': 88, 'prev_value': 87, 'change': 1}
2025-03-14 22:20:10,993 : INFO : SwitchController : <<<<<<< 's_start' inactive >>>>>>>
2025-03-14 22:20:11,039 : INFO : SwitchController : <<<<<<< 's_start' active >>>>>>>
2025-03-14 22:20:11,039 : INFO : EventManager : Event: ======'sw_start'====== Args={}
2025-03-14 22:20:11,040 : INFO : EventManager : Event: ======'machine_var_audits_switches_s_start'====== Args={'value': 89, 'prev_value': 88, 'change': 1}
2025-03-14 22:20:11,085 : INFO : SwitchController : <<<<<<< 's_start' inactive >>>>>>>
2025-03-14 22:20:11,086 : INFO : SwitchController : <<<<<<< 's_start' active >>>>>>>
2025-03-14 22:20:11,086 : INFO : EventManager : Event: ======'sw_start'====== Args={}
2025-03-14 22:20:11,086 : INFO : EventManager : Event: ======'machine_var_audits_switches_s_start'====== Args={'value': 90, 'prev_value': 89, 'change': 1}
2025-03-14 22:20:11,086 : INFO : SwitchController : <<<<<<< 's_start' inactive >>>>>>>
2025-03-14 22:20:11,100 : INFO : SwitchController : <<<<<<< 's_start' active >>>>>>>
2025-03-14 22:20:11,101 : INFO : EventManager : Event: ======'sw_start'====== Args={}
2025-03-14 22:20:11,101 : INFO : EventManager : Event: ======'machine_var_audits_switches_s_start'====== Args={'value': 91, 'prev_value': 90, 'change': 1}
2025-03-14 22:20:11,242 : INFO : SwitchController : <<<<<<< 's_start' inactive >>>>>>>
2025-03-14 22:20:11,524 : INFO : SwitchController : <<<<<<< 's_start' active >>>>>>>
2025-03-14 22:20:11,524 : INFO : EventManager : Event: ======'sw_start'====== Args={}
2025-03-14 22:20:11,524 : INFO : EventManager : Event: ======'machine_var_audits_switches_s_start'====== Args={'value': 92, 'prev_value': 91, 'change': 1}
2025-03-14 22:20:11,730 : INFO : SwitchController : <<<<<<< 's_start' inactive >>>>>>>
2025-03-14 22:20:12,132 : INFO : SwitchController : <<<<<<< 's_start' active >>>>>>>
2025-03-14 22:20:12,132 : INFO : EventManager : Event: ======'sw_start'====== Args={}
2025-03-14 22:20:12,133 : INFO : EventManager : Event: ======'machine_var_audits_switches_s_start'====== Args={'value': 93, 'prev_value': 92, 'change': 1}
2025-03-14 22:20:12,366 : INFO : SwitchController : <<<<<<< 's_start' inactive >>>>>>>
2025-03-14 22:20:18,152 : INFO : Machine : Shutting down...
2025-03-14 22:20:18,152 : INFO : EventManager : Event: ======'shutdown'====== Args={}
2025-03-14 22:20:18,156 : INFO : EventManager : Event: ======'mode_game_will_stop'====== Args={}
2025-03-14 22:20:18,156 : INFO : EventManager : Event: ======'mode_game_stopping'====== Args={}
2025-03-14 22:20:18,156 : INFO : EventManager : Event: ======'mode_base_will_stop'====== Args={}
2025-03-14 22:20:18,156 : INFO : EventManager : Event: ======'mode_base_stopping'====== Args={}
2025-03-14 22:20:18,157 : INFO : Mode.base : Stopped.
2025-03-14 22:20:18,157 : INFO : EventManager : Event: ======'modes_active_modes_changed'====== Args={}
2025-03-14 22:20:18,157 : INFO : EventManager : Event: ======'mode_base_stopped'====== Args={}
2025-03-14 22:20:18,157 : INFO : EventManager : Event: ======'clear'====== Args={'key': 'base'}
2025-03-14 22:20:18,158 : INFO : Mode.game : Stopped.
2025-03-14 22:20:18,158 : INFO : EventManager : Event: ======'modes_active_modes_changed'====== Args={}
2025-03-14 22:20:18,158 : INFO : EventManager : Event: ======'mode_game_stopped'====== Args={}
2025-03-14 22:20:18,158 : INFO : EventManager : Event: ======'clear'====== Args={'key': 'game'}
2025-03-14 22:20:18,242 : INFO : SwitchController : <<<<<<< 's_flipper_right_eos' inactive >>>>>>>
2025-03-14 22:20:18,260 : INFO : root : MPF run loop ended.
