2025-03-14 22:46:35,281 : INFO : root : Loading config.
2025-03-14 22:46:35,289 : INFO : YamlMultifileConfigLoader : Machine config file #1: config.yaml
2025-03-14 22:46:35,290 : WARNING : ConfigProcessor : Config file in cache changed: C:\Users\User\Desktop\fast_homebrew_godot_v2\fast_homebrew_godot_v2\config\config.yaml
2025-03-14 22:46:35,290 : INFO : ConfigProcessor : Loading config from file C:\Users\User\AppData\Local\Programs\Python\Python312\Lib\site-packages\mpf\mpfconfig.yaml.
2025-03-14 22:46:35,322 : INFO : ConfigProcessor : Loading config: C:\Users\User\AppData\Local\Programs\Python\Python312\Lib\site-packages\mpf\mpfconfig.yaml
2025-03-14 22:46:35,323 : INFO : ConfigProcessor : Loading config from file C:\Users\User\Desktop\fast_homebrew_godot_v2\fast_homebrew_godot_v2\config\config.yaml.
2025-03-14 22:46:35,327 : INFO : ConfigProcessor : Loading config: C:\Users\User\Desktop\fast_homebrew_godot_v2\fast_homebrew_godot_v2\config\config.yaml
2025-03-14 22:46:35,329 : INFO : ConfigProcessor : Loading config: C:\Users\User\Desktop\fast_homebrew_godot_v2\fast_homebrew_godot_v2\config\lights.yaml
2025-03-14 22:46:35,335 : INFO : ConfigProcessor : Loading config: C:\Users\User\Desktop\fast_homebrew_godot_v2\fast_homebrew_godot_v2\config\coils.yaml
2025-03-14 22:46:35,340 : INFO : ConfigProcessor : Loading config: C:\Users\User\Desktop\fast_homebrew_godot_v2\fast_homebrew_godot_v2\config\switches.yaml
2025-03-14 22:46:35,343 : INFO : ConfigProcessor : Loading config: C:\Users\User\Desktop\fast_homebrew_godot_v2\fast_homebrew_godot_v2\config\images.yaml
2025-03-14 22:46:35,345 : INFO : ConfigProcessor : Loading config: C:\Users\User\Desktop\fast_homebrew_godot_v2\fast_homebrew_godot_v2\config\videos.yaml
2025-03-14 22:46:35,351 : INFO : ConfigProcessor : Config file cache created: C:\Users\User\AppData\Local\Temp\5682b9bdeb2b9ad8a31c13560e038609.mpf_cache
2025-03-14 22:46:35,581 : INFO : ConfigProcessor : Loading config from cache: C:\Users\User\AppData\Local\Temp\8422c6572f827355f8aade1949d04025.mpf_cache
2025-03-14 22:46:35,583 : INFO : ConfigProcessor : Loading config from cache: C:\Users\User\AppData\Local\Temp\1c0e7e9816717d8e62c4728dfe372999.mpf_cache
2025-03-14 22:46:35,585 : WARNING : ConfigProcessor : Config file in cache changed: C:\Users\User\Desktop\fast_homebrew_godot_v2\fast_homebrew_godot_v2\modes\base\config\base.yaml
2025-03-14 22:46:35,585 : INFO : ConfigProcessor : Loading config from file C:\Users\User\Desktop\fast_homebrew_godot_v2\fast_homebrew_godot_v2\modes\base\config\base.yaml.
2025-03-14 22:46:35,586 : INFO : ConfigProcessor : Loading config: C:\Users\User\Desktop\fast_homebrew_godot_v2\fast_homebrew_godot_v2\modes\base\config\base.yaml
2025-03-14 22:46:35,587 : INFO : ConfigProcessor : Config file cache created: C:\Users\User\AppData\Local\Temp\e3e8065d662ad307fa9574659e7e4e8e.mpf_cache
2025-03-14 22:46:35,589 : INFO : ConfigProcessor : Loading config from cache: C:\Users\User\AppData\Local\Temp\8422c6572f827355f8aade1949d04025.mpf_cache
2025-03-14 22:46:35,591 : INFO : Machine : Mission Pinball Framework Core Engine v0.80.0.dev6
2025-03-14 22:46:35,591 : INFO : Machine : Command line arguments: {'no_load_cache': False, 'create_config_cache': True, 'bcp': False, 'configfile': ['config.yaml'], 'force_assets_load': False, 'platform_integration_test': False, 'jsonlogging': False, 'logfile': 'logs\\2025-03-14-22-46-35-mpf-BERNIE.log', 'pause': False, 'production': False, 'text_ui': False, 'loglevel': 15, 'consoleloglevel': 20, 'force_platform': None, 'syslog_address': None, 'full_logfile_path': 'C:\\Users\\User\\Desktop\\fast_homebrew_godot_v2\\fast_homebrew_godot_v2\\logs\\2025-03-14-22-46-35-mpf-BERNIE.log'}
2025-03-14 22:46:35,591 : INFO : Machine : MPF path: C:\Users\User\AppData\Local\Programs\Python\Python312\Lib\site-packages\mpf
2025-03-14 22:46:35,591 : INFO : Machine : Machine path: C:\Users\User\Desktop\fast_homebrew_godot_v2\fast_homebrew_godot_v2
2025-03-14 22:46:35,591 : INFO : Machine : Platform: win32
2025-03-14 22:46:35,591 : INFO : Machine : Python executable location: C:\Users\User\AppData\Local\Programs\Python\Python312\python.exe
2025-03-14 22:46:35,591 : INFO : Machine : Python version: 3.12.3 (64-bit)
2025-03-14 22:46:35,600 : INFO : Machine : Initializing MPF...
2025-03-14 22:46:35,849 : INFO : FAST : Auto-detecting ports for the following connections: ['net']
2025-03-14 22:46:35,901 : INFO : FAST : Detected NET on port COM5
2025-03-14 22:46:36,014 : INFO : FAST [NET] : Trying to connect to COM5 at 921600bps
2025-03-14 22:46:36,021 : INFO : FAST [NET] : Connected to COM5 at 921600bps
2025-03-14 22:46:36,027 : INFO : FAST [NET] : Connected to FP-CPU-2000 with firmware v02.26
2025-03-14 22:46:36,059 : INFO : FAST [NET] : Registered I/O Board 0: Model: FP-I/O-3208, Firmware: 01.10, Switches: 32, Drivers: 8
2025-03-14 22:46:36,060 : INFO : EventManager : Event: ======'machine_var_credits_string'====== Args={'value': 'FREE PLAY', 'prev_value': None, 'change': True}
2025-03-14 22:46:36,118 : INFO : EventManager : Event: ======'machine_var_master_volume'====== Args={'value': 0.5, 'prev_value': None, 'change': True}
2025-03-14 22:46:36,118 : INFO : EventManager : Event: ======'machine_var_mpf_version'====== Args={'value': 'Mission Pinball Framework v0.80.0.dev6', 'prev_value': None, 'change': True}
2025-03-14 22:46:36,118 : INFO : EventManager : Event: ======'machine_var_mpf_extended_version'====== Args={'value': 'Mission Pinball Framework v0.80.0.dev6, Config version:6, Show version: 6, BCP version:1.1', 'prev_value': None, 'change': True}
2025-03-14 22:46:36,119 : INFO : EventManager : Event: ======'machine_var_python_version'====== Args={'value': '3.12.3', 'prev_value': None, 'change': True}
2025-03-14 22:46:36,365 : INFO : EventManager : Event: ======'machine_var_platform'====== Args={'value': 'Windows-11-10.0.22631-SP0', 'prev_value': None, 'change': True}
2025-03-14 22:46:36,365 : INFO : EventManager : Event: ======'machine_var_platform_system'====== Args={'value': 'Windows', 'prev_value': None, 'change': True}
2025-03-14 22:46:36,365 : INFO : EventManager : Event: ======'machine_var_platform_release'====== Args={'value': '11', 'prev_value': None, 'change': True}
2025-03-14 22:46:36,365 : INFO : EventManager : Event: ======'machine_var_platform_version'====== Args={'value': '10.0.22631', 'prev_value': None, 'change': True}
2025-03-14 22:46:36,365 : INFO : EventManager : Event: ======'machine_var_platform_machine'====== Args={'value': 'AMD64', 'prev_value': None, 'change': True}
2025-03-14 22:46:36,365 : INFO : EventManager : Event: ======'machine_var_log_file_path'====== Args={'value': 'C:\\Users\\User\\Desktop\\fast_homebrew_godot_v2\\fast_homebrew_godot_v2\\logs\\2025-03-14-22-46-35-mpf-BERNIE.log', 'prev_value': None, 'change': True}
2025-03-14 22:46:36,365 : INFO : EventManager : Event: ======'init_phase_1'====== Args={}
2025-03-14 22:46:38,751 : INFO : SwitchController : <<<<<<< 's_trough_ball_jam' active >>>>>>>
2025-03-14 22:46:38,751 : INFO : SwitchController : <<<<<<< 's_trough_ball_1' active >>>>>>>
2025-03-14 22:46:38,751 : INFO : SwitchController : <<<<<<< 's_flipper_right' active >>>>>>>
2025-03-14 22:46:38,753 : INFO : SwitchController : <<<<<<< 's_eject_confirm' active >>>>>>>
2025-03-14 22:46:38,756 : INFO : EventManager : Event: ======'init_phase_2'====== Args={}
2025-03-14 22:46:38,758 : INFO : SwitchController : Found active switch: (6, [FAST Platform Interface]) <switch.s_trough_ball_jam>
2025-03-14 22:46:38,760 : INFO : SwitchController : Found active switch: (0, [FAST Platform Interface]) <switch.s_trough_ball_1>
2025-03-14 22:46:38,760 : INFO : SwitchController : Found active switch: (31, [FAST Platform Interface]) <switch.s_flipper_right>
2025-03-14 22:46:38,760 : INFO : SwitchController : Found active switch: (21, [FAST Platform Interface]) <switch.s_eject_confirm>
2025-03-14 22:46:38,776 : INFO : ball_device.bd_plunger : BCH: Initial count: 0
2025-03-14 22:46:38,778 : INFO : ball_device.bd_plunger : State: idle
2025-03-14 22:46:38,828 : INFO : EventManager : Event: ======'init_phase_3'====== Args={}
2025-03-14 22:46:38,833 : INFO : EventManager : Event: ======'init_phase_4'====== Args={}
2025-03-14 22:46:38,834 : INFO : BallController : Initial balls found: 0
2025-03-14 22:46:38,836 : INFO : EventManager : Event: ======'machine_var_audits_events_game_ended'====== Args={'value': 0, 'prev_value': None, 'change': True}
2025-03-14 22:46:38,836 : INFO : EventManager : Event: ======'machine_var_audits_events_game_started'====== Args={'value': 399, 'prev_value': None, 'change': True}
2025-03-14 22:46:38,836 : INFO : EventManager : Event: ======'machine_var_audits_missing_switches_s_eject_confirm'====== Args={'value': 2, 'prev_value': None, 'change': True}
2025-03-14 22:46:38,836 : INFO : EventManager : Event: ======'machine_var_audits_missing_switches_s_flipper_left'====== Args={'value': 3, 'prev_value': None, 'change': True}
2025-03-14 22:46:38,836 : INFO : EventManager : Event: ======'machine_var_audits_missing_switches_s_flipper_left_lower_eos'====== Args={'value': 3, 'prev_value': None, 'change': True}
2025-03-14 22:46:38,837 : INFO : EventManager : Event: ======'machine_var_audits_missing_switches_s_flipper_left_upper_eos'====== Args={'value': 3, 'prev_value': None, 'change': True}
2025-03-14 22:46:38,837 : INFO : EventManager : Event: ======'machine_var_audits_missing_switches_s_flipper_right'====== Args={'value': 10, 'prev_value': None, 'change': True}
2025-03-14 22:46:38,837 : INFO : EventManager : Event: ======'machine_var_audits_missing_switches_s_flipper_right_eos'====== Args={'value': 7, 'prev_value': None, 'change': True}
2025-03-14 22:46:38,837 : INFO : EventManager : Event: ======'machine_var_audits_missing_switches_s_launch'====== Args={'value': 6, 'prev_value': None, 'change': True}
2025-03-14 22:46:38,837 : INFO : EventManager : Event: ======'machine_var_audits_missing_switches_s_left_flipper'====== Args={'value': 363, 'prev_value': None, 'change': True}
2025-03-14 22:46:38,837 : INFO : EventManager : Event: ======'machine_var_audits_missing_switches_s_left_flipper_eos'====== Args={'value': 363, 'prev_value': None, 'change': True}
2025-03-14 22:46:38,837 : INFO : EventManager : Event: ======'machine_var_audits_missing_switches_s_left_inlane'====== Args={'value': 6, 'prev_value': None, 'change': True}
2025-03-14 22:46:38,837 : INFO : EventManager : Event: ======'machine_var_audits_missing_switches_s_left_inner_lane'====== Args={'value': 357, 'prev_value': None, 'change': True}
2025-03-14 22:46:38,837 : INFO : EventManager : Event: ======'machine_var_audits_missing_switches_s_left_outer_lane'====== Args={'value': 153, 'prev_value': None, 'change': True}
2025-03-14 22:46:38,837 : INFO : EventManager : Event: ======'machine_var_audits_missing_switches_s_left_outlane'====== Args={'value': 6, 'prev_value': None, 'change': True}
2025-03-14 22:46:38,838 : INFO : EventManager : Event: ======'machine_var_audits_missing_switches_s_left_sling'====== Args={'value': 363, 'prev_value': None, 'change': True}
2025-03-14 22:46:38,838 : INFO : EventManager : Event: ======'machine_var_audits_missing_switches_s_mead'====== Args={'value': 267, 'prev_value': None, 'change': True}
2025-03-14 22:46:38,838 : INFO : EventManager : Event: ======'machine_var_audits_missing_switches_s_percy'====== Args={'value': 85, 'prev_value': None, 'change': True}
2025-03-14 22:46:38,838 : INFO : EventManager : Event: ======'machine_var_audits_missing_switches_s_plunger'====== Args={'value': 7, 'prev_value': None, 'change': True}
2025-03-14 22:46:38,838 : INFO : EventManager : Event: ======'machine_var_audits_missing_switches_s_pop_bumper_1'====== Args={'value': 357, 'prev_value': None, 'change': True}
2025-03-14 22:46:38,838 : INFO : EventManager : Event: ======'machine_var_audits_missing_switches_s_pop_bumper_2'====== Args={'value': 357, 'prev_value': None, 'change': True}
2025-03-14 22:46:38,838 : INFO : EventManager : Event: ======'machine_var_audits_missing_switches_s_pop_bumper_3'====== Args={'value': 357, 'prev_value': None, 'change': True}
2025-03-14 22:46:38,838 : INFO : EventManager : Event: ======'machine_var_audits_missing_switches_s_right_flipper'====== Args={'value': 363, 'prev_value': None, 'change': True}
2025-03-14 22:46:38,838 : INFO : EventManager : Event: ======'machine_var_audits_missing_switches_s_right_flipper_eos'====== Args={'value': 363, 'prev_value': None, 'change': True}
2025-03-14 22:46:38,839 : INFO : EventManager : Event: ======'machine_var_audits_missing_switches_s_right_inlane'====== Args={'value': 6, 'prev_value': None, 'change': True}
2025-03-14 22:46:38,839 : INFO : EventManager : Event: ======'machine_var_audits_missing_switches_s_right_inner_lane'====== Args={'value': 357, 'prev_value': None, 'change': True}
2025-03-14 22:46:38,839 : INFO : EventManager : Event: ======'machine_var_audits_missing_switches_s_right_outer_lane'====== Args={'value': 357, 'prev_value': None, 'change': True}
2025-03-14 22:46:38,839 : INFO : EventManager : Event: ======'machine_var_audits_missing_switches_s_right_outlane'====== Args={'value': 6, 'prev_value': None, 'change': True}
2025-03-14 22:46:38,839 : INFO : EventManager : Event: ======'machine_var_audits_missing_switches_s_right_sling'====== Args={'value': 363, 'prev_value': None, 'change': True}
2025-03-14 22:46:38,839 : INFO : EventManager : Event: ======'machine_var_audits_missing_switches_s_scanlan'====== Args={'value': 204, 'prev_value': None, 'change': True}
2025-03-14 22:46:38,839 : INFO : EventManager : Event: ======'machine_var_audits_missing_switches_s_trough_ball_1'====== Args={'value': 373, 'prev_value': None, 'change': True}
2025-03-14 22:46:38,839 : INFO : EventManager : Event: ======'machine_var_audits_missing_switches_s_trough_ball_2'====== Args={'value': 7, 'prev_value': None, 'change': True}
2025-03-14 22:46:38,839 : INFO : EventManager : Event: ======'machine_var_audits_missing_switches_s_trough_ball_3'====== Args={'value': 7, 'prev_value': None, 'change': True}
2025-03-14 22:46:38,839 : INFO : EventManager : Event: ======'machine_var_audits_missing_switches_s_trough_ball_4'====== Args={'value': 7, 'prev_value': None, 'change': True}
2025-03-14 22:46:38,840 : INFO : EventManager : Event: ======'machine_var_audits_missing_switches_s_trough_ball_5'====== Args={'value': 7, 'prev_value': None, 'change': True}
2025-03-14 22:46:38,840 : INFO : EventManager : Event: ======'machine_var_audits_missing_switches_s_trough_ball_6'====== Args={'value': 7, 'prev_value': None, 'change': True}
2025-03-14 22:46:38,840 : INFO : EventManager : Event: ======'machine_var_audits_missing_switches_s_trough_ball_jam'====== Args={'value': 373, 'prev_value': None, 'change': True}
2025-03-14 22:46:38,840 : INFO : EventManager : Event: ======'machine_var_audits_player_score'====== Args={'value': {'average': 0, 'top': [], 'total': 0}, 'prev_value': None, 'change': True}
2025-03-14 22:46:38,840 : INFO : EventManager : Event: ======'machine_var_audits_shots_mead_shot'====== Args={'value': 223, 'prev_value': None, 'change': True}
2025-03-14 22:46:38,840 : INFO : EventManager : Event: ======'machine_var_audits_shots_percy_shot'====== Args={'value': 56, 'prev_value': None, 'change': True}
2025-03-14 22:46:38,840 : INFO : EventManager : Event: ======'machine_var_audits_shots_scanlan_shot'====== Args={'value': 121, 'prev_value': None, 'change': True}
2025-03-14 22:46:38,840 : INFO : EventManager : Event: ======'machine_var_audits_shots_video_shot_1'====== Args={'value': 24, 'prev_value': None, 'change': True}
2025-03-14 22:46:38,840 : INFO : EventManager : Event: ======'machine_var_audits_shots_video_shot_2'====== Args={'value': 20, 'prev_value': None, 'change': True}
2025-03-14 22:46:38,840 : INFO : EventManager : Event: ======'machine_var_audits_switches_s_auto_launcher'====== Args={'value': 0, 'prev_value': None, 'change': True}
2025-03-14 22:46:38,840 : INFO : EventManager : Event: ======'machine_var_audits_switches_s_ball_drain'====== Args={'value': 0, 'prev_value': None, 'change': True}
2025-03-14 22:46:38,841 : INFO : EventManager : Event: ======'machine_var_audits_switches_s_eject_confirm'====== Args={'value': 0, 'prev_value': None, 'change': True}
2025-03-14 22:46:38,841 : INFO : EventManager : Event: ======'machine_var_audits_switches_s_flipper_left'====== Args={'value': 15, 'prev_value': None, 'change': True}
2025-03-14 22:46:38,841 : INFO : EventManager : Event: ======'machine_var_audits_switches_s_flipper_left_lower_eos'====== Args={'value': 6, 'prev_value': None, 'change': True}
2025-03-14 22:46:38,841 : INFO : EventManager : Event: ======'machine_var_audits_switches_s_flipper_left_upper_eos'====== Args={'value': 5, 'prev_value': None, 'change': True}
2025-03-14 22:46:38,841 : INFO : EventManager : Event: ======'machine_var_audits_switches_s_flipper_right'====== Args={'value': 0, 'prev_value': None, 'change': True}
2025-03-14 22:46:38,841 : INFO : EventManager : Event: ======'machine_var_audits_switches_s_flipper_right_eos'====== Args={'value': 3, 'prev_value': None, 'change': True}
2025-03-14 22:46:38,841 : INFO : EventManager : Event: ======'machine_var_audits_switches_s_launch'====== Args={'value': 0, 'prev_value': None, 'change': True}
2025-03-14 22:46:38,841 : INFO : EventManager : Event: ======'machine_var_audits_switches_s_left_flipper'====== Args={'value': 36, 'prev_value': None, 'change': True}
2025-03-14 22:46:38,842 : INFO : EventManager : Event: ======'machine_var_audits_switches_s_left_flipper_eos'====== Args={'value': 0, 'prev_value': None, 'change': True}
2025-03-14 22:46:38,842 : INFO : EventManager : Event: ======'machine_var_audits_switches_s_left_inlane'====== Args={'value': 0, 'prev_value': None, 'change': True}
2025-03-14 22:46:38,842 : INFO : EventManager : Event: ======'machine_var_audits_switches_s_left_inner_lane'====== Args={'value': 0, 'prev_value': None, 'change': True}
2025-03-14 22:46:38,842 : INFO : EventManager : Event: ======'machine_var_audits_switches_s_left_outer_lane'====== Args={'value': 0, 'prev_value': None, 'change': True}
2025-03-14 22:46:38,842 : INFO : EventManager : Event: ======'machine_var_audits_switches_s_left_outlane'====== Args={'value': 0, 'prev_value': None, 'change': True}
2025-03-14 22:46:38,842 : INFO : EventManager : Event: ======'machine_var_audits_switches_s_left_sling'====== Args={'value': 7, 'prev_value': None, 'change': True}
2025-03-14 22:46:38,842 : INFO : EventManager : Event: ======'machine_var_audits_switches_s_mead'====== Args={'value': 0, 'prev_value': None, 'change': True}
2025-03-14 22:46:38,842 : INFO : EventManager : Event: ======'machine_var_audits_switches_s_percy'====== Args={'value': 0, 'prev_value': None, 'change': True}
2025-03-14 22:46:38,842 : INFO : EventManager : Event: ======'machine_var_audits_switches_s_plunger'====== Args={'value': 12, 'prev_value': None, 'change': True}
2025-03-14 22:46:38,842 : INFO : EventManager : Event: ======'machine_var_audits_switches_s_pop_bumper_1'====== Args={'value': 0, 'prev_value': None, 'change': True}
2025-03-14 22:46:38,843 : INFO : EventManager : Event: ======'machine_var_audits_switches_s_pop_bumper_2'====== Args={'value': 0, 'prev_value': None, 'change': True}
2025-03-14 22:46:38,843 : INFO : EventManager : Event: ======'machine_var_audits_switches_s_pop_bumper_3'====== Args={'value': 0, 'prev_value': None, 'change': True}
2025-03-14 22:46:38,844 : INFO : EventManager : Event: ======'machine_var_audits_switches_s_right_flipper'====== Args={'value': 131, 'prev_value': None, 'change': True}
2025-03-14 22:46:38,844 : INFO : EventManager : Event: ======'machine_var_audits_switches_s_right_flipper_eos'====== Args={'value': 0, 'prev_value': None, 'change': True}
2025-03-14 22:46:38,844 : INFO : EventManager : Event: ======'machine_var_audits_switches_s_right_inlane'====== Args={'value': 0, 'prev_value': None, 'change': True}
2025-03-14 22:46:38,844 : INFO : EventManager : Event: ======'machine_var_audits_switches_s_right_inner_lane'====== Args={'value': 0, 'prev_value': None, 'change': True}
2025-03-14 22:46:38,844 : INFO : EventManager : Event: ======'machine_var_audits_switches_s_right_outer_lane'====== Args={'value': 0, 'prev_value': None, 'change': True}
2025-03-14 22:46:38,844 : INFO : EventManager : Event: ======'machine_var_audits_switches_s_right_outlane'====== Args={'value': 0, 'prev_value': None, 'change': True}
2025-03-14 22:46:38,844 : INFO : EventManager : Event: ======'machine_var_audits_switches_s_right_sling'====== Args={'value': 3, 'prev_value': None, 'change': True}
2025-03-14 22:46:38,844 : INFO : EventManager : Event: ======'machine_var_audits_switches_s_scanlan'====== Args={'value': 0, 'prev_value': None, 'change': True}
2025-03-14 22:46:38,844 : INFO : EventManager : Event: ======'machine_var_audits_switches_s_start'====== Args={'value': 102, 'prev_value': None, 'change': True}
2025-03-14 22:46:38,844 : INFO : EventManager : Event: ======'machine_var_audits_switches_s_switch_2'====== Args={'value': 0, 'prev_value': None, 'change': True}
2025-03-14 22:46:38,845 : INFO : EventManager : Event: ======'machine_var_audits_switches_s_trough_ball_1'====== Args={'value': 4, 'prev_value': None, 'change': True}
2025-03-14 22:46:38,845 : INFO : EventManager : Event: ======'machine_var_audits_switches_s_trough_ball_2'====== Args={'value': 7, 'prev_value': None, 'change': True}
2025-03-14 22:46:38,845 : INFO : EventManager : Event: ======'machine_var_audits_switches_s_trough_ball_3'====== Args={'value': 4, 'prev_value': None, 'change': True}
2025-03-14 22:46:38,848 : INFO : EventManager : Event: ======'machine_var_audits_switches_s_trough_ball_4'====== Args={'value': 3, 'prev_value': None, 'change': True}
2025-03-14 22:46:38,848 : INFO : EventManager : Event: ======'machine_var_audits_switches_s_trough_ball_5'====== Args={'value': 3, 'prev_value': None, 'change': True}
2025-03-14 22:46:38,848 : INFO : EventManager : Event: ======'machine_var_audits_switches_s_trough_ball_6'====== Args={'value': 4, 'prev_value': None, 'change': True}
2025-03-14 22:46:38,848 : INFO : EventManager : Event: ======'machine_var_audits_switches_s_trough_ball_jam'====== Args={'value': 3, 'prev_value': None, 'change': True}
2025-03-14 22:46:38,848 : INFO : EventManager : Event: ======'machine_var_audits_switches_s_trough_eject_coil'====== Args={'value': 0, 'prev_value': None, 'change': True}
2025-03-14 22:46:38,849 : INFO : EventManager : Event: ======'init_phase_5'====== Args={}
2025-03-14 22:46:38,850 : INFO : EventManager : Event: ======'init_done'====== Args={}
2025-03-14 22:46:38,850 : INFO : EventManager : Event: ======'machine_reset_phase_1'====== Args={}
2025-03-14 22:46:38,851 : INFO : EventManager : Event: ======'machine_reset_phase_2'====== Args={}
2025-03-14 22:46:38,853 : INFO : EventManager : Event: ======'machine_reset_phase_3'====== Args={}
2025-03-14 22:46:38,855 : INFO : EventManager : Event: ======'reset_complete'====== Args={}
2025-03-14 22:46:38,856 : INFO : EventManager : Event: ======'mode_attract_will_start'====== Args={}
2025-03-14 22:46:38,856 : INFO : EventManager : Event: ======'mode_attract_starting'====== Args={}
2025-03-14 22:46:38,856 : INFO : Mode.attract : Started. Priority: 10
2025-03-14 22:46:38,856 : INFO : EventManager : Event: ======'modes_active_modes_changed'====== Args={}
2025-03-14 22:46:38,856 : INFO : EventManager : Event: ======'mode_attract_started'====== Args={}
2025-03-14 22:46:38,857 : INFO : EventManager : Event: ======'collecting_balls_complete'====== Args={}
2025-03-14 22:46:38,858 : INFO : Machine : Starting the main run loop with active modes: [<Mode.attract>]
2025-03-14 22:46:38,890 : INFO : SwitchController : <<<<<<< 's_flipper_right_eos' active >>>>>>>
2025-03-14 22:46:42,354 : INFO : SwitchController : <<<<<<< 's_start' active >>>>>>>
2025-03-14 22:46:42,510 : INFO : SwitchController : <<<<<<< 's_start' inactive >>>>>>>
2025-03-14 22:46:42,511 : INFO : EventManager : Event: ======'request_to_start_game'====== Args={}
2025-03-14 22:46:42,511 : INFO : BallController : Known balls: 0
2025-03-14 22:46:42,514 : INFO : BallController : bd_plunger contains 0 balls. Tags []
2025-03-14 22:46:42,515 : INFO : BallController : playfield contains 0 balls. Tags ['default']
2025-03-14 22:46:42,515 : WARNING : BallController : BallController denies game start. Not enough balls. 0 found. 1 required
2025-03-14 22:46:42,515 : INFO : BallController : Triggering ball search.
2025-03-14 22:46:42,857 : INFO : SwitchController : <<<<<<< 's_start' active >>>>>>>
2025-03-14 22:46:43,058 : INFO : SwitchController : <<<<<<< 's_start' inactive >>>>>>>
2025-03-14 22:46:43,058 : INFO : EventManager : Event: ======'request_to_start_game'====== Args={}
2025-03-14 22:46:43,059 : INFO : BallController : Known balls: 0
2025-03-14 22:46:43,059 : INFO : BallController : bd_plunger contains 0 balls. Tags []
2025-03-14 22:46:43,060 : INFO : BallController : playfield contains 0 balls. Tags ['default']
2025-03-14 22:46:43,060 : WARNING : BallController : BallController denies game start. Not enough balls. 0 found. 1 required
2025-03-14 22:46:43,060 : INFO : BallController : Triggering ball search.
2025-03-14 22:46:43,449 : INFO : SwitchController : <<<<<<< 's_start' active >>>>>>>
2025-03-14 22:46:43,663 : INFO : SwitchController : <<<<<<< 's_start' inactive >>>>>>>
2025-03-14 22:46:43,664 : INFO : EventManager : Event: ======'request_to_start_game'====== Args={}
2025-03-14 22:46:43,664 : INFO : BallController : Known balls: 0
2025-03-14 22:46:43,665 : INFO : BallController : bd_plunger contains 0 balls. Tags []
2025-03-14 22:46:43,665 : INFO : BallController : playfield contains 0 balls. Tags ['default']
2025-03-14 22:46:43,665 : WARNING : BallController : BallController denies game start. Not enough balls. 0 found. 1 required
2025-03-14 22:46:43,665 : INFO : BallController : Triggering ball search.
2025-03-14 22:46:43,853 : INFO : SwitchController : <<<<<<< 's_start' active >>>>>>>
2025-03-14 22:46:44,176 : INFO : SwitchController : <<<<<<< 's_start' inactive >>>>>>>
2025-03-14 22:46:44,176 : INFO : EventManager : Event: ======'request_to_start_game'====== Args={}
2025-03-14 22:46:44,178 : INFO : BallController : Known balls: 0
2025-03-14 22:46:44,178 : INFO : BallController : bd_plunger contains 0 balls. Tags []
2025-03-14 22:46:44,178 : INFO : BallController : playfield contains 0 balls. Tags ['default']
2025-03-14 22:46:44,181 : WARNING : BallController : BallController denies game start. Not enough balls. 0 found. 1 required
2025-03-14 22:46:44,181 : INFO : BallController : Triggering ball search.
2025-03-14 22:46:44,286 : INFO : SwitchController : <<<<<<< 's_start' active >>>>>>>
2025-03-14 22:46:44,523 : INFO : SwitchController : <<<<<<< 's_start' inactive >>>>>>>
2025-03-14 22:46:44,524 : INFO : EventManager : Event: ======'request_to_start_game'====== Args={}
2025-03-14 22:46:44,525 : INFO : BallController : Known balls: 0
2025-03-14 22:46:44,526 : INFO : BallController : bd_plunger contains 0 balls. Tags []
2025-03-14 22:46:44,526 : INFO : BallController : playfield contains 0 balls. Tags ['default']
2025-03-14 22:46:44,526 : WARNING : BallController : BallController denies game start. Not enough balls. 0 found. 1 required
2025-03-14 22:46:44,526 : INFO : BallController : Triggering ball search.
2025-03-14 22:46:44,773 : INFO : SwitchController : <<<<<<< 's_start' active >>>>>>>
2025-03-14 22:46:44,836 : INFO : SwitchController : <<<<<<< 's_start' inactive >>>>>>>
2025-03-14 22:46:44,836 : INFO : EventManager : Event: ======'request_to_start_game'====== Args={}
2025-03-14 22:46:44,838 : INFO : BallController : Known balls: 0
2025-03-14 22:46:44,838 : INFO : BallController : bd_plunger contains 0 balls. Tags []
2025-03-14 22:46:44,839 : INFO : BallController : playfield contains 0 balls. Tags ['default']
2025-03-14 22:46:44,839 : WARNING : BallController : BallController denies game start. Not enough balls. 0 found. 1 required
2025-03-14 22:46:44,839 : INFO : BallController : Triggering ball search.
2025-03-14 22:46:45,710 : INFO : SwitchController : <<<<<<< 's_start' active >>>>>>>
2025-03-14 22:46:45,944 : INFO : SwitchController : <<<<<<< 's_start' inactive >>>>>>>
2025-03-14 22:46:45,944 : INFO : EventManager : Event: ======'request_to_start_game'====== Args={}
2025-03-14 22:46:45,946 : INFO : BallController : Known balls: 0
2025-03-14 22:46:45,946 : INFO : BallController : bd_plunger contains 0 balls. Tags []
2025-03-14 22:46:45,946 : INFO : BallController : playfield contains 0 balls. Tags ['default']
2025-03-14 22:46:45,947 : WARNING : BallController : BallController denies game start. Not enough balls. 0 found. 1 required
2025-03-14 22:46:45,953 : INFO : BallController : Triggering ball search.
2025-03-14 22:46:46,036 : INFO : SwitchController : <<<<<<< 's_start' active >>>>>>>
2025-03-14 22:46:46,271 : INFO : SwitchController : <<<<<<< 's_start' inactive >>>>>>>
2025-03-14 22:46:46,271 : INFO : EventManager : Event: ======'request_to_start_game'====== Args={}
2025-03-14 22:46:46,271 : INFO : SwitchController : <<<<<<< 's_start' active >>>>>>>
2025-03-14 22:46:46,273 : INFO : BallController : Known balls: 0
2025-03-14 22:46:46,274 : INFO : BallController : bd_plunger contains 0 balls. Tags []
2025-03-14 22:46:46,274 : INFO : BallController : playfield contains 0 balls. Tags ['default']
2025-03-14 22:46:46,274 : WARNING : BallController : BallController denies game start. Not enough balls. 0 found. 1 required
2025-03-14 22:46:46,275 : INFO : BallController : Triggering ball search.
2025-03-14 22:46:46,473 : INFO : SwitchController : <<<<<<< 's_start' inactive >>>>>>>
2025-03-14 22:46:46,474 : INFO : EventManager : Event: ======'request_to_start_game'====== Args={}
2025-03-14 22:46:46,481 : INFO : BallController : Known balls: 0
2025-03-14 22:46:46,483 : INFO : BallController : bd_plunger contains 0 balls. Tags []
2025-03-14 22:46:46,484 : INFO : BallController : playfield contains 0 balls. Tags ['default']
2025-03-14 22:46:46,484 : WARNING : BallController : BallController denies game start. Not enough balls. 0 found. 1 required
2025-03-14 22:46:46,484 : INFO : BallController : Triggering ball search.
2025-03-14 22:46:53,064 : INFO : SwitchController : <<<<<<< 's_start' active >>>>>>>
2025-03-14 22:46:53,469 : INFO : SwitchController : <<<<<<< 's_start' inactive >>>>>>>
2025-03-14 22:46:53,469 : INFO : EventManager : Event: ======'request_to_start_game'====== Args={}
2025-03-14 22:46:53,470 : INFO : BallController : Known balls: 0
2025-03-14 22:46:53,470 : INFO : BallController : bd_plunger contains 0 balls. Tags []
2025-03-14 22:46:53,470 : INFO : BallController : playfield contains 0 balls. Tags ['default']
2025-03-14 22:46:53,470 : WARNING : BallController : BallController denies game start. Not enough balls. 0 found. 1 required
2025-03-14 22:46:53,471 : INFO : BallController : Triggering ball search.
2025-03-14 22:46:54,532 : INFO : SwitchController : <<<<<<< 's_flipper_left' active >>>>>>>
2025-03-14 22:46:54,561 : INFO : SwitchController : <<<<<<< 's_flipper_left_lower_eos' active >>>>>>>
2025-03-14 22:46:54,562 : INFO : SwitchController : <<<<<<< 's_flipper_left_upper_eos' active >>>>>>>
2025-03-14 22:46:54,733 : INFO : SwitchController : <<<<<<< 's_flipper_left' inactive >>>>>>>
2025-03-14 22:46:54,813 : INFO : SwitchController : <<<<<<< 's_flipper_left_lower_eos' inactive >>>>>>>
2025-03-14 22:46:54,826 : INFO : SwitchController : <<<<<<< 's_flipper_left_upper_eos' inactive >>>>>>>
2025-03-14 22:47:01,786 : INFO : Machine : Shutting down...
2025-03-14 22:47:01,786 : INFO : EventManager : Event: ======'shutdown'====== Args={}
2025-03-14 22:47:01,875 : INFO : SwitchController : <<<<<<< 's_flipper_right_eos' inactive >>>>>>>
2025-03-14 22:47:01,878 : INFO : root : MPF run loop ended.
