2025-03-14 23:15:42,160 : INFO : root : Loading config.
2025-03-14 23:15:42,168 : INFO : YamlMultifileConfigLoader : Machine config file #1: config.yaml
2025-03-14 23:15:42,168 : INFO : ConfigProcessor : Loading config from cache: C:\Users\User\AppData\Local\Temp\5682b9bdeb2b9ad8a31c13560e038609.mpf_cache
2025-03-14 23:15:42,388 : INFO : ConfigProcessor : Loading config from cache: C:\Users\User\AppData\Local\Temp\8422c6572f827355f8aade1949d04025.mpf_cache
2025-03-14 23:15:42,391 : INFO : ConfigProcessor : Loading config from cache: C:\Users\User\AppData\Local\Temp\1c0e7e9816717d8e62c4728dfe372999.mpf_cache
2025-03-14 23:15:42,393 : INFO : ConfigProcessor : Loading config from cache: C:\Users\User\AppData\Local\Temp\e3e8065d662ad307fa9574659e7e4e8e.mpf_cache
2025-03-14 23:15:42,394 : INFO : ConfigProcessor : Loading config from cache: C:\Users\User\AppData\Local\Temp\8422c6572f827355f8aade1949d04025.mpf_cache
2025-03-14 23:15:42,396 : INFO : Machine : Mission Pinball Framework Core Engine v0.80.0.dev6
2025-03-14 23:15:42,396 : INFO : Machine : Command line arguments: {'no_load_cache': False, 'create_config_cache': True, 'bcp': False, 'configfile': ['config.yaml'], 'force_assets_load': False, 'platform_integration_test': False, 'jsonlogging': False, 'logfile': 'logs\\2025-03-14-23-15-42-mpf-BERNIE.log', 'pause': False, 'production': False, 'text_ui': False, 'loglevel': 15, 'consoleloglevel': 20, 'force_platform': None, 'syslog_address': None, 'full_logfile_path': 'C:\\Users\\User\\Desktop\\fast_homebrew_godot_v2\\fast_homebrew_godot_v2\\logs\\2025-03-14-23-15-42-mpf-BERNIE.log'}
2025-03-14 23:15:42,396 : INFO : Machine : MPF path: C:\Users\User\AppData\Local\Programs\Python\Python312\Lib\site-packages\mpf
2025-03-14 23:15:42,396 : INFO : Machine : Machine path: C:\Users\User\Desktop\fast_homebrew_godot_v2\fast_homebrew_godot_v2
2025-03-14 23:15:42,396 : INFO : Machine : Platform: win32
2025-03-14 23:15:42,396 : INFO : Machine : Python executable location: C:\Users\User\AppData\Local\Programs\Python\Python312\python.exe
2025-03-14 23:15:42,396 : INFO : Machine : Python version: 3.12.3 (64-bit)
2025-03-14 23:15:42,405 : INFO : Machine : Initializing MPF...
2025-03-14 23:15:42,631 : INFO : FAST : Auto-detecting ports for the following connections: ['net']
2025-03-14 23:15:42,672 : INFO : FAST : Detected NET on port COM5
2025-03-14 23:15:42,785 : INFO : FAST [NET] : Trying to connect to COM5 at 921600bps
2025-03-14 23:15:42,793 : INFO : FAST [NET] : Connected to COM5 at 921600bps
2025-03-14 23:15:42,797 : INFO : FAST [NET] : Connected to FP-CPU-2000 with firmware v02.26
2025-03-14 23:15:42,827 : INFO : FAST [NET] : Registered I/O Board 0: Model: FP-I/O-3208, Firmware: 01.10, Switches: 32, Drivers: 8
2025-03-14 23:15:42,829 : INFO : EventManager : Event: ======'machine_var_credits_string'====== Args={'value': 'FREE PLAY', 'prev_value': None, 'change': True}
2025-03-14 23:15:42,887 : INFO : EventManager : Event: ======'machine_var_master_volume'====== Args={'value': 0.5, 'prev_value': None, 'change': True}
2025-03-14 23:15:42,887 : INFO : EventManager : Event: ======'machine_var_mpf_version'====== Args={'value': 'Mission Pinball Framework v0.80.0.dev6', 'prev_value': None, 'change': True}
2025-03-14 23:15:42,887 : INFO : EventManager : Event: ======'machine_var_mpf_extended_version'====== Args={'value': 'Mission Pinball Framework v0.80.0.dev6, Config version:6, Show version: 6, BCP version:1.1', 'prev_value': None, 'change': True}
2025-03-14 23:15:42,887 : INFO : EventManager : Event: ======'machine_var_python_version'====== Args={'value': '3.12.3', 'prev_value': None, 'change': True}
2025-03-14 23:15:43,046 : INFO : EventManager : Event: ======'machine_var_platform'====== Args={'value': 'Windows-11-10.0.22631-SP0', 'prev_value': None, 'change': True}
2025-03-14 23:15:43,046 : INFO : EventManager : Event: ======'machine_var_platform_system'====== Args={'value': 'Windows', 'prev_value': None, 'change': True}
2025-03-14 23:15:43,046 : INFO : EventManager : Event: ======'machine_var_platform_release'====== Args={'value': '11', 'prev_value': None, 'change': True}
2025-03-14 23:15:43,046 : INFO : EventManager : Event: ======'machine_var_platform_version'====== Args={'value': '10.0.22631', 'prev_value': None, 'change': True}
2025-03-14 23:15:43,046 : INFO : EventManager : Event: ======'machine_var_platform_machine'====== Args={'value': 'AMD64', 'prev_value': None, 'change': True}
2025-03-14 23:15:43,047 : INFO : EventManager : Event: ======'machine_var_log_file_path'====== Args={'value': 'C:\\Users\\User\\Desktop\\fast_homebrew_godot_v2\\fast_homebrew_godot_v2\\logs\\2025-03-14-23-15-42-mpf-BERNIE.log', 'prev_value': None, 'change': True}
2025-03-14 23:15:43,047 : INFO : EventManager : Event: ======'init_phase_1'====== Args={}
2025-03-14 23:15:45,464 : INFO : SwitchController : <<<<<<< 's_trough_ball_jam' active >>>>>>>
2025-03-14 23:15:45,466 : INFO : SwitchController : <<<<<<< 's_trough_ball_1' active >>>>>>>
2025-03-14 23:15:45,466 : INFO : SwitchController : <<<<<<< 's_flipper_right' active >>>>>>>
2025-03-14 23:15:45,467 : INFO : SwitchController : <<<<<<< 's_eject_confirm' active >>>>>>>
2025-03-14 23:15:45,470 : INFO : EventManager : Event: ======'init_phase_2'====== Args={}
2025-03-14 23:15:45,471 : INFO : SwitchController : Found active switch: (6, [FAST Platform Interface]) <switch.s_trough_ball_jam>
2025-03-14 23:15:45,471 : INFO : SwitchController : Found active switch: (0, [FAST Platform Interface]) <switch.s_trough_ball_1>
2025-03-14 23:15:45,472 : INFO : SwitchController : Found active switch: (31, [FAST Platform Interface]) <switch.s_flipper_right>
2025-03-14 23:15:45,472 : INFO : SwitchController : Found active switch: (21, [FAST Platform Interface]) <switch.s_eject_confirm>
2025-03-14 23:15:45,967 : INFO : ball_device.bd_trough : BCH: Initial count: 1
2025-03-14 23:15:45,968 : INFO : ball_device.bd_trough : State: idle
2025-03-14 23:15:45,974 : INFO : ball_device.bd_plunger : BCH: Initial count: 0
2025-03-14 23:15:45,975 : INFO : ball_device.bd_plunger : State: idle
2025-03-14 23:15:46,115 : INFO : EventManager : Event: ======'init_phase_3'====== Args={}
2025-03-14 23:15:46,123 : INFO : EventManager : Event: ======'init_phase_4'====== Args={}
2025-03-14 23:15:46,126 : INFO : BallController : Initial balls found: 1
2025-03-14 23:15:46,129 : INFO : EventManager : Event: ======'machine_var_audits_events_game_ended'====== Args={'value': 0, 'prev_value': None, 'change': True}
2025-03-14 23:15:46,130 : INFO : EventManager : Event: ======'machine_var_audits_events_game_started'====== Args={'value': 404, 'prev_value': None, 'change': True}
2025-03-14 23:15:46,130 : INFO : EventManager : Event: ======'machine_var_audits_missing_switches_s_eject_confirm'====== Args={'value': 7, 'prev_value': None, 'change': True}
2025-03-14 23:15:46,130 : INFO : EventManager : Event: ======'machine_var_audits_missing_switches_s_flipper_left'====== Args={'value': 8, 'prev_value': None, 'change': True}
2025-03-14 23:15:46,130 : INFO : EventManager : Event: ======'machine_var_audits_missing_switches_s_flipper_left_lower_eos'====== Args={'value': 8, 'prev_value': None, 'change': True}
2025-03-14 23:15:46,130 : INFO : EventManager : Event: ======'machine_var_audits_missing_switches_s_flipper_left_upper_eos'====== Args={'value': 8, 'prev_value': None, 'change': True}
2025-03-14 23:15:46,130 : INFO : EventManager : Event: ======'machine_var_audits_missing_switches_s_flipper_right'====== Args={'value': 15, 'prev_value': None, 'change': True}
2025-03-14 23:15:46,130 : INFO : EventManager : Event: ======'machine_var_audits_missing_switches_s_flipper_right_eos'====== Args={'value': 12, 'prev_value': None, 'change': True}
2025-03-14 23:15:46,130 : INFO : EventManager : Event: ======'machine_var_audits_missing_switches_s_launch'====== Args={'value': 6, 'prev_value': None, 'change': True}
2025-03-14 23:15:46,131 : INFO : EventManager : Event: ======'machine_var_audits_missing_switches_s_left_flipper'====== Args={'value': 363, 'prev_value': None, 'change': True}
2025-03-14 23:15:46,131 : INFO : EventManager : Event: ======'machine_var_audits_missing_switches_s_left_flipper_eos'====== Args={'value': 363, 'prev_value': None, 'change': True}
2025-03-14 23:15:46,131 : INFO : EventManager : Event: ======'machine_var_audits_missing_switches_s_left_inlane'====== Args={'value': 6, 'prev_value': None, 'change': True}
2025-03-14 23:15:46,131 : INFO : EventManager : Event: ======'machine_var_audits_missing_switches_s_left_inner_lane'====== Args={'value': 357, 'prev_value': None, 'change': True}
2025-03-14 23:15:46,133 : INFO : EventManager : Event: ======'machine_var_audits_missing_switches_s_left_outer_lane'====== Args={'value': 153, 'prev_value': None, 'change': True}
2025-03-14 23:15:46,133 : INFO : EventManager : Event: ======'machine_var_audits_missing_switches_s_left_outlane'====== Args={'value': 6, 'prev_value': None, 'change': True}
2025-03-14 23:15:46,134 : INFO : EventManager : Event: ======'machine_var_audits_missing_switches_s_left_sling'====== Args={'value': 363, 'prev_value': None, 'change': True}
2025-03-14 23:15:46,134 : INFO : EventManager : Event: ======'machine_var_audits_missing_switches_s_mead'====== Args={'value': 267, 'prev_value': None, 'change': True}
2025-03-14 23:15:46,134 : INFO : EventManager : Event: ======'machine_var_audits_missing_switches_s_percy'====== Args={'value': 85, 'prev_value': None, 'change': True}
2025-03-14 23:15:46,134 : INFO : EventManager : Event: ======'machine_var_audits_missing_switches_s_plunger'====== Args={'value': 12, 'prev_value': None, 'change': True}
2025-03-14 23:15:46,134 : INFO : EventManager : Event: ======'machine_var_audits_missing_switches_s_pop_bumper_1'====== Args={'value': 357, 'prev_value': None, 'change': True}
2025-03-14 23:15:46,134 : INFO : EventManager : Event: ======'machine_var_audits_missing_switches_s_pop_bumper_2'====== Args={'value': 357, 'prev_value': None, 'change': True}
2025-03-14 23:15:46,134 : INFO : EventManager : Event: ======'machine_var_audits_missing_switches_s_pop_bumper_3'====== Args={'value': 357, 'prev_value': None, 'change': True}
2025-03-14 23:15:46,134 : INFO : EventManager : Event: ======'machine_var_audits_missing_switches_s_right_flipper'====== Args={'value': 363, 'prev_value': None, 'change': True}
2025-03-14 23:15:46,134 : INFO : EventManager : Event: ======'machine_var_audits_missing_switches_s_right_flipper_eos'====== Args={'value': 363, 'prev_value': None, 'change': True}
2025-03-14 23:15:46,134 : INFO : EventManager : Event: ======'machine_var_audits_missing_switches_s_right_inlane'====== Args={'value': 6, 'prev_value': None, 'change': True}
2025-03-14 23:15:46,135 : INFO : EventManager : Event: ======'machine_var_audits_missing_switches_s_right_inner_lane'====== Args={'value': 357, 'prev_value': None, 'change': True}
2025-03-14 23:15:46,135 : INFO : EventManager : Event: ======'machine_var_audits_missing_switches_s_right_outer_lane'====== Args={'value': 357, 'prev_value': None, 'change': True}
2025-03-14 23:15:46,135 : INFO : EventManager : Event: ======'machine_var_audits_missing_switches_s_right_outlane'====== Args={'value': 6, 'prev_value': None, 'change': True}
2025-03-14 23:15:46,135 : INFO : EventManager : Event: ======'machine_var_audits_missing_switches_s_right_sling'====== Args={'value': 363, 'prev_value': None, 'change': True}
2025-03-14 23:15:46,135 : INFO : EventManager : Event: ======'machine_var_audits_missing_switches_s_scanlan'====== Args={'value': 204, 'prev_value': None, 'change': True}
2025-03-14 23:15:46,135 : INFO : EventManager : Event: ======'machine_var_audits_missing_switches_s_trough_ball_1'====== Args={'value': 378, 'prev_value': None, 'change': True}
2025-03-14 23:15:46,135 : INFO : EventManager : Event: ======'machine_var_audits_missing_switches_s_trough_ball_2'====== Args={'value': 12, 'prev_value': None, 'change': True}
2025-03-14 23:15:46,135 : INFO : EventManager : Event: ======'machine_var_audits_missing_switches_s_trough_ball_3'====== Args={'value': 12, 'prev_value': None, 'change': True}
2025-03-14 23:15:46,136 : INFO : EventManager : Event: ======'machine_var_audits_missing_switches_s_trough_ball_4'====== Args={'value': 12, 'prev_value': None, 'change': True}
2025-03-14 23:15:46,136 : INFO : EventManager : Event: ======'machine_var_audits_missing_switches_s_trough_ball_5'====== Args={'value': 12, 'prev_value': None, 'change': True}
2025-03-14 23:15:46,136 : INFO : EventManager : Event: ======'machine_var_audits_missing_switches_s_trough_ball_6'====== Args={'value': 12, 'prev_value': None, 'change': True}
2025-03-14 23:15:46,136 : INFO : EventManager : Event: ======'machine_var_audits_missing_switches_s_trough_ball_jam'====== Args={'value': 378, 'prev_value': None, 'change': True}
2025-03-14 23:15:46,136 : INFO : EventManager : Event: ======'machine_var_audits_player_score'====== Args={'value': {'average': 0, 'top': [], 'total': 0}, 'prev_value': None, 'change': True}
2025-03-14 23:15:46,136 : INFO : EventManager : Event: ======'machine_var_audits_shots_mead_shot'====== Args={'value': 223, 'prev_value': None, 'change': True}
2025-03-14 23:15:46,136 : INFO : EventManager : Event: ======'machine_var_audits_shots_percy_shot'====== Args={'value': 56, 'prev_value': None, 'change': True}
2025-03-14 23:15:46,136 : INFO : EventManager : Event: ======'machine_var_audits_shots_scanlan_shot'====== Args={'value': 121, 'prev_value': None, 'change': True}
2025-03-14 23:15:46,137 : INFO : EventManager : Event: ======'machine_var_audits_shots_video_shot_1'====== Args={'value': 24, 'prev_value': None, 'change': True}
2025-03-14 23:15:46,137 : INFO : EventManager : Event: ======'machine_var_audits_shots_video_shot_2'====== Args={'value': 20, 'prev_value': None, 'change': True}
2025-03-14 23:15:46,137 : INFO : EventManager : Event: ======'machine_var_audits_switches_s_auto_launcher'====== Args={'value': 0, 'prev_value': None, 'change': True}
2025-03-14 23:15:46,137 : INFO : EventManager : Event: ======'machine_var_audits_switches_s_ball_drain'====== Args={'value': 0, 'prev_value': None, 'change': True}
2025-03-14 23:15:46,137 : INFO : EventManager : Event: ======'machine_var_audits_switches_s_eject_confirm'====== Args={'value': 0, 'prev_value': None, 'change': True}
2025-03-14 23:15:46,137 : INFO : EventManager : Event: ======'machine_var_audits_switches_s_flipper_left'====== Args={'value': 15, 'prev_value': None, 'change': True}
2025-03-14 23:15:46,137 : INFO : EventManager : Event: ======'machine_var_audits_switches_s_flipper_left_lower_eos'====== Args={'value': 6, 'prev_value': None, 'change': True}
2025-03-14 23:15:46,137 : INFO : EventManager : Event: ======'machine_var_audits_switches_s_flipper_left_upper_eos'====== Args={'value': 5, 'prev_value': None, 'change': True}
2025-03-14 23:15:46,137 : INFO : EventManager : Event: ======'machine_var_audits_switches_s_flipper_right'====== Args={'value': 0, 'prev_value': None, 'change': True}
2025-03-14 23:15:46,137 : INFO : EventManager : Event: ======'machine_var_audits_switches_s_flipper_right_eos'====== Args={'value': 3, 'prev_value': None, 'change': True}
2025-03-14 23:15:46,137 : INFO : EventManager : Event: ======'machine_var_audits_switches_s_launch'====== Args={'value': 0, 'prev_value': None, 'change': True}
2025-03-14 23:15:46,138 : INFO : EventManager : Event: ======'machine_var_audits_switches_s_left_flipper'====== Args={'value': 36, 'prev_value': None, 'change': True}
2025-03-14 23:15:46,138 : INFO : EventManager : Event: ======'machine_var_audits_switches_s_left_flipper_eos'====== Args={'value': 0, 'prev_value': None, 'change': True}
2025-03-14 23:15:46,138 : INFO : EventManager : Event: ======'machine_var_audits_switches_s_left_inlane'====== Args={'value': 0, 'prev_value': None, 'change': True}
2025-03-14 23:15:46,138 : INFO : EventManager : Event: ======'machine_var_audits_switches_s_left_inner_lane'====== Args={'value': 0, 'prev_value': None, 'change': True}
2025-03-14 23:15:46,138 : INFO : EventManager : Event: ======'machine_var_audits_switches_s_left_outer_lane'====== Args={'value': 0, 'prev_value': None, 'change': True}
2025-03-14 23:15:46,138 : INFO : EventManager : Event: ======'machine_var_audits_switches_s_left_outlane'====== Args={'value': 0, 'prev_value': None, 'change': True}
2025-03-14 23:15:46,139 : INFO : EventManager : Event: ======'machine_var_audits_switches_s_left_sling'====== Args={'value': 7, 'prev_value': None, 'change': True}
2025-03-14 23:15:46,139 : INFO : EventManager : Event: ======'machine_var_audits_switches_s_mead'====== Args={'value': 0, 'prev_value': None, 'change': True}
2025-03-14 23:15:46,139 : INFO : EventManager : Event: ======'machine_var_audits_switches_s_percy'====== Args={'value': 0, 'prev_value': None, 'change': True}
2025-03-14 23:15:46,139 : INFO : EventManager : Event: ======'machine_var_audits_switches_s_plunger'====== Args={'value': 12, 'prev_value': None, 'change': True}
2025-03-14 23:15:46,139 : INFO : EventManager : Event: ======'machine_var_audits_switches_s_pop_bumper_1'====== Args={'value': 0, 'prev_value': None, 'change': True}
2025-03-14 23:15:46,139 : INFO : EventManager : Event: ======'machine_var_audits_switches_s_pop_bumper_2'====== Args={'value': 0, 'prev_value': None, 'change': True}
2025-03-14 23:15:46,139 : INFO : EventManager : Event: ======'machine_var_audits_switches_s_pop_bumper_3'====== Args={'value': 0, 'prev_value': None, 'change': True}
2025-03-14 23:15:46,139 : INFO : EventManager : Event: ======'machine_var_audits_switches_s_right_flipper'====== Args={'value': 131, 'prev_value': None, 'change': True}
2025-03-14 23:15:46,139 : INFO : EventManager : Event: ======'machine_var_audits_switches_s_right_flipper_eos'====== Args={'value': 0, 'prev_value': None, 'change': True}
2025-03-14 23:15:46,139 : INFO : EventManager : Event: ======'machine_var_audits_switches_s_right_inlane'====== Args={'value': 0, 'prev_value': None, 'change': True}
2025-03-14 23:15:46,139 : INFO : EventManager : Event: ======'machine_var_audits_switches_s_right_inner_lane'====== Args={'value': 0, 'prev_value': None, 'change': True}
2025-03-14 23:15:46,140 : INFO : EventManager : Event: ======'machine_var_audits_switches_s_right_outer_lane'====== Args={'value': 0, 'prev_value': None, 'change': True}
2025-03-14 23:15:46,140 : INFO : EventManager : Event: ======'machine_var_audits_switches_s_right_outlane'====== Args={'value': 0, 'prev_value': None, 'change': True}
2025-03-14 23:15:46,140 : INFO : EventManager : Event: ======'machine_var_audits_switches_s_right_sling'====== Args={'value': 3, 'prev_value': None, 'change': True}
2025-03-14 23:15:46,140 : INFO : EventManager : Event: ======'machine_var_audits_switches_s_scanlan'====== Args={'value': 0, 'prev_value': None, 'change': True}
2025-03-14 23:15:46,140 : INFO : EventManager : Event: ======'machine_var_audits_switches_s_start'====== Args={'value': 113, 'prev_value': None, 'change': True}
2025-03-14 23:15:46,140 : INFO : EventManager : Event: ======'machine_var_audits_switches_s_switch_2'====== Args={'value': 0, 'prev_value': None, 'change': True}
2025-03-14 23:15:46,140 : INFO : EventManager : Event: ======'machine_var_audits_switches_s_trough_ball_1'====== Args={'value': 4, 'prev_value': None, 'change': True}
2025-03-14 23:15:46,140 : INFO : EventManager : Event: ======'machine_var_audits_switches_s_trough_ball_2'====== Args={'value': 7, 'prev_value': None, 'change': True}
2025-03-14 23:15:46,140 : INFO : EventManager : Event: ======'machine_var_audits_switches_s_trough_ball_3'====== Args={'value': 4, 'prev_value': None, 'change': True}
2025-03-14 23:15:46,140 : INFO : EventManager : Event: ======'machine_var_audits_switches_s_trough_ball_4'====== Args={'value': 3, 'prev_value': None, 'change': True}
2025-03-14 23:15:46,140 : INFO : EventManager : Event: ======'machine_var_audits_switches_s_trough_ball_5'====== Args={'value': 3, 'prev_value': None, 'change': True}
2025-03-14 23:15:46,141 : INFO : EventManager : Event: ======'machine_var_audits_switches_s_trough_ball_6'====== Args={'value': 4, 'prev_value': None, 'change': True}
2025-03-14 23:15:46,141 : INFO : EventManager : Event: ======'machine_var_audits_switches_s_trough_ball_jam'====== Args={'value': 3, 'prev_value': None, 'change': True}
2025-03-14 23:15:46,141 : INFO : EventManager : Event: ======'machine_var_audits_switches_s_trough_eject_coil'====== Args={'value': 0, 'prev_value': None, 'change': True}
2025-03-14 23:15:46,142 : INFO : EventManager : Event: ======'init_phase_5'====== Args={}
2025-03-14 23:15:46,143 : INFO : EventManager : Event: ======'init_done'====== Args={}
2025-03-14 23:15:46,144 : INFO : EventManager : Event: ======'machine_reset_phase_1'====== Args={}
2025-03-14 23:15:46,145 : INFO : EventManager : Event: ======'machine_reset_phase_2'====== Args={}
2025-03-14 23:15:46,146 : INFO : EventManager : Event: ======'machine_reset_phase_3'====== Args={}
2025-03-14 23:15:46,147 : INFO : EventManager : Event: ======'reset_complete'====== Args={}
2025-03-14 23:15:46,151 : INFO : EventManager : Event: ======'mode_attract_will_start'====== Args={}
2025-03-14 23:15:46,152 : INFO : EventManager : Event: ======'mode_attract_starting'====== Args={}
2025-03-14 23:15:46,152 : INFO : Mode.attract : Started. Priority: 10
2025-03-14 23:15:46,152 : INFO : EventManager : Event: ======'modes_active_modes_changed'====== Args={}
2025-03-14 23:15:46,152 : INFO : EventManager : Event: ======'mode_attract_started'====== Args={}
2025-03-14 23:15:46,153 : INFO : EventManager : Event: ======'collecting_balls'====== Args={}
2025-03-14 23:15:46,153 : INFO : ball_device.bd_trough : Adding 1 ball(s) to the eject_queue with target <playfield.playfield>.
2025-03-14 23:15:46,153 : INFO : EventManager : Event: ======'balldevice_balls_available'====== Args={}
2025-03-14 23:15:46,154 : INFO : Machine : Starting the main run loop with active modes: [<Mode.attract>]
2025-03-14 23:15:46,155 : INFO : ball_device.bd_trough : State: waiting_for_target_ready
2025-03-14 23:15:46,155 : INFO : EventManager : Event: ======'balldevice_bd_trough_ball_eject_attempt'====== Args={'balls': 1, 'target': <playfield.playfield>, 'source': <ball_device.bd_trough>, 'mechanical_eject': False, 'num_attempts': 0}
2025-03-14 23:15:46,156 : INFO : ball_device.bd_trough : State: ejecting
2025-03-14 23:15:46,156 : INFO : ball_device.bd_trough : Ejecting ball to <playfield.playfield>
2025-03-14 23:15:46,156 : INFO : EventManager : Event: ======'balldevice_bd_trough_ejecting_ball'====== Args={'balls': 1, 'target': <playfield.playfield>, 'source': <ball_device.bd_trough>, 'mechanical_eject': False, 'num_attempts': 0}
2025-03-14 23:15:46,157 : INFO : ball_device.bd_trough : Wait for ball to leave device
2025-03-14 23:15:46,185 : INFO : SwitchController : <<<<<<< 's_flipper_right_eos' active >>>>>>>
2025-03-14 23:15:51,452 : INFO : SwitchController : <<<<<<< 's_flipper_left' active >>>>>>>
2025-03-14 23:15:51,486 : INFO : SwitchController : <<<<<<< 's_flipper_left_lower_eos' active >>>>>>>
2025-03-14 23:15:51,486 : INFO : SwitchController : <<<<<<< 's_flipper_left_upper_eos' active >>>>>>>
2025-03-14 23:15:52,501 : INFO : SwitchController : <<<<<<< 's_flipper_left' inactive >>>>>>>
2025-03-14 23:15:52,579 : INFO : SwitchController : <<<<<<< 's_flipper_left_lower_eos' inactive >>>>>>>
2025-03-14 23:15:52,579 : INFO : SwitchController : <<<<<<< 's_flipper_left_upper_eos' inactive >>>>>>>
2025-03-14 23:15:56,152 : INFO : EventManager : Event: ======'balldevice_bd_trough_ball_eject_failed'====== Args={'target': <playfield.playfield>, 'balls': 1, 'retry': True, 'num_attempts': 1}
2025-03-14 23:15:56,155 : INFO : ball_device.bd_trough : State: waiting_for_target_ready
2025-03-14 23:15:56,156 : INFO : EventManager : Event: ======'balldevice_bd_trough_ball_eject_attempt'====== Args={'balls': 1, 'target': <playfield.playfield>, 'source': <ball_device.bd_trough>, 'mechanical_eject': False, 'num_attempts': 1}
2025-03-14 23:15:56,157 : INFO : ball_device.bd_trough : State: ejecting
2025-03-14 23:15:56,158 : INFO : ball_device.bd_trough : Ejecting ball to <playfield.playfield>
2025-03-14 23:15:56,158 : INFO : EventManager : Event: ======'balldevice_bd_trough_ejecting_ball'====== Args={'balls': 1, 'target': <playfield.playfield>, 'source': <ball_device.bd_trough>, 'mechanical_eject': False, 'num_attempts': 1}
2025-03-14 23:15:56,159 : INFO : ball_device.bd_trough : Wait for ball to leave device
2025-03-14 23:16:06,152 : INFO : EventManager : Event: ======'balldevice_bd_trough_ball_eject_failed'====== Args={'target': <playfield.playfield>, 'balls': 1, 'retry': True, 'num_attempts': 2}
2025-03-14 23:16:06,155 : INFO : ball_device.bd_trough : State: waiting_for_target_ready
2025-03-14 23:16:06,156 : INFO : EventManager : Event: ======'balldevice_bd_trough_ball_eject_attempt'====== Args={'balls': 1, 'target': <playfield.playfield>, 'source': <ball_device.bd_trough>, 'mechanical_eject': False, 'num_attempts': 2}
2025-03-14 23:16:06,157 : INFO : ball_device.bd_trough : State: ejecting
2025-03-14 23:16:06,157 : INFO : ball_device.bd_trough : Ejecting ball to <playfield.playfield>
2025-03-14 23:16:06,157 : INFO : EventManager : Event: ======'balldevice_bd_trough_ejecting_ball'====== Args={'balls': 1, 'target': <playfield.playfield>, 'source': <ball_device.bd_trough>, 'mechanical_eject': False, 'num_attempts': 2}
2025-03-14 23:16:06,161 : INFO : ball_device.bd_trough : Wait for ball to leave device
2025-03-14 23:16:15,299 : INFO : SwitchController : <<<<<<< 's_start' active >>>>>>>
2025-03-14 23:16:15,676 : INFO : SwitchController : <<<<<<< 's_start' inactive >>>>>>>
2025-03-14 23:16:15,676 : INFO : EventManager : Event: ======'request_to_start_game'====== Args={}
2025-03-14 23:16:15,677 : INFO : EventManager : Event: ======'game_start'====== Args={'buttons': [], 'hold_time': 0.375}
2025-03-14 23:16:15,677 : INFO : EventManager : Event: ======'mode_game_will_start'====== Args={'buttons': [], 'hold_time': 0.375}
2025-03-14 23:16:15,679 : INFO : EventManager : Event: ======'mode_game_starting'====== Args={'buttons': [], 'hold_time': 0.375}
2025-03-14 23:16:15,679 : INFO : EventManager : Event: ======'mode_attract_will_stop'====== Args={}
2025-03-14 23:16:15,679 : INFO : EventManager : Event: ======'mode_attract_stopping'====== Args={}
2025-03-14 23:16:15,682 : INFO : Mode.game : Started. Priority: 20
2025-03-14 23:16:15,682 : INFO : EventManager : Event: ======'modes_active_modes_changed'====== Args={}
2025-03-14 23:16:15,682 : INFO : EventManager : Event: ======'mode_game_started'====== Args={'buttons': [], 'hold_time': 0.375}
2025-03-14 23:16:15,683 : INFO : Mode.attract : Stopped.
2025-03-14 23:16:15,683 : INFO : EventManager : Event: ======'modes_active_modes_changed'====== Args={}
2025-03-14 23:16:15,683 : INFO : EventManager : Event: ======'mode_attract_stopped'====== Args={}
2025-03-14 23:16:15,684 : INFO : EventManager : Event: ======'clear'====== Args={'key': 'attract'}
2025-03-14 23:16:15,685 : INFO : EventManager : Event: ======'game_will_start'====== Args={}
2025-03-14 23:16:15,685 : INFO : EventManager : Event: ======'game_starting'====== Args={'game': <Mode.game>}
2025-03-14 23:16:15,687 : INFO : EventManager : Unordered handler for class <Auditor> on event game_ended with priority 1. Handlers: [RegisteredHandler(callback=<bound method Auditor.disable of <Auditor>>, priority=1, kwargs={}, key=UUID('c485c36e-5efc-434c-bfab-7666f7d8c255'), condition=None, blocking_facility=None), RegisteredHandler(callback=<bound method Auditor._save_audits of <Auditor>>, priority=1, kwargs={}, key=UUID('714c6ec3-bda2-464b-9506-c51c5e2ca57b'), condition=None, blocking_facility=None)]. The order of those handlers is not defined and they will be executed in random order. This might lead to race conditions and potential bugs.
2025-03-14 23:16:15,688 : INFO : EventManager : Event: ======'player_add_request'====== Args={}
2025-03-14 23:16:15,688 : INFO : EventManager : Event: ======'player_will_add'====== Args={'number': 1}
2025-03-14 23:16:15,689 : INFO : EventManager : Event: ======'player_adding'====== Args={'player': <Player 1>, 'number': 1}
2025-03-14 23:16:15,689 : INFO : EventManager : Event: ======'player_added'====== Args={'player': <Player 1>, 'num': 1}
2025-03-14 23:16:15,690 : INFO : Mode.game : Player added successfully. Total players: 1
2025-03-14 23:16:15,690 : INFO : EventManager : Event: ======'player_index'====== Args={'value': 0, 'prev_value': 0, 'change': 0, 'player_num': 1}
2025-03-14 23:16:15,690 : INFO : EventManager : Event: ======'player_number'====== Args={'value': 1, 'prev_value': 1, 'change': 0, 'player_num': 1}
2025-03-14 23:16:15,691 : INFO : EventManager : Event: ======'player_score'====== Args={'value': 0, 'prev_value': 0, 'change': 0, 'player_num': 1}
2025-03-14 23:16:15,691 : INFO : EventManager : Event: ======'game_started'====== Args={}
2025-03-14 23:16:15,692 : INFO : EventManager : Event: ======'player_turn_will_start'====== Args={'player': <Player 1>, 'number': 1}
2025-03-14 23:16:15,693 : INFO : EventManager : Event: ======'player_turn_starting'====== Args={'player': <Player 1>, 'number': 1}
2025-03-14 23:16:15,695 : INFO : EventManager : Event: ======'player_ball'====== Args={'value': 1, 'prev_value': 0, 'change': 1, 'player_num': 1}
2025-03-14 23:16:15,696 : INFO : EventManager : Event: ======'player_turn_started'====== Args={'player': <Player 1>, 'number': 1}
2025-03-14 23:16:15,715 : INFO : EventManager : Event: ======'ball_will_start'====== Args={'player': 1, 'ball': 1, 'balls_remaining': 2, 'is_extra_ball': False}
2025-03-14 23:16:15,716 : INFO : BallController : Found 1 ball(s) on playfield.
2025-03-14 23:16:15,716 : WARNING : BallController : Playfields still contain balls. Waiting for those to drain.
2025-03-14 23:16:16,146 : INFO : EventManager : Event: ======'balldevice_bd_trough_ball_eject_failed'====== Args={'target': <playfield.playfield>, 'balls': 1, 'retry': True, 'num_attempts': 3}
2025-03-14 23:16:16,148 : INFO : ball_device.bd_trough : State: waiting_for_target_ready
2025-03-14 23:16:16,149 : INFO : EventManager : Event: ======'balldevice_bd_trough_ball_eject_attempt'====== Args={'balls': 1, 'target': <playfield.playfield>, 'source': <ball_device.bd_trough>, 'mechanical_eject': False, 'num_attempts': 3}
2025-03-14 23:16:16,149 : INFO : ball_device.bd_trough : State: ejecting
2025-03-14 23:16:16,150 : INFO : ball_device.bd_trough : Ejecting ball to <playfield.playfield>
2025-03-14 23:16:16,150 : INFO : EventManager : Event: ======'balldevice_bd_trough_ejecting_ball'====== Args={'balls': 1, 'target': <playfield.playfield>, 'source': <ball_device.bd_trough>, 'mechanical_eject': False, 'num_attempts': 3}
2025-03-14 23:16:16,150 : INFO : ball_device.bd_trough : Wait for ball to leave device
2025-03-14 23:16:16,726 : INFO : BallController : Found 1 ball(s) on playfield.
2025-03-14 23:16:16,728 : WARNING : BallController : Playfields still contain balls. Waiting for those to drain.
2025-03-14 23:16:17,723 : INFO : BallController : Found 1 ball(s) on playfield.
2025-03-14 23:16:17,724 : WARNING : BallController : Playfields still contain balls. Waiting for those to drain.
2025-03-14 23:16:18,724 : INFO : BallController : Found 1 ball(s) on playfield.
2025-03-14 23:16:18,724 : WARNING : BallController : Playfields still contain balls. Waiting for those to drain.
2025-03-14 23:16:19,724 : INFO : BallController : Found 1 ball(s) on playfield.
2025-03-14 23:16:19,725 : WARNING : BallController : Playfields still contain balls. Waiting for those to drain.
2025-03-14 23:16:20,716 : INFO : BallController : Found 1 ball(s) on playfield.
2025-03-14 23:16:20,717 : WARNING : BallController : Playfields still contain balls. Waiting for those to drain.
2025-03-14 23:16:20,903 : INFO : SwitchController : <<<<<<< 's_start' active >>>>>>>
2025-03-14 23:16:20,903 : INFO : EventManager : Event: ======'sw_start'====== Args={}
2025-03-14 23:16:20,905 : INFO : EventManager : Event: ======'machine_var_audits_switches_s_start'====== Args={'value': 114, 'prev_value': 113, 'change': 1}
2025-03-14 23:16:20,905 : INFO : EventManager : Event: ======'player_add_request'====== Args={}
2025-03-14 23:16:20,905 : INFO : EventManager : Event: ======'player_will_add'====== Args={'number': 2}
2025-03-14 23:16:20,906 : INFO : EventManager : Event: ======'player_adding'====== Args={'player': <Player 2>, 'number': 2}
2025-03-14 23:16:20,906 : INFO : EventManager : Event: ======'player_added'====== Args={'player': <Player 2>, 'num': 2}
2025-03-14 23:16:20,906 : INFO : Mode.game : Player added successfully. Total players: 2
2025-03-14 23:16:20,907 : INFO : EventManager : Event: ======'multiplayer_game'====== Args={}
2025-03-14 23:16:20,907 : INFO : EventManager : Event: ======'player_index'====== Args={'value': 1, 'prev_value': 1, 'change': 0, 'player_num': 2}
2025-03-14 23:16:20,907 : INFO : EventManager : Event: ======'player_number'====== Args={'value': 2, 'prev_value': 2, 'change': 0, 'player_num': 2}
2025-03-14 23:16:20,907 : INFO : EventManager : Event: ======'player_score'====== Args={'value': 0, 'prev_value': 0, 'change': 0, 'player_num': 2}
2025-03-14 23:16:21,327 : INFO : SwitchController : <<<<<<< 's_start' inactive >>>>>>>
2025-03-14 23:16:21,517 : INFO : SwitchController : <<<<<<< 's_start' active >>>>>>>
2025-03-14 23:16:21,517 : INFO : EventManager : Event: ======'sw_start'====== Args={}
2025-03-14 23:16:21,518 : INFO : EventManager : Event: ======'machine_var_audits_switches_s_start'====== Args={'value': 115, 'prev_value': 114, 'change': 1}
2025-03-14 23:16:21,519 : INFO : EventManager : Event: ======'player_add_request'====== Args={}
2025-03-14 23:16:21,519 : INFO : EventManager : Event: ======'player_will_add'====== Args={'number': 3}
2025-03-14 23:16:21,519 : INFO : EventManager : Event: ======'player_adding'====== Args={'player': <Player 3>, 'number': 3}
2025-03-14 23:16:21,519 : INFO : EventManager : Event: ======'player_added'====== Args={'player': <Player 3>, 'num': 3}
2025-03-14 23:16:21,519 : INFO : Mode.game : Player added successfully. Total players: 3
2025-03-14 23:16:21,521 : INFO : EventManager : Event: ======'player_index'====== Args={'value': 2, 'prev_value': 2, 'change': 0, 'player_num': 3}
2025-03-14 23:16:21,521 : INFO : EventManager : Event: ======'player_number'====== Args={'value': 3, 'prev_value': 3, 'change': 0, 'player_num': 3}
2025-03-14 23:16:21,521 : INFO : EventManager : Event: ======'player_score'====== Args={'value': 0, 'prev_value': 0, 'change': 0, 'player_num': 3}
2025-03-14 23:16:21,718 : INFO : BallController : Found 1 ball(s) on playfield.
2025-03-14 23:16:21,719 : WARNING : BallController : Playfields still contain balls. Waiting for those to drain.
2025-03-14 23:16:21,904 : INFO : SwitchController : <<<<<<< 's_start' inactive >>>>>>>
2025-03-14 23:16:22,058 : INFO : SwitchController : <<<<<<< 's_start' active >>>>>>>
2025-03-14 23:16:22,059 : INFO : EventManager : Event: ======'sw_start'====== Args={}
2025-03-14 23:16:22,059 : INFO : EventManager : Event: ======'machine_var_audits_switches_s_start'====== Args={'value': 116, 'prev_value': 115, 'change': 1}
2025-03-14 23:16:22,059 : INFO : EventManager : Event: ======'player_add_request'====== Args={}
2025-03-14 23:16:22,061 : INFO : EventManager : Event: ======'player_will_add'====== Args={'number': 4}
2025-03-14 23:16:22,061 : INFO : EventManager : Event: ======'player_adding'====== Args={'player': <Player 4>, 'number': 4}
2025-03-14 23:16:22,061 : INFO : EventManager : Event: ======'player_added'====== Args={'player': <Player 4>, 'num': 4}
2025-03-14 23:16:22,061 : INFO : Mode.game : Player added successfully. Total players: 4
2025-03-14 23:16:22,061 : INFO : EventManager : Event: ======'player_index'====== Args={'value': 3, 'prev_value': 3, 'change': 0, 'player_num': 4}
2025-03-14 23:16:22,061 : INFO : EventManager : Event: ======'player_number'====== Args={'value': 4, 'prev_value': 4, 'change': 0, 'player_num': 4}
2025-03-14 23:16:22,062 : INFO : EventManager : Event: ======'player_score'====== Args={'value': 0, 'prev_value': 0, 'change': 0, 'player_num': 4}
2025-03-14 23:16:22,435 : INFO : SwitchController : <<<<<<< 's_start' inactive >>>>>>>
2025-03-14 23:16:22,718 : INFO : BallController : Found 1 ball(s) on playfield.
2025-03-14 23:16:22,718 : WARNING : BallController : Playfields still contain balls. Waiting for those to drain.
2025-03-14 23:16:23,719 : INFO : BallController : Found 1 ball(s) on playfield.
2025-03-14 23:16:23,719 : WARNING : BallController : Playfields still contain balls. Waiting for those to drain.
2025-03-14 23:16:24,721 : INFO : BallController : Found 1 ball(s) on playfield.
2025-03-14 23:16:24,721 : WARNING : BallController : Playfields still contain balls. Waiting for those to drain.
2025-03-14 23:16:25,722 : INFO : BallController : Found 1 ball(s) on playfield.
2025-03-14 23:16:25,722 : WARNING : BallController : Playfields still contain balls. Waiting for those to drain.
2025-03-14 23:16:26,146 : INFO : EventManager : Event: ======'balldevice_bd_trough_ball_eject_failed'====== Args={'target': <playfield.playfield>, 'balls': 1, 'retry': True, 'num_attempts': 4}
2025-03-14 23:16:26,147 : INFO : ball_device.bd_trough : State: waiting_for_target_ready
2025-03-14 23:16:26,147 : INFO : EventManager : Event: ======'balldevice_bd_trough_ball_eject_attempt'====== Args={'balls': 1, 'target': <playfield.playfield>, 'source': <ball_device.bd_trough>, 'mechanical_eject': False, 'num_attempts': 4}
2025-03-14 23:16:26,148 : INFO : ball_device.bd_trough : State: ejecting
2025-03-14 23:16:26,148 : INFO : ball_device.bd_trough : Ejecting ball to <playfield.playfield>
2025-03-14 23:16:26,148 : INFO : EventManager : Event: ======'balldevice_bd_trough_ejecting_ball'====== Args={'balls': 1, 'target': <playfield.playfield>, 'source': <ball_device.bd_trough>, 'mechanical_eject': False, 'num_attempts': 4}
2025-03-14 23:16:26,149 : INFO : ball_device.bd_trough : Wait for ball to leave device
2025-03-14 23:16:26,364 : INFO : SwitchController : <<<<<<< 's_start' active >>>>>>>
2025-03-14 23:16:26,364 : INFO : EventManager : Event: ======'sw_start'====== Args={}
2025-03-14 23:16:26,365 : INFO : EventManager : Event: ======'machine_var_audits_switches_s_start'====== Args={'value': 117, 'prev_value': 116, 'change': 1}
2025-03-14 23:16:26,725 : INFO : BallController : Found 1 ball(s) on playfield.
2025-03-14 23:16:26,725 : WARNING : BallController : Playfields still contain balls. Waiting for those to drain.
2025-03-14 23:16:26,819 : INFO : SwitchController : <<<<<<< 's_start' inactive >>>>>>>
2025-03-14 23:16:27,041 : INFO : SwitchController : <<<<<<< 's_start' active >>>>>>>
2025-03-14 23:16:27,041 : INFO : EventManager : Event: ======'sw_start'====== Args={}
2025-03-14 23:16:27,041 : INFO : EventManager : Event: ======'machine_var_audits_switches_s_start'====== Args={'value': 118, 'prev_value': 117, 'change': 1}
2025-03-14 23:16:27,493 : INFO : SwitchController : <<<<<<< 's_start' inactive >>>>>>>
2025-03-14 23:16:27,715 : INFO : BallController : Found 1 ball(s) on playfield.
2025-03-14 23:16:27,715 : WARNING : BallController : Playfields still contain balls. Waiting for those to drain.
2025-03-14 23:16:27,794 : INFO : SwitchController : <<<<<<< 's_start' active >>>>>>>
2025-03-14 23:16:27,794 : INFO : EventManager : Event: ======'sw_start'====== Args={}
2025-03-14 23:16:27,794 : INFO : EventManager : Event: ======'machine_var_audits_switches_s_start'====== Args={'value': 119, 'prev_value': 118, 'change': 1}
2025-03-14 23:16:28,264 : INFO : SwitchController : <<<<<<< 's_start' inactive >>>>>>>
2025-03-14 23:16:28,717 : INFO : BallController : Found 1 ball(s) on playfield.
2025-03-14 23:16:28,717 : WARNING : BallController : Playfields still contain balls. Waiting for those to drain.
2025-03-14 23:16:29,724 : INFO : BallController : Found 1 ball(s) on playfield.
2025-03-14 23:16:29,724 : WARNING : BallController : Playfields still contain balls. Waiting for those to drain.
2025-03-14 23:16:30,726 : INFO : BallController : Found 1 ball(s) on playfield.
2025-03-14 23:16:30,726 : WARNING : BallController : Playfields still contain balls. Waiting for those to drain.
2025-03-14 23:16:31,723 : INFO : BallController : Found 1 ball(s) on playfield.
2025-03-14 23:16:31,723 : WARNING : BallController : Playfields still contain balls. Waiting for those to drain.
2025-03-14 23:16:32,715 : INFO : BallController : Found 1 ball(s) on playfield.
2025-03-14 23:16:32,715 : WARNING : BallController : Playfields still contain balls. Waiting for those to drain.
2025-03-14 23:16:33,716 : INFO : BallController : Found 1 ball(s) on playfield.
2025-03-14 23:16:33,716 : WARNING : BallController : Playfields still contain balls. Waiting for those to drain.
2025-03-14 23:16:34,672 : INFO : Machine : Shutting down...
2025-03-14 23:16:34,672 : INFO : EventManager : Event: ======'shutdown'====== Args={}
2025-03-14 23:16:34,673 : INFO : EventManager : Event: ======'mode_game_will_stop'====== Args={}
2025-03-14 23:16:34,673 : INFO : EventManager : Event: ======'mode_game_stopping'====== Args={}
2025-03-14 23:16:34,674 : INFO : Mode.game : Stopped.
2025-03-14 23:16:34,674 : INFO : EventManager : Event: ======'modes_active_modes_changed'====== Args={}
2025-03-14 23:16:34,675 : INFO : EventManager : Event: ======'mode_game_stopped'====== Args={}
2025-03-14 23:16:34,675 : INFO : EventManager : Event: ======'clear'====== Args={'key': 'game'}
2025-03-14 23:16:34,764 : INFO : SwitchController : <<<<<<< 's_flipper_right_eos' inactive >>>>>>>
2025-03-14 23:16:34,767 : INFO : root : MPF run loop ended.
