2025-03-14 22:41:58,872 : INFO : root : Loading config.
2025-03-14 22:41:58,882 : INFO : YamlMultifileConfigLoader : Machine config file #1: config.yaml
2025-03-14 22:41:58,883 : WARNING : ConfigProcessor : Config file in cache changed: C:\Users\User\Desktop\fast_homebrew_godot_v2\fast_homebrew_godot_v2\config\config.yaml
2025-03-14 22:41:58,883 : INFO : ConfigProcessor : Loading config from file C:\Users\User\AppData\Local\Programs\Python\Python312\Lib\site-packages\mpf\mpfconfig.yaml.
2025-03-14 22:41:58,926 : INFO : ConfigProcessor : Loading config: C:\Users\User\AppData\Local\Programs\Python\Python312\Lib\site-packages\mpf\mpfconfig.yaml
2025-03-14 22:41:58,928 : INFO : ConfigProcessor : Loading config from file C:\Users\User\Desktop\fast_homebrew_godot_v2\fast_homebrew_godot_v2\config\config.yaml.
2025-03-14 22:41:58,933 : INFO : ConfigProcessor : Loading config: C:\Users\User\Desktop\fast_homebrew_godot_v2\fast_homebrew_godot_v2\config\config.yaml
2025-03-14 22:41:58,934 : INFO : ConfigProcessor : Loading config: C:\Users\User\Desktop\fast_homebrew_godot_v2\fast_homebrew_godot_v2\config\lights.yaml
2025-03-14 22:41:58,938 : INFO : ConfigProcessor : Loading config: C:\Users\User\Desktop\fast_homebrew_godot_v2\fast_homebrew_godot_v2\config\coils.yaml
2025-03-14 22:41:58,945 : INFO : ConfigProcessor : Loading config: C:\Users\User\Desktop\fast_homebrew_godot_v2\fast_homebrew_godot_v2\config\switches.yaml
2025-03-14 22:41:58,948 : INFO : ConfigProcessor : Loading config: C:\Users\User\Desktop\fast_homebrew_godot_v2\fast_homebrew_godot_v2\config\images.yaml
2025-03-14 22:41:58,950 : INFO : ConfigProcessor : Loading config: C:\Users\User\Desktop\fast_homebrew_godot_v2\fast_homebrew_godot_v2\config\videos.yaml
2025-03-14 22:41:58,953 : INFO : ConfigProcessor : Config file cache created: C:\Users\User\AppData\Local\Temp\5682b9bdeb2b9ad8a31c13560e038609.mpf_cache
2025-03-14 22:41:59,226 : INFO : ConfigProcessor : Loading config from cache: C:\Users\User\AppData\Local\Temp\8422c6572f827355f8aade1949d04025.mpf_cache
2025-03-14 22:41:59,229 : INFO : ConfigProcessor : Loading config from cache: C:\Users\User\AppData\Local\Temp\1c0e7e9816717d8e62c4728dfe372999.mpf_cache
2025-03-14 22:41:59,231 : INFO : ConfigProcessor : Loading config from cache: C:\Users\User\AppData\Local\Temp\e3e8065d662ad307fa9574659e7e4e8e.mpf_cache
2025-03-14 22:41:59,232 : INFO : ConfigProcessor : Loading config from cache: C:\Users\User\AppData\Local\Temp\8422c6572f827355f8aade1949d04025.mpf_cache
2025-03-14 22:41:59,235 : INFO : Machine : Mission Pinball Framework Core Engine v0.80.0.dev6
2025-03-14 22:41:59,235 : INFO : Machine : Command line arguments: {'no_load_cache': False, 'create_config_cache': True, 'bcp': False, 'configfile': ['config.yaml'], 'force_assets_load': False, 'platform_integration_test': False, 'jsonlogging': False, 'logfile': 'logs\\2025-03-14-22-41-58-mpf-BERNIE.log', 'pause': False, 'production': False, 'text_ui': False, 'loglevel': 15, 'consoleloglevel': 20, 'force_platform': None, 'syslog_address': None, 'full_logfile_path': 'C:\\Users\\User\\Desktop\\fast_homebrew_godot_v2\\fast_homebrew_godot_v2\\logs\\2025-03-14-22-41-58-mpf-BERNIE.log'}
2025-03-14 22:41:59,235 : INFO : Machine : MPF path: C:\Users\User\AppData\Local\Programs\Python\Python312\Lib\site-packages\mpf
2025-03-14 22:41:59,235 : INFO : Machine : Machine path: C:\Users\User\Desktop\fast_homebrew_godot_v2\fast_homebrew_godot_v2
2025-03-14 22:41:59,235 : INFO : Machine : Platform: win32
2025-03-14 22:41:59,235 : INFO : Machine : Python executable location: C:\Users\User\AppData\Local\Programs\Python\Python312\python.exe
2025-03-14 22:41:59,235 : INFO : Machine : Python version: 3.12.3 (64-bit)
2025-03-14 22:41:59,243 : INFO : Machine : Initializing MPF...
2025-03-14 22:41:59,518 : INFO : FAST : Auto-detecting ports for the following connections: ['net']
2025-03-14 22:41:59,681 : INFO : FAST : Detected NET on port COM5
2025-03-14 22:41:59,787 : INFO : FAST [NET] : Trying to connect to COM5 at 921600bps
2025-03-14 22:41:59,798 : INFO : FAST [NET] : Connected to COM5 at 921600bps
2025-03-14 22:41:59,815 : INFO : FAST [NET] : Connected to FP-CPU-2000 with firmware v02.26
2025-03-14 22:41:59,846 : INFO : FAST [NET] : Registered I/O Board 0: Model: FP-I/O-3208, Firmware: 01.10, Switches: 32, Drivers: 8
2025-03-14 22:41:59,847 : INFO : EventManager : Event: ======'machine_var_credits_string'====== Args={'value': 'FREE PLAY', 'prev_value': None, 'change': True}
2025-03-14 22:41:59,919 : INFO : EventManager : Event: ======'machine_var_master_volume'====== Args={'value': 0.5, 'prev_value': None, 'change': True}
2025-03-14 22:41:59,920 : INFO : EventManager : Event: ======'machine_var_mpf_version'====== Args={'value': 'Mission Pinball Framework v0.80.0.dev6', 'prev_value': None, 'change': True}
2025-03-14 22:41:59,920 : INFO : EventManager : Event: ======'machine_var_mpf_extended_version'====== Args={'value': 'Mission Pinball Framework v0.80.0.dev6, Config version:6, Show version: 6, BCP version:1.1', 'prev_value': None, 'change': True}
2025-03-14 22:41:59,920 : INFO : EventManager : Event: ======'machine_var_python_version'====== Args={'value': '3.12.3', 'prev_value': None, 'change': True}
2025-03-14 22:42:00,416 : INFO : EventManager : Event: ======'machine_var_platform'====== Args={'value': 'Windows-11-10.0.22631-SP0', 'prev_value': None, 'change': True}
2025-03-14 22:42:00,416 : INFO : EventManager : Event: ======'machine_var_platform_system'====== Args={'value': 'Windows', 'prev_value': None, 'change': True}
2025-03-14 22:42:00,416 : INFO : EventManager : Event: ======'machine_var_platform_release'====== Args={'value': '11', 'prev_value': None, 'change': True}
2025-03-14 22:42:00,416 : INFO : EventManager : Event: ======'machine_var_platform_version'====== Args={'value': '10.0.22631', 'prev_value': None, 'change': True}
2025-03-14 22:42:00,416 : INFO : EventManager : Event: ======'machine_var_platform_machine'====== Args={'value': 'AMD64', 'prev_value': None, 'change': True}
2025-03-14 22:42:00,416 : INFO : EventManager : Event: ======'machine_var_log_file_path'====== Args={'value': 'C:\\Users\\User\\Desktop\\fast_homebrew_godot_v2\\fast_homebrew_godot_v2\\logs\\2025-03-14-22-41-58-mpf-BERNIE.log', 'prev_value': None, 'change': True}
2025-03-14 22:42:00,416 : INFO : EventManager : Event: ======'init_phase_1'====== Args={}
2025-03-14 22:42:04,515 : INFO : SwitchController : <<<<<<< 's_trough_ball_jam' active >>>>>>>
2025-03-14 22:42:04,515 : INFO : SwitchController : <<<<<<< 's_trough_ball_1' active >>>>>>>
2025-03-14 22:42:04,515 : INFO : SwitchController : <<<<<<< 's_flipper_right' active >>>>>>>
2025-03-14 22:42:04,515 : INFO : SwitchController : <<<<<<< 's_eject_confirm' active >>>>>>>
2025-03-14 22:42:04,517 : INFO : EventManager : Event: ======'init_phase_2'====== Args={}
2025-03-14 22:42:04,518 : INFO : SwitchController : Found active switch: (6, [FAST Platform Interface]) <switch.s_trough_ball_jam>
2025-03-14 22:42:04,518 : INFO : SwitchController : Found active switch: (0, [FAST Platform Interface]) <switch.s_trough_ball_1>
2025-03-14 22:42:04,518 : INFO : SwitchController : Found active switch: (31, [FAST Platform Interface]) <switch.s_flipper_right>
2025-03-14 22:42:04,518 : INFO : SwitchController : Found active switch: (21, [FAST Platform Interface]) <switch.s_eject_confirm>
2025-03-14 22:42:05,015 : INFO : ball_device.bd_trough : BCH: Initial count: 1
2025-03-14 22:42:05,017 : INFO : ball_device.bd_trough : State: idle
2025-03-14 22:42:05,019 : INFO : ball_device.bd_plunger : BCH: Initial count: 0
2025-03-14 22:42:05,020 : INFO : ball_device.bd_plunger : State: idle
2025-03-14 22:42:05,073 : INFO : EventManager : Event: ======'init_phase_3'====== Args={}
2025-03-14 22:42:05,078 : INFO : EventManager : Event: ======'init_phase_4'====== Args={}
2025-03-14 22:42:05,079 : INFO : BallController : Initial balls found: 1
2025-03-14 22:42:05,082 : INFO : EventManager : Event: ======'machine_var_audits_events_game_ended'====== Args={'value': 0, 'prev_value': None, 'change': True}
2025-03-14 22:42:05,082 : INFO : EventManager : Event: ======'machine_var_audits_events_game_started'====== Args={'value': 398, 'prev_value': None, 'change': True}
2025-03-14 22:42:05,082 : INFO : EventManager : Event: ======'machine_var_audits_missing_switches_s_eject_confirm'====== Args={'value': 1, 'prev_value': None, 'change': True}
2025-03-14 22:42:05,082 : INFO : EventManager : Event: ======'machine_var_audits_missing_switches_s_flipper_left'====== Args={'value': 2, 'prev_value': None, 'change': True}
2025-03-14 22:42:05,082 : INFO : EventManager : Event: ======'machine_var_audits_missing_switches_s_flipper_left_lower_eos'====== Args={'value': 2, 'prev_value': None, 'change': True}
2025-03-14 22:42:05,082 : INFO : EventManager : Event: ======'machine_var_audits_missing_switches_s_flipper_left_upper_eos'====== Args={'value': 2, 'prev_value': None, 'change': True}
2025-03-14 22:42:05,082 : INFO : EventManager : Event: ======'machine_var_audits_missing_switches_s_flipper_right'====== Args={'value': 9, 'prev_value': None, 'change': True}
2025-03-14 22:42:05,082 : INFO : EventManager : Event: ======'machine_var_audits_missing_switches_s_flipper_right_eos'====== Args={'value': 6, 'prev_value': None, 'change': True}
2025-03-14 22:42:05,082 : INFO : EventManager : Event: ======'machine_var_audits_missing_switches_s_launch'====== Args={'value': 6, 'prev_value': None, 'change': True}
2025-03-14 22:42:05,083 : INFO : EventManager : Event: ======'machine_var_audits_missing_switches_s_left_flipper'====== Args={'value': 363, 'prev_value': None, 'change': True}
2025-03-14 22:42:05,083 : INFO : EventManager : Event: ======'machine_var_audits_missing_switches_s_left_flipper_eos'====== Args={'value': 363, 'prev_value': None, 'change': True}
2025-03-14 22:42:05,083 : INFO : EventManager : Event: ======'machine_var_audits_missing_switches_s_left_inlane'====== Args={'value': 6, 'prev_value': None, 'change': True}
2025-03-14 22:42:05,083 : INFO : EventManager : Event: ======'machine_var_audits_missing_switches_s_left_inner_lane'====== Args={'value': 357, 'prev_value': None, 'change': True}
2025-03-14 22:42:05,083 : INFO : EventManager : Event: ======'machine_var_audits_missing_switches_s_left_outer_lane'====== Args={'value': 153, 'prev_value': None, 'change': True}
2025-03-14 22:42:05,083 : INFO : EventManager : Event: ======'machine_var_audits_missing_switches_s_left_outlane'====== Args={'value': 6, 'prev_value': None, 'change': True}
2025-03-14 22:42:05,083 : INFO : EventManager : Event: ======'machine_var_audits_missing_switches_s_left_sling'====== Args={'value': 363, 'prev_value': None, 'change': True}
2025-03-14 22:42:05,083 : INFO : EventManager : Event: ======'machine_var_audits_missing_switches_s_mead'====== Args={'value': 267, 'prev_value': None, 'change': True}
2025-03-14 22:42:05,083 : INFO : EventManager : Event: ======'machine_var_audits_missing_switches_s_percy'====== Args={'value': 85, 'prev_value': None, 'change': True}
2025-03-14 22:42:05,083 : INFO : EventManager : Event: ======'machine_var_audits_missing_switches_s_plunger'====== Args={'value': 6, 'prev_value': None, 'change': True}
2025-03-14 22:42:05,084 : INFO : EventManager : Event: ======'machine_var_audits_missing_switches_s_pop_bumper_1'====== Args={'value': 357, 'prev_value': None, 'change': True}
2025-03-14 22:42:05,084 : INFO : EventManager : Event: ======'machine_var_audits_missing_switches_s_pop_bumper_2'====== Args={'value': 357, 'prev_value': None, 'change': True}
2025-03-14 22:42:05,084 : INFO : EventManager : Event: ======'machine_var_audits_missing_switches_s_pop_bumper_3'====== Args={'value': 357, 'prev_value': None, 'change': True}
2025-03-14 22:42:05,084 : INFO : EventManager : Event: ======'machine_var_audits_missing_switches_s_right_flipper'====== Args={'value': 363, 'prev_value': None, 'change': True}
2025-03-14 22:42:05,084 : INFO : EventManager : Event: ======'machine_var_audits_missing_switches_s_right_flipper_eos'====== Args={'value': 363, 'prev_value': None, 'change': True}
2025-03-14 22:42:05,084 : INFO : EventManager : Event: ======'machine_var_audits_missing_switches_s_right_inlane'====== Args={'value': 6, 'prev_value': None, 'change': True}
2025-03-14 22:42:05,084 : INFO : EventManager : Event: ======'machine_var_audits_missing_switches_s_right_inner_lane'====== Args={'value': 357, 'prev_value': None, 'change': True}
2025-03-14 22:42:05,084 : INFO : EventManager : Event: ======'machine_var_audits_missing_switches_s_right_outer_lane'====== Args={'value': 357, 'prev_value': None, 'change': True}
2025-03-14 22:42:05,084 : INFO : EventManager : Event: ======'machine_var_audits_missing_switches_s_right_outlane'====== Args={'value': 6, 'prev_value': None, 'change': True}
2025-03-14 22:42:05,084 : INFO : EventManager : Event: ======'machine_var_audits_missing_switches_s_right_sling'====== Args={'value': 363, 'prev_value': None, 'change': True}
2025-03-14 22:42:05,085 : INFO : EventManager : Event: ======'machine_var_audits_missing_switches_s_scanlan'====== Args={'value': 204, 'prev_value': None, 'change': True}
2025-03-14 22:42:05,085 : INFO : EventManager : Event: ======'machine_var_audits_missing_switches_s_trough_ball_1'====== Args={'value': 372, 'prev_value': None, 'change': True}
2025-03-14 22:42:05,085 : INFO : EventManager : Event: ======'machine_var_audits_missing_switches_s_trough_ball_2'====== Args={'value': 6, 'prev_value': None, 'change': True}
2025-03-14 22:42:05,085 : INFO : EventManager : Event: ======'machine_var_audits_missing_switches_s_trough_ball_3'====== Args={'value': 6, 'prev_value': None, 'change': True}
2025-03-14 22:42:05,085 : INFO : EventManager : Event: ======'machine_var_audits_missing_switches_s_trough_ball_4'====== Args={'value': 6, 'prev_value': None, 'change': True}
2025-03-14 22:42:05,085 : INFO : EventManager : Event: ======'machine_var_audits_missing_switches_s_trough_ball_5'====== Args={'value': 6, 'prev_value': None, 'change': True}
2025-03-14 22:42:05,085 : INFO : EventManager : Event: ======'machine_var_audits_missing_switches_s_trough_ball_6'====== Args={'value': 6, 'prev_value': None, 'change': True}
2025-03-14 22:42:05,085 : INFO : EventManager : Event: ======'machine_var_audits_missing_switches_s_trough_ball_jam'====== Args={'value': 372, 'prev_value': None, 'change': True}
2025-03-14 22:42:05,085 : INFO : EventManager : Event: ======'machine_var_audits_player_score'====== Args={'value': {'average': 0, 'top': [], 'total': 0}, 'prev_value': None, 'change': True}
2025-03-14 22:42:05,085 : INFO : EventManager : Event: ======'machine_var_audits_shots_mead_shot'====== Args={'value': 223, 'prev_value': None, 'change': True}
2025-03-14 22:42:05,086 : INFO : EventManager : Event: ======'machine_var_audits_shots_percy_shot'====== Args={'value': 56, 'prev_value': None, 'change': True}
2025-03-14 22:42:05,086 : INFO : EventManager : Event: ======'machine_var_audits_shots_scanlan_shot'====== Args={'value': 121, 'prev_value': None, 'change': True}
2025-03-14 22:42:05,086 : INFO : EventManager : Event: ======'machine_var_audits_shots_video_shot_1'====== Args={'value': 24, 'prev_value': None, 'change': True}
2025-03-14 22:42:05,086 : INFO : EventManager : Event: ======'machine_var_audits_shots_video_shot_2'====== Args={'value': 20, 'prev_value': None, 'change': True}
2025-03-14 22:42:05,086 : INFO : EventManager : Event: ======'machine_var_audits_switches_s_auto_launcher'====== Args={'value': 0, 'prev_value': None, 'change': True}
2025-03-14 22:42:05,086 : INFO : EventManager : Event: ======'machine_var_audits_switches_s_ball_drain'====== Args={'value': 0, 'prev_value': None, 'change': True}
2025-03-14 22:42:05,086 : INFO : EventManager : Event: ======'machine_var_audits_switches_s_eject_confirm'====== Args={'value': 0, 'prev_value': None, 'change': True}
2025-03-14 22:42:05,086 : INFO : EventManager : Event: ======'machine_var_audits_switches_s_flipper_left'====== Args={'value': 15, 'prev_value': None, 'change': True}
2025-03-14 22:42:05,086 : INFO : EventManager : Event: ======'machine_var_audits_switches_s_flipper_left_lower_eos'====== Args={'value': 6, 'prev_value': None, 'change': True}
2025-03-14 22:42:05,086 : INFO : EventManager : Event: ======'machine_var_audits_switches_s_flipper_left_upper_eos'====== Args={'value': 5, 'prev_value': None, 'change': True}
2025-03-14 22:42:05,086 : INFO : EventManager : Event: ======'machine_var_audits_switches_s_flipper_right'====== Args={'value': 0, 'prev_value': None, 'change': True}
2025-03-14 22:42:05,087 : INFO : EventManager : Event: ======'machine_var_audits_switches_s_flipper_right_eos'====== Args={'value': 3, 'prev_value': None, 'change': True}
2025-03-14 22:42:05,087 : INFO : EventManager : Event: ======'machine_var_audits_switches_s_launch'====== Args={'value': 0, 'prev_value': None, 'change': True}
2025-03-14 22:42:05,087 : INFO : EventManager : Event: ======'machine_var_audits_switches_s_left_flipper'====== Args={'value': 36, 'prev_value': None, 'change': True}
2025-03-14 22:42:05,087 : INFO : EventManager : Event: ======'machine_var_audits_switches_s_left_flipper_eos'====== Args={'value': 0, 'prev_value': None, 'change': True}
2025-03-14 22:42:05,087 : INFO : EventManager : Event: ======'machine_var_audits_switches_s_left_inlane'====== Args={'value': 0, 'prev_value': None, 'change': True}
2025-03-14 22:42:05,087 : INFO : EventManager : Event: ======'machine_var_audits_switches_s_left_inner_lane'====== Args={'value': 0, 'prev_value': None, 'change': True}
2025-03-14 22:42:05,087 : INFO : EventManager : Event: ======'machine_var_audits_switches_s_left_outer_lane'====== Args={'value': 0, 'prev_value': None, 'change': True}
2025-03-14 22:42:05,087 : INFO : EventManager : Event: ======'machine_var_audits_switches_s_left_outlane'====== Args={'value': 0, 'prev_value': None, 'change': True}
2025-03-14 22:42:05,087 : INFO : EventManager : Event: ======'machine_var_audits_switches_s_left_sling'====== Args={'value': 7, 'prev_value': None, 'change': True}
2025-03-14 22:42:05,087 : INFO : EventManager : Event: ======'machine_var_audits_switches_s_mead'====== Args={'value': 0, 'prev_value': None, 'change': True}
2025-03-14 22:42:05,087 : INFO : EventManager : Event: ======'machine_var_audits_switches_s_percy'====== Args={'value': 0, 'prev_value': None, 'change': True}
2025-03-14 22:42:05,088 : INFO : EventManager : Event: ======'machine_var_audits_switches_s_plunger'====== Args={'value': 12, 'prev_value': None, 'change': True}
2025-03-14 22:42:05,088 : INFO : EventManager : Event: ======'machine_var_audits_switches_s_pop_bumper_1'====== Args={'value': 0, 'prev_value': None, 'change': True}
2025-03-14 22:42:05,088 : INFO : EventManager : Event: ======'machine_var_audits_switches_s_pop_bumper_2'====== Args={'value': 0, 'prev_value': None, 'change': True}
2025-03-14 22:42:05,088 : INFO : EventManager : Event: ======'machine_var_audits_switches_s_pop_bumper_3'====== Args={'value': 0, 'prev_value': None, 'change': True}
2025-03-14 22:42:05,088 : INFO : EventManager : Event: ======'machine_var_audits_switches_s_right_flipper'====== Args={'value': 131, 'prev_value': None, 'change': True}
2025-03-14 22:42:05,088 : INFO : EventManager : Event: ======'machine_var_audits_switches_s_right_flipper_eos'====== Args={'value': 0, 'prev_value': None, 'change': True}
2025-03-14 22:42:05,088 : INFO : EventManager : Event: ======'machine_var_audits_switches_s_right_inlane'====== Args={'value': 0, 'prev_value': None, 'change': True}
2025-03-14 22:42:05,088 : INFO : EventManager : Event: ======'machine_var_audits_switches_s_right_inner_lane'====== Args={'value': 0, 'prev_value': None, 'change': True}
2025-03-14 22:42:05,088 : INFO : EventManager : Event: ======'machine_var_audits_switches_s_right_outer_lane'====== Args={'value': 0, 'prev_value': None, 'change': True}
2025-03-14 22:42:05,091 : INFO : EventManager : Event: ======'machine_var_audits_switches_s_right_outlane'====== Args={'value': 0, 'prev_value': None, 'change': True}
2025-03-14 22:42:05,091 : INFO : EventManager : Event: ======'machine_var_audits_switches_s_right_sling'====== Args={'value': 3, 'prev_value': None, 'change': True}
2025-03-14 22:42:05,091 : INFO : EventManager : Event: ======'machine_var_audits_switches_s_scanlan'====== Args={'value': 0, 'prev_value': None, 'change': True}
2025-03-14 22:42:05,091 : INFO : EventManager : Event: ======'machine_var_audits_switches_s_start'====== Args={'value': 97, 'prev_value': None, 'change': True}
2025-03-14 22:42:05,091 : INFO : EventManager : Event: ======'machine_var_audits_switches_s_switch_2'====== Args={'value': 0, 'prev_value': None, 'change': True}
2025-03-14 22:42:05,091 : INFO : EventManager : Event: ======'machine_var_audits_switches_s_trough_ball_1'====== Args={'value': 4, 'prev_value': None, 'change': True}
2025-03-14 22:42:05,091 : INFO : EventManager : Event: ======'machine_var_audits_switches_s_trough_ball_2'====== Args={'value': 7, 'prev_value': None, 'change': True}
2025-03-14 22:42:05,092 : INFO : EventManager : Event: ======'machine_var_audits_switches_s_trough_ball_3'====== Args={'value': 4, 'prev_value': None, 'change': True}
2025-03-14 22:42:05,092 : INFO : EventManager : Event: ======'machine_var_audits_switches_s_trough_ball_4'====== Args={'value': 3, 'prev_value': None, 'change': True}
2025-03-14 22:42:05,092 : INFO : EventManager : Event: ======'machine_var_audits_switches_s_trough_ball_5'====== Args={'value': 3, 'prev_value': None, 'change': True}
2025-03-14 22:42:05,092 : INFO : EventManager : Event: ======'machine_var_audits_switches_s_trough_ball_6'====== Args={'value': 4, 'prev_value': None, 'change': True}
2025-03-14 22:42:05,092 : INFO : EventManager : Event: ======'machine_var_audits_switches_s_trough_ball_jam'====== Args={'value': 3, 'prev_value': None, 'change': True}
2025-03-14 22:42:05,092 : INFO : EventManager : Event: ======'machine_var_audits_switches_s_trough_eject_coil'====== Args={'value': 0, 'prev_value': None, 'change': True}
2025-03-14 22:42:05,093 : INFO : EventManager : Event: ======'init_phase_5'====== Args={}
2025-03-14 22:42:05,094 : INFO : EventManager : Event: ======'init_done'====== Args={}
2025-03-14 22:42:05,094 : INFO : EventManager : Event: ======'machine_reset_phase_1'====== Args={}
2025-03-14 22:42:05,097 : INFO : EventManager : Event: ======'machine_reset_phase_2'====== Args={}
2025-03-14 22:42:05,098 : INFO : EventManager : Event: ======'machine_reset_phase_3'====== Args={}
2025-03-14 22:42:05,100 : INFO : EventManager : Event: ======'reset_complete'====== Args={}
2025-03-14 22:42:05,100 : INFO : EventManager : Event: ======'mode_attract_will_start'====== Args={}
2025-03-14 22:42:05,101 : INFO : EventManager : Event: ======'mode_attract_starting'====== Args={}
2025-03-14 22:42:05,101 : INFO : Mode.attract : Started. Priority: 10
2025-03-14 22:42:05,101 : INFO : EventManager : Event: ======'modes_active_modes_changed'====== Args={}
2025-03-14 22:42:05,101 : INFO : EventManager : Event: ======'mode_attract_started'====== Args={}
2025-03-14 22:42:05,102 : INFO : EventManager : Event: ======'collecting_balls_complete'====== Args={}
2025-03-14 22:42:05,104 : INFO : Machine : Starting the main run loop with active modes: [<Mode.attract>]
2025-03-14 22:42:05,142 : INFO : SwitchController : <<<<<<< 's_flipper_right_eos' active >>>>>>>
2025-03-14 22:42:09,432 : INFO : SwitchController : <<<<<<< 's_start' active >>>>>>>
2025-03-14 22:42:09,684 : INFO : SwitchController : <<<<<<< 's_start' inactive >>>>>>>
2025-03-14 22:42:09,685 : INFO : EventManager : Event: ======'request_to_start_game'====== Args={}
2025-03-14 22:42:09,686 : INFO : EventManager : Event: ======'game_start'====== Args={'buttons': [], 'hold_time': 0.26500000001396984}
2025-03-14 22:42:09,686 : INFO : EventManager : Event: ======'mode_game_will_start'====== Args={'buttons': [], 'hold_time': 0.26500000001396984}
2025-03-14 22:42:09,687 : INFO : EventManager : Event: ======'mode_game_starting'====== Args={'buttons': [], 'hold_time': 0.26500000001396984}
2025-03-14 22:42:09,687 : INFO : EventManager : Event: ======'mode_attract_will_stop'====== Args={}
2025-03-14 22:42:09,688 : INFO : EventManager : Event: ======'mode_attract_stopping'====== Args={}
2025-03-14 22:42:09,688 : INFO : Mode.game : Started. Priority: 20
2025-03-14 22:42:09,688 : INFO : EventManager : Event: ======'modes_active_modes_changed'====== Args={}
2025-03-14 22:42:09,691 : INFO : EventManager : Event: ======'mode_game_started'====== Args={'buttons': [], 'hold_time': 0.26500000001396984}
2025-03-14 22:42:09,695 : INFO : Mode.attract : Stopped.
2025-03-14 22:42:09,695 : INFO : EventManager : Event: ======'modes_active_modes_changed'====== Args={}
2025-03-14 22:42:09,695 : INFO : EventManager : Event: ======'mode_attract_stopped'====== Args={}
2025-03-14 22:42:09,695 : INFO : EventManager : Event: ======'clear'====== Args={'key': 'attract'}
2025-03-14 22:42:09,697 : INFO : EventManager : Event: ======'game_will_start'====== Args={}
2025-03-14 22:42:09,697 : INFO : EventManager : Event: ======'game_starting'====== Args={'game': <Mode.game>}
2025-03-14 22:42:09,700 : INFO : EventManager : Unordered handler for class <Auditor> on event game_ended with priority 1. Handlers: [RegisteredHandler(callback=<bound method Auditor.disable of <Auditor>>, priority=1, kwargs={}, key=UUID('8726b565-ce73-4808-975a-f4799b3928d0'), condition=None, blocking_facility=None), RegisteredHandler(callback=<bound method Auditor._save_audits of <Auditor>>, priority=1, kwargs={}, key=UUID('595e6b57-bd06-4cde-ba2c-6c2b9101ab19'), condition=None, blocking_facility=None)]. The order of those handlers is not defined and they will be executed in random order. This might lead to race conditions and potential bugs.
2025-03-14 22:42:09,701 : INFO : EventManager : Event: ======'player_add_request'====== Args={}
2025-03-14 22:42:09,701 : INFO : EventManager : Event: ======'player_will_add'====== Args={'number': 1}
2025-03-14 22:42:09,702 : INFO : EventManager : Event: ======'player_adding'====== Args={'player': <Player 1>, 'number': 1}
2025-03-14 22:42:09,702 : INFO : EventManager : Event: ======'player_added'====== Args={'player': <Player 1>, 'num': 1}
2025-03-14 22:42:09,703 : INFO : Mode.game : Player added successfully. Total players: 1
2025-03-14 22:42:09,703 : INFO : EventManager : Event: ======'player_index'====== Args={'value': 0, 'prev_value': 0, 'change': 0, 'player_num': 1}
2025-03-14 22:42:09,703 : INFO : EventManager : Event: ======'player_number'====== Args={'value': 1, 'prev_value': 1, 'change': 0, 'player_num': 1}
2025-03-14 22:42:09,704 : INFO : EventManager : Event: ======'player_score'====== Args={'value': 0, 'prev_value': 0, 'change': 0, 'player_num': 1}
2025-03-14 22:42:09,704 : INFO : EventManager : Event: ======'game_started'====== Args={}
2025-03-14 22:42:09,715 : INFO : EventManager : Event: ======'player_turn_will_start'====== Args={'player': <Player 1>, 'number': 1}
2025-03-14 22:42:09,716 : INFO : EventManager : Event: ======'player_turn_starting'====== Args={'player': <Player 1>, 'number': 1}
2025-03-14 22:42:09,744 : INFO : EventManager : Event: ======'player_ball'====== Args={'value': 1, 'prev_value': 0, 'change': 1, 'player_num': 1}
2025-03-14 22:42:09,744 : INFO : EventManager : Event: ======'player_turn_started'====== Args={'player': <Player 1>, 'number': 1}
2025-03-14 22:42:09,745 : INFO : EventManager : Event: ======'ball_will_start'====== Args={'player': 1, 'ball': 1, 'balls_remaining': 2, 'is_extra_ball': False}
2025-03-14 22:42:09,747 : INFO : EventManager : Event: ======'ball_starting'====== Args={'player': 1, 'ball': 1, 'balls_remaining': 2, 'is_extra_ball': False}
2025-03-14 22:42:09,747 : INFO : EventManager : Event: ======'balls_in_play'====== Args={'balls': 1}
2025-03-14 22:42:09,748 : INFO : EventManager : Event: ======'ball_started'====== Args={'player': 1, 'ball': 1, 'balls_remaining': 2, 'is_extra_ball': False}
2025-03-14 22:42:09,748 : INFO : EventManager : Event: ======'mode_base_will_start'====== Args={'player': 1, 'ball': 1, 'balls_remaining': 2, 'is_extra_ball': False}
2025-03-14 22:42:09,748 : INFO : EventManager : Event: ======'mode_base_starting'====== Args={'player': 1, 'ball': 1, 'balls_remaining': 2, 'is_extra_ball': False}
2025-03-14 22:42:09,749 : INFO : Mode.base : Started. Priority: 100
2025-03-14 22:42:09,749 : INFO : EventManager : Event: ======'modes_active_modes_changed'====== Args={}
2025-03-14 22:42:09,749 : INFO : EventManager : Event: ======'mode_base_started'====== Args={'player': 1, 'ball': 1, 'balls_remaining': 2, 'is_extra_ball': False}
2025-03-14 22:42:09,749 : INFO : EventManager : Event: ======'s_plunger_active'====== Args={'priority': 0}
2025-03-14 22:42:09,749 : INFO : EventManager : Event: ======'single_player_ball_started'====== Args={}
2025-03-14 22:42:09,750 : INFO : EventManager : Event: ======'ball_start_target'====== Args={'target': 'playfield'}
2025-03-14 22:42:09,751 : INFO : ball_device.bd_plunger : Setting up player-controlled eject. Balls: 1, Target: <playfield.playfield>, player_controlled_eject_event: None
2025-03-14 22:42:09,751 : INFO : EventManager : Event: ======'balldevice_balls_available'====== Args={}
2025-03-14 22:42:09,753 : INFO : ball_device.bd_trough : State: waiting_for_target_ready
2025-03-14 22:42:09,753 : INFO : EventManager : Event: ======'balldevice_bd_trough_ball_eject_attempt'====== Args={'balls': 1, 'target': <ball_device.bd_plunger>, 'source': <ball_device.bd_trough>, 'mechanical_eject': True, 'num_attempts': 0}
2025-03-14 22:42:09,753 : INFO : ball_device.bd_plunger : State: waiting_for_ball
2025-03-14 22:42:09,754 : INFO : ball_device.bd_trough : State: ejecting
2025-03-14 22:42:09,754 : INFO : ball_device.bd_trough : Ejecting ball to <ball_device.bd_plunger>
2025-03-14 22:42:09,754 : INFO : EventManager : Event: ======'balldevice_bd_trough_ejecting_ball'====== Args={'balls': 1, 'target': <ball_device.bd_plunger>, 'source': <ball_device.bd_trough>, 'mechanical_eject': True, 'num_attempts': 0}
2025-03-14 22:42:09,755 : INFO : ball_device.bd_trough : Wait for ball to leave device
2025-03-14 22:42:09,758 : INFO : coil.c_trough_eject_coil : Pulsing Driver for 15ms (1.0 pulse_power)
2025-03-14 22:42:10,744 : INFO : SwitchController : <<<<<<< 's_start' active >>>>>>>
2025-03-14 22:42:10,744 : INFO : EventManager : Event: ======'sw_start'====== Args={}
2025-03-14 22:42:10,745 : INFO : EventManager : Event: ======'machine_var_audits_switches_s_start'====== Args={'value': 98, 'prev_value': 97, 'change': 1}
2025-03-14 22:42:10,747 : INFO : EventManager : Event: ======'player_add_request'====== Args={}
2025-03-14 22:42:10,747 : INFO : EventManager : Event: ======'player_will_add'====== Args={'number': 2}
2025-03-14 22:42:10,752 : INFO : EventManager : Event: ======'player_adding'====== Args={'player': <Player 2>, 'number': 2}
2025-03-14 22:42:10,752 : INFO : EventManager : Event: ======'player_added'====== Args={'player': <Player 2>, 'num': 2}
2025-03-14 22:42:10,752 : INFO : Mode.game : Player added successfully. Total players: 2
2025-03-14 22:42:10,753 : INFO : EventManager : Event: ======'multiplayer_game'====== Args={}
2025-03-14 22:42:10,753 : INFO : EventManager : Event: ======'player_index'====== Args={'value': 1, 'prev_value': 1, 'change': 0, 'player_num': 2}
2025-03-14 22:42:10,753 : INFO : EventManager : Event: ======'player_number'====== Args={'value': 2, 'prev_value': 2, 'change': 0, 'player_num': 2}
2025-03-14 22:42:10,754 : INFO : EventManager : Event: ======'player_score'====== Args={'value': 0, 'prev_value': 0, 'change': 0, 'player_num': 2}
2025-03-14 22:42:10,962 : INFO : SwitchController : <<<<<<< 's_start' inactive >>>>>>>
2025-03-14 22:42:11,459 : INFO : SwitchController : <<<<<<< 's_start' active >>>>>>>
2025-03-14 22:42:11,460 : INFO : EventManager : Event: ======'sw_start'====== Args={}
2025-03-14 22:42:11,460 : INFO : EventManager : Event: ======'machine_var_audits_switches_s_start'====== Args={'value': 99, 'prev_value': 98, 'change': 1}
2025-03-14 22:42:11,460 : INFO : EventManager : Event: ======'player_add_request'====== Args={}
2025-03-14 22:42:11,460 : INFO : EventManager : Event: ======'player_will_add'====== Args={'number': 3}
2025-03-14 22:42:11,460 : INFO : EventManager : Event: ======'player_adding'====== Args={'player': <Player 3>, 'number': 3}
2025-03-14 22:42:11,461 : INFO : EventManager : Event: ======'player_added'====== Args={'player': <Player 3>, 'num': 3}
2025-03-14 22:42:11,461 : INFO : Mode.game : Player added successfully. Total players: 3
2025-03-14 22:42:11,461 : INFO : EventManager : Event: ======'player_index'====== Args={'value': 2, 'prev_value': 2, 'change': 0, 'player_num': 3}
2025-03-14 22:42:11,461 : INFO : EventManager : Event: ======'player_number'====== Args={'value': 3, 'prev_value': 3, 'change': 0, 'player_num': 3}
2025-03-14 22:42:11,461 : INFO : EventManager : Event: ======'player_score'====== Args={'value': 0, 'prev_value': 0, 'change': 0, 'player_num': 3}
2025-03-14 22:42:11,662 : INFO : SwitchController : <<<<<<< 's_start' inactive >>>>>>>
2025-03-14 22:42:11,805 : INFO : SwitchController : <<<<<<< 's_start' active >>>>>>>
2025-03-14 22:42:11,806 : INFO : EventManager : Event: ======'sw_start'====== Args={}
2025-03-14 22:42:11,806 : INFO : EventManager : Event: ======'machine_var_audits_switches_s_start'====== Args={'value': 100, 'prev_value': 99, 'change': 1}
2025-03-14 22:42:11,806 : INFO : EventManager : Event: ======'player_add_request'====== Args={}
2025-03-14 22:42:11,806 : INFO : EventManager : Event: ======'player_will_add'====== Args={'number': 4}
2025-03-14 22:42:11,806 : INFO : EventManager : Event: ======'player_adding'====== Args={'player': <Player 4>, 'number': 4}
2025-03-14 22:42:11,806 : INFO : EventManager : Event: ======'player_added'====== Args={'player': <Player 4>, 'num': 4}
2025-03-14 22:42:11,806 : INFO : Mode.game : Player added successfully. Total players: 4
2025-03-14 22:42:11,807 : INFO : EventManager : Event: ======'player_index'====== Args={'value': 3, 'prev_value': 3, 'change': 0, 'player_num': 4}
2025-03-14 22:42:11,807 : INFO : EventManager : Event: ======'player_number'====== Args={'value': 4, 'prev_value': 4, 'change': 0, 'player_num': 4}
2025-03-14 22:42:11,807 : INFO : EventManager : Event: ======'player_score'====== Args={'value': 0, 'prev_value': 0, 'change': 0, 'player_num': 4}
2025-03-14 22:42:11,973 : INFO : SwitchController : <<<<<<< 's_start' inactive >>>>>>>
2025-03-14 22:42:12,098 : INFO : SwitchController : <<<<<<< 's_start' active >>>>>>>
2025-03-14 22:42:12,099 : INFO : EventManager : Event: ======'sw_start'====== Args={}
2025-03-14 22:42:12,099 : INFO : EventManager : Event: ======'machine_var_audits_switches_s_start'====== Args={'value': 101, 'prev_value': 100, 'change': 1}
2025-03-14 22:42:12,411 : INFO : SwitchController : <<<<<<< 's_start' inactive >>>>>>>
2025-03-14 22:42:12,535 : INFO : SwitchController : <<<<<<< 's_start' active >>>>>>>
2025-03-14 22:42:12,535 : INFO : EventManager : Event: ======'sw_start'====== Args={}
2025-03-14 22:42:12,535 : INFO : EventManager : Event: ======'machine_var_audits_switches_s_start'====== Args={'value': 102, 'prev_value': 101, 'change': 1}
2025-03-14 22:42:12,706 : INFO : SwitchController : <<<<<<< 's_start' inactive >>>>>>>
2025-03-14 22:42:19,751 : INFO : ball_device.bd_trough : State: eject_broken
2025-03-14 22:42:19,751 : INFO : EventManager : Event: ======'balldevice_bd_trough_ball_eject_failed'====== Args={'target': <ball_device.bd_plunger>, 'balls': 1, 'retry': False, 'num_attempts': 1}
2025-03-14 22:42:19,753 : INFO : EventManager : Event: ======'balldevice_bd_trough_broken'====== Args={}
2025-03-14 22:42:45,433 : INFO : SwitchController : <<<<<<< 's_flipper_right_eos' inactive >>>>>>>
2025-03-14 22:45:26,899 : INFO : Machine : Shutting down...
2025-03-14 22:45:26,900 : INFO : EventManager : Event: ======'shutdown'====== Args={}
2025-03-14 22:45:26,901 : INFO : EventManager : Event: ======'mode_game_will_stop'====== Args={}
2025-03-14 22:45:26,901 : INFO : EventManager : Event: ======'mode_game_stopping'====== Args={}
2025-03-14 22:45:26,902 : INFO : EventManager : Event: ======'mode_base_will_stop'====== Args={}
2025-03-14 22:45:26,902 : INFO : EventManager : Event: ======'mode_base_stopping'====== Args={}
2025-03-14 22:45:26,903 : INFO : Mode.base : Stopped.
2025-03-14 22:45:26,903 : INFO : EventManager : Event: ======'modes_active_modes_changed'====== Args={}
2025-03-14 22:45:26,903 : INFO : EventManager : Event: ======'mode_base_stopped'====== Args={}
2025-03-14 22:45:26,903 : INFO : EventManager : Event: ======'clear'====== Args={'key': 'base'}
2025-03-14 22:45:26,904 : INFO : Mode.game : Stopped.
2025-03-14 22:45:26,904 : INFO : EventManager : Event: ======'modes_active_modes_changed'====== Args={}
2025-03-14 22:45:26,904 : INFO : EventManager : Event: ======'mode_game_stopped'====== Args={}
2025-03-14 22:45:26,904 : INFO : EventManager : Event: ======'clear'====== Args={'key': 'game'}
2025-03-14 22:45:27,009 : INFO : root : MPF run loop ended.
