2025-03-14 23:25:33,939 : INFO : root : Loading config.
2025-03-14 23:25:33,952 : INFO : YamlMultifileConfigLoader : Machine config file #1: config.yaml
2025-03-14 23:25:33,953 : WARNING : ConfigProcessor : Config file in cache changed: C:\Users\User\Desktop\fast_homebrew_godot_v2\fast_homebrew_godot_v2\config\config.yaml
2025-03-14 23:25:33,953 : INFO : ConfigProcessor : Loading config from file C:\Users\User\AppData\Local\Programs\Python\Python312\Lib\site-packages\mpf\mpfconfig.yaml.
2025-03-14 23:25:33,988 : INFO : ConfigProcessor : Loading config: C:\Users\User\AppData\Local\Programs\Python\Python312\Lib\site-packages\mpf\mpfconfig.yaml
2025-03-14 23:25:33,990 : INFO : ConfigProcessor : Loading config from file C:\Users\User\Desktop\fast_homebrew_godot_v2\fast_homebrew_godot_v2\config\config.yaml.
2025-03-14 23:25:33,996 : INFO : ConfigProcessor : Loading config: C:\Users\User\Desktop\fast_homebrew_godot_v2\fast_homebrew_godot_v2\config\config.yaml
2025-03-14 23:25:34,000 : INFO : ConfigProcessor : Loading config: C:\Users\User\Desktop\fast_homebrew_godot_v2\fast_homebrew_godot_v2\config\lights.yaml
2025-03-14 23:25:34,003 : INFO : ConfigProcessor : Loading config: C:\Users\User\Desktop\fast_homebrew_godot_v2\fast_homebrew_godot_v2\config\coils.yaml
2025-03-14 23:25:34,007 : INFO : ConfigProcessor : Loading config: C:\Users\User\Desktop\fast_homebrew_godot_v2\fast_homebrew_godot_v2\config\switches.yaml
2025-03-14 23:25:34,015 : INFO : ConfigProcessor : Loading config: C:\Users\User\Desktop\fast_homebrew_godot_v2\fast_homebrew_godot_v2\config\images.yaml
2025-03-14 23:25:34,017 : INFO : ConfigProcessor : Loading config: C:\Users\User\Desktop\fast_homebrew_godot_v2\fast_homebrew_godot_v2\config\videos.yaml
2025-03-14 23:25:34,020 : INFO : ConfigProcessor : Config file cache created: C:\Users\User\AppData\Local\Temp\5682b9bdeb2b9ad8a31c13560e038609.mpf_cache
2025-03-14 23:25:34,278 : INFO : ConfigProcessor : Loading config from cache: C:\Users\User\AppData\Local\Temp\8422c6572f827355f8aade1949d04025.mpf_cache
2025-03-14 23:25:34,280 : INFO : ConfigProcessor : Loading config from cache: C:\Users\User\AppData\Local\Temp\1c0e7e9816717d8e62c4728dfe372999.mpf_cache
2025-03-14 23:25:34,282 : INFO : ConfigProcessor : Loading config from cache: C:\Users\User\AppData\Local\Temp\e3e8065d662ad307fa9574659e7e4e8e.mpf_cache
2025-03-14 23:25:34,284 : INFO : ConfigProcessor : Loading config from cache: C:\Users\User\AppData\Local\Temp\8422c6572f827355f8aade1949d04025.mpf_cache
2025-03-14 23:25:34,286 : INFO : Machine : Mission Pinball Framework Core Engine v0.80.0.dev6
2025-03-14 23:25:34,286 : INFO : Machine : Command line arguments: {'no_load_cache': False, 'create_config_cache': True, 'bcp': False, 'configfile': ['config.yaml'], 'force_assets_load': False, 'platform_integration_test': False, 'jsonlogging': False, 'logfile': 'logs\\2025-03-14-23-25-33-mpf-BERNIE.log', 'pause': False, 'production': False, 'text_ui': False, 'loglevel': 15, 'consoleloglevel': 20, 'force_platform': None, 'syslog_address': None, 'full_logfile_path': 'C:\\Users\\User\\Desktop\\fast_homebrew_godot_v2\\fast_homebrew_godot_v2\\logs\\2025-03-14-23-25-33-mpf-BERNIE.log'}
2025-03-14 23:25:34,287 : INFO : Machine : MPF path: C:\Users\User\AppData\Local\Programs\Python\Python312\Lib\site-packages\mpf
2025-03-14 23:25:34,287 : INFO : Machine : Machine path: C:\Users\User\Desktop\fast_homebrew_godot_v2\fast_homebrew_godot_v2
2025-03-14 23:25:34,287 : INFO : Machine : Platform: win32
2025-03-14 23:25:34,287 : INFO : Machine : Python executable location: C:\Users\User\AppData\Local\Programs\Python\Python312\python.exe
2025-03-14 23:25:34,287 : INFO : Machine : Python version: 3.12.3 (64-bit)
2025-03-14 23:25:34,292 : INFO : Machine : Initializing MPF...
2025-03-14 23:25:34,556 : INFO : FAST : Auto-detecting ports for the following connections: ['net']
2025-03-14 23:25:34,608 : INFO : FAST : Detected NET on port COM5
2025-03-14 23:25:34,721 : INFO : FAST [NET] : Trying to connect to COM5 at 921600bps
2025-03-14 23:25:34,729 : INFO : FAST [NET] : Connected to COM5 at 921600bps
2025-03-14 23:25:34,734 : INFO : FAST [NET] : Connected to FP-CPU-2000 with firmware v02.26
2025-03-14 23:25:34,765 : INFO : FAST [NET] : Registered I/O Board 0: Model: FP-I/O-3208, Firmware: 01.10, Switches: 32, Drivers: 8
2025-03-14 23:25:34,766 : INFO : EventManager : Event: ======'machine_var_credits_string'====== Args={'value': 'FREE PLAY', 'prev_value': None, 'change': True}
2025-03-14 23:25:34,837 : INFO : EventManager : Event: ======'machine_var_master_volume'====== Args={'value': 0.5, 'prev_value': None, 'change': True}
2025-03-14 23:25:34,837 : INFO : EventManager : Event: ======'machine_var_mpf_version'====== Args={'value': 'Mission Pinball Framework v0.80.0.dev6', 'prev_value': None, 'change': True}
2025-03-14 23:25:34,837 : INFO : EventManager : Event: ======'machine_var_mpf_extended_version'====== Args={'value': 'Mission Pinball Framework v0.80.0.dev6, Config version:6, Show version: 6, BCP version:1.1', 'prev_value': None, 'change': True}
2025-03-14 23:25:34,838 : INFO : EventManager : Event: ======'machine_var_python_version'====== Args={'value': '3.12.3', 'prev_value': None, 'change': True}
2025-03-14 23:25:35,029 : INFO : EventManager : Event: ======'machine_var_platform'====== Args={'value': 'Windows-11-10.0.22631-SP0', 'prev_value': None, 'change': True}
2025-03-14 23:25:35,029 : INFO : EventManager : Event: ======'machine_var_platform_system'====== Args={'value': 'Windows', 'prev_value': None, 'change': True}
2025-03-14 23:25:35,029 : INFO : EventManager : Event: ======'machine_var_platform_release'====== Args={'value': '11', 'prev_value': None, 'change': True}
2025-03-14 23:25:35,030 : INFO : EventManager : Event: ======'machine_var_platform_version'====== Args={'value': '10.0.22631', 'prev_value': None, 'change': True}
2025-03-14 23:25:35,030 : INFO : EventManager : Event: ======'machine_var_platform_machine'====== Args={'value': 'AMD64', 'prev_value': None, 'change': True}
2025-03-14 23:25:35,030 : INFO : EventManager : Event: ======'machine_var_log_file_path'====== Args={'value': 'C:\\Users\\User\\Desktop\\fast_homebrew_godot_v2\\fast_homebrew_godot_v2\\logs\\2025-03-14-23-25-33-mpf-BERNIE.log', 'prev_value': None, 'change': True}
2025-03-14 23:25:35,030 : INFO : EventManager : Event: ======'init_phase_1'====== Args={}
2025-03-14 23:25:37,595 : INFO : SwitchController : <<<<<<< 's_trough_ball_jam' active >>>>>>>
2025-03-14 23:25:37,596 : INFO : SwitchController : <<<<<<< 's_trough_ball_1' active >>>>>>>
2025-03-14 23:25:37,596 : INFO : SwitchController : <<<<<<< 's_flipper_right' active >>>>>>>
2025-03-14 23:25:37,596 : INFO : SwitchController : <<<<<<< 's_eject_confirm' active >>>>>>>
2025-03-14 23:25:37,596 : INFO : EventManager : Event: ======'init_phase_2'====== Args={}
2025-03-14 23:25:37,596 : INFO : SwitchController : Found active switch: (6, [FAST Platform Interface]) <switch.s_trough_ball_jam>
2025-03-14 23:25:37,597 : INFO : SwitchController : Found active switch: (0, [FAST Platform Interface]) <switch.s_trough_ball_1>
2025-03-14 23:25:37,597 : INFO : SwitchController : Found active switch: (31, [FAST Platform Interface]) <switch.s_flipper_right>
2025-03-14 23:25:37,597 : INFO : SwitchController : Found active switch: (21, [FAST Platform Interface]) <switch.s_eject_confirm>
2025-03-14 23:25:38,092 : INFO : ball_device.bd_trough : BCH: Initial count: 1
2025-03-14 23:25:38,093 : INFO : ball_device.bd_trough : State: idle
2025-03-14 23:25:38,093 : INFO : ball_device.bd_plunger : BCH: Initial count: 0
2025-03-14 23:25:38,094 : INFO : ball_device.bd_plunger : State: idle
2025-03-14 23:25:38,124 : INFO : EventManager : Event: ======'init_phase_3'====== Args={}
2025-03-14 23:25:38,129 : INFO : EventManager : Event: ======'init_phase_4'====== Args={}
2025-03-14 23:25:38,132 : INFO : BallController : Initial balls found: 1
2025-03-14 23:25:38,134 : INFO : EventManager : Event: ======'machine_var_audits_events_game_ended'====== Args={'value': 0, 'prev_value': None, 'change': True}
2025-03-14 23:25:38,135 : INFO : EventManager : Event: ======'machine_var_audits_events_game_started'====== Args={'value': 406, 'prev_value': None, 'change': True}
2025-03-14 23:25:38,135 : INFO : EventManager : Event: ======'machine_var_audits_missing_switches_s_eject_confirm'====== Args={'value': 9, 'prev_value': None, 'change': True}
2025-03-14 23:25:38,135 : INFO : EventManager : Event: ======'machine_var_audits_missing_switches_s_flipper_left'====== Args={'value': 10, 'prev_value': None, 'change': True}
2025-03-14 23:25:38,135 : INFO : EventManager : Event: ======'machine_var_audits_missing_switches_s_flipper_left_lower_eos'====== Args={'value': 10, 'prev_value': None, 'change': True}
2025-03-14 23:25:38,135 : INFO : EventManager : Event: ======'machine_var_audits_missing_switches_s_flipper_left_upper_eos'====== Args={'value': 10, 'prev_value': None, 'change': True}
2025-03-14 23:25:38,135 : INFO : EventManager : Event: ======'machine_var_audits_missing_switches_s_flipper_right'====== Args={'value': 17, 'prev_value': None, 'change': True}
2025-03-14 23:25:38,135 : INFO : EventManager : Event: ======'machine_var_audits_missing_switches_s_flipper_right_eos'====== Args={'value': 14, 'prev_value': None, 'change': True}
2025-03-14 23:25:38,135 : INFO : EventManager : Event: ======'machine_var_audits_missing_switches_s_launch'====== Args={'value': 6, 'prev_value': None, 'change': True}
2025-03-14 23:25:38,135 : INFO : EventManager : Event: ======'machine_var_audits_missing_switches_s_left_flipper'====== Args={'value': 363, 'prev_value': None, 'change': True}
2025-03-14 23:25:38,135 : INFO : EventManager : Event: ======'machine_var_audits_missing_switches_s_left_flipper_eos'====== Args={'value': 363, 'prev_value': None, 'change': True}
2025-03-14 23:25:38,136 : INFO : EventManager : Event: ======'machine_var_audits_missing_switches_s_left_inlane'====== Args={'value': 6, 'prev_value': None, 'change': True}
2025-03-14 23:25:38,136 : INFO : EventManager : Event: ======'machine_var_audits_missing_switches_s_left_inner_lane'====== Args={'value': 357, 'prev_value': None, 'change': True}
2025-03-14 23:25:38,136 : INFO : EventManager : Event: ======'machine_var_audits_missing_switches_s_left_outer_lane'====== Args={'value': 153, 'prev_value': None, 'change': True}
2025-03-14 23:25:38,136 : INFO : EventManager : Event: ======'machine_var_audits_missing_switches_s_left_outlane'====== Args={'value': 6, 'prev_value': None, 'change': True}
2025-03-14 23:25:38,136 : INFO : EventManager : Event: ======'machine_var_audits_missing_switches_s_left_sling'====== Args={'value': 363, 'prev_value': None, 'change': True}
2025-03-14 23:25:38,136 : INFO : EventManager : Event: ======'machine_var_audits_missing_switches_s_mead'====== Args={'value': 267, 'prev_value': None, 'change': True}
2025-03-14 23:25:38,136 : INFO : EventManager : Event: ======'machine_var_audits_missing_switches_s_percy'====== Args={'value': 85, 'prev_value': None, 'change': True}
2025-03-14 23:25:38,136 : INFO : EventManager : Event: ======'machine_var_audits_missing_switches_s_plunger'====== Args={'value': 14, 'prev_value': None, 'change': True}
2025-03-14 23:25:38,136 : INFO : EventManager : Event: ======'machine_var_audits_missing_switches_s_pop_bumper_1'====== Args={'value': 357, 'prev_value': None, 'change': True}
2025-03-14 23:25:38,136 : INFO : EventManager : Event: ======'machine_var_audits_missing_switches_s_pop_bumper_2'====== Args={'value': 357, 'prev_value': None, 'change': True}
2025-03-14 23:25:38,137 : INFO : EventManager : Event: ======'machine_var_audits_missing_switches_s_pop_bumper_3'====== Args={'value': 357, 'prev_value': None, 'change': True}
2025-03-14 23:25:38,137 : INFO : EventManager : Event: ======'machine_var_audits_missing_switches_s_right_flipper'====== Args={'value': 363, 'prev_value': None, 'change': True}
2025-03-14 23:25:38,137 : INFO : EventManager : Event: ======'machine_var_audits_missing_switches_s_right_flipper_eos'====== Args={'value': 363, 'prev_value': None, 'change': True}
2025-03-14 23:25:38,137 : INFO : EventManager : Event: ======'machine_var_audits_missing_switches_s_right_inlane'====== Args={'value': 6, 'prev_value': None, 'change': True}
2025-03-14 23:25:38,137 : INFO : EventManager : Event: ======'machine_var_audits_missing_switches_s_right_inner_lane'====== Args={'value': 357, 'prev_value': None, 'change': True}
2025-03-14 23:25:38,137 : INFO : EventManager : Event: ======'machine_var_audits_missing_switches_s_right_outer_lane'====== Args={'value': 357, 'prev_value': None, 'change': True}
2025-03-14 23:25:38,137 : INFO : EventManager : Event: ======'machine_var_audits_missing_switches_s_right_outlane'====== Args={'value': 6, 'prev_value': None, 'change': True}
2025-03-14 23:25:38,137 : INFO : EventManager : Event: ======'machine_var_audits_missing_switches_s_right_sling'====== Args={'value': 363, 'prev_value': None, 'change': True}
2025-03-14 23:25:38,137 : INFO : EventManager : Event: ======'machine_var_audits_missing_switches_s_scanlan'====== Args={'value': 204, 'prev_value': None, 'change': True}
2025-03-14 23:25:38,137 : INFO : EventManager : Event: ======'machine_var_audits_missing_switches_s_trough_ball_1'====== Args={'value': 380, 'prev_value': None, 'change': True}
2025-03-14 23:25:38,138 : INFO : EventManager : Event: ======'machine_var_audits_missing_switches_s_trough_ball_2'====== Args={'value': 14, 'prev_value': None, 'change': True}
2025-03-14 23:25:38,138 : INFO : EventManager : Event: ======'machine_var_audits_missing_switches_s_trough_ball_3'====== Args={'value': 14, 'prev_value': None, 'change': True}
2025-03-14 23:25:38,138 : INFO : EventManager : Event: ======'machine_var_audits_missing_switches_s_trough_ball_4'====== Args={'value': 14, 'prev_value': None, 'change': True}
2025-03-14 23:25:38,138 : INFO : EventManager : Event: ======'machine_var_audits_missing_switches_s_trough_ball_5'====== Args={'value': 14, 'prev_value': None, 'change': True}
2025-03-14 23:25:38,138 : INFO : EventManager : Event: ======'machine_var_audits_missing_switches_s_trough_ball_6'====== Args={'value': 14, 'prev_value': None, 'change': True}
2025-03-14 23:25:38,138 : INFO : EventManager : Event: ======'machine_var_audits_missing_switches_s_trough_ball_jam'====== Args={'value': 380, 'prev_value': None, 'change': True}
2025-03-14 23:25:38,138 : INFO : EventManager : Event: ======'machine_var_audits_player_score'====== Args={'value': {'average': 0, 'top': [], 'total': 0}, 'prev_value': None, 'change': True}
2025-03-14 23:25:38,138 : INFO : EventManager : Event: ======'machine_var_audits_shots_mead_shot'====== Args={'value': 223, 'prev_value': None, 'change': True}
2025-03-14 23:25:38,138 : INFO : EventManager : Event: ======'machine_var_audits_shots_percy_shot'====== Args={'value': 56, 'prev_value': None, 'change': True}
2025-03-14 23:25:38,138 : INFO : EventManager : Event: ======'machine_var_audits_shots_scanlan_shot'====== Args={'value': 121, 'prev_value': None, 'change': True}
2025-03-14 23:25:38,138 : INFO : EventManager : Event: ======'machine_var_audits_shots_video_shot_1'====== Args={'value': 24, 'prev_value': None, 'change': True}
2025-03-14 23:25:38,138 : INFO : EventManager : Event: ======'machine_var_audits_shots_video_shot_2'====== Args={'value': 20, 'prev_value': None, 'change': True}
2025-03-14 23:25:38,138 : INFO : EventManager : Event: ======'machine_var_audits_switches_s_auto_launcher'====== Args={'value': 0, 'prev_value': None, 'change': True}
2025-03-14 23:25:38,138 : INFO : EventManager : Event: ======'machine_var_audits_switches_s_ball_drain'====== Args={'value': 0, 'prev_value': None, 'change': True}
2025-03-14 23:25:38,138 : INFO : EventManager : Event: ======'machine_var_audits_switches_s_eject_confirm'====== Args={'value': 0, 'prev_value': None, 'change': True}
2025-03-14 23:25:38,138 : INFO : EventManager : Event: ======'machine_var_audits_switches_s_flipper_left'====== Args={'value': 15, 'prev_value': None, 'change': True}
2025-03-14 23:25:38,140 : INFO : EventManager : Event: ======'machine_var_audits_switches_s_flipper_left_lower_eos'====== Args={'value': 6, 'prev_value': None, 'change': True}
2025-03-14 23:25:38,140 : INFO : EventManager : Event: ======'machine_var_audits_switches_s_flipper_left_upper_eos'====== Args={'value': 5, 'prev_value': None, 'change': True}
2025-03-14 23:25:38,140 : INFO : EventManager : Event: ======'machine_var_audits_switches_s_flipper_right'====== Args={'value': 0, 'prev_value': None, 'change': True}
2025-03-14 23:25:38,140 : INFO : EventManager : Event: ======'machine_var_audits_switches_s_flipper_right_eos'====== Args={'value': 3, 'prev_value': None, 'change': True}
2025-03-14 23:25:38,140 : INFO : EventManager : Event: ======'machine_var_audits_switches_s_launch'====== Args={'value': 0, 'prev_value': None, 'change': True}
2025-03-14 23:25:38,140 : INFO : EventManager : Event: ======'machine_var_audits_switches_s_left_flipper'====== Args={'value': 36, 'prev_value': None, 'change': True}
2025-03-14 23:25:38,142 : INFO : EventManager : Event: ======'machine_var_audits_switches_s_left_flipper_eos'====== Args={'value': 0, 'prev_value': None, 'change': True}
2025-03-14 23:25:38,142 : INFO : EventManager : Event: ======'machine_var_audits_switches_s_left_inlane'====== Args={'value': 0, 'prev_value': None, 'change': True}
2025-03-14 23:25:38,143 : INFO : EventManager : Event: ======'machine_var_audits_switches_s_left_inner_lane'====== Args={'value': 0, 'prev_value': None, 'change': True}
2025-03-14 23:25:38,145 : INFO : EventManager : Event: ======'machine_var_audits_switches_s_left_outer_lane'====== Args={'value': 0, 'prev_value': None, 'change': True}
2025-03-14 23:25:38,145 : INFO : EventManager : Event: ======'machine_var_audits_switches_s_left_outlane'====== Args={'value': 0, 'prev_value': None, 'change': True}
2025-03-14 23:25:38,145 : INFO : EventManager : Event: ======'machine_var_audits_switches_s_left_sling'====== Args={'value': 7, 'prev_value': None, 'change': True}
2025-03-14 23:25:38,145 : INFO : EventManager : Event: ======'machine_var_audits_switches_s_mead'====== Args={'value': 0, 'prev_value': None, 'change': True}
2025-03-14 23:25:38,145 : INFO : EventManager : Event: ======'machine_var_audits_switches_s_percy'====== Args={'value': 0, 'prev_value': None, 'change': True}
2025-03-14 23:25:38,145 : INFO : EventManager : Event: ======'machine_var_audits_switches_s_plunger'====== Args={'value': 12, 'prev_value': None, 'change': True}
2025-03-14 23:25:38,145 : INFO : EventManager : Event: ======'machine_var_audits_switches_s_pop_bumper_1'====== Args={'value': 0, 'prev_value': None, 'change': True}
2025-03-14 23:25:38,145 : INFO : EventManager : Event: ======'machine_var_audits_switches_s_pop_bumper_2'====== Args={'value': 0, 'prev_value': None, 'change': True}
2025-03-14 23:25:38,146 : INFO : EventManager : Event: ======'machine_var_audits_switches_s_pop_bumper_3'====== Args={'value': 0, 'prev_value': None, 'change': True}
2025-03-14 23:25:38,146 : INFO : EventManager : Event: ======'machine_var_audits_switches_s_right_flipper'====== Args={'value': 131, 'prev_value': None, 'change': True}
2025-03-14 23:25:38,146 : INFO : EventManager : Event: ======'machine_var_audits_switches_s_right_flipper_eos'====== Args={'value': 0, 'prev_value': None, 'change': True}
2025-03-14 23:25:38,146 : INFO : EventManager : Event: ======'machine_var_audits_switches_s_right_inlane'====== Args={'value': 0, 'prev_value': None, 'change': True}
2025-03-14 23:25:38,146 : INFO : EventManager : Event: ======'machine_var_audits_switches_s_right_inner_lane'====== Args={'value': 0, 'prev_value': None, 'change': True}
2025-03-14 23:25:38,146 : INFO : EventManager : Event: ======'machine_var_audits_switches_s_right_outer_lane'====== Args={'value': 0, 'prev_value': None, 'change': True}
2025-03-14 23:25:38,146 : INFO : EventManager : Event: ======'machine_var_audits_switches_s_right_outlane'====== Args={'value': 0, 'prev_value': None, 'change': True}
2025-03-14 23:25:38,146 : INFO : EventManager : Event: ======'machine_var_audits_switches_s_right_sling'====== Args={'value': 3, 'prev_value': None, 'change': True}
2025-03-14 23:25:38,146 : INFO : EventManager : Event: ======'machine_var_audits_switches_s_scanlan'====== Args={'value': 0, 'prev_value': None, 'change': True}
2025-03-14 23:25:38,146 : INFO : EventManager : Event: ======'machine_var_audits_switches_s_start'====== Args={'value': 123, 'prev_value': None, 'change': True}
2025-03-14 23:25:38,147 : INFO : EventManager : Event: ======'machine_var_audits_switches_s_switch_2'====== Args={'value': 0, 'prev_value': None, 'change': True}
2025-03-14 23:25:38,147 : INFO : EventManager : Event: ======'machine_var_audits_switches_s_trough_ball_1'====== Args={'value': 4, 'prev_value': None, 'change': True}
2025-03-14 23:25:38,147 : INFO : EventManager : Event: ======'machine_var_audits_switches_s_trough_ball_2'====== Args={'value': 7, 'prev_value': None, 'change': True}
2025-03-14 23:25:38,147 : INFO : EventManager : Event: ======'machine_var_audits_switches_s_trough_ball_3'====== Args={'value': 4, 'prev_value': None, 'change': True}
2025-03-14 23:25:38,147 : INFO : EventManager : Event: ======'machine_var_audits_switches_s_trough_ball_4'====== Args={'value': 3, 'prev_value': None, 'change': True}
2025-03-14 23:25:38,147 : INFO : EventManager : Event: ======'machine_var_audits_switches_s_trough_ball_5'====== Args={'value': 3, 'prev_value': None, 'change': True}
2025-03-14 23:25:38,147 : INFO : EventManager : Event: ======'machine_var_audits_switches_s_trough_ball_6'====== Args={'value': 4, 'prev_value': None, 'change': True}
2025-03-14 23:25:38,148 : INFO : EventManager : Event: ======'machine_var_audits_switches_s_trough_ball_jam'====== Args={'value': 3, 'prev_value': None, 'change': True}
2025-03-14 23:25:38,148 : INFO : EventManager : Event: ======'machine_var_audits_switches_s_trough_eject_coil'====== Args={'value': 0, 'prev_value': None, 'change': True}
2025-03-14 23:25:38,149 : INFO : EventManager : Event: ======'init_phase_5'====== Args={}
2025-03-14 23:25:38,150 : INFO : EventManager : Event: ======'init_done'====== Args={}
2025-03-14 23:25:38,150 : INFO : EventManager : Event: ======'machine_reset_phase_1'====== Args={}
2025-03-14 23:25:38,150 : INFO : EventManager : Event: ======'machine_reset_phase_2'====== Args={}
2025-03-14 23:25:38,151 : INFO : EventManager : Event: ======'machine_reset_phase_3'====== Args={}
2025-03-14 23:25:38,152 : INFO : EventManager : Event: ======'reset_complete'====== Args={}
2025-03-14 23:25:38,153 : INFO : EventManager : Event: ======'mode_attract_will_start'====== Args={}
2025-03-14 23:25:38,154 : INFO : EventManager : Event: ======'mode_attract_starting'====== Args={}
2025-03-14 23:25:38,154 : INFO : Mode.attract : Started. Priority: 10
2025-03-14 23:25:38,154 : INFO : EventManager : Event: ======'modes_active_modes_changed'====== Args={}
2025-03-14 23:25:38,154 : INFO : EventManager : Event: ======'mode_attract_started'====== Args={}
2025-03-14 23:25:38,154 : INFO : EventManager : Event: ======'collecting_balls_complete'====== Args={}
2025-03-14 23:25:38,157 : INFO : Machine : Starting the main run loop with active modes: [<Mode.attract>]
2025-03-14 23:25:38,187 : INFO : SwitchController : <<<<<<< 's_flipper_right_eos' active >>>>>>>
2025-03-14 23:25:41,785 : INFO : SwitchController : <<<<<<< 's_start' active >>>>>>>
2025-03-14 23:25:42,314 : INFO : SwitchController : <<<<<<< 's_start' inactive >>>>>>>
2025-03-14 23:25:42,314 : INFO : EventManager : Event: ======'request_to_start_game'====== Args={}
2025-03-14 23:25:42,314 : INFO : EventManager : Event: ======'game_start'====== Args={'buttons': [], 'hold_time': 0.5309999999590218}
2025-03-14 23:25:42,315 : INFO : EventManager : Event: ======'mode_game_will_start'====== Args={'buttons': [], 'hold_time': 0.5309999999590218}
2025-03-14 23:25:42,315 : INFO : EventManager : Event: ======'mode_game_starting'====== Args={'buttons': [], 'hold_time': 0.5309999999590218}
2025-03-14 23:25:42,315 : INFO : EventManager : Event: ======'mode_attract_will_stop'====== Args={}
2025-03-14 23:25:42,315 : INFO : EventManager : Event: ======'mode_attract_stopping'====== Args={}
2025-03-14 23:25:42,316 : INFO : Mode.game : Started. Priority: 20
2025-03-14 23:25:42,316 : INFO : EventManager : Event: ======'modes_active_modes_changed'====== Args={}
2025-03-14 23:25:42,316 : INFO : EventManager : Event: ======'mode_game_started'====== Args={'buttons': [], 'hold_time': 0.5309999999590218}
2025-03-14 23:25:42,316 : INFO : Mode.attract : Stopped.
2025-03-14 23:25:42,316 : INFO : EventManager : Event: ======'modes_active_modes_changed'====== Args={}
2025-03-14 23:25:42,316 : INFO : EventManager : Event: ======'mode_attract_stopped'====== Args={}
2025-03-14 23:25:42,316 : INFO : EventManager : Event: ======'clear'====== Args={'key': 'attract'}
2025-03-14 23:25:42,317 : INFO : EventManager : Event: ======'game_will_start'====== Args={}
2025-03-14 23:25:42,317 : INFO : EventManager : Event: ======'game_starting'====== Args={'game': <Mode.game>}
2025-03-14 23:25:42,318 : INFO : EventManager : Unordered handler for class <Auditor> on event game_ended with priority 1. Handlers: [RegisteredHandler(callback=<bound method Auditor.disable of <Auditor>>, priority=1, kwargs={}, key=UUID('737af930-0e75-48a4-840b-1f4c34418066'), condition=None, blocking_facility=None), RegisteredHandler(callback=<bound method Auditor._save_audits of <Auditor>>, priority=1, kwargs={}, key=UUID('4d89a9c1-b8e9-4b2d-865f-954c11641fb6'), condition=None, blocking_facility=None)]. The order of those handlers is not defined and they will be executed in random order. This might lead to race conditions and potential bugs.
2025-03-14 23:25:42,319 : INFO : EventManager : Event: ======'player_add_request'====== Args={}
2025-03-14 23:25:42,319 : INFO : EventManager : Event: ======'player_will_add'====== Args={'number': 1}
2025-03-14 23:25:42,319 : INFO : EventManager : Event: ======'player_adding'====== Args={'player': <Player 1>, 'number': 1}
2025-03-14 23:25:42,320 : INFO : EventManager : Event: ======'player_added'====== Args={'player': <Player 1>, 'num': 1}
2025-03-14 23:25:42,320 : INFO : Mode.game : Player added successfully. Total players: 1
2025-03-14 23:25:42,320 : INFO : EventManager : Event: ======'player_index'====== Args={'value': 0, 'prev_value': 0, 'change': 0, 'player_num': 1}
2025-03-14 23:25:42,320 : INFO : EventManager : Event: ======'player_number'====== Args={'value': 1, 'prev_value': 1, 'change': 0, 'player_num': 1}
2025-03-14 23:25:42,320 : INFO : EventManager : Event: ======'player_score'====== Args={'value': 0, 'prev_value': 0, 'change': 0, 'player_num': 1}
2025-03-14 23:25:42,320 : INFO : EventManager : Event: ======'game_started'====== Args={}
2025-03-14 23:25:42,320 : INFO : EventManager : Event: ======'player_turn_will_start'====== Args={'player': <Player 1>, 'number': 1}
2025-03-14 23:25:42,320 : INFO : EventManager : Event: ======'player_turn_starting'====== Args={'player': <Player 1>, 'number': 1}
2025-03-14 23:25:42,321 : INFO : EventManager : Event: ======'player_ball'====== Args={'value': 1, 'prev_value': 0, 'change': 1, 'player_num': 1}
2025-03-14 23:25:42,321 : INFO : EventManager : Event: ======'player_turn_started'====== Args={'player': <Player 1>, 'number': 1}
2025-03-14 23:25:42,321 : INFO : EventManager : Event: ======'ball_will_start'====== Args={'player': 1, 'ball': 1, 'balls_remaining': 2, 'is_extra_ball': False}
2025-03-14 23:25:42,321 : INFO : EventManager : Event: ======'ball_starting'====== Args={'player': 1, 'ball': 1, 'balls_remaining': 2, 'is_extra_ball': False}
2025-03-14 23:25:42,323 : INFO : EventManager : Event: ======'balls_in_play'====== Args={'balls': 1}
2025-03-14 23:25:42,323 : INFO : EventManager : Event: ======'ball_started'====== Args={'player': 1, 'ball': 1, 'balls_remaining': 2, 'is_extra_ball': False}
2025-03-14 23:25:42,335 : INFO : EventManager : Event: ======'mode_base_will_start'====== Args={'player': 1, 'ball': 1, 'balls_remaining': 2, 'is_extra_ball': False}
2025-03-14 23:25:42,335 : INFO : EventManager : Event: ======'mode_base_starting'====== Args={'player': 1, 'ball': 1, 'balls_remaining': 2, 'is_extra_ball': False}
2025-03-14 23:25:42,336 : INFO : Mode.base : Started. Priority: 100
2025-03-14 23:25:42,336 : INFO : EventManager : Event: ======'modes_active_modes_changed'====== Args={}
2025-03-14 23:25:42,336 : INFO : EventManager : Event: ======'mode_base_started'====== Args={'player': 1, 'ball': 1, 'balls_remaining': 2, 'is_extra_ball': False}
2025-03-14 23:25:42,339 : INFO : EventManager : Event: ======'single_player_ball_started'====== Args={}
2025-03-14 23:25:42,339 : INFO : EventManager : Event: ======'ball_start_target'====== Args={'target': 'playfield'}
2025-03-14 23:25:42,340 : INFO : ball_device.bd_plunger : Setting up player-controlled eject. Balls: 1, Target: <playfield.playfield>, player_controlled_eject_event: None
2025-03-14 23:25:42,340 : INFO : EventManager : Event: ======'balldevice_balls_available'====== Args={}
2025-03-14 23:25:42,341 : INFO : ball_device.bd_trough : State: waiting_for_target_ready
2025-03-14 23:25:42,341 : INFO : EventManager : Event: ======'balldevice_bd_trough_ball_eject_attempt'====== Args={'balls': 1, 'target': <ball_device.bd_plunger>, 'source': <ball_device.bd_trough>, 'mechanical_eject': True, 'num_attempts': 0}
2025-03-14 23:25:42,341 : INFO : ball_device.bd_plunger : State: waiting_for_ball
2025-03-14 23:25:42,341 : INFO : ball_device.bd_trough : State: ejecting
2025-03-14 23:25:42,342 : INFO : ball_device.bd_trough : Ejecting ball to <ball_device.bd_plunger>
2025-03-14 23:25:42,344 : INFO : EventManager : Event: ======'balldevice_bd_trough_ejecting_ball'====== Args={'balls': 1, 'target': <ball_device.bd_plunger>, 'source': <ball_device.bd_trough>, 'mechanical_eject': True, 'num_attempts': 0}
2025-03-14 23:25:42,345 : INFO : ball_device.bd_trough : Wait for ball to leave device
2025-03-14 23:26:18,717 : INFO : Machine : Shutting down...
2025-03-14 23:26:18,717 : INFO : EventManager : Event: ======'shutdown'====== Args={}
2025-03-14 23:26:18,718 : INFO : EventManager : Event: ======'mode_game_will_stop'====== Args={}
2025-03-14 23:26:18,718 : INFO : EventManager : Event: ======'mode_game_stopping'====== Args={}
2025-03-14 23:26:18,721 : INFO : EventManager : Event: ======'mode_base_will_stop'====== Args={}
2025-03-14 23:26:18,721 : INFO : EventManager : Event: ======'mode_base_stopping'====== Args={}
2025-03-14 23:26:18,721 : INFO : Mode.base : Stopped.
2025-03-14 23:26:18,721 : INFO : EventManager : Event: ======'modes_active_modes_changed'====== Args={}
2025-03-14 23:26:18,721 : INFO : EventManager : Event: ======'mode_base_stopped'====== Args={}
2025-03-14 23:26:18,721 : INFO : EventManager : Event: ======'clear'====== Args={'key': 'base'}
2025-03-14 23:26:18,722 : INFO : Mode.game : Stopped.
2025-03-14 23:26:18,722 : INFO : EventManager : Event: ======'modes_active_modes_changed'====== Args={}
2025-03-14 23:26:18,722 : INFO : EventManager : Event: ======'mode_game_stopped'====== Args={}
2025-03-14 23:26:18,722 : INFO : EventManager : Event: ======'clear'====== Args={'key': 'game'}
2025-03-14 23:26:18,821 : INFO : SwitchController : <<<<<<< 's_flipper_right_eos' inactive >>>>>>>
2025-03-14 23:26:18,823 : INFO : root : MPF run loop ended.
