2025-03-14 22:05:24,770 : INFO : root : Loading config.
2025-03-14 22:05:24,776 : INFO : YamlMultifileConfigLoader : Machine config file #1: config.yaml
2025-03-14 22:05:24,777 : INFO : ConfigProcessor : Loading config from cache: C:\Users\User\AppData\Local\Temp\5682b9bdeb2b9ad8a31c13560e038609.mpf_cache
2025-03-14 22:05:25,020 : INFO : ConfigProcessor : Loading config from cache: C:\Users\User\AppData\Local\Temp\8422c6572f827355f8aade1949d04025.mpf_cache
2025-03-14 22:05:25,022 : INFO : ConfigProcessor : Loading config from cache: C:\Users\User\AppData\Local\Temp\1c0e7e9816717d8e62c4728dfe372999.mpf_cache
2025-03-14 22:05:25,023 : INFO : ConfigProcessor : Loading config from cache: C:\Users\User\AppData\Local\Temp\e3e8065d662ad307fa9574659e7e4e8e.mpf_cache
2025-03-14 22:05:25,026 : INFO : ConfigProcessor : Loading config from cache: C:\Users\User\AppData\Local\Temp\8422c6572f827355f8aade1949d04025.mpf_cache
2025-03-14 22:05:25,028 : INFO : Machine : Mission Pinball Framework Core Engine v0.80.0.dev6
2025-03-14 22:05:25,028 : INFO : Machine : Command line arguments: {'no_load_cache': False, 'create_config_cache': True, 'bcp': False, 'configfile': ['config.yaml'], 'force_assets_load': False, 'platform_integration_test': False, 'jsonlogging': False, 'logfile': 'logs\\2025-03-14-22-05-24-mpf-BERNIE.log', 'pause': False, 'production': False, 'text_ui': False, 'loglevel': 15, 'consoleloglevel': 20, 'force_platform': None, 'syslog_address': None, 'full_logfile_path': 'C:\\Users\\User\\Desktop\\fast_homebrew_godot_v2\\fast_homebrew_godot_v2\\logs\\2025-03-14-22-05-24-mpf-BERNIE.log'}
2025-03-14 22:05:25,028 : INFO : Machine : MPF path: C:\Users\User\AppData\Local\Programs\Python\Python312\Lib\site-packages\mpf
2025-03-14 22:05:25,028 : INFO : Machine : Machine path: C:\Users\User\Desktop\fast_homebrew_godot_v2\fast_homebrew_godot_v2
2025-03-14 22:05:25,028 : INFO : Machine : Platform: win32
2025-03-14 22:05:25,028 : INFO : Machine : Python executable location: C:\Users\User\AppData\Local\Programs\Python\Python312\python.exe
2025-03-14 22:05:25,028 : INFO : Machine : Python version: 3.12.3 (64-bit)
2025-03-14 22:05:25,031 : INFO : Machine : Initializing MPF...
2025-03-14 22:05:25,248 : INFO : FAST : Auto-detecting ports for the following connections: ['net']
2025-03-14 22:05:25,300 : INFO : FAST : Detected NET on port COM5
2025-03-14 22:05:25,413 : INFO : FAST [NET] : Trying to connect to COM5 at 921600bps
2025-03-14 22:05:25,422 : INFO : FAST [NET] : Connected to COM5 at 921600bps
2025-03-14 22:05:25,427 : INFO : FAST [NET] : Connected to FP-CPU-2000 with firmware v02.26
2025-03-14 22:05:25,457 : INFO : FAST [NET] : Registered I/O Board 0: Model: FP-I/O-3208, Firmware: 01.10, Switches: 32, Drivers: 8
2025-03-14 22:05:25,458 : INFO : EventManager : Event: ======'machine_var_credits_string'====== Args={'value': 'FREE PLAY', 'prev_value': None, 'change': True}
2025-03-14 22:05:25,515 : INFO : EventManager : Event: ======'machine_var_master_volume'====== Args={'value': 0.5, 'prev_value': None, 'change': True}
2025-03-14 22:05:25,516 : INFO : EventManager : Event: ======'machine_var_mpf_version'====== Args={'value': 'Mission Pinball Framework v0.80.0.dev6', 'prev_value': None, 'change': True}
2025-03-14 22:05:25,516 : INFO : EventManager : Event: ======'machine_var_mpf_extended_version'====== Args={'value': 'Mission Pinball Framework v0.80.0.dev6, Config version:6, Show version: 6, BCP version:1.1', 'prev_value': None, 'change': True}
2025-03-14 22:05:25,517 : INFO : EventManager : Event: ======'machine_var_python_version'====== Args={'value': '3.12.3', 'prev_value': None, 'change': True}
2025-03-14 22:05:25,770 : INFO : EventManager : Event: ======'machine_var_platform'====== Args={'value': 'Windows-11-10.0.22631-SP0', 'prev_value': None, 'change': True}
2025-03-14 22:05:25,770 : INFO : EventManager : Event: ======'machine_var_platform_system'====== Args={'value': 'Windows', 'prev_value': None, 'change': True}
2025-03-14 22:05:25,770 : INFO : EventManager : Event: ======'machine_var_platform_release'====== Args={'value': '11', 'prev_value': None, 'change': True}
2025-03-14 22:05:25,770 : INFO : EventManager : Event: ======'machine_var_platform_version'====== Args={'value': '10.0.22631', 'prev_value': None, 'change': True}
2025-03-14 22:05:25,771 : INFO : EventManager : Event: ======'machine_var_platform_machine'====== Args={'value': 'AMD64', 'prev_value': None, 'change': True}
2025-03-14 22:05:25,771 : INFO : EventManager : Event: ======'machine_var_log_file_path'====== Args={'value': 'C:\\Users\\User\\Desktop\\fast_homebrew_godot_v2\\fast_homebrew_godot_v2\\logs\\2025-03-14-22-05-24-mpf-BERNIE.log', 'prev_value': None, 'change': True}
2025-03-14 22:05:25,771 : INFO : EventManager : Event: ======'init_phase_1'====== Args={}
2025-03-14 22:05:29,864 : INFO : SwitchController : <<<<<<< 's_trough_ball_jam' active >>>>>>>
2025-03-14 22:05:29,864 : INFO : SwitchController : <<<<<<< 's_trough_ball_1' active >>>>>>>
2025-03-14 22:05:29,864 : INFO : SwitchController : <<<<<<< 's_flipper_right' active >>>>>>>
2025-03-14 22:05:29,865 : INFO : EventManager : Event: ======'init_phase_2'====== Args={}
2025-03-14 22:05:29,865 : INFO : SwitchController : Found active switch: (6, [FAST Platform Interface]) <switch.s_trough_ball_jam>
2025-03-14 22:05:29,865 : INFO : SwitchController : Found active switch: (0, [FAST Platform Interface]) <switch.s_trough_ball_1>
2025-03-14 22:05:29,865 : INFO : SwitchController : Found active switch: (31, [FAST Platform Interface]) <switch.s_flipper_right>
2025-03-14 22:05:30,365 : INFO : ball_device.bd_trough : BCH: Initial count: 1
2025-03-14 22:05:30,366 : INFO : ball_device.bd_trough : State: idle
2025-03-14 22:05:30,367 : INFO : ball_device.bd_plunger : BCH: Initial count: 0
2025-03-14 22:05:30,367 : INFO : ball_device.bd_plunger : State: idle
2025-03-14 22:05:30,396 : INFO : EventManager : Event: ======'init_phase_3'====== Args={}
2025-03-14 22:05:30,400 : INFO : EventManager : Event: ======'init_phase_4'====== Args={}
2025-03-14 22:05:30,401 : INFO : BallController : Initial balls found: 1
2025-03-14 22:05:30,403 : INFO : EventManager : Event: ======'machine_var_audits_events_game_ended'====== Args={'value': 0, 'prev_value': None, 'change': True}
2025-03-14 22:05:30,403 : INFO : EventManager : Event: ======'machine_var_audits_events_game_started'====== Args={'value': 392, 'prev_value': None, 'change': True}
2025-03-14 22:05:30,403 : INFO : EventManager : Event: ======'machine_var_audits_missing_switches_s_flipper_left'====== Args={'value': 2, 'prev_value': None, 'change': True}
2025-03-14 22:05:30,403 : INFO : EventManager : Event: ======'machine_var_audits_missing_switches_s_flipper_right'====== Args={'value': 3, 'prev_value': None, 'change': True}
2025-03-14 22:05:30,403 : INFO : EventManager : Event: ======'machine_var_audits_missing_switches_s_launch'====== Args={'value': 6, 'prev_value': None, 'change': True}
2025-03-14 22:05:30,403 : INFO : EventManager : Event: ======'machine_var_audits_missing_switches_s_left_flipper'====== Args={'value': 363, 'prev_value': None, 'change': True}
2025-03-14 22:05:30,403 : INFO : EventManager : Event: ======'machine_var_audits_missing_switches_s_left_flipper_eos'====== Args={'value': 363, 'prev_value': None, 'change': True}
2025-03-14 22:05:30,404 : INFO : EventManager : Event: ======'machine_var_audits_missing_switches_s_left_inlane'====== Args={'value': 6, 'prev_value': None, 'change': True}
2025-03-14 22:05:30,406 : INFO : EventManager : Event: ======'machine_var_audits_missing_switches_s_left_inner_lane'====== Args={'value': 357, 'prev_value': None, 'change': True}
2025-03-14 22:05:30,406 : INFO : EventManager : Event: ======'machine_var_audits_missing_switches_s_left_outer_lane'====== Args={'value': 153, 'prev_value': None, 'change': True}
2025-03-14 22:05:30,406 : INFO : EventManager : Event: ======'machine_var_audits_missing_switches_s_left_outlane'====== Args={'value': 6, 'prev_value': None, 'change': True}
2025-03-14 22:05:30,406 : INFO : EventManager : Event: ======'machine_var_audits_missing_switches_s_left_sling'====== Args={'value': 363, 'prev_value': None, 'change': True}
2025-03-14 22:05:30,406 : INFO : EventManager : Event: ======'machine_var_audits_missing_switches_s_mead'====== Args={'value': 267, 'prev_value': None, 'change': True}
2025-03-14 22:05:30,406 : INFO : EventManager : Event: ======'machine_var_audits_missing_switches_s_percy'====== Args={'value': 85, 'prev_value': None, 'change': True}
2025-03-14 22:05:30,407 : INFO : EventManager : Event: ======'machine_var_audits_missing_switches_s_pop_bumper_1'====== Args={'value': 357, 'prev_value': None, 'change': True}
2025-03-14 22:05:30,407 : INFO : EventManager : Event: ======'machine_var_audits_missing_switches_s_pop_bumper_2'====== Args={'value': 357, 'prev_value': None, 'change': True}
2025-03-14 22:05:30,407 : INFO : EventManager : Event: ======'machine_var_audits_missing_switches_s_pop_bumper_3'====== Args={'value': 357, 'prev_value': None, 'change': True}
2025-03-14 22:05:30,407 : INFO : EventManager : Event: ======'machine_var_audits_missing_switches_s_right_flipper'====== Args={'value': 363, 'prev_value': None, 'change': True}
2025-03-14 22:05:30,407 : INFO : EventManager : Event: ======'machine_var_audits_missing_switches_s_right_flipper_eos'====== Args={'value': 363, 'prev_value': None, 'change': True}
2025-03-14 22:05:30,407 : INFO : EventManager : Event: ======'machine_var_audits_missing_switches_s_right_inlane'====== Args={'value': 6, 'prev_value': None, 'change': True}
2025-03-14 22:05:30,407 : INFO : EventManager : Event: ======'machine_var_audits_missing_switches_s_right_inner_lane'====== Args={'value': 357, 'prev_value': None, 'change': True}
2025-03-14 22:05:30,407 : INFO : EventManager : Event: ======'machine_var_audits_missing_switches_s_right_outer_lane'====== Args={'value': 357, 'prev_value': None, 'change': True}
2025-03-14 22:05:30,407 : INFO : EventManager : Event: ======'machine_var_audits_missing_switches_s_right_outlane'====== Args={'value': 6, 'prev_value': None, 'change': True}
2025-03-14 22:05:30,408 : INFO : EventManager : Event: ======'machine_var_audits_missing_switches_s_right_sling'====== Args={'value': 363, 'prev_value': None, 'change': True}
2025-03-14 22:05:30,408 : INFO : EventManager : Event: ======'machine_var_audits_missing_switches_s_scanlan'====== Args={'value': 204, 'prev_value': None, 'change': True}
2025-03-14 22:05:30,408 : INFO : EventManager : Event: ======'machine_var_audits_missing_switches_s_trough_ball_1'====== Args={'value': 366, 'prev_value': None, 'change': True}
2025-03-14 22:05:30,408 : INFO : EventManager : Event: ======'machine_var_audits_missing_switches_s_trough_ball_jam'====== Args={'value': 366, 'prev_value': None, 'change': True}
2025-03-14 22:05:30,408 : INFO : EventManager : Event: ======'machine_var_audits_player_score'====== Args={'value': {'average': 0, 'top': [], 'total': 0}, 'prev_value': None, 'change': True}
2025-03-14 22:05:30,408 : INFO : EventManager : Event: ======'machine_var_audits_shots_mead_shot'====== Args={'value': 223, 'prev_value': None, 'change': True}
2025-03-14 22:05:30,408 : INFO : EventManager : Event: ======'machine_var_audits_shots_percy_shot'====== Args={'value': 56, 'prev_value': None, 'change': True}
2025-03-14 22:05:30,408 : INFO : EventManager : Event: ======'machine_var_audits_shots_scanlan_shot'====== Args={'value': 121, 'prev_value': None, 'change': True}
2025-03-14 22:05:30,408 : INFO : EventManager : Event: ======'machine_var_audits_shots_video_shot_1'====== Args={'value': 24, 'prev_value': None, 'change': True}
2025-03-14 22:05:30,409 : INFO : EventManager : Event: ======'machine_var_audits_shots_video_shot_2'====== Args={'value': 20, 'prev_value': None, 'change': True}
2025-03-14 22:05:30,409 : INFO : EventManager : Event: ======'machine_var_audits_switches_s_auto_launcher'====== Args={'value': 0, 'prev_value': None, 'change': True}
2025-03-14 22:05:30,409 : INFO : EventManager : Event: ======'machine_var_audits_switches_s_ball_drain'====== Args={'value': 0, 'prev_value': None, 'change': True}
2025-03-14 22:05:30,409 : INFO : EventManager : Event: ======'machine_var_audits_switches_s_flipper_left'====== Args={'value': 13, 'prev_value': None, 'change': True}
2025-03-14 22:05:30,409 : INFO : EventManager : Event: ======'machine_var_audits_switches_s_flipper_left_lower_eos'====== Args={'value': 4, 'prev_value': None, 'change': True}
2025-03-14 22:05:30,409 : INFO : EventManager : Event: ======'machine_var_audits_switches_s_flipper_left_upper_eos'====== Args={'value': 3, 'prev_value': None, 'change': True}
2025-03-14 22:05:30,409 : INFO : EventManager : Event: ======'machine_var_audits_switches_s_flipper_right'====== Args={'value': 0, 'prev_value': None, 'change': True}
2025-03-14 22:05:30,409 : INFO : EventManager : Event: ======'machine_var_audits_switches_s_flipper_right_eos'====== Args={'value': 3, 'prev_value': None, 'change': True}
2025-03-14 22:05:30,410 : INFO : EventManager : Event: ======'machine_var_audits_switches_s_launch'====== Args={'value': 0, 'prev_value': None, 'change': True}
2025-03-14 22:05:30,410 : INFO : EventManager : Event: ======'machine_var_audits_switches_s_left_flipper'====== Args={'value': 36, 'prev_value': None, 'change': True}
2025-03-14 22:05:30,410 : INFO : EventManager : Event: ======'machine_var_audits_switches_s_left_flipper_eos'====== Args={'value': 0, 'prev_value': None, 'change': True}
2025-03-14 22:05:30,410 : INFO : EventManager : Event: ======'machine_var_audits_switches_s_left_inlane'====== Args={'value': 0, 'prev_value': None, 'change': True}
2025-03-14 22:05:30,410 : INFO : EventManager : Event: ======'machine_var_audits_switches_s_left_inner_lane'====== Args={'value': 0, 'prev_value': None, 'change': True}
2025-03-14 22:05:30,410 : INFO : EventManager : Event: ======'machine_var_audits_switches_s_left_outer_lane'====== Args={'value': 0, 'prev_value': None, 'change': True}
2025-03-14 22:05:30,410 : INFO : EventManager : Event: ======'machine_var_audits_switches_s_left_outlane'====== Args={'value': 0, 'prev_value': None, 'change': True}
2025-03-14 22:05:30,410 : INFO : EventManager : Event: ======'machine_var_audits_switches_s_left_sling'====== Args={'value': 7, 'prev_value': None, 'change': True}
2025-03-14 22:05:30,410 : INFO : EventManager : Event: ======'machine_var_audits_switches_s_mead'====== Args={'value': 0, 'prev_value': None, 'change': True}
2025-03-14 22:05:30,411 : INFO : EventManager : Event: ======'machine_var_audits_switches_s_percy'====== Args={'value': 0, 'prev_value': None, 'change': True}
2025-03-14 22:05:30,411 : INFO : EventManager : Event: ======'machine_var_audits_switches_s_plunger'====== Args={'value': 12, 'prev_value': None, 'change': True}
2025-03-14 22:05:30,411 : INFO : EventManager : Event: ======'machine_var_audits_switches_s_pop_bumper_1'====== Args={'value': 0, 'prev_value': None, 'change': True}
2025-03-14 22:05:30,411 : INFO : EventManager : Event: ======'machine_var_audits_switches_s_pop_bumper_2'====== Args={'value': 0, 'prev_value': None, 'change': True}
2025-03-14 22:05:30,411 : INFO : EventManager : Event: ======'machine_var_audits_switches_s_pop_bumper_3'====== Args={'value': 0, 'prev_value': None, 'change': True}
2025-03-14 22:05:30,411 : INFO : EventManager : Event: ======'machine_var_audits_switches_s_right_flipper'====== Args={'value': 131, 'prev_value': None, 'change': True}
2025-03-14 22:05:30,411 : INFO : EventManager : Event: ======'machine_var_audits_switches_s_right_flipper_eos'====== Args={'value': 0, 'prev_value': None, 'change': True}
2025-03-14 22:05:30,411 : INFO : EventManager : Event: ======'machine_var_audits_switches_s_right_inlane'====== Args={'value': 0, 'prev_value': None, 'change': True}
2025-03-14 22:05:30,412 : INFO : EventManager : Event: ======'machine_var_audits_switches_s_right_inner_lane'====== Args={'value': 0, 'prev_value': None, 'change': True}
2025-03-14 22:05:30,412 : INFO : EventManager : Event: ======'machine_var_audits_switches_s_right_outer_lane'====== Args={'value': 0, 'prev_value': None, 'change': True}
2025-03-14 22:05:30,412 : INFO : EventManager : Event: ======'machine_var_audits_switches_s_right_outlane'====== Args={'value': 0, 'prev_value': None, 'change': True}
2025-03-14 22:05:30,412 : INFO : EventManager : Event: ======'machine_var_audits_switches_s_right_sling'====== Args={'value': 3, 'prev_value': None, 'change': True}
2025-03-14 22:05:30,412 : INFO : EventManager : Event: ======'machine_var_audits_switches_s_scanlan'====== Args={'value': 0, 'prev_value': None, 'change': True}
2025-03-14 22:05:30,412 : INFO : EventManager : Event: ======'machine_var_audits_switches_s_start'====== Args={'value': 60, 'prev_value': None, 'change': True}
2025-03-14 22:05:30,413 : INFO : EventManager : Event: ======'machine_var_audits_switches_s_switch_2'====== Args={'value': 0, 'prev_value': None, 'change': True}
2025-03-14 22:05:30,413 : INFO : EventManager : Event: ======'machine_var_audits_switches_s_trough_ball_1'====== Args={'value': 4, 'prev_value': None, 'change': True}
2025-03-14 22:05:30,413 : INFO : EventManager : Event: ======'machine_var_audits_switches_s_trough_ball_2'====== Args={'value': 7, 'prev_value': None, 'change': True}
2025-03-14 22:05:30,413 : INFO : EventManager : Event: ======'machine_var_audits_switches_s_trough_ball_3'====== Args={'value': 4, 'prev_value': None, 'change': True}
2025-03-14 22:05:30,413 : INFO : EventManager : Event: ======'machine_var_audits_switches_s_trough_ball_4'====== Args={'value': 3, 'prev_value': None, 'change': True}
2025-03-14 22:05:30,413 : INFO : EventManager : Event: ======'machine_var_audits_switches_s_trough_ball_5'====== Args={'value': 3, 'prev_value': None, 'change': True}
2025-03-14 22:05:30,413 : INFO : EventManager : Event: ======'machine_var_audits_switches_s_trough_ball_6'====== Args={'value': 4, 'prev_value': None, 'change': True}
2025-03-14 22:05:30,413 : INFO : EventManager : Event: ======'machine_var_audits_switches_s_trough_ball_jam'====== Args={'value': 3, 'prev_value': None, 'change': True}
2025-03-14 22:05:30,413 : INFO : EventManager : Event: ======'machine_var_audits_switches_s_trough_eject_coil'====== Args={'value': 0, 'prev_value': None, 'change': True}
2025-03-14 22:05:30,414 : INFO : EventManager : Event: ======'init_phase_5'====== Args={}
2025-03-14 22:05:30,416 : INFO : EventManager : Event: ======'init_done'====== Args={}
2025-03-14 22:05:30,416 : INFO : EventManager : Event: ======'machine_reset_phase_1'====== Args={}
2025-03-14 22:05:30,417 : INFO : EventManager : Event: ======'machine_reset_phase_2'====== Args={}
2025-03-14 22:05:30,417 : INFO : EventManager : Event: ======'machine_reset_phase_3'====== Args={}
2025-03-14 22:05:30,419 : INFO : EventManager : Event: ======'reset_complete'====== Args={}
2025-03-14 22:05:30,424 : INFO : EventManager : Event: ======'mode_attract_will_start'====== Args={}
2025-03-14 22:05:30,424 : INFO : EventManager : Event: ======'mode_attract_starting'====== Args={}
2025-03-14 22:05:30,424 : INFO : Mode.attract : Started. Priority: 10
2025-03-14 22:05:30,424 : INFO : EventManager : Event: ======'modes_active_modes_changed'====== Args={}
2025-03-14 22:05:30,424 : INFO : EventManager : Event: ======'mode_attract_started'====== Args={}
2025-03-14 22:05:30,425 : INFO : EventManager : Event: ======'collecting_balls_complete'====== Args={}
2025-03-14 22:05:30,426 : INFO : Machine : Starting the main run loop with active modes: [<Mode.attract>]
2025-03-14 22:05:38,922 : INFO : SwitchController : <<<<<<< 's_start' active >>>>>>>
2025-03-14 22:05:39,094 : INFO : SwitchController : <<<<<<< 's_start' inactive >>>>>>>
2025-03-14 22:05:39,094 : INFO : EventManager : Event: ======'request_to_start_game'====== Args={}
2025-03-14 22:05:39,097 : INFO : EventManager : Event: ======'game_start'====== Args={'buttons': [], 'hold_time': 0.1720000000204891}
2025-03-14 22:05:39,098 : INFO : EventManager : Event: ======'mode_game_will_start'====== Args={'buttons': [], 'hold_time': 0.1720000000204891}
2025-03-14 22:05:39,098 : INFO : EventManager : Event: ======'mode_game_starting'====== Args={'buttons': [], 'hold_time': 0.1720000000204891}
2025-03-14 22:05:39,100 : INFO : EventManager : Event: ======'mode_attract_will_stop'====== Args={}
2025-03-14 22:05:39,100 : INFO : EventManager : Event: ======'mode_attract_stopping'====== Args={}
2025-03-14 22:05:39,100 : INFO : Mode.game : Started. Priority: 20
2025-03-14 22:05:39,101 : INFO : EventManager : Event: ======'modes_active_modes_changed'====== Args={}
2025-03-14 22:05:39,101 : INFO : EventManager : Event: ======'mode_game_started'====== Args={'buttons': [], 'hold_time': 0.1720000000204891}
2025-03-14 22:05:39,103 : INFO : Mode.attract : Stopped.
2025-03-14 22:05:39,103 : INFO : EventManager : Event: ======'modes_active_modes_changed'====== Args={}
2025-03-14 22:05:39,110 : INFO : EventManager : Event: ======'mode_attract_stopped'====== Args={}
2025-03-14 22:05:39,111 : INFO : EventManager : Event: ======'clear'====== Args={'key': 'attract'}
2025-03-14 22:05:39,112 : INFO : EventManager : Event: ======'game_will_start'====== Args={}
2025-03-14 22:05:39,113 : INFO : EventManager : Event: ======'game_starting'====== Args={'game': <Mode.game>}
2025-03-14 22:05:39,118 : INFO : EventManager : Unordered handler for class <Auditor> on event game_ended with priority 1. Handlers: [RegisteredHandler(callback=<bound method Auditor.disable of <Auditor>>, priority=1, kwargs={}, key=UUID('d591a3d2-2595-4ee5-a43c-45ae04a12252'), condition=None, blocking_facility=None), RegisteredHandler(callback=<bound method Auditor._save_audits of <Auditor>>, priority=1, kwargs={}, key=UUID('7bf7c308-a1c3-460f-9cbd-0e0ba8d80e78'), condition=None, blocking_facility=None)]. The order of those handlers is not defined and they will be executed in random order. This might lead to race conditions and potential bugs.
2025-03-14 22:05:39,118 : INFO : EventManager : Event: ======'player_add_request'====== Args={}
2025-03-14 22:05:39,119 : INFO : EventManager : Event: ======'player_will_add'====== Args={'number': 1}
2025-03-14 22:05:39,119 : INFO : EventManager : Event: ======'player_adding'====== Args={'player': <Player 1>, 'number': 1}
2025-03-14 22:05:39,119 : INFO : EventManager : Event: ======'player_added'====== Args={'player': <Player 1>, 'num': 1}
2025-03-14 22:05:39,123 : INFO : Mode.game : Player added successfully. Total players: 1
2025-03-14 22:05:39,124 : INFO : EventManager : Event: ======'player_index'====== Args={'value': 0, 'prev_value': 0, 'change': 0, 'player_num': 1}
2025-03-14 22:05:39,124 : INFO : EventManager : Event: ======'player_number'====== Args={'value': 1, 'prev_value': 1, 'change': 0, 'player_num': 1}
2025-03-14 22:05:39,125 : INFO : EventManager : Event: ======'player_score'====== Args={'value': 0, 'prev_value': 0, 'change': 0, 'player_num': 1}
2025-03-14 22:05:39,131 : INFO : EventManager : Event: ======'game_started'====== Args={}
2025-03-14 22:05:39,132 : INFO : EventManager : Event: ======'player_turn_will_start'====== Args={'player': <Player 1>, 'number': 1}
2025-03-14 22:05:39,133 : INFO : EventManager : Event: ======'player_turn_starting'====== Args={'player': <Player 1>, 'number': 1}
2025-03-14 22:05:39,135 : INFO : EventManager : Event: ======'player_ball'====== Args={'value': 1, 'prev_value': 0, 'change': 1, 'player_num': 1}
2025-03-14 22:05:39,135 : INFO : EventManager : Event: ======'player_turn_started'====== Args={'player': <Player 1>, 'number': 1}
2025-03-14 22:05:39,142 : INFO : EventManager : Event: ======'ball_will_start'====== Args={'player': 1, 'ball': 1, 'balls_remaining': 2, 'is_extra_ball': False}
2025-03-14 22:05:39,143 : INFO : EventManager : Event: ======'ball_starting'====== Args={'player': 1, 'ball': 1, 'balls_remaining': 2, 'is_extra_ball': False}
2025-03-14 22:05:39,143 : INFO : EventManager : Event: ======'balls_in_play'====== Args={'balls': 1}
2025-03-14 22:05:39,143 : INFO : EventManager : Event: ======'ball_started'====== Args={'player': 1, 'ball': 1, 'balls_remaining': 2, 'is_extra_ball': False}
2025-03-14 22:05:39,144 : INFO : EventManager : Event: ======'mode_base_will_start'====== Args={'player': 1, 'ball': 1, 'balls_remaining': 2, 'is_extra_ball': False}
2025-03-14 22:05:39,144 : INFO : EventManager : Event: ======'mode_base_starting'====== Args={'player': 1, 'ball': 1, 'balls_remaining': 2, 'is_extra_ball': False}
2025-03-14 22:05:39,144 : INFO : Mode.base : Started. Priority: 100
2025-03-14 22:05:39,144 : INFO : EventManager : Event: ======'modes_active_modes_changed'====== Args={}
2025-03-14 22:05:39,144 : INFO : EventManager : Event: ======'mode_base_started'====== Args={'player': 1, 'ball': 1, 'balls_remaining': 2, 'is_extra_ball': False}
2025-03-14 22:05:39,145 : INFO : EventManager : Event: ======'single_player_ball_started'====== Args={}
2025-03-14 22:05:39,145 : INFO : EventManager : Event: ======'ball_start_target'====== Args={'target': 'playfield'}
2025-03-14 22:05:39,146 : INFO : ball_device.bd_plunger : Setting up player-controlled eject. Balls: 1, Target: <playfield.playfield>, player_controlled_eject_event: None
2025-03-14 22:05:39,146 : INFO : EventManager : Event: ======'balldevice_balls_available'====== Args={}
2025-03-14 22:05:39,147 : INFO : ball_device.bd_trough : State: waiting_for_target_ready
2025-03-14 22:05:39,147 : INFO : EventManager : Event: ======'balldevice_bd_trough_ball_eject_attempt'====== Args={'balls': 1, 'target': <ball_device.bd_plunger>, 'source': <ball_device.bd_trough>, 'mechanical_eject': True, 'num_attempts': 0}
2025-03-14 22:05:39,147 : INFO : ball_device.bd_plunger : State: waiting_for_ball
2025-03-14 22:05:39,147 : INFO : ball_device.bd_trough : State: ejecting
2025-03-14 22:05:39,148 : INFO : ball_device.bd_trough : Ejecting ball to <ball_device.bd_plunger>
2025-03-14 22:05:39,148 : INFO : EventManager : Event: ======'balldevice_bd_trough_ejecting_ball'====== Args={'balls': 1, 'target': <ball_device.bd_plunger>, 'source': <ball_device.bd_trough>, 'mechanical_eject': True, 'num_attempts': 0}
2025-03-14 22:05:39,161 : INFO : ball_device.bd_trough : Wait for ball to leave device
2025-03-14 22:05:39,161 : INFO : coil.c_trough_eject_coil : Pulsing Driver for 15ms (1.0 pulse_power)
2025-03-14 22:05:40,341 : INFO : SwitchController : <<<<<<< 's_start' active >>>>>>>
2025-03-14 22:05:40,342 : INFO : EventManager : Event: ======'sw_start'====== Args={}
2025-03-14 22:05:40,342 : INFO : EventManager : Event: ======'machine_var_audits_switches_s_start'====== Args={'value': 61, 'prev_value': 60, 'change': 1}
2025-03-14 22:05:40,342 : INFO : EventManager : Event: ======'player_add_request'====== Args={}
2025-03-14 22:05:40,342 : INFO : EventManager : Event: ======'player_will_add'====== Args={'number': 2}
2025-03-14 22:05:40,343 : INFO : EventManager : Event: ======'player_adding'====== Args={'player': <Player 2>, 'number': 2}
2025-03-14 22:05:40,343 : INFO : EventManager : Event: ======'player_added'====== Args={'player': <Player 2>, 'num': 2}
2025-03-14 22:05:40,343 : INFO : Mode.game : Player added successfully. Total players: 2
2025-03-14 22:05:40,343 : INFO : EventManager : Event: ======'multiplayer_game'====== Args={}
2025-03-14 22:05:40,343 : INFO : EventManager : Event: ======'player_index'====== Args={'value': 1, 'prev_value': 1, 'change': 0, 'player_num': 2}
2025-03-14 22:05:40,344 : INFO : EventManager : Event: ======'player_number'====== Args={'value': 2, 'prev_value': 2, 'change': 0, 'player_num': 2}
2025-03-14 22:05:40,344 : INFO : EventManager : Event: ======'player_score'====== Args={'value': 0, 'prev_value': 0, 'change': 0, 'player_num': 2}
2025-03-14 22:05:40,466 : INFO : SwitchController : <<<<<<< 's_start' inactive >>>>>>>
2025-03-14 22:05:45,939 : INFO : SwitchController : <<<<<<< 's_start' active >>>>>>>
2025-03-14 22:05:45,939 : INFO : EventManager : Event: ======'sw_start'====== Args={}
2025-03-14 22:05:45,939 : INFO : EventManager : Event: ======'machine_var_audits_switches_s_start'====== Args={'value': 62, 'prev_value': 61, 'change': 1}
2025-03-14 22:05:45,940 : INFO : EventManager : Event: ======'player_add_request'====== Args={}
2025-03-14 22:05:45,941 : INFO : EventManager : Event: ======'player_will_add'====== Args={'number': 3}
2025-03-14 22:05:45,941 : INFO : EventManager : Event: ======'player_adding'====== Args={'player': <Player 3>, 'number': 3}
2025-03-14 22:05:45,941 : INFO : EventManager : Event: ======'player_added'====== Args={'player': <Player 3>, 'num': 3}
2025-03-14 22:05:45,942 : INFO : Mode.game : Player added successfully. Total players: 3
2025-03-14 22:05:45,942 : INFO : EventManager : Event: ======'player_index'====== Args={'value': 2, 'prev_value': 2, 'change': 0, 'player_num': 3}
2025-03-14 22:05:45,943 : INFO : EventManager : Event: ======'player_number'====== Args={'value': 3, 'prev_value': 3, 'change': 0, 'player_num': 3}
2025-03-14 22:05:45,943 : INFO : EventManager : Event: ======'player_score'====== Args={'value': 0, 'prev_value': 0, 'change': 0, 'player_num': 3}
2025-03-14 22:05:46,173 : INFO : SwitchController : <<<<<<< 's_start' inactive >>>>>>>
2025-03-14 22:05:46,691 : INFO : SwitchController : <<<<<<< 's_start' active >>>>>>>
2025-03-14 22:05:46,691 : INFO : EventManager : Event: ======'sw_start'====== Args={}
2025-03-14 22:05:46,691 : INFO : EventManager : Event: ======'machine_var_audits_switches_s_start'====== Args={'value': 63, 'prev_value': 62, 'change': 1}
2025-03-14 22:05:46,693 : INFO : EventManager : Event: ======'player_add_request'====== Args={}
2025-03-14 22:05:46,693 : INFO : EventManager : Event: ======'player_will_add'====== Args={'number': 4}
2025-03-14 22:05:46,693 : INFO : EventManager : Event: ======'player_adding'====== Args={'player': <Player 4>, 'number': 4}
2025-03-14 22:05:46,694 : INFO : EventManager : Event: ======'player_added'====== Args={'player': <Player 4>, 'num': 4}
2025-03-14 22:05:46,694 : INFO : Mode.game : Player added successfully. Total players: 4
2025-03-14 22:05:46,695 : INFO : EventManager : Event: ======'player_index'====== Args={'value': 3, 'prev_value': 3, 'change': 0, 'player_num': 4}
2025-03-14 22:05:46,696 : INFO : EventManager : Event: ======'player_number'====== Args={'value': 4, 'prev_value': 4, 'change': 0, 'player_num': 4}
2025-03-14 22:05:46,696 : INFO : EventManager : Event: ======'player_score'====== Args={'value': 0, 'prev_value': 0, 'change': 0, 'player_num': 4}
2025-03-14 22:05:47,129 : INFO : SwitchController : <<<<<<< 's_start' inactive >>>>>>>
2025-03-14 22:05:47,239 : INFO : SwitchController : <<<<<<< 's_start' active >>>>>>>
2025-03-14 22:05:47,239 : INFO : EventManager : Event: ======'sw_start'====== Args={}
2025-03-14 22:05:47,239 : INFO : EventManager : Event: ======'machine_var_audits_switches_s_start'====== Args={'value': 64, 'prev_value': 63, 'change': 1}
2025-03-14 22:05:47,520 : INFO : SwitchController : <<<<<<< 's_start' inactive >>>>>>>
2025-03-14 22:05:47,597 : INFO : SwitchController : <<<<<<< 's_start' active >>>>>>>
2025-03-14 22:05:47,598 : INFO : EventManager : Event: ======'sw_start'====== Args={}
2025-03-14 22:05:47,598 : INFO : EventManager : Event: ======'machine_var_audits_switches_s_start'====== Args={'value': 65, 'prev_value': 64, 'change': 1}
2025-03-14 22:05:47,707 : INFO : SwitchController : <<<<<<< 's_start' inactive >>>>>>>
2025-03-14 22:05:48,535 : INFO : SwitchController : <<<<<<< 's_start' active >>>>>>>
2025-03-14 22:05:48,535 : INFO : EventManager : Event: ======'sw_start'====== Args={}
2025-03-14 22:05:48,537 : INFO : EventManager : Event: ======'machine_var_audits_switches_s_start'====== Args={'value': 66, 'prev_value': 65, 'change': 1}
2025-03-14 22:05:49,147 : INFO : ball_device.bd_trough : State: eject_broken
2025-03-14 22:05:49,147 : INFO : EventManager : Event: ======'balldevice_bd_trough_ball_eject_failed'====== Args={'target': <ball_device.bd_plunger>, 'balls': 1, 'retry': False, 'num_attempts': 1}
2025-03-14 22:05:49,148 : INFO : EventManager : Event: ======'balldevice_bd_trough_broken'====== Args={}
2025-03-14 22:05:49,319 : INFO : SwitchController : <<<<<<< 's_start' inactive >>>>>>>
2025-03-14 22:05:49,477 : INFO : SwitchController : <<<<<<< 's_start' active >>>>>>>
2025-03-14 22:05:49,477 : INFO : EventManager : Event: ======'sw_start'====== Args={}
2025-03-14 22:05:49,478 : INFO : EventManager : Event: ======'machine_var_audits_switches_s_start'====== Args={'value': 67, 'prev_value': 66, 'change': 1}
2025-03-14 22:05:49,693 : INFO : SwitchController : <<<<<<< 's_start' inactive >>>>>>>
2025-03-14 22:05:49,818 : INFO : SwitchController : <<<<<<< 's_start' active >>>>>>>
2025-03-14 22:05:49,818 : INFO : EventManager : Event: ======'sw_start'====== Args={}
2025-03-14 22:05:49,819 : INFO : EventManager : Event: ======'machine_var_audits_switches_s_start'====== Args={'value': 68, 'prev_value': 67, 'change': 1}
2025-03-14 22:05:50,064 : INFO : SwitchController : <<<<<<< 's_start' inactive >>>>>>>
2025-03-14 22:05:54,194 : INFO : SwitchController : <<<<<<< 's_start' active >>>>>>>
2025-03-14 22:05:54,194 : INFO : EventManager : Event: ======'sw_start'====== Args={}
2025-03-14 22:05:54,195 : INFO : EventManager : Event: ======'machine_var_audits_switches_s_start'====== Args={'value': 69, 'prev_value': 68, 'change': 1}
2025-03-14 22:05:54,427 : INFO : SwitchController : <<<<<<< 's_start' inactive >>>>>>>
2025-03-14 22:05:55,777 : INFO : SwitchController : <<<<<<< 's_start' active >>>>>>>
2025-03-14 22:05:55,778 : INFO : EventManager : Event: ======'sw_start'====== Args={}
2025-03-14 22:05:55,778 : INFO : EventManager : Event: ======'machine_var_audits_switches_s_start'====== Args={'value': 70, 'prev_value': 69, 'change': 1}
2025-03-14 22:05:55,979 : INFO : SwitchController : <<<<<<< 's_start' inactive >>>>>>>
2025-03-14 22:05:56,074 : INFO : SwitchController : <<<<<<< 's_start' active >>>>>>>
2025-03-14 22:05:56,074 : INFO : EventManager : Event: ======'sw_start'====== Args={}
2025-03-14 22:05:56,074 : INFO : EventManager : Event: ======'machine_var_audits_switches_s_start'====== Args={'value': 71, 'prev_value': 70, 'change': 1}
2025-03-14 22:05:56,322 : INFO : SwitchController : <<<<<<< 's_start' inactive >>>>>>>
2025-03-14 22:05:56,370 : INFO : SwitchController : <<<<<<< 's_start' active >>>>>>>
2025-03-14 22:05:56,371 : INFO : EventManager : Event: ======'sw_start'====== Args={}
2025-03-14 22:05:56,371 : INFO : EventManager : Event: ======'machine_var_audits_switches_s_start'====== Args={'value': 72, 'prev_value': 71, 'change': 1}
2025-03-14 22:05:56,574 : INFO : SwitchController : <<<<<<< 's_start' inactive >>>>>>>
2025-03-14 22:06:10,150 : INFO : Machine : Shutting down...
2025-03-14 22:06:10,150 : INFO : EventManager : Event: ======'shutdown'====== Args={}
2025-03-14 22:06:10,154 : INFO : EventManager : Event: ======'mode_game_will_stop'====== Args={}
2025-03-14 22:06:10,154 : INFO : EventManager : Event: ======'mode_game_stopping'====== Args={}
2025-03-14 22:06:10,156 : INFO : EventManager : Event: ======'mode_base_will_stop'====== Args={}
2025-03-14 22:06:10,156 : INFO : EventManager : Event: ======'mode_base_stopping'====== Args={}
2025-03-14 22:06:10,157 : INFO : Mode.base : Stopped.
2025-03-14 22:06:10,157 : INFO : EventManager : Event: ======'modes_active_modes_changed'====== Args={}
2025-03-14 22:06:10,157 : INFO : EventManager : Event: ======'mode_base_stopped'====== Args={}
2025-03-14 22:06:10,157 : INFO : EventManager : Event: ======'clear'====== Args={'key': 'base'}
2025-03-14 22:06:10,158 : INFO : Mode.game : Stopped.
2025-03-14 22:06:10,158 : INFO : EventManager : Event: ======'modes_active_modes_changed'====== Args={}
2025-03-14 22:06:10,158 : INFO : EventManager : Event: ======'mode_game_stopped'====== Args={}
2025-03-14 22:06:10,158 : INFO : EventManager : Event: ======'clear'====== Args={'key': 'game'}
2025-03-14 22:06:10,249 : INFO : root : MPF run loop ended.
