2025-03-14 23:12:50,663 : INFO : root : Loading config.
2025-03-14 23:12:50,670 : INFO : YamlMultifileConfigLoader : Machine config file #1: config.yaml
2025-03-14 23:12:50,673 : WARNING : ConfigProcessor : Config file in cache changed: C:\Users\User\Desktop\fast_homebrew_godot_v2\fast_homebrew_godot_v2\config\config.yaml
2025-03-14 23:12:50,674 : INFO : ConfigProcessor : Loading config from file C:\Users\User\AppData\Local\Programs\Python\Python312\Lib\site-packages\mpf\mpfconfig.yaml.
2025-03-14 23:12:50,702 : INFO : ConfigProcessor : Loading config: C:\Users\User\AppData\Local\Programs\Python\Python312\Lib\site-packages\mpf\mpfconfig.yaml
2025-03-14 23:12:50,703 : INFO : ConfigProcessor : Loading config from file C:\Users\User\Desktop\fast_homebrew_godot_v2\fast_homebrew_godot_v2\config\config.yaml.
2025-03-14 23:12:50,710 : INFO : ConfigProcessor : Loading config: C:\Users\User\Desktop\fast_homebrew_godot_v2\fast_homebrew_godot_v2\config\config.yaml
2025-03-14 23:12:50,712 : INFO : ConfigProcessor : Loading config: C:\Users\User\Desktop\fast_homebrew_godot_v2\fast_homebrew_godot_v2\config\lights.yaml
2025-03-14 23:12:50,715 : INFO : ConfigProcessor : Loading config: C:\Users\User\Desktop\fast_homebrew_godot_v2\fast_homebrew_godot_v2\config\coils.yaml
2025-03-14 23:12:50,719 : INFO : ConfigProcessor : Loading config: C:\Users\User\Desktop\fast_homebrew_godot_v2\fast_homebrew_godot_v2\config\switches.yaml
2025-03-14 23:12:50,724 : INFO : ConfigProcessor : Loading config: C:\Users\User\Desktop\fast_homebrew_godot_v2\fast_homebrew_godot_v2\config\images.yaml
2025-03-14 23:12:50,726 : INFO : ConfigProcessor : Loading config: C:\Users\User\Desktop\fast_homebrew_godot_v2\fast_homebrew_godot_v2\config\videos.yaml
2025-03-14 23:12:50,729 : INFO : ConfigProcessor : Config file cache created: C:\Users\User\AppData\Local\Temp\5682b9bdeb2b9ad8a31c13560e038609.mpf_cache
2025-03-14 23:12:50,936 : INFO : ConfigProcessor : Loading config from cache: C:\Users\User\AppData\Local\Temp\8422c6572f827355f8aade1949d04025.mpf_cache
2025-03-14 23:12:50,938 : INFO : ConfigProcessor : Loading config from cache: C:\Users\User\AppData\Local\Temp\1c0e7e9816717d8e62c4728dfe372999.mpf_cache
2025-03-14 23:12:50,940 : INFO : ConfigProcessor : Loading config from cache: C:\Users\User\AppData\Local\Temp\e3e8065d662ad307fa9574659e7e4e8e.mpf_cache
2025-03-14 23:12:50,962 : INFO : ConfigProcessor : Loading config from cache: C:\Users\User\AppData\Local\Temp\8422c6572f827355f8aade1949d04025.mpf_cache
2025-03-14 23:12:50,964 : INFO : Machine : Mission Pinball Framework Core Engine v0.80.0.dev6
2025-03-14 23:12:50,964 : INFO : Machine : Command line arguments: {'no_load_cache': False, 'create_config_cache': True, 'bcp': False, 'configfile': ['config.yaml'], 'force_assets_load': False, 'platform_integration_test': False, 'jsonlogging': False, 'logfile': 'logs\\2025-03-14-23-12-50-mpf-BERNIE.log', 'pause': False, 'production': False, 'text_ui': False, 'loglevel': 15, 'consoleloglevel': 20, 'force_platform': None, 'syslog_address': None, 'full_logfile_path': 'C:\\Users\\User\\Desktop\\fast_homebrew_godot_v2\\fast_homebrew_godot_v2\\logs\\2025-03-14-23-12-50-mpf-BERNIE.log'}
2025-03-14 23:12:50,964 : INFO : Machine : MPF path: C:\Users\User\AppData\Local\Programs\Python\Python312\Lib\site-packages\mpf
2025-03-14 23:12:50,964 : INFO : Machine : Machine path: C:\Users\User\Desktop\fast_homebrew_godot_v2\fast_homebrew_godot_v2
2025-03-14 23:12:50,964 : INFO : Machine : Platform: win32
2025-03-14 23:12:50,964 : INFO : Machine : Python executable location: C:\Users\User\AppData\Local\Programs\Python\Python312\python.exe
2025-03-14 23:12:50,964 : INFO : Machine : Python version: 3.12.3 (64-bit)
2025-03-14 23:12:50,969 : INFO : Machine : Initializing MPF...
2025-03-14 23:12:51,193 : INFO : FAST : Auto-detecting ports for the following connections: ['net']
2025-03-14 23:12:51,236 : INFO : FAST : Detected NET on port COM5
2025-03-14 23:12:51,347 : INFO : FAST [NET] : Trying to connect to COM5 at 921600bps
2025-03-14 23:12:51,356 : INFO : FAST [NET] : Connected to COM5 at 921600bps
2025-03-14 23:12:51,360 : INFO : FAST [NET] : Connected to FP-CPU-2000 with firmware v02.26
2025-03-14 23:12:51,391 : INFO : FAST [NET] : Registered I/O Board 0: Model: FP-I/O-3208, Firmware: 01.10, Switches: 32, Drivers: 8
2025-03-14 23:12:51,392 : INFO : EventManager : Event: ======'machine_var_credits_string'====== Args={'value': 'FREE PLAY', 'prev_value': None, 'change': True}
2025-03-14 23:12:51,443 : INFO : EventManager : Event: ======'machine_var_master_volume'====== Args={'value': 0.5, 'prev_value': None, 'change': True}
2025-03-14 23:12:51,443 : INFO : EventManager : Event: ======'machine_var_mpf_version'====== Args={'value': 'Mission Pinball Framework v0.80.0.dev6', 'prev_value': None, 'change': True}
2025-03-14 23:12:51,443 : INFO : EventManager : Event: ======'machine_var_mpf_extended_version'====== Args={'value': 'Mission Pinball Framework v0.80.0.dev6, Config version:6, Show version: 6, BCP version:1.1', 'prev_value': None, 'change': True}
2025-03-14 23:12:51,444 : INFO : EventManager : Event: ======'machine_var_python_version'====== Args={'value': '3.12.3', 'prev_value': None, 'change': True}
2025-03-14 23:12:51,585 : INFO : EventManager : Event: ======'machine_var_platform'====== Args={'value': 'Windows-11-10.0.22631-SP0', 'prev_value': None, 'change': True}
2025-03-14 23:12:51,585 : INFO : EventManager : Event: ======'machine_var_platform_system'====== Args={'value': 'Windows', 'prev_value': None, 'change': True}
2025-03-14 23:12:51,586 : INFO : EventManager : Event: ======'machine_var_platform_release'====== Args={'value': '11', 'prev_value': None, 'change': True}
2025-03-14 23:12:51,586 : INFO : EventManager : Event: ======'machine_var_platform_version'====== Args={'value': '10.0.22631', 'prev_value': None, 'change': True}
2025-03-14 23:12:51,586 : INFO : EventManager : Event: ======'machine_var_platform_machine'====== Args={'value': 'AMD64', 'prev_value': None, 'change': True}
2025-03-14 23:12:51,586 : INFO : EventManager : Event: ======'machine_var_log_file_path'====== Args={'value': 'C:\\Users\\User\\Desktop\\fast_homebrew_godot_v2\\fast_homebrew_godot_v2\\logs\\2025-03-14-23-12-50-mpf-BERNIE.log', 'prev_value': None, 'change': True}
2025-03-14 23:12:51,586 : INFO : EventManager : Event: ======'init_phase_1'====== Args={}
2025-03-14 23:12:54,079 : INFO : SwitchController : <<<<<<< 's_trough_ball_jam' active >>>>>>>
2025-03-14 23:12:54,080 : INFO : SwitchController : <<<<<<< 's_trough_ball_1' active >>>>>>>
2025-03-14 23:12:54,080 : INFO : SwitchController : <<<<<<< 's_flipper_right' active >>>>>>>
2025-03-14 23:12:54,080 : INFO : SwitchController : <<<<<<< 's_eject_confirm' active >>>>>>>
2025-03-14 23:12:54,081 : INFO : EventManager : Event: ======'init_phase_2'====== Args={}
2025-03-14 23:12:54,081 : INFO : SwitchController : Found active switch: (6, [FAST Platform Interface]) <switch.s_trough_ball_jam>
2025-03-14 23:12:54,082 : INFO : SwitchController : Found active switch: (0, [FAST Platform Interface]) <switch.s_trough_ball_1>
2025-03-14 23:12:54,082 : INFO : SwitchController : Found active switch: (31, [FAST Platform Interface]) <switch.s_flipper_right>
2025-03-14 23:12:54,082 : INFO : SwitchController : Found active switch: (21, [FAST Platform Interface]) <switch.s_eject_confirm>
2025-03-14 23:12:54,579 : INFO : ball_device.bd_plunger : BCH: Initial count: 1
2025-03-14 23:12:54,581 : INFO : ball_device.bd_plunger : State: idle
2025-03-14 23:12:54,640 : INFO : EventManager : Event: ======'init_phase_3'====== Args={}
2025-03-14 23:12:54,649 : INFO : EventManager : Event: ======'init_phase_4'====== Args={}
2025-03-14 23:12:54,652 : INFO : BallController : Initial balls found: 1
2025-03-14 23:12:54,662 : INFO : EventManager : Event: ======'machine_var_audits_events_game_ended'====== Args={'value': 0, 'prev_value': None, 'change': True}
2025-03-14 23:12:54,662 : INFO : EventManager : Event: ======'machine_var_audits_events_game_started'====== Args={'value': 401, 'prev_value': None, 'change': True}
2025-03-14 23:12:54,662 : INFO : EventManager : Event: ======'machine_var_audits_missing_switches_s_eject_confirm'====== Args={'value': 4, 'prev_value': None, 'change': True}
2025-03-14 23:12:54,663 : INFO : EventManager : Event: ======'machine_var_audits_missing_switches_s_flipper_left'====== Args={'value': 5, 'prev_value': None, 'change': True}
2025-03-14 23:12:54,663 : INFO : EventManager : Event: ======'machine_var_audits_missing_switches_s_flipper_left_lower_eos'====== Args={'value': 5, 'prev_value': None, 'change': True}
2025-03-14 23:12:54,663 : INFO : EventManager : Event: ======'machine_var_audits_missing_switches_s_flipper_left_upper_eos'====== Args={'value': 5, 'prev_value': None, 'change': True}
2025-03-14 23:12:54,663 : INFO : EventManager : Event: ======'machine_var_audits_missing_switches_s_flipper_right'====== Args={'value': 12, 'prev_value': None, 'change': True}
2025-03-14 23:12:54,663 : INFO : EventManager : Event: ======'machine_var_audits_missing_switches_s_flipper_right_eos'====== Args={'value': 9, 'prev_value': None, 'change': True}
2025-03-14 23:12:54,663 : INFO : EventManager : Event: ======'machine_var_audits_missing_switches_s_launch'====== Args={'value': 6, 'prev_value': None, 'change': True}
2025-03-14 23:12:54,664 : INFO : EventManager : Event: ======'machine_var_audits_missing_switches_s_left_flipper'====== Args={'value': 363, 'prev_value': None, 'change': True}
2025-03-14 23:12:54,664 : INFO : EventManager : Event: ======'machine_var_audits_missing_switches_s_left_flipper_eos'====== Args={'value': 363, 'prev_value': None, 'change': True}
2025-03-14 23:12:54,664 : INFO : EventManager : Event: ======'machine_var_audits_missing_switches_s_left_inlane'====== Args={'value': 6, 'prev_value': None, 'change': True}
2025-03-14 23:12:54,664 : INFO : EventManager : Event: ======'machine_var_audits_missing_switches_s_left_inner_lane'====== Args={'value': 357, 'prev_value': None, 'change': True}
2025-03-14 23:12:54,665 : INFO : EventManager : Event: ======'machine_var_audits_missing_switches_s_left_outer_lane'====== Args={'value': 153, 'prev_value': None, 'change': True}
2025-03-14 23:12:54,665 : INFO : EventManager : Event: ======'machine_var_audits_missing_switches_s_left_outlane'====== Args={'value': 6, 'prev_value': None, 'change': True}
2025-03-14 23:12:54,665 : INFO : EventManager : Event: ======'machine_var_audits_missing_switches_s_left_sling'====== Args={'value': 363, 'prev_value': None, 'change': True}
2025-03-14 23:12:54,665 : INFO : EventManager : Event: ======'machine_var_audits_missing_switches_s_mead'====== Args={'value': 267, 'prev_value': None, 'change': True}
2025-03-14 23:12:54,666 : INFO : EventManager : Event: ======'machine_var_audits_missing_switches_s_percy'====== Args={'value': 85, 'prev_value': None, 'change': True}
2025-03-14 23:12:54,666 : INFO : EventManager : Event: ======'machine_var_audits_missing_switches_s_plunger'====== Args={'value': 9, 'prev_value': None, 'change': True}
2025-03-14 23:12:54,666 : INFO : EventManager : Event: ======'machine_var_audits_missing_switches_s_pop_bumper_1'====== Args={'value': 357, 'prev_value': None, 'change': True}
2025-03-14 23:12:54,666 : INFO : EventManager : Event: ======'machine_var_audits_missing_switches_s_pop_bumper_2'====== Args={'value': 357, 'prev_value': None, 'change': True}
2025-03-14 23:12:54,667 : INFO : EventManager : Event: ======'machine_var_audits_missing_switches_s_pop_bumper_3'====== Args={'value': 357, 'prev_value': None, 'change': True}
2025-03-14 23:12:54,667 : INFO : EventManager : Event: ======'machine_var_audits_missing_switches_s_right_flipper'====== Args={'value': 363, 'prev_value': None, 'change': True}
2025-03-14 23:12:54,667 : INFO : EventManager : Event: ======'machine_var_audits_missing_switches_s_right_flipper_eos'====== Args={'value': 363, 'prev_value': None, 'change': True}
2025-03-14 23:12:54,667 : INFO : EventManager : Event: ======'machine_var_audits_missing_switches_s_right_inlane'====== Args={'value': 6, 'prev_value': None, 'change': True}
2025-03-14 23:12:54,668 : INFO : EventManager : Event: ======'machine_var_audits_missing_switches_s_right_inner_lane'====== Args={'value': 357, 'prev_value': None, 'change': True}
2025-03-14 23:12:54,668 : INFO : EventManager : Event: ======'machine_var_audits_missing_switches_s_right_outer_lane'====== Args={'value': 357, 'prev_value': None, 'change': True}
2025-03-14 23:12:54,668 : INFO : EventManager : Event: ======'machine_var_audits_missing_switches_s_right_outlane'====== Args={'value': 6, 'prev_value': None, 'change': True}
2025-03-14 23:12:54,668 : INFO : EventManager : Event: ======'machine_var_audits_missing_switches_s_right_sling'====== Args={'value': 363, 'prev_value': None, 'change': True}
2025-03-14 23:12:54,668 : INFO : EventManager : Event: ======'machine_var_audits_missing_switches_s_scanlan'====== Args={'value': 204, 'prev_value': None, 'change': True}
2025-03-14 23:12:54,669 : INFO : EventManager : Event: ======'machine_var_audits_missing_switches_s_trough_ball_1'====== Args={'value': 375, 'prev_value': None, 'change': True}
2025-03-14 23:12:54,669 : INFO : EventManager : Event: ======'machine_var_audits_missing_switches_s_trough_ball_2'====== Args={'value': 9, 'prev_value': None, 'change': True}
2025-03-14 23:12:54,670 : INFO : EventManager : Event: ======'machine_var_audits_missing_switches_s_trough_ball_3'====== Args={'value': 9, 'prev_value': None, 'change': True}
2025-03-14 23:12:54,670 : INFO : EventManager : Event: ======'machine_var_audits_missing_switches_s_trough_ball_4'====== Args={'value': 9, 'prev_value': None, 'change': True}
2025-03-14 23:12:54,670 : INFO : EventManager : Event: ======'machine_var_audits_missing_switches_s_trough_ball_5'====== Args={'value': 9, 'prev_value': None, 'change': True}
2025-03-14 23:12:54,670 : INFO : EventManager : Event: ======'machine_var_audits_missing_switches_s_trough_ball_6'====== Args={'value': 9, 'prev_value': None, 'change': True}
2025-03-14 23:12:54,671 : INFO : EventManager : Event: ======'machine_var_audits_missing_switches_s_trough_ball_jam'====== Args={'value': 375, 'prev_value': None, 'change': True}
2025-03-14 23:12:54,675 : INFO : EventManager : Event: ======'machine_var_audits_player_score'====== Args={'value': {'average': 0, 'top': [], 'total': 0}, 'prev_value': None, 'change': True}
2025-03-14 23:12:54,676 : INFO : EventManager : Event: ======'machine_var_audits_shots_mead_shot'====== Args={'value': 223, 'prev_value': None, 'change': True}
2025-03-14 23:12:54,677 : INFO : EventManager : Event: ======'machine_var_audits_shots_percy_shot'====== Args={'value': 56, 'prev_value': None, 'change': True}
2025-03-14 23:12:54,677 : INFO : EventManager : Event: ======'machine_var_audits_shots_scanlan_shot'====== Args={'value': 121, 'prev_value': None, 'change': True}
2025-03-14 23:12:54,677 : INFO : EventManager : Event: ======'machine_var_audits_shots_video_shot_1'====== Args={'value': 24, 'prev_value': None, 'change': True}
2025-03-14 23:12:54,679 : INFO : EventManager : Event: ======'machine_var_audits_shots_video_shot_2'====== Args={'value': 20, 'prev_value': None, 'change': True}
2025-03-14 23:12:54,679 : INFO : EventManager : Event: ======'machine_var_audits_switches_s_auto_launcher'====== Args={'value': 0, 'prev_value': None, 'change': True}
2025-03-14 23:12:54,679 : INFO : EventManager : Event: ======'machine_var_audits_switches_s_ball_drain'====== Args={'value': 0, 'prev_value': None, 'change': True}
2025-03-14 23:12:54,679 : INFO : EventManager : Event: ======'machine_var_audits_switches_s_eject_confirm'====== Args={'value': 0, 'prev_value': None, 'change': True}
2025-03-14 23:12:54,681 : INFO : EventManager : Event: ======'machine_var_audits_switches_s_flipper_left'====== Args={'value': 15, 'prev_value': None, 'change': True}
2025-03-14 23:12:54,681 : INFO : EventManager : Event: ======'machine_var_audits_switches_s_flipper_left_lower_eos'====== Args={'value': 6, 'prev_value': None, 'change': True}
2025-03-14 23:12:54,681 : INFO : EventManager : Event: ======'machine_var_audits_switches_s_flipper_left_upper_eos'====== Args={'value': 5, 'prev_value': None, 'change': True}
2025-03-14 23:12:54,681 : INFO : EventManager : Event: ======'machine_var_audits_switches_s_flipper_right'====== Args={'value': 0, 'prev_value': None, 'change': True}
2025-03-14 23:12:54,681 : INFO : EventManager : Event: ======'machine_var_audits_switches_s_flipper_right_eos'====== Args={'value': 3, 'prev_value': None, 'change': True}
2025-03-14 23:12:54,681 : INFO : EventManager : Event: ======'machine_var_audits_switches_s_launch'====== Args={'value': 0, 'prev_value': None, 'change': True}
2025-03-14 23:12:54,682 : INFO : EventManager : Event: ======'machine_var_audits_switches_s_left_flipper'====== Args={'value': 36, 'prev_value': None, 'change': True}
2025-03-14 23:12:54,682 : INFO : EventManager : Event: ======'machine_var_audits_switches_s_left_flipper_eos'====== Args={'value': 0, 'prev_value': None, 'change': True}
2025-03-14 23:12:54,682 : INFO : EventManager : Event: ======'machine_var_audits_switches_s_left_inlane'====== Args={'value': 0, 'prev_value': None, 'change': True}
2025-03-14 23:12:54,682 : INFO : EventManager : Event: ======'machine_var_audits_switches_s_left_inner_lane'====== Args={'value': 0, 'prev_value': None, 'change': True}
2025-03-14 23:12:54,682 : INFO : EventManager : Event: ======'machine_var_audits_switches_s_left_outer_lane'====== Args={'value': 0, 'prev_value': None, 'change': True}
2025-03-14 23:12:54,682 : INFO : EventManager : Event: ======'machine_var_audits_switches_s_left_outlane'====== Args={'value': 0, 'prev_value': None, 'change': True}
2025-03-14 23:12:54,682 : INFO : EventManager : Event: ======'machine_var_audits_switches_s_left_sling'====== Args={'value': 7, 'prev_value': None, 'change': True}
2025-03-14 23:12:54,682 : INFO : EventManager : Event: ======'machine_var_audits_switches_s_mead'====== Args={'value': 0, 'prev_value': None, 'change': True}
2025-03-14 23:12:54,682 : INFO : EventManager : Event: ======'machine_var_audits_switches_s_percy'====== Args={'value': 0, 'prev_value': None, 'change': True}
2025-03-14 23:12:54,683 : INFO : EventManager : Event: ======'machine_var_audits_switches_s_plunger'====== Args={'value': 12, 'prev_value': None, 'change': True}
2025-03-14 23:12:54,683 : INFO : EventManager : Event: ======'machine_var_audits_switches_s_pop_bumper_1'====== Args={'value': 0, 'prev_value': None, 'change': True}
2025-03-14 23:12:54,683 : INFO : EventManager : Event: ======'machine_var_audits_switches_s_pop_bumper_2'====== Args={'value': 0, 'prev_value': None, 'change': True}
2025-03-14 23:12:54,683 : INFO : EventManager : Event: ======'machine_var_audits_switches_s_pop_bumper_3'====== Args={'value': 0, 'prev_value': None, 'change': True}
2025-03-14 23:12:54,683 : INFO : EventManager : Event: ======'machine_var_audits_switches_s_right_flipper'====== Args={'value': 131, 'prev_value': None, 'change': True}
2025-03-14 23:12:54,683 : INFO : EventManager : Event: ======'machine_var_audits_switches_s_right_flipper_eos'====== Args={'value': 0, 'prev_value': None, 'change': True}
2025-03-14 23:12:54,683 : INFO : EventManager : Event: ======'machine_var_audits_switches_s_right_inlane'====== Args={'value': 0, 'prev_value': None, 'change': True}
2025-03-14 23:12:54,683 : INFO : EventManager : Event: ======'machine_var_audits_switches_s_right_inner_lane'====== Args={'value': 0, 'prev_value': None, 'change': True}
2025-03-14 23:12:54,683 : INFO : EventManager : Event: ======'machine_var_audits_switches_s_right_outer_lane'====== Args={'value': 0, 'prev_value': None, 'change': True}
2025-03-14 23:12:54,683 : INFO : EventManager : Event: ======'machine_var_audits_switches_s_right_outlane'====== Args={'value': 0, 'prev_value': None, 'change': True}
2025-03-14 23:12:54,684 : INFO : EventManager : Event: ======'machine_var_audits_switches_s_right_sling'====== Args={'value': 3, 'prev_value': None, 'change': True}
2025-03-14 23:12:54,684 : INFO : EventManager : Event: ======'machine_var_audits_switches_s_scanlan'====== Args={'value': 0, 'prev_value': None, 'change': True}
2025-03-14 23:12:54,684 : INFO : EventManager : Event: ======'machine_var_audits_switches_s_start'====== Args={'value': 105, 'prev_value': None, 'change': True}
2025-03-14 23:12:54,684 : INFO : EventManager : Event: ======'machine_var_audits_switches_s_switch_2'====== Args={'value': 0, 'prev_value': None, 'change': True}
2025-03-14 23:12:54,684 : INFO : EventManager : Event: ======'machine_var_audits_switches_s_trough_ball_1'====== Args={'value': 4, 'prev_value': None, 'change': True}
2025-03-14 23:12:54,684 : INFO : EventManager : Event: ======'machine_var_audits_switches_s_trough_ball_2'====== Args={'value': 7, 'prev_value': None, 'change': True}
2025-03-14 23:12:54,684 : INFO : EventManager : Event: ======'machine_var_audits_switches_s_trough_ball_3'====== Args={'value': 4, 'prev_value': None, 'change': True}
2025-03-14 23:12:54,684 : INFO : EventManager : Event: ======'machine_var_audits_switches_s_trough_ball_4'====== Args={'value': 3, 'prev_value': None, 'change': True}
2025-03-14 23:12:54,684 : INFO : EventManager : Event: ======'machine_var_audits_switches_s_trough_ball_5'====== Args={'value': 3, 'prev_value': None, 'change': True}
2025-03-14 23:12:54,684 : INFO : EventManager : Event: ======'machine_var_audits_switches_s_trough_ball_6'====== Args={'value': 4, 'prev_value': None, 'change': True}
2025-03-14 23:12:54,685 : INFO : EventManager : Event: ======'machine_var_audits_switches_s_trough_ball_jam'====== Args={'value': 3, 'prev_value': None, 'change': True}
2025-03-14 23:12:54,685 : INFO : EventManager : Event: ======'machine_var_audits_switches_s_trough_eject_coil'====== Args={'value': 0, 'prev_value': None, 'change': True}
2025-03-14 23:12:54,686 : INFO : EventManager : Event: ======'init_phase_5'====== Args={}
2025-03-14 23:12:54,687 : INFO : EventManager : Event: ======'init_done'====== Args={}
2025-03-14 23:12:54,687 : INFO : EventManager : Event: ======'machine_reset_phase_1'====== Args={}
2025-03-14 23:12:54,690 : INFO : EventManager : Event: ======'machine_reset_phase_2'====== Args={}
2025-03-14 23:12:54,692 : INFO : EventManager : Event: ======'machine_reset_phase_3'====== Args={}
2025-03-14 23:12:54,694 : INFO : EventManager : Event: ======'reset_complete'====== Args={}
2025-03-14 23:12:54,694 : INFO : EventManager : Event: ======'mode_attract_will_start'====== Args={}
2025-03-14 23:12:54,695 : INFO : EventManager : Event: ======'mode_attract_starting'====== Args={}
2025-03-14 23:12:54,695 : INFO : Mode.attract : Started. Priority: 10
2025-03-14 23:12:54,695 : INFO : EventManager : Event: ======'modes_active_modes_changed'====== Args={}
2025-03-14 23:12:54,696 : INFO : EventManager : Event: ======'mode_attract_started'====== Args={}
2025-03-14 23:12:54,696 : INFO : EventManager : Event: ======'collecting_balls'====== Args={}
2025-03-14 23:12:54,696 : INFO : ball_device.bd_plunger : Adding 1 ball(s) to the eject_queue with target <playfield.playfield>.
2025-03-14 23:12:54,696 : INFO : EventManager : Event: ======'balldevice_balls_available'====== Args={}
2025-03-14 23:12:54,699 : INFO : Machine : Starting the main run loop with active modes: [<Mode.attract>]
2025-03-14 23:12:54,700 : INFO : ball_device.bd_plunger : State: waiting_for_target_ready
2025-03-14 23:12:54,700 : INFO : EventManager : Event: ======'balldevice_bd_plunger_ball_eject_attempt'====== Args={'balls': 1, 'target': <playfield.playfield>, 'source': <ball_device.bd_plunger>, 'mechanical_eject': False, 'num_attempts': 0}
2025-03-14 23:12:54,700 : INFO : ball_device.bd_plunger : State: ejecting
2025-03-14 23:12:54,700 : INFO : ball_device.bd_plunger : Ejecting ball to <playfield.playfield>
2025-03-14 23:12:54,701 : INFO : EventManager : Event: ======'balldevice_bd_plunger_ejecting_ball'====== Args={'balls': 1, 'target': <playfield.playfield>, 'source': <ball_device.bd_plunger>, 'mechanical_eject': False, 'num_attempts': 0}
2025-03-14 23:12:54,704 : INFO : ball_device.bd_plunger : Wait for ball to leave device
2025-03-14 23:12:54,724 : INFO : SwitchController : <<<<<<< 's_flipper_right_eos' active >>>>>>>
2025-03-14 23:12:58,127 : INFO : SwitchController : <<<<<<< 's_start' active >>>>>>>
2025-03-14 23:12:58,159 : INFO : SwitchController : <<<<<<< 's_start' inactive >>>>>>>
2025-03-14 23:12:58,159 : INFO : EventManager : Event: ======'request_to_start_game'====== Args={}
2025-03-14 23:12:58,160 : INFO : EventManager : Event: ======'game_start'====== Args={'buttons': [], 'hold_time': 0.030999999959021807}
2025-03-14 23:12:58,161 : INFO : EventManager : Event: ======'mode_game_will_start'====== Args={'buttons': [], 'hold_time': 0.030999999959021807}
2025-03-14 23:12:58,162 : INFO : EventManager : Event: ======'mode_game_starting'====== Args={'buttons': [], 'hold_time': 0.030999999959021807}
2025-03-14 23:12:58,162 : INFO : EventManager : Event: ======'mode_attract_will_stop'====== Args={}
2025-03-14 23:12:58,162 : INFO : EventManager : Event: ======'mode_attract_stopping'====== Args={}
2025-03-14 23:12:58,163 : INFO : Mode.game : Started. Priority: 20
2025-03-14 23:12:58,163 : INFO : EventManager : Event: ======'modes_active_modes_changed'====== Args={}
2025-03-14 23:12:58,163 : INFO : EventManager : Event: ======'mode_game_started'====== Args={'buttons': [], 'hold_time': 0.030999999959021807}
2025-03-14 23:12:58,164 : INFO : Mode.attract : Stopped.
2025-03-14 23:12:58,165 : INFO : EventManager : Event: ======'modes_active_modes_changed'====== Args={}
2025-03-14 23:12:58,165 : INFO : EventManager : Event: ======'mode_attract_stopped'====== Args={}
2025-03-14 23:12:58,166 : INFO : EventManager : Event: ======'clear'====== Args={'key': 'attract'}
2025-03-14 23:12:58,167 : INFO : EventManager : Event: ======'game_will_start'====== Args={}
2025-03-14 23:12:58,167 : INFO : EventManager : Event: ======'game_starting'====== Args={'game': <Mode.game>}
2025-03-14 23:12:58,175 : INFO : EventManager : Unordered handler for class <Auditor> on event game_ended with priority 1. Handlers: [RegisteredHandler(callback=<bound method Auditor.disable of <Auditor>>, priority=1, kwargs={}, key=UUID('d205ca62-3ca5-48c8-b387-a41693d2aabc'), condition=None, blocking_facility=None), RegisteredHandler(callback=<bound method Auditor._save_audits of <Auditor>>, priority=1, kwargs={}, key=UUID('989446fc-028f-4cbe-9168-2af1bcd0c6d8'), condition=None, blocking_facility=None)]. The order of those handlers is not defined and they will be executed in random order. This might lead to race conditions and potential bugs.
2025-03-14 23:12:58,176 : INFO : EventManager : Event: ======'player_add_request'====== Args={}
2025-03-14 23:12:58,176 : INFO : SwitchController : <<<<<<< 's_start' active >>>>>>>
2025-03-14 23:12:58,177 : INFO : EventManager : Event: ======'sw_start'====== Args={}
2025-03-14 23:12:58,177 : INFO : EventManager : Event: ======'machine_var_audits_switches_s_start'====== Args={'value': 106, 'prev_value': 105, 'change': 1}
2025-03-14 23:12:58,179 : INFO : EventManager : Event: ======'player_add_request'====== Args={}
2025-03-14 23:12:58,179 : INFO : EventManager : Event: ======'player_will_add'====== Args={'number': 1}
2025-03-14 23:12:58,180 : INFO : EventManager : Event: ======'player_adding'====== Args={'player': <Player 1>, 'number': 1}
2025-03-14 23:12:58,180 : INFO : EventManager : Event: ======'player_added'====== Args={'player': <Player 1>, 'num': 1}
2025-03-14 23:12:58,180 : INFO : Mode.game : Player added successfully. Total players: 1
2025-03-14 23:12:58,181 : INFO : EventManager : Event: ======'player_index'====== Args={'value': 0, 'prev_value': 0, 'change': 0, 'player_num': 1}
2025-03-14 23:12:58,181 : INFO : EventManager : Event: ======'player_number'====== Args={'value': 1, 'prev_value': 1, 'change': 0, 'player_num': 1}
2025-03-14 23:12:58,181 : INFO : EventManager : Event: ======'player_score'====== Args={'value': 0, 'prev_value': 0, 'change': 0, 'player_num': 1}
2025-03-14 23:12:58,181 : INFO : EventManager : Event: ======'player_will_add'====== Args={'number': 2}
2025-03-14 23:12:58,182 : INFO : EventManager : Event: ======'player_adding'====== Args={'player': <Player 2>, 'number': 2}
2025-03-14 23:12:58,182 : INFO : EventManager : Event: ======'player_added'====== Args={'player': <Player 2>, 'num': 2}
2025-03-14 23:12:58,182 : INFO : Mode.game : Player added successfully. Total players: 2
2025-03-14 23:12:58,183 : INFO : EventManager : Event: ======'multiplayer_game'====== Args={}
2025-03-14 23:12:58,183 : INFO : EventManager : Event: ======'player_index'====== Args={'value': 1, 'prev_value': 1, 'change': 0, 'player_num': 2}
2025-03-14 23:12:58,183 : INFO : EventManager : Event: ======'player_number'====== Args={'value': 2, 'prev_value': 2, 'change': 0, 'player_num': 2}
2025-03-14 23:12:58,183 : INFO : EventManager : Event: ======'player_score'====== Args={'value': 0, 'prev_value': 0, 'change': 0, 'player_num': 2}
2025-03-14 23:12:58,184 : INFO : EventManager : Event: ======'game_started'====== Args={}
2025-03-14 23:12:58,185 : INFO : EventManager : Event: ======'player_turn_will_start'====== Args={'player': <Player 1>, 'number': 1}
2025-03-14 23:12:58,186 : INFO : EventManager : Event: ======'player_turn_starting'====== Args={'player': <Player 1>, 'number': 1}
2025-03-14 23:12:58,191 : INFO : EventManager : Event: ======'player_ball'====== Args={'value': 1, 'prev_value': 0, 'change': 1, 'player_num': 1}
2025-03-14 23:12:58,192 : INFO : EventManager : Event: ======'player_turn_started'====== Args={'player': <Player 1>, 'number': 1}
2025-03-14 23:12:58,192 : INFO : EventManager : Event: ======'ball_will_start'====== Args={'player': 1, 'ball': 1, 'balls_remaining': 2, 'is_extra_ball': False}
2025-03-14 23:12:58,192 : INFO : BallController : Found 1 ball(s) on playfield.
2025-03-14 23:12:58,192 : WARNING : BallController : Playfields still contain balls. Waiting for those to drain.
2025-03-14 23:12:58,267 : INFO : SwitchController : <<<<<<< 's_start' inactive >>>>>>>
2025-03-14 23:12:58,813 : INFO : SwitchController : <<<<<<< 's_start' active >>>>>>>
2025-03-14 23:12:58,813 : INFO : EventManager : Event: ======'sw_start'====== Args={}
2025-03-14 23:12:58,814 : INFO : EventManager : Event: ======'machine_var_audits_switches_s_start'====== Args={'value': 107, 'prev_value': 106, 'change': 1}
2025-03-14 23:12:58,814 : INFO : EventManager : Event: ======'player_add_request'====== Args={}
2025-03-14 23:12:58,815 : INFO : EventManager : Event: ======'player_will_add'====== Args={'number': 3}
2025-03-14 23:12:58,815 : INFO : EventManager : Event: ======'player_adding'====== Args={'player': <Player 3>, 'number': 3}
2025-03-14 23:12:58,815 : INFO : EventManager : Event: ======'player_added'====== Args={'player': <Player 3>, 'num': 3}
2025-03-14 23:12:58,816 : INFO : Mode.game : Player added successfully. Total players: 3
2025-03-14 23:12:58,816 : INFO : EventManager : Event: ======'player_index'====== Args={'value': 2, 'prev_value': 2, 'change': 0, 'player_num': 3}
2025-03-14 23:12:58,816 : INFO : EventManager : Event: ======'player_number'====== Args={'value': 3, 'prev_value': 3, 'change': 0, 'player_num': 3}
2025-03-14 23:12:58,816 : INFO : EventManager : Event: ======'player_score'====== Args={'value': 0, 'prev_value': 0, 'change': 0, 'player_num': 3}
2025-03-14 23:12:58,829 : INFO : SwitchController : <<<<<<< 's_start' inactive >>>>>>>
2025-03-14 23:12:58,829 : INFO : SwitchController : <<<<<<< 's_start' active >>>>>>>
2025-03-14 23:12:58,829 : INFO : EventManager : Event: ======'sw_start'====== Args={}
2025-03-14 23:12:58,831 : INFO : EventManager : Event: ======'machine_var_audits_switches_s_start'====== Args={'value': 108, 'prev_value': 107, 'change': 1}
2025-03-14 23:12:58,831 : INFO : EventManager : Event: ======'player_add_request'====== Args={}
2025-03-14 23:12:58,832 : INFO : EventManager : Event: ======'player_will_add'====== Args={'number': 4}
2025-03-14 23:12:58,832 : INFO : EventManager : Event: ======'player_adding'====== Args={'player': <Player 4>, 'number': 4}
2025-03-14 23:12:58,832 : INFO : EventManager : Event: ======'player_added'====== Args={'player': <Player 4>, 'num': 4}
2025-03-14 23:12:58,833 : INFO : Mode.game : Player added successfully. Total players: 4
2025-03-14 23:12:58,833 : INFO : EventManager : Event: ======'player_index'====== Args={'value': 3, 'prev_value': 3, 'change': 0, 'player_num': 4}
2025-03-14 23:12:58,833 : INFO : EventManager : Event: ======'player_number'====== Args={'value': 4, 'prev_value': 4, 'change': 0, 'player_num': 4}
2025-03-14 23:12:58,833 : INFO : EventManager : Event: ======'player_score'====== Args={'value': 0, 'prev_value': 0, 'change': 0, 'player_num': 4}
2025-03-14 23:12:58,859 : INFO : SwitchController : <<<<<<< 's_start' inactive >>>>>>>
2025-03-14 23:12:58,891 : INFO : SwitchController : <<<<<<< 's_start' active >>>>>>>
2025-03-14 23:12:58,891 : INFO : EventManager : Event: ======'sw_start'====== Args={}
2025-03-14 23:12:58,891 : INFO : EventManager : Event: ======'machine_var_audits_switches_s_start'====== Args={'value': 109, 'prev_value': 108, 'change': 1}
2025-03-14 23:12:58,923 : INFO : SwitchController : <<<<<<< 's_start' inactive >>>>>>>
2025-03-14 23:12:58,923 : INFO : SwitchController : <<<<<<< 's_start' active >>>>>>>
2025-03-14 23:12:58,924 : INFO : EventManager : Event: ======'sw_start'====== Args={}
2025-03-14 23:12:58,924 : INFO : EventManager : Event: ======'machine_var_audits_switches_s_start'====== Args={'value': 110, 'prev_value': 109, 'change': 1}
2025-03-14 23:12:58,924 : INFO : SwitchController : <<<<<<< 's_start' inactive >>>>>>>
2025-03-14 23:12:58,969 : INFO : SwitchController : <<<<<<< 's_start' active >>>>>>>
2025-03-14 23:12:58,969 : INFO : EventManager : Event: ======'sw_start'====== Args={}
2025-03-14 23:12:58,970 : INFO : EventManager : Event: ======'machine_var_audits_switches_s_start'====== Args={'value': 111, 'prev_value': 110, 'change': 1}
2025-03-14 23:12:59,017 : INFO : SwitchController : <<<<<<< 's_start' inactive >>>>>>>
2025-03-14 23:12:59,171 : INFO : BallController : Found 1 ball(s) on playfield.
2025-03-14 23:12:59,172 : WARNING : BallController : Playfields still contain balls. Waiting for those to drain.
2025-03-14 23:12:59,700 : INFO : EventManager : Event: ======'balldevice_bd_plunger_ball_eject_failed'====== Args={'target': <playfield.playfield>, 'balls': 1, 'retry': True, 'num_attempts': 1}
2025-03-14 23:12:59,701 : INFO : ball_device.bd_plunger : State: waiting_for_target_ready
2025-03-14 23:12:59,701 : INFO : EventManager : Event: ======'balldevice_bd_plunger_ball_eject_attempt'====== Args={'balls': 1, 'target': <playfield.playfield>, 'source': <ball_device.bd_plunger>, 'mechanical_eject': False, 'num_attempts': 1}
2025-03-14 23:12:59,702 : INFO : ball_device.bd_plunger : State: ejecting
2025-03-14 23:12:59,702 : INFO : ball_device.bd_plunger : Ejecting ball to <playfield.playfield>
2025-03-14 23:12:59,702 : INFO : EventManager : Event: ======'balldevice_bd_plunger_ejecting_ball'====== Args={'balls': 1, 'target': <playfield.playfield>, 'source': <ball_device.bd_plunger>, 'mechanical_eject': False, 'num_attempts': 1}
2025-03-14 23:12:59,703 : INFO : ball_device.bd_plunger : Wait for ball to leave device
2025-03-14 23:13:00,169 : INFO : BallController : Found 1 ball(s) on playfield.
2025-03-14 23:13:00,169 : WARNING : BallController : Playfields still contain balls. Waiting for those to drain.
2025-03-14 23:13:01,181 : INFO : BallController : Found 1 ball(s) on playfield.
2025-03-14 23:13:01,181 : WARNING : BallController : Playfields still contain balls. Waiting for those to drain.
2025-03-14 23:13:02,181 : INFO : BallController : Found 1 ball(s) on playfield.
2025-03-14 23:13:02,181 : WARNING : BallController : Playfields still contain balls. Waiting for those to drain.
2025-03-14 23:13:03,178 : INFO : BallController : Found 1 ball(s) on playfield.
2025-03-14 23:13:03,178 : WARNING : BallController : Playfields still contain balls. Waiting for those to drain.
2025-03-14 23:13:04,168 : INFO : BallController : Found 1 ball(s) on playfield.
2025-03-14 23:13:04,169 : WARNING : BallController : Playfields still contain balls. Waiting for those to drain.
2025-03-14 23:13:04,700 : INFO : EventManager : Event: ======'balldevice_bd_plunger_ball_eject_failed'====== Args={'target': <playfield.playfield>, 'balls': 1, 'retry': True, 'num_attempts': 2}
2025-03-14 23:13:04,702 : INFO : ball_device.bd_plunger : State: waiting_for_target_ready
2025-03-14 23:13:04,702 : INFO : EventManager : Event: ======'balldevice_bd_plunger_ball_eject_attempt'====== Args={'balls': 1, 'target': <playfield.playfield>, 'source': <ball_device.bd_plunger>, 'mechanical_eject': False, 'num_attempts': 2}
2025-03-14 23:13:04,703 : INFO : ball_device.bd_plunger : State: ejecting
2025-03-14 23:13:04,703 : INFO : ball_device.bd_plunger : Ejecting ball to <playfield.playfield>
2025-03-14 23:13:04,703 : INFO : EventManager : Event: ======'balldevice_bd_plunger_ejecting_ball'====== Args={'balls': 1, 'target': <playfield.playfield>, 'source': <ball_device.bd_plunger>, 'mechanical_eject': False, 'num_attempts': 2}
2025-03-14 23:13:04,705 : INFO : ball_device.bd_plunger : Wait for ball to leave device
2025-03-14 23:13:05,172 : INFO : BallController : Found 1 ball(s) on playfield.
2025-03-14 23:13:05,174 : WARNING : BallController : Playfields still contain balls. Waiting for those to drain.
2025-03-14 23:13:06,169 : INFO : BallController : Found 1 ball(s) on playfield.
2025-03-14 23:13:06,170 : WARNING : BallController : Playfields still contain balls. Waiting for those to drain.
2025-03-14 23:13:07,181 : INFO : BallController : Found 1 ball(s) on playfield.
2025-03-14 23:13:07,182 : WARNING : BallController : Playfields still contain balls. Waiting for those to drain.
2025-03-14 23:13:08,180 : INFO : BallController : Found 1 ball(s) on playfield.
2025-03-14 23:13:08,180 : WARNING : BallController : Playfields still contain balls. Waiting for those to drain.
2025-03-14 23:13:09,179 : INFO : BallController : Found 1 ball(s) on playfield.
2025-03-14 23:13:09,179 : WARNING : BallController : Playfields still contain balls. Waiting for those to drain.
2025-03-14 23:13:09,712 : INFO : EventManager : Event: ======'balldevice_bd_plunger_ball_eject_failed'====== Args={'target': <playfield.playfield>, 'balls': 1, 'retry': True, 'num_attempts': 3}
2025-03-14 23:13:09,717 : INFO : ball_device.bd_plunger : State: waiting_for_target_ready
2025-03-14 23:13:09,718 : INFO : EventManager : Event: ======'balldevice_bd_plunger_ball_eject_attempt'====== Args={'balls': 1, 'target': <playfield.playfield>, 'source': <ball_device.bd_plunger>, 'mechanical_eject': False, 'num_attempts': 3}
2025-03-14 23:13:09,726 : INFO : ball_device.bd_plunger : State: ejecting
2025-03-14 23:13:09,727 : INFO : ball_device.bd_plunger : Ejecting ball to <playfield.playfield>
2025-03-14 23:13:09,727 : INFO : EventManager : Event: ======'balldevice_bd_plunger_ejecting_ball'====== Args={'balls': 1, 'target': <playfield.playfield>, 'source': <ball_device.bd_plunger>, 'mechanical_eject': False, 'num_attempts': 3}
2025-03-14 23:13:09,732 : INFO : ball_device.bd_plunger : Wait for ball to leave device
2025-03-14 23:13:10,181 : INFO : BallController : Found 1 ball(s) on playfield.
2025-03-14 23:13:10,181 : WARNING : BallController : Playfields still contain balls. Waiting for those to drain.
2025-03-14 23:13:11,183 : INFO : BallController : Found 1 ball(s) on playfield.
2025-03-14 23:13:11,184 : WARNING : BallController : Playfields still contain balls. Waiting for those to drain.
2025-03-14 23:13:12,182 : INFO : BallController : Found 1 ball(s) on playfield.
2025-03-14 23:13:12,182 : WARNING : BallController : Playfields still contain balls. Waiting for those to drain.
2025-03-14 23:13:12,505 : INFO : Machine : Shutting down...
2025-03-14 23:13:12,505 : INFO : EventManager : Event: ======'shutdown'====== Args={}
2025-03-14 23:13:12,507 : INFO : EventManager : Event: ======'mode_game_will_stop'====== Args={}
2025-03-14 23:13:12,507 : INFO : EventManager : Event: ======'mode_game_stopping'====== Args={}
2025-03-14 23:13:12,508 : INFO : Mode.game : Stopped.
2025-03-14 23:13:12,508 : INFO : EventManager : Event: ======'modes_active_modes_changed'====== Args={}
2025-03-14 23:13:12,508 : INFO : EventManager : Event: ======'mode_game_stopped'====== Args={}
2025-03-14 23:13:12,508 : INFO : EventManager : Event: ======'clear'====== Args={'key': 'game'}
2025-03-14 23:13:12,591 : INFO : SwitchController : <<<<<<< 's_flipper_right_eos' inactive >>>>>>>
2025-03-14 23:13:12,594 : INFO : root : MPF run loop ended.
