2025-03-15 11:37:38,521 : INFO : root : Loading config.
2025-03-15 11:37:38,528 : INFO : YamlMultifileConfigLoader : Machine config file #1: config.yaml
2025-03-15 11:37:38,531 : INFO : ConfigProcessor : Loading config from cache: C:\Users\User\AppData\Local\Temp\5682b9bdeb2b9ad8a31c13560e038609.mpf_cache
2025-03-15 11:37:38,534 : WARNING : ConfigProcessor : Config file in cache changed: C:\Users\User\Desktop\fast_homebrew_godot_v2\fast_homebrew_godot_v2\config\coils.yaml
2025-03-15 11:37:38,535 : INFO : ConfigProcessor : Loading config from file C:\Users\User\AppData\Local\Programs\Python\Python312\Lib\site-packages\mpf\mpfconfig.yaml.
2025-03-15 11:37:38,575 : INFO : ConfigProcessor : Loading config: C:\Users\User\AppData\Local\Programs\Python\Python312\Lib\site-packages\mpf\mpfconfig.yaml
2025-03-15 11:37:38,576 : INFO : ConfigProcessor : Loading config from file C:\Users\User\Desktop\fast_homebrew_godot_v2\fast_homebrew_godot_v2\config\config.yaml.
2025-03-15 11:37:38,586 : INFO : ConfigProcessor : Loading config: C:\Users\User\Desktop\fast_homebrew_godot_v2\fast_homebrew_godot_v2\config\config.yaml
2025-03-15 11:37:38,588 : INFO : ConfigProcessor : Loading config: C:\Users\User\Desktop\fast_homebrew_godot_v2\fast_homebrew_godot_v2\config\lights.yaml
2025-03-15 11:37:38,592 : INFO : ConfigProcessor : Loading config: C:\Users\User\Desktop\fast_homebrew_godot_v2\fast_homebrew_godot_v2\config\coils.yaml
2025-03-15 11:37:38,599 : INFO : ConfigProcessor : Loading config: C:\Users\User\Desktop\fast_homebrew_godot_v2\fast_homebrew_godot_v2\config\switches.yaml
2025-03-15 11:37:38,605 : INFO : ConfigProcessor : Loading config: C:\Users\User\Desktop\fast_homebrew_godot_v2\fast_homebrew_godot_v2\config\images.yaml
2025-03-15 11:37:38,607 : INFO : ConfigProcessor : Loading config: C:\Users\User\Desktop\fast_homebrew_godot_v2\fast_homebrew_godot_v2\config\videos.yaml
2025-03-15 11:37:38,610 : INFO : ConfigProcessor : Config file cache created: C:\Users\User\AppData\Local\Temp\5682b9bdeb2b9ad8a31c13560e038609.mpf_cache
2025-03-15 11:37:38,844 : INFO : ConfigProcessor : Loading config from cache: C:\Users\User\AppData\Local\Temp\8422c6572f827355f8aade1949d04025.mpf_cache
2025-03-15 11:37:38,847 : INFO : ConfigProcessor : Loading config from cache: C:\Users\User\AppData\Local\Temp\1c0e7e9816717d8e62c4728dfe372999.mpf_cache
2025-03-15 11:37:38,849 : INFO : ConfigProcessor : Loading config from cache: C:\Users\User\AppData\Local\Temp\e3e8065d662ad307fa9574659e7e4e8e.mpf_cache
2025-03-15 11:37:38,851 : INFO : ConfigProcessor : Loading config from cache: C:\Users\User\AppData\Local\Temp\8422c6572f827355f8aade1949d04025.mpf_cache
2025-03-15 11:37:38,854 : INFO : Machine : Mission Pinball Framework Core Engine v0.80.0.dev6
2025-03-15 11:37:38,855 : INFO : Machine : Command line arguments: {'no_load_cache': False, 'create_config_cache': True, 'bcp': False, 'configfile': ['config.yaml'], 'force_assets_load': False, 'platform_integration_test': False, 'jsonlogging': False, 'logfile': 'logs\\2025-03-15-11-37-38-mpf-BERNIE.log', 'pause': False, 'production': False, 'text_ui': False, 'loglevel': 15, 'consoleloglevel': 20, 'force_platform': None, 'syslog_address': None, 'full_logfile_path': 'C:\\Users\\User\\Desktop\\fast_homebrew_godot_v2\\fast_homebrew_godot_v2\\logs\\2025-03-15-11-37-38-mpf-BERNIE.log'}
2025-03-15 11:37:38,855 : INFO : Machine : MPF path: C:\Users\User\AppData\Local\Programs\Python\Python312\Lib\site-packages\mpf
2025-03-15 11:37:38,855 : INFO : Machine : Machine path: C:\Users\User\Desktop\fast_homebrew_godot_v2\fast_homebrew_godot_v2
2025-03-15 11:37:38,855 : INFO : Machine : Platform: win32
2025-03-15 11:37:38,855 : INFO : Machine : Python executable location: C:\Users\User\AppData\Local\Programs\Python\Python312\python.exe
2025-03-15 11:37:38,855 : INFO : Machine : Python version: 3.12.3 (64-bit)
2025-03-15 11:37:38,860 : INFO : Machine : Initializing MPF...
2025-03-15 11:37:39,106 : INFO : FAST : Auto-detecting ports for the following connections: ['net']
2025-03-15 11:37:39,162 : INFO : FAST : Detected NET on port COM5
2025-03-15 11:37:39,273 : INFO : FAST [NET] : Trying to connect to COM5 at 921600bps
2025-03-15 11:37:39,280 : INFO : FAST [NET] : Connected to COM5 at 921600bps
2025-03-15 11:37:39,286 : INFO : FAST [NET] : Connected to FP-CPU-2000 with firmware v02.26
2025-03-15 11:37:39,318 : INFO : FAST [NET] : Registered I/O Board 0: Model: FP-I/O-3208, Firmware: 01.10, Switches: 32, Drivers: 8
2025-03-15 11:37:39,334 : INFO : FAST [NET] : Registered I/O Board 1: Model: FP-I/O-3208, Firmware: 01.10, Switches: 32, Drivers: 8
2025-03-15 11:37:39,335 : INFO : EventManager : Event: ======'machine_var_credits_string'====== Args={'value': 'FREE PLAY', 'prev_value': None, 'change': True}
2025-03-15 11:37:39,406 : INFO : EventManager : Event: ======'machine_var_master_volume'====== Args={'value': 0.5, 'prev_value': None, 'change': True}
2025-03-15 11:37:39,406 : INFO : EventManager : Event: ======'machine_var_mpf_version'====== Args={'value': 'Mission Pinball Framework v0.80.0.dev6', 'prev_value': None, 'change': True}
2025-03-15 11:37:39,406 : INFO : EventManager : Event: ======'machine_var_mpf_extended_version'====== Args={'value': 'Mission Pinball Framework v0.80.0.dev6, Config version:6, Show version: 6, BCP version:1.1', 'prev_value': None, 'change': True}
2025-03-15 11:37:39,407 : INFO : EventManager : Event: ======'machine_var_python_version'====== Args={'value': '3.12.3', 'prev_value': None, 'change': True}
2025-03-15 11:37:39,559 : INFO : EventManager : Event: ======'machine_var_platform'====== Args={'value': 'Windows-11-10.0.22631-SP0', 'prev_value': None, 'change': True}
2025-03-15 11:37:39,559 : INFO : EventManager : Event: ======'machine_var_platform_system'====== Args={'value': 'Windows', 'prev_value': None, 'change': True}
2025-03-15 11:37:39,561 : INFO : EventManager : Event: ======'machine_var_platform_release'====== Args={'value': '11', 'prev_value': None, 'change': True}
2025-03-15 11:37:39,561 : INFO : EventManager : Event: ======'machine_var_platform_version'====== Args={'value': '10.0.22631', 'prev_value': None, 'change': True}
2025-03-15 11:37:39,561 : INFO : EventManager : Event: ======'machine_var_platform_machine'====== Args={'value': 'AMD64', 'prev_value': None, 'change': True}
2025-03-15 11:37:39,561 : INFO : EventManager : Event: ======'machine_var_log_file_path'====== Args={'value': 'C:\\Users\\User\\Desktop\\fast_homebrew_godot_v2\\fast_homebrew_godot_v2\\logs\\2025-03-15-11-37-38-mpf-BERNIE.log', 'prev_value': None, 'change': True}
2025-03-15 11:37:39,561 : INFO : EventManager : Event: ======'init_phase_1'====== Args={}
2025-03-15 11:37:43,744 : INFO : SwitchController : <<<<<<< 's_trough_ball_jam' active >>>>>>>
2025-03-15 11:37:43,745 : INFO : SwitchController : <<<<<<< 's_trough_ball_1' active >>>>>>>
2025-03-15 11:37:43,745 : INFO : SwitchController : <<<<<<< 's_flipper_right' active >>>>>>>
2025-03-15 11:37:43,748 : INFO : EventManager : Event: ======'init_phase_2'====== Args={}
2025-03-15 11:37:43,748 : INFO : SwitchController : Found active switch: (6, [FAST Platform Interface]) <switch.s_trough_ball_jam>
2025-03-15 11:37:43,748 : INFO : SwitchController : Found active switch: (28, [FAST Platform Interface]) <switch.s_trough_ball_1>
2025-03-15 11:37:43,749 : INFO : SwitchController : Found active switch: (31, [FAST Platform Interface]) <switch.s_flipper_right>
2025-03-15 11:37:44,242 : INFO : ball_device.bd_trough : BCH: Initial count: 1
2025-03-15 11:37:44,243 : INFO : ball_device.bd_trough : State: idle
2025-03-15 11:37:44,244 : INFO : ball_device.bd_plunger : BCH: Initial count: 0
2025-03-15 11:37:44,245 : INFO : ball_device.bd_plunger : State: idle
2025-03-15 11:37:44,287 : INFO : EventManager : Event: ======'init_phase_3'====== Args={}
2025-03-15 11:37:44,291 : INFO : EventManager : Event: ======'init_phase_4'====== Args={}
2025-03-15 11:37:44,293 : INFO : BallController : Initial balls found: 1
2025-03-15 11:37:44,295 : INFO : EventManager : Event: ======'machine_var_audits_events_game_ended'====== Args={'value': 0, 'prev_value': None, 'change': True}
2025-03-15 11:37:44,295 : INFO : EventManager : Event: ======'machine_var_audits_events_game_started'====== Args={'value': 415, 'prev_value': None, 'change': True}
2025-03-15 11:37:44,295 : INFO : EventManager : Event: ======'machine_var_audits_missing_switches_s_eject_confirm'====== Args={'value': 14, 'prev_value': None, 'change': True}
2025-03-15 11:37:44,295 : INFO : EventManager : Event: ======'machine_var_audits_missing_switches_s_flipper_left'====== Args={'value': 4, 'prev_value': None, 'change': True}
2025-03-15 11:37:44,297 : INFO : EventManager : Event: ======'machine_var_audits_missing_switches_s_flipper_left_lower_eos'====== Args={'value': 1, 'prev_value': None, 'change': True}
2025-03-15 11:37:44,298 : INFO : EventManager : Event: ======'machine_var_audits_missing_switches_s_flipper_left_upper_eos'====== Args={'value': 1, 'prev_value': None, 'change': True}
2025-03-15 11:37:44,298 : INFO : EventManager : Event: ======'machine_var_audits_missing_switches_s_flipper_right'====== Args={'value': 26, 'prev_value': None, 'change': True}
2025-03-15 11:37:44,298 : INFO : EventManager : Event: ======'machine_var_audits_missing_switches_s_flipper_right_eos'====== Args={'value': 23, 'prev_value': None, 'change': True}
2025-03-15 11:37:44,298 : INFO : EventManager : Event: ======'machine_var_audits_missing_switches_s_launch'====== Args={'value': 6, 'prev_value': None, 'change': True}
2025-03-15 11:37:44,298 : INFO : EventManager : Event: ======'machine_var_audits_missing_switches_s_left_flipper'====== Args={'value': 363, 'prev_value': None, 'change': True}
2025-03-15 11:37:44,298 : INFO : EventManager : Event: ======'machine_var_audits_missing_switches_s_left_flipper_eos'====== Args={'value': 363, 'prev_value': None, 'change': True}
2025-03-15 11:37:44,298 : INFO : EventManager : Event: ======'machine_var_audits_missing_switches_s_left_inlane'====== Args={'value': 6, 'prev_value': None, 'change': True}
2025-03-15 11:37:44,298 : INFO : EventManager : Event: ======'machine_var_audits_missing_switches_s_left_inner_lane'====== Args={'value': 357, 'prev_value': None, 'change': True}
2025-03-15 11:37:44,298 : INFO : EventManager : Event: ======'machine_var_audits_missing_switches_s_left_outer_lane'====== Args={'value': 153, 'prev_value': None, 'change': True}
2025-03-15 11:37:44,298 : INFO : EventManager : Event: ======'machine_var_audits_missing_switches_s_left_outlane'====== Args={'value': 6, 'prev_value': None, 'change': True}
2025-03-15 11:37:44,299 : INFO : EventManager : Event: ======'machine_var_audits_missing_switches_s_left_sling'====== Args={'value': 363, 'prev_value': None, 'change': True}
2025-03-15 11:37:44,299 : INFO : EventManager : Event: ======'machine_var_audits_missing_switches_s_mead'====== Args={'value': 267, 'prev_value': None, 'change': True}
2025-03-15 11:37:44,299 : INFO : EventManager : Event: ======'machine_var_audits_missing_switches_s_percy'====== Args={'value': 85, 'prev_value': None, 'change': True}
2025-03-15 11:37:44,299 : INFO : EventManager : Event: ======'machine_var_audits_missing_switches_s_pop_bumper_1'====== Args={'value': 357, 'prev_value': None, 'change': True}
2025-03-15 11:37:44,299 : INFO : EventManager : Event: ======'machine_var_audits_missing_switches_s_pop_bumper_2'====== Args={'value': 357, 'prev_value': None, 'change': True}
2025-03-15 11:37:44,299 : INFO : EventManager : Event: ======'machine_var_audits_missing_switches_s_pop_bumper_3'====== Args={'value': 357, 'prev_value': None, 'change': True}
2025-03-15 11:37:44,299 : INFO : EventManager : Event: ======'machine_var_audits_missing_switches_s_right_flipper'====== Args={'value': 363, 'prev_value': None, 'change': True}
2025-03-15 11:37:44,299 : INFO : EventManager : Event: ======'machine_var_audits_missing_switches_s_right_flipper_eos'====== Args={'value': 363, 'prev_value': None, 'change': True}
2025-03-15 11:37:44,299 : INFO : EventManager : Event: ======'machine_var_audits_missing_switches_s_right_inlane'====== Args={'value': 6, 'prev_value': None, 'change': True}
2025-03-15 11:37:44,300 : INFO : EventManager : Event: ======'machine_var_audits_missing_switches_s_right_inner_lane'====== Args={'value': 357, 'prev_value': None, 'change': True}
2025-03-15 11:37:44,300 : INFO : EventManager : Event: ======'machine_var_audits_missing_switches_s_right_outer_lane'====== Args={'value': 357, 'prev_value': None, 'change': True}
2025-03-15 11:37:44,300 : INFO : EventManager : Event: ======'machine_var_audits_missing_switches_s_right_outlane'====== Args={'value': 6, 'prev_value': None, 'change': True}
2025-03-15 11:37:44,300 : INFO : EventManager : Event: ======'machine_var_audits_missing_switches_s_right_sling'====== Args={'value': 363, 'prev_value': None, 'change': True}
2025-03-15 11:37:44,300 : INFO : EventManager : Event: ======'machine_var_audits_missing_switches_s_scanlan'====== Args={'value': 204, 'prev_value': None, 'change': True}
2025-03-15 11:37:44,300 : INFO : EventManager : Event: ======'machine_var_audits_missing_switches_s_start'====== Args={'value': 2, 'prev_value': None, 'change': True}
2025-03-15 11:37:44,300 : INFO : EventManager : Event: ======'machine_var_audits_missing_switches_s_trough_ball_2'====== Args={'value': 1, 'prev_value': None, 'change': True}
2025-03-15 11:37:44,300 : INFO : EventManager : Event: ======'machine_var_audits_missing_switches_s_trough_ball_3'====== Args={'value': 1, 'prev_value': None, 'change': True}
2025-03-15 11:37:44,300 : INFO : EventManager : Event: ======'machine_var_audits_missing_switches_s_trough_ball_4'====== Args={'value': 1, 'prev_value': None, 'change': True}
2025-03-15 11:37:44,300 : INFO : EventManager : Event: ======'machine_var_audits_missing_switches_s_trough_ball_5'====== Args={'value': 1, 'prev_value': None, 'change': True}
2025-03-15 11:37:44,301 : INFO : EventManager : Event: ======'machine_var_audits_missing_switches_s_trough_ball_6'====== Args={'value': 1, 'prev_value': None, 'change': True}
2025-03-15 11:37:44,301 : INFO : EventManager : Event: ======'machine_var_audits_missing_switches_s_trough_ball_jam'====== Args={'value': 389, 'prev_value': None, 'change': True}
2025-03-15 11:37:44,301 : INFO : EventManager : Event: ======'machine_var_audits_player_score'====== Args={'value': {'average': 0, 'top': [], 'total': 0}, 'prev_value': None, 'change': True}
2025-03-15 11:37:44,301 : INFO : EventManager : Event: ======'machine_var_audits_shots_mead_shot'====== Args={'value': 223, 'prev_value': None, 'change': True}
2025-03-15 11:37:44,301 : INFO : EventManager : Event: ======'machine_var_audits_shots_percy_shot'====== Args={'value': 56, 'prev_value': None, 'change': True}
2025-03-15 11:37:44,301 : INFO : EventManager : Event: ======'machine_var_audits_shots_scanlan_shot'====== Args={'value': 121, 'prev_value': None, 'change': True}
2025-03-15 11:37:44,301 : INFO : EventManager : Event: ======'machine_var_audits_shots_video_shot_1'====== Args={'value': 24, 'prev_value': None, 'change': True}
2025-03-15 11:37:44,301 : INFO : EventManager : Event: ======'machine_var_audits_shots_video_shot_2'====== Args={'value': 20, 'prev_value': None, 'change': True}
2025-03-15 11:37:44,301 : INFO : EventManager : Event: ======'machine_var_audits_switches_s_auto_launcher'====== Args={'value': 0, 'prev_value': None, 'change': True}
2025-03-15 11:37:44,301 : INFO : EventManager : Event: ======'machine_var_audits_switches_s_ball_drain'====== Args={'value': 0, 'prev_value': None, 'change': True}
2025-03-15 11:37:44,301 : INFO : EventManager : Event: ======'machine_var_audits_switches_s_eject_confirm'====== Args={'value': 0, 'prev_value': None, 'change': True}
2025-03-15 11:37:44,302 : INFO : EventManager : Event: ======'machine_var_audits_switches_s_flipper_left'====== Args={'value': 17, 'prev_value': None, 'change': True}
2025-03-15 11:37:44,302 : INFO : EventManager : Event: ======'machine_var_audits_switches_s_flipper_left_lower_eos'====== Args={'value': 9, 'prev_value': None, 'change': True}
2025-03-15 11:37:44,302 : INFO : EventManager : Event: ======'machine_var_audits_switches_s_flipper_left_upper_eos'====== Args={'value': 8, 'prev_value': None, 'change': True}
2025-03-15 11:37:44,302 : INFO : EventManager : Event: ======'machine_var_audits_switches_s_flipper_right'====== Args={'value': 0, 'prev_value': None, 'change': True}
2025-03-15 11:37:44,302 : INFO : EventManager : Event: ======'machine_var_audits_switches_s_flipper_right_eos'====== Args={'value': 3, 'prev_value': None, 'change': True}
2025-03-15 11:37:44,302 : INFO : EventManager : Event: ======'machine_var_audits_switches_s_launch'====== Args={'value': 0, 'prev_value': None, 'change': True}
2025-03-15 11:37:44,302 : INFO : EventManager : Event: ======'machine_var_audits_switches_s_left_flipper'====== Args={'value': 36, 'prev_value': None, 'change': True}
2025-03-15 11:37:44,303 : INFO : EventManager : Event: ======'machine_var_audits_switches_s_left_flipper_eos'====== Args={'value': 0, 'prev_value': None, 'change': True}
2025-03-15 11:37:44,303 : INFO : EventManager : Event: ======'machine_var_audits_switches_s_left_inlane'====== Args={'value': 0, 'prev_value': None, 'change': True}
2025-03-15 11:37:44,303 : INFO : EventManager : Event: ======'machine_var_audits_switches_s_left_inner_lane'====== Args={'value': 0, 'prev_value': None, 'change': True}
2025-03-15 11:37:44,303 : INFO : EventManager : Event: ======'machine_var_audits_switches_s_left_outer_lane'====== Args={'value': 0, 'prev_value': None, 'change': True}
2025-03-15 11:37:44,304 : INFO : EventManager : Event: ======'machine_var_audits_switches_s_left_outlane'====== Args={'value': 0, 'prev_value': None, 'change': True}
2025-03-15 11:37:44,304 : INFO : EventManager : Event: ======'machine_var_audits_switches_s_left_sling'====== Args={'value': 7, 'prev_value': None, 'change': True}
2025-03-15 11:37:44,304 : INFO : EventManager : Event: ======'machine_var_audits_switches_s_mead'====== Args={'value': 0, 'prev_value': None, 'change': True}
2025-03-15 11:37:44,304 : INFO : EventManager : Event: ======'machine_var_audits_switches_s_percy'====== Args={'value': 0, 'prev_value': None, 'change': True}
2025-03-15 11:37:44,304 : INFO : EventManager : Event: ======'machine_var_audits_switches_s_plunger'====== Args={'value': 17, 'prev_value': None, 'change': True}
2025-03-15 11:37:44,304 : INFO : EventManager : Event: ======'machine_var_audits_switches_s_pop_bumper_1'====== Args={'value': 0, 'prev_value': None, 'change': True}
2025-03-15 11:37:44,304 : INFO : EventManager : Event: ======'machine_var_audits_switches_s_pop_bumper_2'====== Args={'value': 0, 'prev_value': None, 'change': True}
2025-03-15 11:37:44,304 : INFO : EventManager : Event: ======'machine_var_audits_switches_s_pop_bumper_3'====== Args={'value': 0, 'prev_value': None, 'change': True}
2025-03-15 11:37:44,304 : INFO : EventManager : Event: ======'machine_var_audits_switches_s_right_flipper'====== Args={'value': 131, 'prev_value': None, 'change': True}
2025-03-15 11:37:44,304 : INFO : EventManager : Event: ======'machine_var_audits_switches_s_right_flipper_eos'====== Args={'value': 0, 'prev_value': None, 'change': True}
2025-03-15 11:37:44,305 : INFO : EventManager : Event: ======'machine_var_audits_switches_s_right_inlane'====== Args={'value': 0, 'prev_value': None, 'change': True}
2025-03-15 11:37:44,305 : INFO : EventManager : Event: ======'machine_var_audits_switches_s_right_inner_lane'====== Args={'value': 0, 'prev_value': None, 'change': True}
2025-03-15 11:37:44,305 : INFO : EventManager : Event: ======'machine_var_audits_switches_s_right_outer_lane'====== Args={'value': 0, 'prev_value': None, 'change': True}
2025-03-15 11:37:44,305 : INFO : EventManager : Event: ======'machine_var_audits_switches_s_right_outlane'====== Args={'value': 0, 'prev_value': None, 'change': True}
2025-03-15 11:37:44,305 : INFO : EventManager : Event: ======'machine_var_audits_switches_s_right_sling'====== Args={'value': 3, 'prev_value': None, 'change': True}
2025-03-15 11:37:44,306 : INFO : EventManager : Event: ======'machine_var_audits_switches_s_scanlan'====== Args={'value': 0, 'prev_value': None, 'change': True}
2025-03-15 11:37:44,306 : INFO : EventManager : Event: ======'machine_var_audits_switches_s_start'====== Args={'value': 137, 'prev_value': None, 'change': True}
2025-03-15 11:37:44,306 : INFO : EventManager : Event: ======'machine_var_audits_switches_s_switch_2'====== Args={'value': 0, 'prev_value': None, 'change': True}
2025-03-15 11:37:44,306 : INFO : EventManager : Event: ======'machine_var_audits_switches_s_trough_ball_1'====== Args={'value': 13, 'prev_value': None, 'change': True}
2025-03-15 11:37:44,306 : INFO : EventManager : Event: ======'machine_var_audits_switches_s_trough_ball_2'====== Args={'value': 8, 'prev_value': None, 'change': True}
2025-03-15 11:37:44,306 : INFO : EventManager : Event: ======'machine_var_audits_switches_s_trough_ball_3'====== Args={'value': 5, 'prev_value': None, 'change': True}
2025-03-15 11:37:44,306 : INFO : EventManager : Event: ======'machine_var_audits_switches_s_trough_ball_4'====== Args={'value': 4, 'prev_value': None, 'change': True}
2025-03-15 11:37:44,306 : INFO : EventManager : Event: ======'machine_var_audits_switches_s_trough_ball_5'====== Args={'value': 4, 'prev_value': None, 'change': True}
2025-03-15 11:37:44,306 : INFO : EventManager : Event: ======'machine_var_audits_switches_s_trough_ball_6'====== Args={'value': 5, 'prev_value': None, 'change': True}
2025-03-15 11:37:44,306 : INFO : EventManager : Event: ======'machine_var_audits_switches_s_trough_ball_jam'====== Args={'value': 3, 'prev_value': None, 'change': True}
2025-03-15 11:37:44,307 : INFO : EventManager : Event: ======'machine_var_audits_switches_s_trough_eject_coil'====== Args={'value': 0, 'prev_value': None, 'change': True}
2025-03-15 11:37:44,307 : INFO : EventManager : Event: ======'machine_var_audits_switches_s_pop_bumper_cc_3'====== Args={'value': 0, 'prev_value': None, 'change': True}
2025-03-15 11:37:44,307 : INFO : EventManager : Event: ======'machine_var_audits_switches_s_pop_bumper_m'====== Args={'value': 0, 'prev_value': None, 'change': True}
2025-03-15 11:37:44,307 : INFO : EventManager : Event: ======'machine_var_audits_switches_s_pop_bumper_cc_2'====== Args={'value': 0, 'prev_value': None, 'change': True}
2025-03-15 11:37:44,307 : INFO : EventManager : Event: ======'machine_var_audits_switches_s_slingshot_1'====== Args={'value': 0, 'prev_value': None, 'change': True}
2025-03-15 11:37:44,307 : INFO : EventManager : Event: ======'machine_var_audits_switches_s_pop_bumper_cc_1'====== Args={'value': 0, 'prev_value': None, 'change': True}
2025-03-15 11:37:44,307 : INFO : EventManager : Event: ======'machine_var_audits_switches_s_slingshot_2'====== Args={'value': 0, 'prev_value': None, 'change': True}
2025-03-15 11:37:44,311 : INFO : EventManager : Event: ======'init_phase_5'====== Args={}
2025-03-15 11:37:44,320 : INFO : EventManager : Event: ======'init_done'====== Args={}
2025-03-15 11:37:44,320 : INFO : EventManager : Event: ======'machine_reset_phase_1'====== Args={}
2025-03-15 11:37:44,321 : INFO : EventManager : Event: ======'machine_reset_phase_2'====== Args={}
2025-03-15 11:37:44,321 : INFO : EventManager : Event: ======'machine_reset_phase_3'====== Args={}
2025-03-15 11:37:44,323 : INFO : EventManager : Event: ======'reset_complete'====== Args={}
2025-03-15 11:37:44,323 : INFO : EventManager : Event: ======'mode_attract_will_start'====== Args={}
2025-03-15 11:37:44,324 : INFO : EventManager : Event: ======'mode_attract_starting'====== Args={}
2025-03-15 11:37:44,325 : INFO : Mode.attract : Started. Priority: 10
2025-03-15 11:37:44,325 : INFO : EventManager : Event: ======'modes_active_modes_changed'====== Args={}
2025-03-15 11:37:44,325 : INFO : EventManager : Event: ======'mode_attract_started'====== Args={}
2025-03-15 11:37:44,325 : INFO : EventManager : Event: ======'collecting_balls_complete'====== Args={}
2025-03-15 11:37:44,328 : INFO : Machine : Starting the main run loop with active modes: [<Mode.attract>]
2025-03-15 11:37:44,353 : INFO : SwitchController : <<<<<<< 's_flipper_right_eos' active >>>>>>>
2025-03-15 11:37:51,199 : INFO : SwitchController : <<<<<<< 's_slingshot_1' active >>>>>>>
2025-03-15 11:37:51,451 : INFO : SwitchController : <<<<<<< 's_slingshot_1' inactive >>>>>>>
2025-03-15 11:37:51,783 : INFO : SwitchController : <<<<<<< 's_slingshot_1' active >>>>>>>
2025-03-15 11:37:52,016 : INFO : SwitchController : <<<<<<< 's_slingshot_1' inactive >>>>>>>
2025-03-15 11:37:52,125 : INFO : SwitchController : <<<<<<< 's_slingshot_1' active >>>>>>>
2025-03-15 11:37:52,484 : INFO : SwitchController : <<<<<<< 's_slingshot_1' inactive >>>>>>>
2025-03-15 11:37:53,110 : INFO : SwitchController : <<<<<<< 's_slingshot_1' active >>>>>>>
2025-03-15 11:37:54,015 : INFO : SwitchController : <<<<<<< 's_slingshot_1' inactive >>>>>>>
2025-03-15 11:37:54,464 : INFO : SwitchController : <<<<<<< 's_slingshot_1' active >>>>>>>
2025-03-15 11:37:54,479 : INFO : SwitchController : <<<<<<< 's_slingshot_2' active >>>>>>>
2025-03-15 11:37:54,747 : INFO : SwitchController : <<<<<<< 's_slingshot_2' inactive >>>>>>>
2025-03-15 11:37:54,748 : INFO : SwitchController : <<<<<<< 's_slingshot_1' inactive >>>>>>>
2025-03-15 11:37:54,979 : INFO : SwitchController : <<<<<<< 's_slingshot_2' active >>>>>>>
2025-03-15 11:37:54,979 : INFO : SwitchController : <<<<<<< 's_slingshot_1' active >>>>>>>
2025-03-15 11:37:55,245 : INFO : SwitchController : <<<<<<< 's_slingshot_1' inactive >>>>>>>
2025-03-15 11:37:55,246 : INFO : SwitchController : <<<<<<< 's_slingshot_2' inactive >>>>>>>
2025-03-15 11:37:55,354 : INFO : SwitchController : <<<<<<< 's_slingshot_2' active >>>>>>>
2025-03-15 11:37:55,371 : INFO : SwitchController : <<<<<<< 's_slingshot_1' active >>>>>>>
2025-03-15 11:37:55,589 : INFO : SwitchController : <<<<<<< 's_slingshot_1' inactive >>>>>>>
2025-03-15 11:37:55,605 : INFO : SwitchController : <<<<<<< 's_slingshot_2' inactive >>>>>>>
2025-03-15 11:37:55,903 : INFO : SwitchController : <<<<<<< 's_slingshot_1' active >>>>>>>
2025-03-15 11:37:56,233 : INFO : SwitchController : <<<<<<< 's_slingshot_1' inactive >>>>>>>
2025-03-15 11:37:56,277 : INFO : SwitchController : <<<<<<< 's_slingshot_1' active >>>>>>>
2025-03-15 11:37:56,683 : INFO : SwitchController : <<<<<<< 's_slingshot_1' inactive >>>>>>>
2025-03-15 11:37:57,197 : INFO : SwitchController : <<<<<<< 's_slingshot_2' active >>>>>>>
2025-03-15 11:37:57,215 : INFO : SwitchController : <<<<<<< 's_slingshot_1' active >>>>>>>
2025-03-15 11:37:57,476 : INFO : SwitchController : <<<<<<< 's_slingshot_1' inactive >>>>>>>
2025-03-15 11:37:57,491 : INFO : SwitchController : <<<<<<< 's_slingshot_2' inactive >>>>>>>
2025-03-15 11:37:57,538 : INFO : SwitchController : <<<<<<< 's_slingshot_2' active >>>>>>>
2025-03-15 11:37:57,539 : INFO : SwitchController : <<<<<<< 's_slingshot_1' active >>>>>>>
2025-03-15 11:37:57,776 : INFO : SwitchController : <<<<<<< 's_slingshot_1' inactive >>>>>>>
2025-03-15 11:37:57,777 : INFO : SwitchController : <<<<<<< 's_slingshot_2' inactive >>>>>>>
2025-03-15 11:37:58,008 : INFO : SwitchController : <<<<<<< 's_slingshot_1' active >>>>>>>
2025-03-15 11:37:58,528 : INFO : SwitchController : <<<<<<< 's_slingshot_1' inactive >>>>>>>
2025-03-15 11:38:03,930 : INFO : SwitchController : <<<<<<< 's_start' active >>>>>>>
2025-03-15 11:38:04,147 : INFO : SwitchController : <<<<<<< 's_start' inactive >>>>>>>
2025-03-15 11:38:04,148 : INFO : EventManager : Event: ======'request_to_start_game'====== Args={}
2025-03-15 11:38:04,148 : INFO : EventManager : Event: ======'game_start'====== Args={'buttons': [], 'hold_time': 0.2190000000409782}
2025-03-15 11:38:04,149 : INFO : EventManager : Event: ======'mode_game_will_start'====== Args={'buttons': [], 'hold_time': 0.2190000000409782}
2025-03-15 11:38:04,149 : INFO : EventManager : Event: ======'mode_game_starting'====== Args={'buttons': [], 'hold_time': 0.2190000000409782}
2025-03-15 11:38:04,149 : INFO : EventManager : Event: ======'mode_attract_will_stop'====== Args={}
2025-03-15 11:38:04,149 : INFO : EventManager : Event: ======'mode_attract_stopping'====== Args={}
2025-03-15 11:38:04,151 : INFO : Mode.game : Started. Priority: 20
2025-03-15 11:38:04,151 : INFO : EventManager : Event: ======'modes_active_modes_changed'====== Args={}
2025-03-15 11:38:04,151 : INFO : EventManager : Event: ======'mode_game_started'====== Args={'buttons': [], 'hold_time': 0.2190000000409782}
2025-03-15 11:38:04,152 : INFO : Mode.attract : Stopped.
2025-03-15 11:38:04,152 : INFO : EventManager : Event: ======'modes_active_modes_changed'====== Args={}
2025-03-15 11:38:04,152 : INFO : EventManager : Event: ======'mode_attract_stopped'====== Args={}
2025-03-15 11:38:04,152 : INFO : EventManager : Event: ======'clear'====== Args={'key': 'attract'}
2025-03-15 11:38:04,153 : INFO : EventManager : Event: ======'game_will_start'====== Args={}
2025-03-15 11:38:04,153 : INFO : EventManager : Event: ======'game_starting'====== Args={'game': <Mode.game>}
2025-03-15 11:38:04,154 : INFO : EventManager : Unordered handler for class <Auditor> on event game_ended with priority 1. Handlers: [RegisteredHandler(callback=<bound method Auditor.disable of <Auditor>>, priority=1, kwargs={}, key=UUID('d2cd6ca0-2128-4ffb-927a-8628c704da5b'), condition=None, blocking_facility=None), RegisteredHandler(callback=<bound method Auditor._save_audits of <Auditor>>, priority=1, kwargs={}, key=UUID('ed89f641-8fe4-48ad-a4ad-75400c89729c'), condition=None, blocking_facility=None)]. The order of those handlers is not defined and they will be executed in random order. This might lead to race conditions and potential bugs.
2025-03-15 11:38:04,154 : INFO : EventManager : Event: ======'player_add_request'====== Args={}
2025-03-15 11:38:04,154 : INFO : EventManager : Event: ======'player_will_add'====== Args={'number': 1}
2025-03-15 11:38:04,154 : INFO : EventManager : Event: ======'player_adding'====== Args={'player': <Player 1>, 'number': 1}
2025-03-15 11:38:04,155 : INFO : EventManager : Event: ======'player_added'====== Args={'player': <Player 1>, 'num': 1}
2025-03-15 11:38:04,155 : INFO : Mode.game : Player added successfully. Total players: 1
2025-03-15 11:38:04,155 : INFO : EventManager : Event: ======'player_index'====== Args={'value': 0, 'prev_value': 0, 'change': 0, 'player_num': 1}
2025-03-15 11:38:04,155 : INFO : EventManager : Event: ======'player_number'====== Args={'value': 1, 'prev_value': 1, 'change': 0, 'player_num': 1}
2025-03-15 11:38:04,155 : INFO : EventManager : Event: ======'player_score'====== Args={'value': 0, 'prev_value': 0, 'change': 0, 'player_num': 1}
2025-03-15 11:38:04,155 : INFO : EventManager : Event: ======'game_started'====== Args={}
2025-03-15 11:38:04,157 : INFO : EventManager : Event: ======'player_turn_will_start'====== Args={'player': <Player 1>, 'number': 1}
2025-03-15 11:38:04,157 : INFO : EventManager : Event: ======'player_turn_starting'====== Args={'player': <Player 1>, 'number': 1}
2025-03-15 11:38:04,159 : INFO : EventManager : Event: ======'player_ball'====== Args={'value': 1, 'prev_value': 0, 'change': 1, 'player_num': 1}
2025-03-15 11:38:04,159 : INFO : EventManager : Event: ======'player_turn_started'====== Args={'player': <Player 1>, 'number': 1}
2025-03-15 11:38:04,183 : INFO : EventManager : Event: ======'ball_will_start'====== Args={'player': 1, 'ball': 1, 'balls_remaining': 2, 'is_extra_ball': False}
2025-03-15 11:38:04,183 : INFO : EventManager : Event: ======'ball_starting'====== Args={'player': 1, 'ball': 1, 'balls_remaining': 2, 'is_extra_ball': False}
2025-03-15 11:38:04,184 : INFO : EventManager : Event: ======'balls_in_play'====== Args={'balls': 1}
2025-03-15 11:38:04,184 : INFO : EventManager : Event: ======'ball_started'====== Args={'player': 1, 'ball': 1, 'balls_remaining': 2, 'is_extra_ball': False}
2025-03-15 11:38:04,184 : INFO : EventManager : Event: ======'mode_base_will_start'====== Args={'player': 1, 'ball': 1, 'balls_remaining': 2, 'is_extra_ball': False}
2025-03-15 11:38:04,185 : INFO : EventManager : Event: ======'mode_base_starting'====== Args={'player': 1, 'ball': 1, 'balls_remaining': 2, 'is_extra_ball': False}
2025-03-15 11:38:04,186 : INFO : Mode.base : Started. Priority: 100
2025-03-15 11:38:04,186 : INFO : EventManager : Event: ======'modes_active_modes_changed'====== Args={}
2025-03-15 11:38:04,186 : INFO : EventManager : Event: ======'mode_base_started'====== Args={'player': 1, 'ball': 1, 'balls_remaining': 2, 'is_extra_ball': False}
2025-03-15 11:38:04,187 : INFO : EventManager : Event: ======'single_player_ball_started'====== Args={}
2025-03-15 11:38:04,188 : INFO : EventManager : Event: ======'ball_start_target'====== Args={'target': 'playfield'}
2025-03-15 11:38:04,188 : INFO : ball_device.bd_plunger : Setting up player-controlled eject. Balls: 1, Target: <playfield.playfield>, player_controlled_eject_event: None
2025-03-15 11:38:04,189 : INFO : EventManager : Event: ======'balldevice_balls_available'====== Args={}
2025-03-15 11:38:04,189 : INFO : ball_device.bd_trough : State: waiting_for_target_ready
2025-03-15 11:38:04,191 : INFO : EventManager : Event: ======'balldevice_bd_trough_ball_eject_attempt'====== Args={'balls': 1, 'target': <ball_device.bd_plunger>, 'source': <ball_device.bd_trough>, 'mechanical_eject': True, 'num_attempts': 0}
2025-03-15 11:38:04,191 : INFO : ball_device.bd_plunger : State: waiting_for_ball
2025-03-15 11:38:04,191 : INFO : ball_device.bd_trough : State: ejecting
2025-03-15 11:38:04,191 : INFO : ball_device.bd_trough : Ejecting ball to <ball_device.bd_plunger>
2025-03-15 11:38:04,192 : INFO : EventManager : Event: ======'balldevice_bd_trough_ejecting_ball'====== Args={'balls': 1, 'target': <ball_device.bd_plunger>, 'source': <ball_device.bd_trough>, 'mechanical_eject': True, 'num_attempts': 0}
2025-03-15 11:38:04,192 : INFO : ball_device.bd_trough : Wait for ball to leave device
2025-03-15 11:38:04,507 : INFO : SwitchController : <<<<<<< 's_start' active >>>>>>>
2025-03-15 11:38:04,508 : INFO : EventManager : Event: ======'sw_start'====== Args={}
2025-03-15 11:38:04,508 : INFO : EventManager : Event: ======'machine_var_audits_switches_s_start'====== Args={'value': 138, 'prev_value': 137, 'change': 1}
2025-03-15 11:38:04,508 : INFO : EventManager : Event: ======'player_add_request'====== Args={}
2025-03-15 11:38:04,508 : INFO : EventManager : Event: ======'player_will_add'====== Args={'number': 2}
2025-03-15 11:38:04,508 : INFO : EventManager : Event: ======'player_adding'====== Args={'player': <Player 2>, 'number': 2}
2025-03-15 11:38:04,508 : INFO : EventManager : Event: ======'player_added'====== Args={'player': <Player 2>, 'num': 2}
2025-03-15 11:38:04,509 : INFO : Mode.game : Player added successfully. Total players: 2
2025-03-15 11:38:04,509 : INFO : EventManager : Event: ======'multiplayer_game'====== Args={}
2025-03-15 11:38:04,509 : INFO : EventManager : Event: ======'player_index'====== Args={'value': 1, 'prev_value': 1, 'change': 0, 'player_num': 2}
2025-03-15 11:38:04,509 : INFO : EventManager : Event: ======'player_number'====== Args={'value': 2, 'prev_value': 2, 'change': 0, 'player_num': 2}
2025-03-15 11:38:04,509 : INFO : EventManager : Event: ======'player_score'====== Args={'value': 0, 'prev_value': 0, 'change': 0, 'player_num': 2}
2025-03-15 11:38:04,741 : INFO : SwitchController : <<<<<<< 's_start' inactive >>>>>>>
2025-03-15 11:38:06,348 : INFO : SwitchController : <<<<<<< 's_flipper_left' active >>>>>>>
2025-03-15 11:38:06,349 : INFO : EventManager : Event: ======'machine_var_audits_switches_s_flipper_left'====== Args={'value': 18, 'prev_value': 17, 'change': 1}
2025-03-15 11:38:06,383 : INFO : SwitchController : <<<<<<< 's_flipper_left_lower_eos' active >>>>>>>
2025-03-15 11:38:06,383 : INFO : EventManager : Event: ======'machine_var_audits_switches_s_flipper_left_lower_eos'====== Args={'value': 10, 'prev_value': 9, 'change': 1}
2025-03-15 11:38:06,384 : INFO : SwitchController : <<<<<<< 's_flipper_left_upper_eos' active >>>>>>>
2025-03-15 11:38:06,384 : INFO : EventManager : Event: ======'machine_var_audits_switches_s_flipper_left_upper_eos'====== Args={'value': 9, 'prev_value': 8, 'change': 1}
2025-03-15 11:38:06,534 : INFO : SwitchController : <<<<<<< 's_flipper_left' inactive >>>>>>>
2025-03-15 11:38:06,615 : INFO : SwitchController : <<<<<<< 's_flipper_left_lower_eos' inactive >>>>>>>
2025-03-15 11:38:06,615 : INFO : SwitchController : <<<<<<< 's_flipper_left_upper_eos' inactive >>>>>>>
2025-03-15 11:38:07,095 : INFO : SwitchController : <<<<<<< 's_flipper_left' active >>>>>>>
2025-03-15 11:38:07,096 : INFO : EventManager : Event: ======'machine_var_audits_switches_s_flipper_left'====== Args={'value': 19, 'prev_value': 18, 'change': 1}
2025-03-15 11:38:07,114 : INFO : SwitchController : <<<<<<< 's_flipper_left_upper_eos' active >>>>>>>
2025-03-15 11:38:07,115 : INFO : EventManager : Event: ======'machine_var_audits_switches_s_flipper_left_upper_eos'====== Args={'value': 10, 'prev_value': 9, 'change': 1}
2025-03-15 11:38:07,115 : INFO : SwitchController : <<<<<<< 's_flipper_left_lower_eos' active >>>>>>>
2025-03-15 11:38:07,115 : INFO : EventManager : Event: ======'machine_var_audits_switches_s_flipper_left_lower_eos'====== Args={'value': 11, 'prev_value': 10, 'change': 1}
2025-03-15 11:38:07,221 : INFO : SwitchController : <<<<<<< 's_flipper_left' inactive >>>>>>>
2025-03-15 11:38:07,284 : INFO : SwitchController : <<<<<<< 's_flipper_left_lower_eos' inactive >>>>>>>
2025-03-15 11:38:07,300 : INFO : SwitchController : <<<<<<< 's_flipper_left_upper_eos' inactive >>>>>>>
2025-03-15 11:38:09,284 : INFO : SwitchController : <<<<<<< 's_start' active >>>>>>>
2025-03-15 11:38:09,284 : INFO : EventManager : Event: ======'sw_start'====== Args={}
2025-03-15 11:38:09,285 : INFO : EventManager : Event: ======'machine_var_audits_switches_s_start'====== Args={'value': 139, 'prev_value': 138, 'change': 1}
2025-03-15 11:38:09,293 : INFO : EventManager : Event: ======'player_add_request'====== Args={}
2025-03-15 11:38:09,293 : INFO : EventManager : Event: ======'player_will_add'====== Args={'number': 3}
2025-03-15 11:38:09,293 : INFO : EventManager : Event: ======'player_adding'====== Args={'player': <Player 3>, 'number': 3}
2025-03-15 11:38:09,293 : INFO : EventManager : Event: ======'player_added'====== Args={'player': <Player 3>, 'num': 3}
2025-03-15 11:38:09,293 : INFO : Mode.game : Player added successfully. Total players: 3
2025-03-15 11:38:09,293 : INFO : EventManager : Event: ======'player_index'====== Args={'value': 2, 'prev_value': 2, 'change': 0, 'player_num': 3}
2025-03-15 11:38:09,293 : INFO : EventManager : Event: ======'player_number'====== Args={'value': 3, 'prev_value': 3, 'change': 0, 'player_num': 3}
2025-03-15 11:38:09,294 : INFO : EventManager : Event: ======'player_score'====== Args={'value': 0, 'prev_value': 0, 'change': 0, 'player_num': 3}
2025-03-15 11:38:09,517 : INFO : SwitchController : <<<<<<< 's_start' inactive >>>>>>>
2025-03-15 11:38:09,580 : INFO : SwitchController : <<<<<<< 's_start' active >>>>>>>
2025-03-15 11:38:09,581 : INFO : EventManager : Event: ======'sw_start'====== Args={}
2025-03-15 11:38:09,581 : INFO : EventManager : Event: ======'machine_var_audits_switches_s_start'====== Args={'value': 140, 'prev_value': 139, 'change': 1}
2025-03-15 11:38:09,581 : INFO : EventManager : Event: ======'player_add_request'====== Args={}
2025-03-15 11:38:09,581 : INFO : EventManager : Event: ======'player_will_add'====== Args={'number': 4}
2025-03-15 11:38:09,581 : INFO : EventManager : Event: ======'player_adding'====== Args={'player': <Player 4>, 'number': 4}
2025-03-15 11:38:09,581 : INFO : EventManager : Event: ======'player_added'====== Args={'player': <Player 4>, 'num': 4}
2025-03-15 11:38:09,581 : INFO : Mode.game : Player added successfully. Total players: 4
2025-03-15 11:38:09,583 : INFO : EventManager : Event: ======'player_index'====== Args={'value': 3, 'prev_value': 3, 'change': 0, 'player_num': 4}
2025-03-15 11:38:09,583 : INFO : EventManager : Event: ======'player_number'====== Args={'value': 4, 'prev_value': 4, 'change': 0, 'player_num': 4}
2025-03-15 11:38:09,583 : INFO : EventManager : Event: ======'player_score'====== Args={'value': 0, 'prev_value': 0, 'change': 0, 'player_num': 4}
2025-03-15 11:38:09,815 : INFO : SwitchController : <<<<<<< 's_start' inactive >>>>>>>
2025-03-15 11:38:13,195 : INFO : SwitchController : <<<<<<< 's_pop_bumper_cc_1' active >>>>>>>
2025-03-15 11:38:13,196 : INFO : EventManager : Event: ======'playfield_active'====== Args={'source': 'pop_bumper_cc_1'}
2025-03-15 11:38:13,196 : INFO : EventManager : Event: ======'unexpected_ball_on_playfield'====== Args={}
2025-03-15 11:38:13,196 : INFO : EventManager : Event: ======'machine_var_audits_switches_s_pop_bumper_cc_1'====== Args={'value': 1, 'prev_value': 0, 'change': 1}
2025-03-15 11:38:13,351 : INFO : SwitchController : <<<<<<< 's_pop_bumper_cc_1' inactive >>>>>>>
2025-03-15 11:38:13,864 : INFO : SwitchController : <<<<<<< 's_pop_bumper_cc_1' active >>>>>>>
2025-03-15 11:38:13,864 : INFO : EventManager : Event: ======'playfield_active'====== Args={'source': 'pop_bumper_cc_1'}
2025-03-15 11:38:13,864 : INFO : EventManager : Event: ======'unexpected_ball_on_playfield'====== Args={}
2025-03-15 11:38:13,864 : INFO : EventManager : Event: ======'machine_var_audits_switches_s_pop_bumper_cc_1'====== Args={'value': 2, 'prev_value': 1, 'change': 1}
2025-03-15 11:38:14,049 : INFO : SwitchController : <<<<<<< 's_pop_bumper_cc_1' inactive >>>>>>>
2025-03-15 11:38:14,440 : INFO : SwitchController : <<<<<<< 's_pop_bumper_cc_1' active >>>>>>>
2025-03-15 11:38:14,441 : INFO : EventManager : Event: ======'playfield_active'====== Args={'source': 'pop_bumper_cc_1'}
2025-03-15 11:38:14,441 : INFO : EventManager : Event: ======'unexpected_ball_on_playfield'====== Args={}
2025-03-15 11:38:14,441 : INFO : EventManager : Event: ======'machine_var_audits_switches_s_pop_bumper_cc_1'====== Args={'value': 3, 'prev_value': 2, 'change': 1}
2025-03-15 11:38:14,548 : INFO : SwitchController : <<<<<<< 's_pop_bumper_cc_1' inactive >>>>>>>
2025-03-15 11:38:14,862 : INFO : SwitchController : <<<<<<< 's_pop_bumper_cc_1' active >>>>>>>
2025-03-15 11:38:14,863 : INFO : EventManager : Event: ======'playfield_active'====== Args={'source': 'pop_bumper_cc_1'}
2025-03-15 11:38:14,863 : INFO : EventManager : Event: ======'unexpected_ball_on_playfield'====== Args={}
2025-03-15 11:38:14,863 : INFO : EventManager : Event: ======'machine_var_audits_switches_s_pop_bumper_cc_1'====== Args={'value': 4, 'prev_value': 3, 'change': 1}
2025-03-15 11:38:14,970 : INFO : SwitchController : <<<<<<< 's_pop_bumper_cc_1' inactive >>>>>>>
2025-03-15 11:38:15,216 : INFO : SwitchController : <<<<<<< 's_pop_bumper_cc_1' active >>>>>>>
2025-03-15 11:38:15,216 : INFO : EventManager : Event: ======'playfield_active'====== Args={'source': 'pop_bumper_cc_1'}
2025-03-15 11:38:15,217 : INFO : EventManager : Event: ======'unexpected_ball_on_playfield'====== Args={}
2025-03-15 11:38:15,217 : INFO : EventManager : Event: ======'machine_var_audits_switches_s_pop_bumper_cc_1'====== Args={'value': 5, 'prev_value': 4, 'change': 1}
2025-03-15 11:38:15,344 : INFO : SwitchController : <<<<<<< 's_pop_bumper_cc_1' inactive >>>>>>>
2025-03-15 11:38:19,524 : INFO : SwitchController : <<<<<<< 's_slingshot_2' active >>>>>>>
2025-03-15 11:38:19,524 : INFO : EventManager : Event: ======'machine_var_audits_switches_s_slingshot_2'====== Args={'value': 1, 'prev_value': 0, 'change': 1}
2025-03-15 11:38:19,554 : INFO : SwitchController : <<<<<<< 's_slingshot_1' active >>>>>>>
2025-03-15 11:38:19,555 : INFO : EventManager : Event: ======'playfield_active'====== Args={'source': 'slingshot_right'}
2025-03-15 11:38:19,555 : INFO : EventManager : Event: ======'unexpected_ball_on_playfield'====== Args={}
2025-03-15 11:38:19,555 : INFO : EventManager : Event: ======'machine_var_audits_switches_s_slingshot_1'====== Args={'value': 1, 'prev_value': 0, 'change': 1}
2025-03-15 11:38:19,570 : INFO : SwitchController : <<<<<<< 's_slingshot_1' inactive >>>>>>>
2025-03-15 11:38:19,617 : INFO : SwitchController : <<<<<<< 's_slingshot_1' active >>>>>>>
2025-03-15 11:38:19,618 : INFO : EventManager : Event: ======'playfield_active'====== Args={'source': 'slingshot_right'}
2025-03-15 11:38:19,618 : INFO : EventManager : Event: ======'unexpected_ball_on_playfield'====== Args={}
2025-03-15 11:38:19,618 : INFO : EventManager : Event: ======'machine_var_audits_switches_s_slingshot_1'====== Args={'value': 2, 'prev_value': 1, 'change': 1}
2025-03-15 11:38:19,634 : INFO : SwitchController : <<<<<<< 's_slingshot_1' inactive >>>>>>>
2025-03-15 11:38:19,647 : INFO : SwitchController : <<<<<<< 's_slingshot_2' inactive >>>>>>>
2025-03-15 11:38:19,665 : INFO : SwitchController : <<<<<<< 's_slingshot_2' active >>>>>>>
2025-03-15 11:38:19,665 : INFO : EventManager : Event: ======'machine_var_audits_switches_s_slingshot_2'====== Args={'value': 2, 'prev_value': 1, 'change': 1}
2025-03-15 11:38:19,666 : INFO : SwitchController : <<<<<<< 's_slingshot_2' inactive >>>>>>>
2025-03-15 11:38:20,318 : INFO : SwitchController : <<<<<<< 's_slingshot_2' active >>>>>>>
2025-03-15 11:38:20,319 : INFO : EventManager : Event: ======'machine_var_audits_switches_s_slingshot_2'====== Args={'value': 3, 'prev_value': 2, 'change': 1}
2025-03-15 11:38:20,350 : INFO : SwitchController : <<<<<<< 's_slingshot_2' inactive >>>>>>>
2025-03-15 11:38:20,664 : INFO : SwitchController : <<<<<<< 's_slingshot_2' active >>>>>>>
2025-03-15 11:38:20,665 : INFO : EventManager : Event: ======'machine_var_audits_switches_s_slingshot_2'====== Args={'value': 4, 'prev_value': 3, 'change': 1}
2025-03-15 11:38:20,679 : INFO : SwitchController : <<<<<<< 's_slingshot_2' inactive >>>>>>>
2025-03-15 11:38:20,883 : INFO : SwitchController : <<<<<<< 's_slingshot_2' active >>>>>>>
2025-03-15 11:38:20,883 : INFO : EventManager : Event: ======'machine_var_audits_switches_s_slingshot_2'====== Args={'value': 5, 'prev_value': 4, 'change': 1}
2025-03-15 11:38:20,897 : INFO : SwitchController : <<<<<<< 's_slingshot_1' active >>>>>>>
2025-03-15 11:38:20,898 : INFO : EventManager : Event: ======'playfield_active'====== Args={'source': 'slingshot_right'}
2025-03-15 11:38:20,898 : INFO : EventManager : Event: ======'unexpected_ball_on_playfield'====== Args={}
2025-03-15 11:38:20,898 : INFO : EventManager : Event: ======'machine_var_audits_switches_s_slingshot_1'====== Args={'value': 3, 'prev_value': 2, 'change': 1}
2025-03-15 11:38:20,915 : INFO : SwitchController : <<<<<<< 's_slingshot_1' inactive >>>>>>>
2025-03-15 11:38:20,929 : INFO : SwitchController : <<<<<<< 's_slingshot_1' active >>>>>>>
2025-03-15 11:38:20,931 : INFO : EventManager : Event: ======'playfield_active'====== Args={'source': 'slingshot_right'}
2025-03-15 11:38:20,931 : INFO : EventManager : Event: ======'unexpected_ball_on_playfield'====== Args={}
2025-03-15 11:38:20,931 : INFO : EventManager : Event: ======'machine_var_audits_switches_s_slingshot_1'====== Args={'value': 4, 'prev_value': 3, 'change': 1}
2025-03-15 11:38:20,934 : INFO : SwitchController : <<<<<<< 's_slingshot_1' inactive >>>>>>>
2025-03-15 11:38:20,958 : INFO : SwitchController : <<<<<<< 's_slingshot_2' inactive >>>>>>>
2025-03-15 11:38:21,817 : INFO : SwitchController : <<<<<<< 's_slingshot_1' active >>>>>>>
2025-03-15 11:38:21,818 : INFO : EventManager : Event: ======'playfield_active'====== Args={'source': 'slingshot_right'}
2025-03-15 11:38:21,818 : INFO : EventManager : Event: ======'unexpected_ball_on_playfield'====== Args={}
2025-03-15 11:38:21,818 : INFO : EventManager : Event: ======'machine_var_audits_switches_s_slingshot_1'====== Args={'value': 5, 'prev_value': 4, 'change': 1}
2025-03-15 11:38:21,834 : INFO : SwitchController : <<<<<<< 's_slingshot_1' inactive >>>>>>>
2025-03-15 11:38:21,850 : INFO : SwitchController : <<<<<<< 's_slingshot_1' active >>>>>>>
2025-03-15 11:38:21,850 : INFO : EventManager : Event: ======'playfield_active'====== Args={'source': 'slingshot_right'}
2025-03-15 11:38:21,852 : INFO : EventManager : Event: ======'unexpected_ball_on_playfield'====== Args={}
2025-03-15 11:38:21,852 : INFO : EventManager : Event: ======'machine_var_audits_switches_s_slingshot_1'====== Args={'value': 6, 'prev_value': 5, 'change': 1}
2025-03-15 11:38:21,944 : INFO : SwitchController : <<<<<<< 's_slingshot_1' inactive >>>>>>>
2025-03-15 11:38:22,147 : INFO : SwitchController : <<<<<<< 's_slingshot_1' active >>>>>>>
2025-03-15 11:38:22,148 : INFO : EventManager : Event: ======'playfield_active'====== Args={'source': 'slingshot_right'}
2025-03-15 11:38:22,148 : INFO : EventManager : Event: ======'unexpected_ball_on_playfield'====== Args={}
2025-03-15 11:38:22,148 : INFO : EventManager : Event: ======'machine_var_audits_switches_s_slingshot_1'====== Args={'value': 7, 'prev_value': 6, 'change': 1}
2025-03-15 11:38:22,166 : INFO : SwitchController : <<<<<<< 's_slingshot_1' inactive >>>>>>>
2025-03-15 11:38:22,239 : INFO : SwitchController : <<<<<<< 's_slingshot_1' active >>>>>>>
2025-03-15 11:38:22,239 : INFO : EventManager : Event: ======'playfield_active'====== Args={'source': 'slingshot_right'}
2025-03-15 11:38:22,239 : INFO : EventManager : Event: ======'unexpected_ball_on_playfield'====== Args={}
2025-03-15 11:38:22,239 : INFO : EventManager : Event: ======'machine_var_audits_switches_s_slingshot_1'====== Args={'value': 8, 'prev_value': 7, 'change': 1}
2025-03-15 11:38:22,254 : INFO : SwitchController : <<<<<<< 's_slingshot_1' inactive >>>>>>>
2025-03-15 11:38:23,016 : INFO : SwitchController : <<<<<<< 's_slingshot_2' active >>>>>>>
2025-03-15 11:38:23,016 : INFO : EventManager : Event: ======'machine_var_audits_switches_s_slingshot_2'====== Args={'value': 6, 'prev_value': 5, 'change': 1}
2025-03-15 11:38:23,077 : INFO : SwitchController : <<<<<<< 's_slingshot_2' inactive >>>>>>>
2025-03-15 11:38:23,295 : INFO : SwitchController : <<<<<<< 's_slingshot_2' active >>>>>>>
2025-03-15 11:38:23,296 : INFO : EventManager : Event: ======'machine_var_audits_switches_s_slingshot_2'====== Args={'value': 7, 'prev_value': 6, 'change': 1}
2025-03-15 11:38:23,324 : INFO : SwitchController : <<<<<<< 's_slingshot_1' active >>>>>>>
2025-03-15 11:38:23,325 : INFO : EventManager : Event: ======'playfield_active'====== Args={'source': 'slingshot_right'}
2025-03-15 11:38:23,325 : INFO : EventManager : Event: ======'unexpected_ball_on_playfield'====== Args={}
2025-03-15 11:38:23,325 : INFO : EventManager : Event: ======'machine_var_audits_switches_s_slingshot_1'====== Args={'value': 9, 'prev_value': 8, 'change': 1}
2025-03-15 11:38:23,341 : INFO : SwitchController : <<<<<<< 's_slingshot_1' inactive >>>>>>>
2025-03-15 11:38:23,373 : INFO : SwitchController : <<<<<<< 's_slingshot_2' inactive >>>>>>>
2025-03-15 11:38:23,373 : INFO : SwitchController : <<<<<<< 's_slingshot_1' active >>>>>>>
2025-03-15 11:38:23,373 : INFO : EventManager : Event: ======'playfield_active'====== Args={'source': 'slingshot_right'}
2025-03-15 11:38:23,373 : INFO : EventManager : Event: ======'unexpected_ball_on_playfield'====== Args={}
2025-03-15 11:38:23,373 : INFO : EventManager : Event: ======'machine_var_audits_switches_s_slingshot_1'====== Args={'value': 10, 'prev_value': 9, 'change': 1}
2025-03-15 11:38:23,373 : INFO : SwitchController : <<<<<<< 's_slingshot_1' inactive >>>>>>>
2025-03-15 11:38:23,884 : INFO : SwitchController : <<<<<<< 's_slingshot_1' active >>>>>>>
2025-03-15 11:38:23,884 : INFO : EventManager : Event: ======'playfield_active'====== Args={'source': 'slingshot_right'}
2025-03-15 11:38:23,884 : INFO : EventManager : Event: ======'unexpected_ball_on_playfield'====== Args={}
2025-03-15 11:38:23,884 : INFO : EventManager : Event: ======'machine_var_audits_switches_s_slingshot_1'====== Args={'value': 11, 'prev_value': 10, 'change': 1}
2025-03-15 11:38:23,945 : INFO : SwitchController : <<<<<<< 's_slingshot_1' inactive >>>>>>>
2025-03-15 11:38:26,814 : INFO : SwitchController : <<<<<<< 's_pop_bumper_m' active >>>>>>>
2025-03-15 11:38:26,815 : INFO : EventManager : Event: ======'playfield_active'====== Args={'source': 'pop_bumper_m'}
2025-03-15 11:38:26,815 : INFO : EventManager : Event: ======'unexpected_ball_on_playfield'====== Args={}
2025-03-15 11:38:26,815 : INFO : EventManager : Event: ======'machine_var_audits_switches_s_pop_bumper_m'====== Args={'value': 1, 'prev_value': 0, 'change': 1}
2025-03-15 11:38:26,861 : INFO : SwitchController : <<<<<<< 's_pop_bumper_m' inactive >>>>>>>
2025-03-15 11:38:26,939 : INFO : SwitchController : <<<<<<< 's_pop_bumper_m' active >>>>>>>
2025-03-15 11:38:26,940 : INFO : EventManager : Event: ======'playfield_active'====== Args={'source': 'pop_bumper_m'}
2025-03-15 11:38:26,940 : INFO : EventManager : Event: ======'unexpected_ball_on_playfield'====== Args={}
2025-03-15 11:38:26,940 : INFO : EventManager : Event: ======'machine_var_audits_switches_s_pop_bumper_m'====== Args={'value': 2, 'prev_value': 1, 'change': 1}
2025-03-15 11:38:26,955 : INFO : SwitchController : <<<<<<< 's_pop_bumper_m' inactive >>>>>>>
2025-03-15 11:38:26,971 : INFO : SwitchController : <<<<<<< 's_pop_bumper_m' active >>>>>>>
2025-03-15 11:38:26,972 : INFO : EventManager : Event: ======'playfield_active'====== Args={'source': 'pop_bumper_m'}
2025-03-15 11:38:26,972 : INFO : EventManager : Event: ======'unexpected_ball_on_playfield'====== Args={}
2025-03-15 11:38:26,972 : INFO : EventManager : Event: ======'machine_var_audits_switches_s_pop_bumper_m'====== Args={'value': 3, 'prev_value': 2, 'change': 1}
2025-03-15 11:38:27,064 : INFO : SwitchController : <<<<<<< 's_pop_bumper_m' inactive >>>>>>>
2025-03-15 11:38:27,252 : INFO : SwitchController : <<<<<<< 's_pop_bumper_m' active >>>>>>>
2025-03-15 11:38:27,253 : INFO : EventManager : Event: ======'playfield_active'====== Args={'source': 'pop_bumper_m'}
2025-03-15 11:38:27,253 : INFO : EventManager : Event: ======'unexpected_ball_on_playfield'====== Args={}
2025-03-15 11:38:27,253 : INFO : EventManager : Event: ======'machine_var_audits_switches_s_pop_bumper_m'====== Args={'value': 4, 'prev_value': 3, 'change': 1}
2025-03-15 11:38:27,452 : INFO : SwitchController : <<<<<<< 's_pop_bumper_m' inactive >>>>>>>
2025-03-15 11:38:28,171 : INFO : SwitchController : <<<<<<< 's_pop_bumper_m' active >>>>>>>
2025-03-15 11:38:28,172 : INFO : EventManager : Event: ======'playfield_active'====== Args={'source': 'pop_bumper_m'}
2025-03-15 11:38:28,172 : INFO : EventManager : Event: ======'unexpected_ball_on_playfield'====== Args={}
2025-03-15 11:38:28,172 : INFO : EventManager : Event: ======'machine_var_audits_switches_s_pop_bumper_m'====== Args={'value': 5, 'prev_value': 4, 'change': 1}
2025-03-15 11:38:28,187 : INFO : SwitchController : <<<<<<< 's_pop_bumper_m' inactive >>>>>>>
2025-03-15 11:38:28,452 : INFO : SwitchController : <<<<<<< 's_pop_bumper_m' active >>>>>>>
2025-03-15 11:38:28,453 : INFO : EventManager : Event: ======'playfield_active'====== Args={'source': 'pop_bumper_m'}
2025-03-15 11:38:28,453 : INFO : EventManager : Event: ======'unexpected_ball_on_playfield'====== Args={}
2025-03-15 11:38:28,453 : INFO : EventManager : Event: ======'machine_var_audits_switches_s_pop_bumper_m'====== Args={'value': 6, 'prev_value': 5, 'change': 1}
2025-03-15 11:38:28,639 : INFO : SwitchController : <<<<<<< 's_pop_bumper_m' inactive >>>>>>>
2025-03-15 11:38:28,906 : INFO : SwitchController : <<<<<<< 's_pop_bumper_m' active >>>>>>>
2025-03-15 11:38:28,906 : INFO : EventManager : Event: ======'playfield_active'====== Args={'source': 'pop_bumper_m'}
2025-03-15 11:38:28,906 : INFO : EventManager : Event: ======'unexpected_ball_on_playfield'====== Args={}
2025-03-15 11:38:28,907 : INFO : EventManager : Event: ======'machine_var_audits_switches_s_pop_bumper_m'====== Args={'value': 7, 'prev_value': 6, 'change': 1}
2025-03-15 11:38:29,157 : INFO : SwitchController : <<<<<<< 's_pop_bumper_m' inactive >>>>>>>
2025-03-15 11:38:29,454 : INFO : SwitchController : <<<<<<< 's_pop_bumper_m' active >>>>>>>
2025-03-15 11:38:29,455 : INFO : EventManager : Event: ======'playfield_active'====== Args={'source': 'pop_bumper_m'}
2025-03-15 11:38:29,455 : INFO : EventManager : Event: ======'unexpected_ball_on_playfield'====== Args={}
2025-03-15 11:38:29,455 : INFO : EventManager : Event: ======'machine_var_audits_switches_s_pop_bumper_m'====== Args={'value': 8, 'prev_value': 7, 'change': 1}
2025-03-15 11:38:29,766 : INFO : SwitchController : <<<<<<< 's_pop_bumper_m' inactive >>>>>>>
2025-03-15 11:38:30,016 : INFO : SwitchController : <<<<<<< 's_pop_bumper_m' active >>>>>>>
2025-03-15 11:38:30,017 : INFO : EventManager : Event: ======'playfield_active'====== Args={'source': 'pop_bumper_m'}
2025-03-15 11:38:30,017 : INFO : EventManager : Event: ======'unexpected_ball_on_playfield'====== Args={}
2025-03-15 11:38:30,017 : INFO : EventManager : Event: ======'machine_var_audits_switches_s_pop_bumper_m'====== Args={'value': 9, 'prev_value': 8, 'change': 1}
2025-03-15 11:38:30,204 : INFO : SwitchController : <<<<<<< 's_pop_bumper_m' inactive >>>>>>>
2025-03-15 11:38:30,345 : INFO : SwitchController : <<<<<<< 's_pop_bumper_m' active >>>>>>>
2025-03-15 11:38:30,346 : INFO : EventManager : Event: ======'playfield_active'====== Args={'source': 'pop_bumper_m'}
2025-03-15 11:38:30,346 : INFO : EventManager : Event: ======'unexpected_ball_on_playfield'====== Args={}
2025-03-15 11:38:30,346 : INFO : EventManager : Event: ======'machine_var_audits_switches_s_pop_bumper_m'====== Args={'value': 10, 'prev_value': 9, 'change': 1}
2025-03-15 11:38:30,470 : INFO : SwitchController : <<<<<<< 's_pop_bumper_m' inactive >>>>>>>
2025-03-15 11:38:31,804 : INFO : SwitchController : <<<<<<< 's_pop_bumper_cc_1' active >>>>>>>
2025-03-15 11:38:31,804 : INFO : EventManager : Event: ======'playfield_active'====== Args={'source': 'pop_bumper_cc_1'}
2025-03-15 11:38:31,805 : INFO : EventManager : Event: ======'unexpected_ball_on_playfield'====== Args={}
2025-03-15 11:38:31,805 : INFO : EventManager : Event: ======'machine_var_audits_switches_s_pop_bumper_cc_1'====== Args={'value': 6, 'prev_value': 5, 'change': 1}
2025-03-15 11:38:31,928 : INFO : SwitchController : <<<<<<< 's_pop_bumper_cc_1' inactive >>>>>>>
2025-03-15 11:38:32,223 : INFO : SwitchController : <<<<<<< 's_pop_bumper_cc_1' active >>>>>>>
2025-03-15 11:38:32,223 : INFO : EventManager : Event: ======'playfield_active'====== Args={'source': 'pop_bumper_cc_1'}
2025-03-15 11:38:32,223 : INFO : EventManager : Event: ======'unexpected_ball_on_playfield'====== Args={}
2025-03-15 11:38:32,224 : INFO : EventManager : Event: ======'machine_var_audits_switches_s_pop_bumper_cc_1'====== Args={'value': 7, 'prev_value': 6, 'change': 1}
2025-03-15 11:38:32,349 : INFO : SwitchController : <<<<<<< 's_pop_bumper_cc_1' inactive >>>>>>>
2025-03-15 11:38:32,569 : INFO : SwitchController : <<<<<<< 's_pop_bumper_cc_1' active >>>>>>>
2025-03-15 11:38:32,569 : INFO : EventManager : Event: ======'playfield_active'====== Args={'source': 'pop_bumper_cc_1'}
2025-03-15 11:38:32,569 : INFO : EventManager : Event: ======'unexpected_ball_on_playfield'====== Args={}
2025-03-15 11:38:32,569 : INFO : EventManager : Event: ======'machine_var_audits_switches_s_pop_bumper_cc_1'====== Args={'value': 8, 'prev_value': 7, 'change': 1}
2025-03-15 11:38:32,712 : INFO : SwitchController : <<<<<<< 's_pop_bumper_cc_1' inactive >>>>>>>
2025-03-15 11:38:33,621 : INFO : SwitchController : <<<<<<< 's_pop_bumper_cc_2' active >>>>>>>
2025-03-15 11:38:33,622 : INFO : EventManager : Event: ======'playfield_active'====== Args={'source': 'pop_bumper_cc_2'}
2025-03-15 11:38:33,622 : INFO : EventManager : Event: ======'unexpected_ball_on_playfield'====== Args={}
2025-03-15 11:38:33,622 : INFO : EventManager : Event: ======'machine_var_audits_switches_s_pop_bumper_cc_2'====== Args={'value': 1, 'prev_value': 0, 'change': 1}
2025-03-15 11:38:33,765 : INFO : SwitchController : <<<<<<< 's_pop_bumper_cc_2' inactive >>>>>>>
2025-03-15 11:38:33,914 : INFO : SwitchController : <<<<<<< 's_pop_bumper_cc_2' active >>>>>>>
2025-03-15 11:38:33,915 : INFO : EventManager : Event: ======'playfield_active'====== Args={'source': 'pop_bumper_cc_2'}
2025-03-15 11:38:33,915 : INFO : EventManager : Event: ======'unexpected_ball_on_playfield'====== Args={}
2025-03-15 11:38:33,915 : INFO : EventManager : Event: ======'machine_var_audits_switches_s_pop_bumper_cc_2'====== Args={'value': 2, 'prev_value': 1, 'change': 1}
2025-03-15 11:38:34,056 : INFO : SwitchController : <<<<<<< 's_pop_bumper_cc_2' inactive >>>>>>>
2025-03-15 11:38:34,149 : INFO : SwitchController : <<<<<<< 's_pop_bumper_cc_2' active >>>>>>>
2025-03-15 11:38:34,149 : INFO : EventManager : Event: ======'playfield_active'====== Args={'source': 'pop_bumper_cc_2'}
2025-03-15 11:38:34,149 : INFO : EventManager : Event: ======'unexpected_ball_on_playfield'====== Args={}
2025-03-15 11:38:34,150 : INFO : EventManager : Event: ======'machine_var_audits_switches_s_pop_bumper_cc_2'====== Args={'value': 3, 'prev_value': 2, 'change': 1}
2025-03-15 11:38:34,243 : INFO : SwitchController : <<<<<<< 's_pop_bumper_cc_2' inactive >>>>>>>
2025-03-15 11:38:35,945 : INFO : SwitchController : <<<<<<< 's_pop_bumper_cc_3' active >>>>>>>
2025-03-15 11:38:35,945 : INFO : EventManager : Event: ======'playfield_active'====== Args={'source': 'pop_bumper_cc_3'}
2025-03-15 11:38:35,946 : INFO : EventManager : Event: ======'unexpected_ball_on_playfield'====== Args={}
2025-03-15 11:38:35,946 : INFO : EventManager : Event: ======'machine_var_audits_switches_s_pop_bumper_cc_3'====== Args={'value': 1, 'prev_value': 0, 'change': 1}
2025-03-15 11:38:36,255 : INFO : SwitchController : <<<<<<< 's_pop_bumper_cc_3' inactive >>>>>>>
2025-03-15 11:38:36,380 : INFO : SwitchController : <<<<<<< 's_pop_bumper_cc_3' active >>>>>>>
2025-03-15 11:38:36,380 : INFO : EventManager : Event: ======'playfield_active'====== Args={'source': 'pop_bumper_cc_3'}
2025-03-15 11:38:36,381 : INFO : EventManager : Event: ======'unexpected_ball_on_playfield'====== Args={}
2025-03-15 11:38:36,381 : INFO : EventManager : Event: ======'machine_var_audits_switches_s_pop_bumper_cc_3'====== Args={'value': 2, 'prev_value': 1, 'change': 1}
2025-03-15 11:38:36,675 : INFO : SwitchController : <<<<<<< 's_pop_bumper_cc_3' inactive >>>>>>>
2025-03-15 11:38:36,834 : INFO : SwitchController : <<<<<<< 's_pop_bumper_cc_3' active >>>>>>>
2025-03-15 11:38:36,835 : INFO : EventManager : Event: ======'playfield_active'====== Args={'source': 'pop_bumper_cc_3'}
2025-03-15 11:38:36,835 : INFO : EventManager : Event: ======'unexpected_ball_on_playfield'====== Args={}
2025-03-15 11:38:36,835 : INFO : EventManager : Event: ======'machine_var_audits_switches_s_pop_bumper_cc_3'====== Args={'value': 3, 'prev_value': 2, 'change': 1}
2025-03-15 11:38:36,867 : INFO : SwitchController : <<<<<<< 's_pop_bumper_cc_3' inactive >>>>>>>
2025-03-15 11:38:37,385 : INFO : SwitchController : <<<<<<< 's_pop_bumper_cc_3' active >>>>>>>
2025-03-15 11:38:37,386 : INFO : EventManager : Event: ======'playfield_active'====== Args={'source': 'pop_bumper_cc_3'}
2025-03-15 11:38:37,386 : INFO : EventManager : Event: ======'unexpected_ball_on_playfield'====== Args={}
2025-03-15 11:38:37,386 : INFO : EventManager : Event: ======'machine_var_audits_switches_s_pop_bumper_cc_3'====== Args={'value': 4, 'prev_value': 3, 'change': 1}
2025-03-15 11:38:37,525 : INFO : SwitchController : <<<<<<< 's_pop_bumper_cc_3' inactive >>>>>>>
2025-03-15 11:38:37,948 : INFO : SwitchController : <<<<<<< 's_pop_bumper_cc_3' active >>>>>>>
2025-03-15 11:38:37,949 : INFO : EventManager : Event: ======'playfield_active'====== Args={'source': 'pop_bumper_cc_3'}
2025-03-15 11:38:37,949 : INFO : EventManager : Event: ======'unexpected_ball_on_playfield'====== Args={}
2025-03-15 11:38:37,949 : INFO : EventManager : Event: ======'machine_var_audits_switches_s_pop_bumper_cc_3'====== Args={'value': 5, 'prev_value': 4, 'change': 1}
2025-03-15 11:38:38,104 : INFO : SwitchController : <<<<<<< 's_pop_bumper_cc_3' inactive >>>>>>>
2025-03-15 11:38:38,370 : INFO : SwitchController : <<<<<<< 's_pop_bumper_cc_3' active >>>>>>>
2025-03-15 11:38:38,370 : INFO : EventManager : Event: ======'playfield_active'====== Args={'source': 'pop_bumper_cc_3'}
2025-03-15 11:38:38,370 : INFO : EventManager : Event: ======'unexpected_ball_on_playfield'====== Args={}
2025-03-15 11:38:38,371 : INFO : EventManager : Event: ======'machine_var_audits_switches_s_pop_bumper_cc_3'====== Args={'value': 6, 'prev_value': 5, 'change': 1}
2025-03-15 11:38:38,478 : INFO : SwitchController : <<<<<<< 's_pop_bumper_cc_3' inactive >>>>>>>
2025-03-15 11:38:38,756 : INFO : SwitchController : <<<<<<< 's_pop_bumper_cc_3' active >>>>>>>
2025-03-15 11:38:38,757 : INFO : EventManager : Event: ======'playfield_active'====== Args={'source': 'pop_bumper_cc_3'}
2025-03-15 11:38:38,757 : INFO : EventManager : Event: ======'unexpected_ball_on_playfield'====== Args={}
2025-03-15 11:38:38,757 : INFO : EventManager : Event: ======'machine_var_audits_switches_s_pop_bumper_cc_3'====== Args={'value': 7, 'prev_value': 6, 'change': 1}
2025-03-15 11:38:38,881 : INFO : SwitchController : <<<<<<< 's_pop_bumper_cc_3' inactive >>>>>>>
2025-03-15 11:38:40,856 : INFO : SwitchController : <<<<<<< 's_pop_bumper_cc_2' active >>>>>>>
2025-03-15 11:38:40,857 : INFO : EventManager : Event: ======'playfield_active'====== Args={'source': 'pop_bumper_cc_2'}
2025-03-15 11:38:40,857 : INFO : EventManager : Event: ======'unexpected_ball_on_playfield'====== Args={}
2025-03-15 11:38:40,857 : INFO : EventManager : Event: ======'machine_var_audits_switches_s_pop_bumper_cc_2'====== Args={'value': 4, 'prev_value': 3, 'change': 1}
2025-03-15 11:38:40,966 : INFO : SwitchController : <<<<<<< 's_pop_bumper_cc_2' inactive >>>>>>>
2025-03-15 11:38:41,311 : INFO : SwitchController : <<<<<<< 's_pop_bumper_cc_2' active >>>>>>>
2025-03-15 11:38:41,311 : INFO : EventManager : Event: ======'playfield_active'====== Args={'source': 'pop_bumper_cc_2'}
2025-03-15 11:38:41,311 : INFO : EventManager : Event: ======'unexpected_ball_on_playfield'====== Args={}
2025-03-15 11:38:41,311 : INFO : EventManager : Event: ======'machine_var_audits_switches_s_pop_bumper_cc_2'====== Args={'value': 5, 'prev_value': 4, 'change': 1}
2025-03-15 11:38:41,480 : INFO : SwitchController : <<<<<<< 's_pop_bumper_cc_2' inactive >>>>>>>
2025-03-15 11:38:41,790 : INFO : SwitchController : <<<<<<< 's_pop_bumper_cc_2' active >>>>>>>
2025-03-15 11:38:41,790 : INFO : EventManager : Event: ======'playfield_active'====== Args={'source': 'pop_bumper_cc_2'}
2025-03-15 11:38:41,791 : INFO : EventManager : Event: ======'unexpected_ball_on_playfield'====== Args={}
2025-03-15 11:38:41,791 : INFO : EventManager : Event: ======'machine_var_audits_switches_s_pop_bumper_cc_2'====== Args={'value': 6, 'prev_value': 5, 'change': 1}
2025-03-15 11:38:41,837 : INFO : SwitchController : <<<<<<< 's_pop_bumper_cc_2' inactive >>>>>>>
2025-03-15 11:38:45,488 : INFO : Machine : Shutting down...
2025-03-15 11:38:45,488 : INFO : EventManager : Event: ======'shutdown'====== Args={}
2025-03-15 11:38:45,489 : INFO : EventManager : Event: ======'mode_game_will_stop'====== Args={}
2025-03-15 11:38:45,489 : INFO : EventManager : Event: ======'mode_game_stopping'====== Args={}
2025-03-15 11:38:45,491 : INFO : EventManager : Event: ======'mode_base_will_stop'====== Args={}
2025-03-15 11:38:45,491 : INFO : EventManager : Event: ======'mode_base_stopping'====== Args={}
2025-03-15 11:38:45,491 : INFO : Mode.base : Stopped.
2025-03-15 11:38:45,492 : INFO : EventManager : Event: ======'modes_active_modes_changed'====== Args={}
2025-03-15 11:38:45,492 : INFO : EventManager : Event: ======'mode_base_stopped'====== Args={}
2025-03-15 11:38:45,492 : INFO : EventManager : Event: ======'clear'====== Args={'key': 'base'}
2025-03-15 11:38:45,492 : INFO : Mode.game : Stopped.
2025-03-15 11:38:45,492 : INFO : EventManager : Event: ======'modes_active_modes_changed'====== Args={}
2025-03-15 11:38:45,492 : INFO : EventManager : Event: ======'mode_game_stopped'====== Args={}
2025-03-15 11:38:45,492 : INFO : EventManager : Event: ======'clear'====== Args={'key': 'game'}
2025-03-15 11:38:45,582 : INFO : root : MPF run loop ended.
