2025-03-14 21:50:23,994 : INFO : root : Loading config.
2025-03-14 21:50:24,002 : INFO : YamlMultifileConfigLoader : Machine config file #1: config.yaml
2025-03-14 21:50:24,003 : WARNING : ConfigProcessor : Config file in cache changed: C:\Users\User\Desktop\fast_homebrew_godot_v2\fast_homebrew_godot_v2\config\config.yaml
2025-03-14 21:50:24,003 : INFO : ConfigProcessor : Loading config from file C:\Users\User\AppData\Local\Programs\Python\Python312\Lib\site-packages\mpf\mpfconfig.yaml.
2025-03-14 21:50:24,040 : INFO : ConfigProcessor : Loading config: C:\Users\User\AppData\Local\Programs\Python\Python312\Lib\site-packages\mpf\mpfconfig.yaml
2025-03-14 21:50:24,041 : INFO : ConfigProcessor : Loading config from file C:\Users\User\Desktop\fast_homebrew_godot_v2\fast_homebrew_godot_v2\config\config.yaml.
2025-03-14 21:50:24,046 : INFO : ConfigProcessor : Loading config: C:\Users\User\Desktop\fast_homebrew_godot_v2\fast_homebrew_godot_v2\config\config.yaml
2025-03-14 21:50:24,047 : INFO : ConfigProcessor : Loading config: C:\Users\User\Desktop\fast_homebrew_godot_v2\fast_homebrew_godot_v2\config\lights.yaml
2025-03-14 21:50:24,051 : INFO : ConfigProcessor : Loading config: C:\Users\User\Desktop\fast_homebrew_godot_v2\fast_homebrew_godot_v2\config\coils.yaml
2025-03-14 21:50:24,058 : INFO : ConfigProcessor : Loading config: C:\Users\User\Desktop\fast_homebrew_godot_v2\fast_homebrew_godot_v2\config\switches.yaml
2025-03-14 21:50:24,061 : INFO : ConfigProcessor : Loading config: C:\Users\User\Desktop\fast_homebrew_godot_v2\fast_homebrew_godot_v2\config\images.yaml
2025-03-14 21:50:24,063 : INFO : ConfigProcessor : Loading config: C:\Users\User\Desktop\fast_homebrew_godot_v2\fast_homebrew_godot_v2\config\videos.yaml
2025-03-14 21:50:24,065 : INFO : ConfigProcessor : Config file cache created: C:\Users\User\AppData\Local\Temp\5682b9bdeb2b9ad8a31c13560e038609.mpf_cache
2025-03-14 21:50:24,291 : INFO : ConfigProcessor : Loading config from cache: C:\Users\User\AppData\Local\Temp\8422c6572f827355f8aade1949d04025.mpf_cache
2025-03-14 21:50:24,293 : INFO : ConfigProcessor : Loading config from cache: C:\Users\User\AppData\Local\Temp\1c0e7e9816717d8e62c4728dfe372999.mpf_cache
2025-03-14 21:50:24,294 : INFO : ConfigProcessor : Loading config from cache: C:\Users\User\AppData\Local\Temp\e3e8065d662ad307fa9574659e7e4e8e.mpf_cache
2025-03-14 21:50:24,295 : INFO : ConfigProcessor : Loading config from cache: C:\Users\User\AppData\Local\Temp\8422c6572f827355f8aade1949d04025.mpf_cache
2025-03-14 21:50:24,297 : INFO : Machine : Mission Pinball Framework Core Engine v0.80.0.dev6
2025-03-14 21:50:24,297 : INFO : Machine : Command line arguments: {'no_load_cache': False, 'create_config_cache': True, 'bcp': False, 'configfile': ['config.yaml'], 'force_assets_load': False, 'platform_integration_test': False, 'jsonlogging': False, 'logfile': 'logs\\2025-03-14-21-50-23-mpf-BERNIE.log', 'pause': False, 'production': False, 'text_ui': False, 'loglevel': 15, 'consoleloglevel': 20, 'force_platform': None, 'syslog_address': None, 'full_logfile_path': 'C:\\Users\\User\\Desktop\\fast_homebrew_godot_v2\\fast_homebrew_godot_v2\\logs\\2025-03-14-21-50-23-mpf-BERNIE.log'}
2025-03-14 21:50:24,298 : INFO : Machine : MPF path: C:\Users\User\AppData\Local\Programs\Python\Python312\Lib\site-packages\mpf
2025-03-14 21:50:24,298 : INFO : Machine : Machine path: C:\Users\User\Desktop\fast_homebrew_godot_v2\fast_homebrew_godot_v2
2025-03-14 21:50:24,298 : INFO : Machine : Platform: win32
2025-03-14 21:50:24,298 : INFO : Machine : Python executable location: C:\Users\User\AppData\Local\Programs\Python\Python312\python.exe
2025-03-14 21:50:24,298 : INFO : Machine : Python version: 3.12.3 (64-bit)
2025-03-14 21:50:24,302 : INFO : Machine : Initializing MPF...
2025-03-14 21:50:24,526 : INFO : FAST : Auto-detecting ports for the following connections: ['net']
2025-03-14 21:50:24,581 : INFO : FAST : Detected NET on port COM5
2025-03-14 21:50:24,695 : INFO : FAST [NET] : Trying to connect to COM5 at 921600bps
2025-03-14 21:50:24,709 : INFO : FAST [NET] : Connected to COM5 at 921600bps
2025-03-14 21:50:24,723 : INFO : FAST [NET] : Connected to FP-CPU-2000 with firmware v02.26
2025-03-14 21:50:24,743 : INFO : FAST [NET] : Registered I/O Board 0: Model: FP-I/O-3208, Firmware: 01.10, Switches: 32, Drivers: 8
2025-03-14 21:50:24,745 : INFO : EventManager : Event: ======'machine_var_credits_string'====== Args={'value': 'FREE PLAY', 'prev_value': None, 'change': True}
2025-03-14 21:50:24,811 : INFO : EventManager : Event: ======'machine_var_master_volume'====== Args={'value': 0.5, 'prev_value': None, 'change': True}
2025-03-14 21:50:24,811 : INFO : EventManager : Event: ======'machine_var_mpf_version'====== Args={'value': 'Mission Pinball Framework v0.80.0.dev6', 'prev_value': None, 'change': True}
2025-03-14 21:50:24,812 : INFO : EventManager : Event: ======'machine_var_mpf_extended_version'====== Args={'value': 'Mission Pinball Framework v0.80.0.dev6, Config version:6, Show version: 6, BCP version:1.1', 'prev_value': None, 'change': True}
2025-03-14 21:50:24,812 : INFO : EventManager : Event: ======'machine_var_python_version'====== Args={'value': '3.12.3', 'prev_value': None, 'change': True}
2025-03-14 21:50:25,060 : INFO : EventManager : Event: ======'machine_var_platform'====== Args={'value': 'Windows-11-10.0.22631-SP0', 'prev_value': None, 'change': True}
2025-03-14 21:50:25,060 : INFO : EventManager : Event: ======'machine_var_platform_system'====== Args={'value': 'Windows', 'prev_value': None, 'change': True}
2025-03-14 21:50:25,060 : INFO : EventManager : Event: ======'machine_var_platform_release'====== Args={'value': '11', 'prev_value': None, 'change': True}
2025-03-14 21:50:25,060 : INFO : EventManager : Event: ======'machine_var_platform_version'====== Args={'value': '10.0.22631', 'prev_value': None, 'change': True}
2025-03-14 21:50:25,060 : INFO : EventManager : Event: ======'machine_var_platform_machine'====== Args={'value': 'AMD64', 'prev_value': None, 'change': True}
2025-03-14 21:50:25,061 : INFO : EventManager : Event: ======'machine_var_log_file_path'====== Args={'value': 'C:\\Users\\User\\Desktop\\fast_homebrew_godot_v2\\fast_homebrew_godot_v2\\logs\\2025-03-14-21-50-23-mpf-BERNIE.log', 'prev_value': None, 'change': True}
2025-03-14 21:50:25,061 : INFO : EventManager : Event: ======'init_phase_1'====== Args={}
2025-03-14 21:50:27,565 : INFO : SwitchController : <<<<<<< 's_trough_ball_jam' active >>>>>>>
2025-03-14 21:50:27,565 : INFO : SwitchController : <<<<<<< 's_trough_ball_1' active >>>>>>>
2025-03-14 21:50:27,566 : INFO : EventManager : Event: ======'init_phase_2'====== Args={}
2025-03-14 21:50:27,567 : INFO : SwitchController : Found active switch: (6, [FAST Platform Interface]) <switch.s_trough_ball_jam>
2025-03-14 21:50:27,568 : INFO : SwitchController : Found active switch: (0, [FAST Platform Interface]) <switch.s_trough_ball_1>
2025-03-14 21:50:28,068 : INFO : ball_device.bd_trough : BCH: Initial count: 1
2025-03-14 21:50:28,070 : INFO : ball_device.bd_trough : State: idle
2025-03-14 21:50:28,072 : INFO : ball_device.bd_plunger : BCH: Initial count: 0
2025-03-14 21:50:28,073 : INFO : ball_device.bd_plunger : State: idle
2025-03-14 21:50:28,133 : INFO : EventManager : Event: ======'init_phase_3'====== Args={}
2025-03-14 21:50:28,138 : INFO : EventManager : Event: ======'init_phase_4'====== Args={}
2025-03-14 21:50:28,139 : INFO : BallController : Initial balls found: 1
2025-03-14 21:50:28,142 : INFO : EventManager : Event: ======'machine_var_audits_events_game_ended'====== Args={'value': 0, 'prev_value': None, 'change': True}
2025-03-14 21:50:28,142 : INFO : EventManager : Event: ======'machine_var_audits_events_game_started'====== Args={'value': 390, 'prev_value': None, 'change': True}
2025-03-14 21:50:28,142 : INFO : EventManager : Event: ======'machine_var_audits_missing_switches_s_flipper_right'====== Args={'value': 1, 'prev_value': None, 'change': True}
2025-03-14 21:50:28,142 : INFO : EventManager : Event: ======'machine_var_audits_missing_switches_s_launch'====== Args={'value': 6, 'prev_value': None, 'change': True}
2025-03-14 21:50:28,142 : INFO : EventManager : Event: ======'machine_var_audits_missing_switches_s_left_flipper'====== Args={'value': 363, 'prev_value': None, 'change': True}
2025-03-14 21:50:28,142 : INFO : EventManager : Event: ======'machine_var_audits_missing_switches_s_left_flipper_eos'====== Args={'value': 363, 'prev_value': None, 'change': True}
2025-03-14 21:50:28,142 : INFO : EventManager : Event: ======'machine_var_audits_missing_switches_s_left_inlane'====== Args={'value': 6, 'prev_value': None, 'change': True}
2025-03-14 21:50:28,142 : INFO : EventManager : Event: ======'machine_var_audits_missing_switches_s_left_inner_lane'====== Args={'value': 357, 'prev_value': None, 'change': True}
2025-03-14 21:50:28,143 : INFO : EventManager : Event: ======'machine_var_audits_missing_switches_s_left_outer_lane'====== Args={'value': 153, 'prev_value': None, 'change': True}
2025-03-14 21:50:28,143 : INFO : EventManager : Event: ======'machine_var_audits_missing_switches_s_left_outlane'====== Args={'value': 6, 'prev_value': None, 'change': True}
2025-03-14 21:50:28,143 : INFO : EventManager : Event: ======'machine_var_audits_missing_switches_s_left_sling'====== Args={'value': 363, 'prev_value': None, 'change': True}
2025-03-14 21:50:28,143 : INFO : EventManager : Event: ======'machine_var_audits_missing_switches_s_mead'====== Args={'value': 267, 'prev_value': None, 'change': True}
2025-03-14 21:50:28,143 : INFO : EventManager : Event: ======'machine_var_audits_missing_switches_s_percy'====== Args={'value': 85, 'prev_value': None, 'change': True}
2025-03-14 21:50:28,143 : INFO : EventManager : Event: ======'machine_var_audits_missing_switches_s_pop_bumper_1'====== Args={'value': 357, 'prev_value': None, 'change': True}
2025-03-14 21:50:28,143 : INFO : EventManager : Event: ======'machine_var_audits_missing_switches_s_pop_bumper_2'====== Args={'value': 357, 'prev_value': None, 'change': True}
2025-03-14 21:50:28,143 : INFO : EventManager : Event: ======'machine_var_audits_missing_switches_s_pop_bumper_3'====== Args={'value': 357, 'prev_value': None, 'change': True}
2025-03-14 21:50:28,143 : INFO : EventManager : Event: ======'machine_var_audits_missing_switches_s_right_flipper'====== Args={'value': 363, 'prev_value': None, 'change': True}
2025-03-14 21:50:28,143 : INFO : EventManager : Event: ======'machine_var_audits_missing_switches_s_right_flipper_eos'====== Args={'value': 363, 'prev_value': None, 'change': True}
2025-03-14 21:50:28,143 : INFO : EventManager : Event: ======'machine_var_audits_missing_switches_s_right_inlane'====== Args={'value': 6, 'prev_value': None, 'change': True}
2025-03-14 21:50:28,143 : INFO : EventManager : Event: ======'machine_var_audits_missing_switches_s_right_inner_lane'====== Args={'value': 357, 'prev_value': None, 'change': True}
2025-03-14 21:50:28,143 : INFO : EventManager : Event: ======'machine_var_audits_missing_switches_s_right_outer_lane'====== Args={'value': 357, 'prev_value': None, 'change': True}
2025-03-14 21:50:28,143 : INFO : EventManager : Event: ======'machine_var_audits_missing_switches_s_right_outlane'====== Args={'value': 6, 'prev_value': None, 'change': True}
2025-03-14 21:50:28,143 : INFO : EventManager : Event: ======'machine_var_audits_missing_switches_s_right_sling'====== Args={'value': 363, 'prev_value': None, 'change': True}
2025-03-14 21:50:28,143 : INFO : EventManager : Event: ======'machine_var_audits_missing_switches_s_scanlan'====== Args={'value': 204, 'prev_value': None, 'change': True}
2025-03-14 21:50:28,143 : INFO : EventManager : Event: ======'machine_var_audits_missing_switches_s_trough_ball_1'====== Args={'value': 364, 'prev_value': None, 'change': True}
2025-03-14 21:50:28,144 : INFO : EventManager : Event: ======'machine_var_audits_missing_switches_s_trough_ball_jam'====== Args={'value': 364, 'prev_value': None, 'change': True}
2025-03-14 21:50:28,144 : INFO : EventManager : Event: ======'machine_var_audits_player_score'====== Args={'value': {'average': 0, 'top': [], 'total': 0}, 'prev_value': None, 'change': True}
2025-03-14 21:50:28,144 : INFO : EventManager : Event: ======'machine_var_audits_shots_mead_shot'====== Args={'value': 223, 'prev_value': None, 'change': True}
2025-03-14 21:50:28,144 : INFO : EventManager : Event: ======'machine_var_audits_shots_percy_shot'====== Args={'value': 56, 'prev_value': None, 'change': True}
2025-03-14 21:50:28,144 : INFO : EventManager : Event: ======'machine_var_audits_shots_scanlan_shot'====== Args={'value': 121, 'prev_value': None, 'change': True}
2025-03-14 21:50:28,144 : INFO : EventManager : Event: ======'machine_var_audits_shots_video_shot_1'====== Args={'value': 24, 'prev_value': None, 'change': True}
2025-03-14 21:50:28,144 : INFO : EventManager : Event: ======'machine_var_audits_shots_video_shot_2'====== Args={'value': 20, 'prev_value': None, 'change': True}
2025-03-14 21:50:28,144 : INFO : EventManager : Event: ======'machine_var_audits_switches_s_auto_launcher'====== Args={'value': 0, 'prev_value': None, 'change': True}
2025-03-14 21:50:28,144 : INFO : EventManager : Event: ======'machine_var_audits_switches_s_ball_drain'====== Args={'value': 0, 'prev_value': None, 'change': True}
2025-03-14 21:50:28,145 : INFO : EventManager : Event: ======'machine_var_audits_switches_s_flipper_left'====== Args={'value': 13, 'prev_value': None, 'change': True}
2025-03-14 21:50:28,145 : INFO : EventManager : Event: ======'machine_var_audits_switches_s_flipper_left_lower_eos'====== Args={'value': 2, 'prev_value': None, 'change': True}
2025-03-14 21:50:28,145 : INFO : EventManager : Event: ======'machine_var_audits_switches_s_flipper_left_upper_eos'====== Args={'value': 1, 'prev_value': None, 'change': True}
2025-03-14 21:50:28,145 : INFO : EventManager : Event: ======'machine_var_audits_switches_s_flipper_right'====== Args={'value': 0, 'prev_value': None, 'change': True}
2025-03-14 21:50:28,145 : INFO : EventManager : Event: ======'machine_var_audits_switches_s_flipper_right_eos'====== Args={'value': 1, 'prev_value': None, 'change': True}
2025-03-14 21:50:28,146 : INFO : EventManager : Event: ======'machine_var_audits_switches_s_launch'====== Args={'value': 0, 'prev_value': None, 'change': True}
2025-03-14 21:50:28,146 : INFO : EventManager : Event: ======'machine_var_audits_switches_s_left_flipper'====== Args={'value': 36, 'prev_value': None, 'change': True}
2025-03-14 21:50:28,146 : INFO : EventManager : Event: ======'machine_var_audits_switches_s_left_flipper_eos'====== Args={'value': 0, 'prev_value': None, 'change': True}
2025-03-14 21:50:28,146 : INFO : EventManager : Event: ======'machine_var_audits_switches_s_left_inlane'====== Args={'value': 0, 'prev_value': None, 'change': True}
2025-03-14 21:50:28,146 : INFO : EventManager : Event: ======'machine_var_audits_switches_s_left_inner_lane'====== Args={'value': 0, 'prev_value': None, 'change': True}
2025-03-14 21:50:28,146 : INFO : EventManager : Event: ======'machine_var_audits_switches_s_left_outer_lane'====== Args={'value': 0, 'prev_value': None, 'change': True}
2025-03-14 21:50:28,146 : INFO : EventManager : Event: ======'machine_var_audits_switches_s_left_outlane'====== Args={'value': 0, 'prev_value': None, 'change': True}
2025-03-14 21:50:28,146 : INFO : EventManager : Event: ======'machine_var_audits_switches_s_left_sling'====== Args={'value': 7, 'prev_value': None, 'change': True}
2025-03-14 21:50:28,146 : INFO : EventManager : Event: ======'machine_var_audits_switches_s_mead'====== Args={'value': 0, 'prev_value': None, 'change': True}
2025-03-14 21:50:28,146 : INFO : EventManager : Event: ======'machine_var_audits_switches_s_percy'====== Args={'value': 0, 'prev_value': None, 'change': True}
2025-03-14 21:50:28,146 : INFO : EventManager : Event: ======'machine_var_audits_switches_s_plunger'====== Args={'value': 10, 'prev_value': None, 'change': True}
2025-03-14 21:50:28,147 : INFO : EventManager : Event: ======'machine_var_audits_switches_s_pop_bumper_1'====== Args={'value': 0, 'prev_value': None, 'change': True}
2025-03-14 21:50:28,147 : INFO : EventManager : Event: ======'machine_var_audits_switches_s_pop_bumper_2'====== Args={'value': 0, 'prev_value': None, 'change': True}
2025-03-14 21:50:28,147 : INFO : EventManager : Event: ======'machine_var_audits_switches_s_pop_bumper_3'====== Args={'value': 0, 'prev_value': None, 'change': True}
2025-03-14 21:50:28,147 : INFO : EventManager : Event: ======'machine_var_audits_switches_s_right_flipper'====== Args={'value': 131, 'prev_value': None, 'change': True}
2025-03-14 21:50:28,147 : INFO : EventManager : Event: ======'machine_var_audits_switches_s_right_flipper_eos'====== Args={'value': 0, 'prev_value': None, 'change': True}
2025-03-14 21:50:28,147 : INFO : EventManager : Event: ======'machine_var_audits_switches_s_right_inlane'====== Args={'value': 0, 'prev_value': None, 'change': True}
2025-03-14 21:50:28,147 : INFO : EventManager : Event: ======'machine_var_audits_switches_s_right_inner_lane'====== Args={'value': 0, 'prev_value': None, 'change': True}
2025-03-14 21:50:28,148 : INFO : EventManager : Event: ======'machine_var_audits_switches_s_right_outer_lane'====== Args={'value': 0, 'prev_value': None, 'change': True}
2025-03-14 21:50:28,148 : INFO : EventManager : Event: ======'machine_var_audits_switches_s_right_outlane'====== Args={'value': 0, 'prev_value': None, 'change': True}
2025-03-14 21:50:28,148 : INFO : EventManager : Event: ======'machine_var_audits_switches_s_right_sling'====== Args={'value': 3, 'prev_value': None, 'change': True}
2025-03-14 21:50:28,148 : INFO : EventManager : Event: ======'machine_var_audits_switches_s_scanlan'====== Args={'value': 0, 'prev_value': None, 'change': True}
2025-03-14 21:50:28,148 : INFO : EventManager : Event: ======'machine_var_audits_switches_s_start'====== Args={'value': 42, 'prev_value': None, 'change': True}
2025-03-14 21:50:28,148 : INFO : EventManager : Event: ======'machine_var_audits_switches_s_switch_2'====== Args={'value': 0, 'prev_value': None, 'change': True}
2025-03-14 21:50:28,148 : INFO : EventManager : Event: ======'machine_var_audits_switches_s_trough_ball_1'====== Args={'value': 4, 'prev_value': None, 'change': True}
2025-03-14 21:50:28,148 : INFO : EventManager : Event: ======'machine_var_audits_switches_s_trough_ball_2'====== Args={'value': 5, 'prev_value': None, 'change': True}
2025-03-14 21:50:28,148 : INFO : EventManager : Event: ======'machine_var_audits_switches_s_trough_ball_3'====== Args={'value': 2, 'prev_value': None, 'change': True}
2025-03-14 21:50:28,148 : INFO : EventManager : Event: ======'machine_var_audits_switches_s_trough_ball_4'====== Args={'value': 1, 'prev_value': None, 'change': True}
2025-03-14 21:50:28,149 : INFO : EventManager : Event: ======'machine_var_audits_switches_s_trough_ball_5'====== Args={'value': 1, 'prev_value': None, 'change': True}
2025-03-14 21:50:28,149 : INFO : EventManager : Event: ======'machine_var_audits_switches_s_trough_ball_6'====== Args={'value': 2, 'prev_value': None, 'change': True}
2025-03-14 21:50:28,149 : INFO : EventManager : Event: ======'machine_var_audits_switches_s_trough_ball_jam'====== Args={'value': 3, 'prev_value': None, 'change': True}
2025-03-14 21:50:28,149 : INFO : EventManager : Event: ======'machine_var_audits_switches_s_trough_eject_coil'====== Args={'value': 0, 'prev_value': None, 'change': True}
2025-03-14 21:50:28,150 : INFO : EventManager : Event: ======'init_phase_5'====== Args={}
2025-03-14 21:50:28,151 : INFO : EventManager : Event: ======'init_done'====== Args={}
2025-03-14 21:50:28,153 : INFO : EventManager : Event: ======'machine_reset_phase_1'====== Args={}
2025-03-14 21:50:28,156 : INFO : EventManager : Event: ======'machine_reset_phase_2'====== Args={}
2025-03-14 21:50:28,158 : INFO : EventManager : Event: ======'machine_reset_phase_3'====== Args={}
2025-03-14 21:50:28,159 : INFO : EventManager : Event: ======'reset_complete'====== Args={}
2025-03-14 21:50:28,160 : INFO : EventManager : Event: ======'mode_attract_will_start'====== Args={}
2025-03-14 21:50:28,162 : INFO : EventManager : Event: ======'mode_attract_starting'====== Args={}
2025-03-14 21:50:28,162 : INFO : Mode.attract : Started. Priority: 10
2025-03-14 21:50:28,162 : INFO : EventManager : Event: ======'modes_active_modes_changed'====== Args={}
2025-03-14 21:50:28,162 : INFO : EventManager : Event: ======'mode_attract_started'====== Args={}
2025-03-14 21:50:28,162 : INFO : EventManager : Event: ======'collecting_balls_complete'====== Args={}
2025-03-14 21:50:28,165 : INFO : Machine : Starting the main run loop with active modes: [<Mode.attract>]
2025-03-14 21:50:30,458 : INFO : SwitchController : <<<<<<< 's_flipper_right' active >>>>>>>
2025-03-14 21:50:30,490 : INFO : SwitchController : <<<<<<< 's_flipper_right_eos' active >>>>>>>
2025-03-14 21:50:36,880 : INFO : SwitchController : <<<<<<< 's_start' active >>>>>>>
2025-03-14 21:50:40,154 : INFO : SwitchController : <<<<<<< 's_start' inactive >>>>>>>
2025-03-14 21:50:40,154 : INFO : EventManager : Event: ======'request_to_start_game'====== Args={}
2025-03-14 21:50:40,155 : INFO : EventManager : Event: ======'game_start'====== Args={'buttons': [], 'hold_time': 3.280999999959022}
2025-03-14 21:50:40,155 : INFO : EventManager : Event: ======'mode_game_will_start'====== Args={'buttons': [], 'hold_time': 3.280999999959022}
2025-03-14 21:50:40,156 : INFO : EventManager : Event: ======'mode_game_starting'====== Args={'buttons': [], 'hold_time': 3.280999999959022}
2025-03-14 21:50:40,156 : INFO : EventManager : Event: ======'mode_attract_will_stop'====== Args={}
2025-03-14 21:50:40,157 : INFO : EventManager : Event: ======'mode_attract_stopping'====== Args={}
2025-03-14 21:50:40,157 : INFO : Mode.game : Started. Priority: 20
2025-03-14 21:50:40,157 : INFO : EventManager : Event: ======'modes_active_modes_changed'====== Args={}
2025-03-14 21:50:40,157 : INFO : EventManager : Event: ======'mode_game_started'====== Args={'buttons': [], 'hold_time': 3.280999999959022}
2025-03-14 21:50:40,158 : INFO : Mode.attract : Stopped.
2025-03-14 21:50:40,158 : INFO : EventManager : Event: ======'modes_active_modes_changed'====== Args={}
2025-03-14 21:50:40,158 : INFO : EventManager : Event: ======'mode_attract_stopped'====== Args={}
2025-03-14 21:50:40,158 : INFO : EventManager : Event: ======'clear'====== Args={'key': 'attract'}
2025-03-14 21:50:40,159 : INFO : EventManager : Event: ======'game_will_start'====== Args={}
2025-03-14 21:50:40,159 : INFO : EventManager : Event: ======'game_starting'====== Args={'game': <Mode.game>}
2025-03-14 21:50:40,160 : INFO : EventManager : Unordered handler for class <Auditor> on event game_ended with priority 1. Handlers: [RegisteredHandler(callback=<bound method Auditor.disable of <Auditor>>, priority=1, kwargs={}, key=UUID('491db770-b075-4d02-aaf6-c4361caaab20'), condition=None, blocking_facility=None), RegisteredHandler(callback=<bound method Auditor._save_audits of <Auditor>>, priority=1, kwargs={}, key=UUID('a0d1b7bf-8b39-42ad-add5-771ef7d633ce'), condition=None, blocking_facility=None)]. The order of those handlers is not defined and they will be executed in random order. This might lead to race conditions and potential bugs.
2025-03-14 21:50:40,160 : INFO : EventManager : Event: ======'player_add_request'====== Args={}
2025-03-14 21:50:40,161 : INFO : EventManager : Event: ======'player_will_add'====== Args={'number': 1}
2025-03-14 21:50:40,161 : INFO : EventManager : Event: ======'player_adding'====== Args={'player': <Player 1>, 'number': 1}
2025-03-14 21:50:40,161 : INFO : EventManager : Event: ======'player_added'====== Args={'player': <Player 1>, 'num': 1}
2025-03-14 21:50:40,161 : INFO : Mode.game : Player added successfully. Total players: 1
2025-03-14 21:50:40,161 : INFO : EventManager : Event: ======'player_index'====== Args={'value': 0, 'prev_value': 0, 'change': 0, 'player_num': 1}
2025-03-14 21:50:40,161 : INFO : EventManager : Event: ======'player_number'====== Args={'value': 1, 'prev_value': 1, 'change': 0, 'player_num': 1}
2025-03-14 21:50:40,162 : INFO : EventManager : Event: ======'player_score'====== Args={'value': 0, 'prev_value': 0, 'change': 0, 'player_num': 1}
2025-03-14 21:50:40,162 : INFO : EventManager : Event: ======'game_started'====== Args={}
2025-03-14 21:50:40,162 : INFO : EventManager : Event: ======'player_turn_will_start'====== Args={'player': <Player 1>, 'number': 1}
2025-03-14 21:50:40,162 : INFO : EventManager : Event: ======'player_turn_starting'====== Args={'player': <Player 1>, 'number': 1}
2025-03-14 21:50:40,164 : INFO : EventManager : Event: ======'player_ball'====== Args={'value': 1, 'prev_value': 0, 'change': 1, 'player_num': 1}
2025-03-14 21:50:40,164 : INFO : EventManager : Event: ======'player_turn_started'====== Args={'player': <Player 1>, 'number': 1}
2025-03-14 21:50:40,164 : INFO : EventManager : Event: ======'ball_will_start'====== Args={'player': 1, 'ball': 1, 'balls_remaining': 2, 'is_extra_ball': False}
2025-03-14 21:50:40,165 : INFO : EventManager : Event: ======'ball_starting'====== Args={'player': 1, 'ball': 1, 'balls_remaining': 2, 'is_extra_ball': False}
2025-03-14 21:50:40,165 : INFO : EventManager : Event: ======'balls_in_play'====== Args={'balls': 1}
2025-03-14 21:50:40,165 : INFO : EventManager : Event: ======'ball_started'====== Args={'player': 1, 'ball': 1, 'balls_remaining': 2, 'is_extra_ball': False}
2025-03-14 21:50:40,165 : INFO : EventManager : Event: ======'mode_base_will_start'====== Args={'player': 1, 'ball': 1, 'balls_remaining': 2, 'is_extra_ball': False}
2025-03-14 21:50:40,166 : INFO : EventManager : Event: ======'mode_base_starting'====== Args={'player': 1, 'ball': 1, 'balls_remaining': 2, 'is_extra_ball': False}
2025-03-14 21:50:40,166 : INFO : Mode.base : Started. Priority: 100
2025-03-14 21:50:40,166 : INFO : EventManager : Event: ======'modes_active_modes_changed'====== Args={}
2025-03-14 21:50:40,166 : INFO : EventManager : Event: ======'mode_base_started'====== Args={'player': 1, 'ball': 1, 'balls_remaining': 2, 'is_extra_ball': False}
2025-03-14 21:50:40,167 : INFO : EventManager : Event: ======'single_player_ball_started'====== Args={}
2025-03-14 21:50:40,167 : INFO : EventManager : Event: ======'ball_start_target'====== Args={'target': 'playfield'}
2025-03-14 21:50:40,180 : INFO : ball_device.bd_plunger : Setting up player-controlled eject. Balls: 1, Target: <playfield.playfield>, player_controlled_eject_event: None
2025-03-14 21:50:40,180 : INFO : EventManager : Event: ======'balldevice_balls_available'====== Args={}
2025-03-14 21:50:40,181 : INFO : ball_device.bd_trough : State: waiting_for_target_ready
2025-03-14 21:50:40,181 : INFO : EventManager : Event: ======'balldevice_bd_trough_ball_eject_attempt'====== Args={'balls': 1, 'target': <ball_device.bd_plunger>, 'source': <ball_device.bd_trough>, 'mechanical_eject': True, 'num_attempts': 0}
2025-03-14 21:50:40,181 : INFO : ball_device.bd_plunger : State: waiting_for_ball
2025-03-14 21:50:40,181 : INFO : ball_device.bd_trough : State: ejecting
2025-03-14 21:50:40,181 : INFO : ball_device.bd_trough : Ejecting ball to <ball_device.bd_plunger>
2025-03-14 21:50:40,181 : INFO : EventManager : Event: ======'balldevice_bd_trough_ejecting_ball'====== Args={'balls': 1, 'target': <ball_device.bd_plunger>, 'source': <ball_device.bd_trough>, 'mechanical_eject': True, 'num_attempts': 0}
2025-03-14 21:50:40,182 : INFO : ball_device.bd_trough : Wait for ball to leave device
2025-03-14 21:50:40,183 : INFO : coil.c_trough_eject_coil : Pulsing Driver for 15ms (1.0 pulse_power)
2025-03-14 21:50:40,358 : INFO : SwitchController : <<<<<<< 's_start' active >>>>>>>
2025-03-14 21:50:40,359 : INFO : EventManager : Event: ======'sw_start'====== Args={}
2025-03-14 21:50:40,359 : INFO : EventManager : Event: ======'machine_var_audits_switches_s_start'====== Args={'value': 43, 'prev_value': 42, 'change': 1}
2025-03-14 21:50:40,359 : INFO : EventManager : Event: ======'player_add_request'====== Args={}
2025-03-14 21:50:40,359 : INFO : EventManager : Event: ======'player_will_add'====== Args={'number': 2}
2025-03-14 21:50:40,360 : INFO : EventManager : Event: ======'player_adding'====== Args={'player': <Player 2>, 'number': 2}
2025-03-14 21:50:40,360 : INFO : EventManager : Event: ======'player_added'====== Args={'player': <Player 2>, 'num': 2}
2025-03-14 21:50:40,360 : INFO : Mode.game : Player added successfully. Total players: 2
2025-03-14 21:50:40,360 : INFO : EventManager : Event: ======'multiplayer_game'====== Args={}
2025-03-14 21:50:40,360 : INFO : EventManager : Event: ======'player_index'====== Args={'value': 1, 'prev_value': 1, 'change': 0, 'player_num': 2}
2025-03-14 21:50:40,360 : INFO : EventManager : Event: ======'player_number'====== Args={'value': 2, 'prev_value': 2, 'change': 0, 'player_num': 2}
2025-03-14 21:50:40,361 : INFO : EventManager : Event: ======'player_score'====== Args={'value': 0, 'prev_value': 0, 'change': 0, 'player_num': 2}
2025-03-14 21:50:41,717 : INFO : SwitchController : <<<<<<< 's_start' inactive >>>>>>>
2025-03-14 21:50:41,780 : INFO : SwitchController : <<<<<<< 's_start' active >>>>>>>
2025-03-14 21:50:41,780 : INFO : EventManager : Event: ======'sw_start'====== Args={}
2025-03-14 21:50:41,780 : INFO : EventManager : Event: ======'machine_var_audits_switches_s_start'====== Args={'value': 44, 'prev_value': 43, 'change': 1}
2025-03-14 21:50:41,780 : INFO : EventManager : Event: ======'player_add_request'====== Args={}
2025-03-14 21:50:41,781 : INFO : EventManager : Event: ======'player_will_add'====== Args={'number': 3}
2025-03-14 21:50:41,781 : INFO : EventManager : Event: ======'player_adding'====== Args={'player': <Player 3>, 'number': 3}
2025-03-14 21:50:41,781 : INFO : EventManager : Event: ======'player_added'====== Args={'player': <Player 3>, 'num': 3}
2025-03-14 21:50:41,781 : INFO : Mode.game : Player added successfully. Total players: 3
2025-03-14 21:50:41,781 : INFO : EventManager : Event: ======'player_index'====== Args={'value': 2, 'prev_value': 2, 'change': 0, 'player_num': 3}
2025-03-14 21:50:41,781 : INFO : EventManager : Event: ======'player_number'====== Args={'value': 3, 'prev_value': 3, 'change': 0, 'player_num': 3}
2025-03-14 21:50:41,781 : INFO : EventManager : Event: ======'player_score'====== Args={'value': 0, 'prev_value': 0, 'change': 0, 'player_num': 3}
2025-03-14 21:50:41,999 : INFO : SwitchController : <<<<<<< 's_start' inactive >>>>>>>
2025-03-14 21:50:42,076 : INFO : SwitchController : <<<<<<< 's_start' active >>>>>>>
2025-03-14 21:50:42,078 : INFO : EventManager : Event: ======'sw_start'====== Args={}
2025-03-14 21:50:42,078 : INFO : EventManager : Event: ======'machine_var_audits_switches_s_start'====== Args={'value': 45, 'prev_value': 44, 'change': 1}
2025-03-14 21:50:42,078 : INFO : EventManager : Event: ======'player_add_request'====== Args={}
2025-03-14 21:50:42,078 : INFO : EventManager : Event: ======'player_will_add'====== Args={'number': 4}
2025-03-14 21:50:42,078 : INFO : EventManager : Event: ======'player_adding'====== Args={'player': <Player 4>, 'number': 4}
2025-03-14 21:50:42,078 : INFO : EventManager : Event: ======'player_added'====== Args={'player': <Player 4>, 'num': 4}
2025-03-14 21:50:42,079 : INFO : Mode.game : Player added successfully. Total players: 4
2025-03-14 21:50:42,079 : INFO : EventManager : Event: ======'player_index'====== Args={'value': 3, 'prev_value': 3, 'change': 0, 'player_num': 4}
2025-03-14 21:50:42,079 : INFO : EventManager : Event: ======'player_number'====== Args={'value': 4, 'prev_value': 4, 'change': 0, 'player_num': 4}
2025-03-14 21:50:42,079 : INFO : EventManager : Event: ======'player_score'====== Args={'value': 0, 'prev_value': 0, 'change': 0, 'player_num': 4}
2025-03-14 21:50:42,313 : INFO : SwitchController : <<<<<<< 's_start' inactive >>>>>>>
2025-03-14 21:50:42,390 : INFO : SwitchController : <<<<<<< 's_start' active >>>>>>>
2025-03-14 21:50:42,390 : INFO : EventManager : Event: ======'sw_start'====== Args={}
2025-03-14 21:50:42,390 : INFO : EventManager : Event: ======'machine_var_audits_switches_s_start'====== Args={'value': 46, 'prev_value': 45, 'change': 1}
2025-03-14 21:50:42,563 : INFO : SwitchController : <<<<<<< 's_start' inactive >>>>>>>
2025-03-14 21:50:42,671 : INFO : SwitchController : <<<<<<< 's_start' active >>>>>>>
2025-03-14 21:50:42,672 : INFO : EventManager : Event: ======'sw_start'====== Args={}
2025-03-14 21:50:42,672 : INFO : EventManager : Event: ======'machine_var_audits_switches_s_start'====== Args={'value': 47, 'prev_value': 46, 'change': 1}
2025-03-14 21:50:43,137 : INFO : SwitchController : <<<<<<< 's_start' inactive >>>>>>>
2025-03-14 21:50:43,327 : INFO : SwitchController : <<<<<<< 's_start' active >>>>>>>
2025-03-14 21:50:43,328 : INFO : EventManager : Event: ======'sw_start'====== Args={}
2025-03-14 21:50:43,328 : INFO : EventManager : Event: ======'machine_var_audits_switches_s_start'====== Args={'value': 48, 'prev_value': 47, 'change': 1}
2025-03-14 21:50:43,482 : INFO : SwitchController : <<<<<<< 's_start' inactive >>>>>>>
2025-03-14 21:50:43,700 : INFO : SwitchController : <<<<<<< 's_start' active >>>>>>>
2025-03-14 21:50:43,700 : INFO : EventManager : Event: ======'sw_start'====== Args={}
2025-03-14 21:50:43,701 : INFO : EventManager : Event: ======'machine_var_audits_switches_s_start'====== Args={'value': 49, 'prev_value': 48, 'change': 1}
2025-03-14 21:50:43,968 : INFO : SwitchController : <<<<<<< 's_start' inactive >>>>>>>
2025-03-14 21:50:44,030 : INFO : SwitchController : <<<<<<< 's_start' active >>>>>>>
2025-03-14 21:50:44,030 : INFO : EventManager : Event: ======'sw_start'====== Args={}
2025-03-14 21:50:44,031 : INFO : EventManager : Event: ======'machine_var_audits_switches_s_start'====== Args={'value': 50, 'prev_value': 49, 'change': 1}
2025-03-14 21:50:44,078 : INFO : SwitchController : <<<<<<< 's_start' inactive >>>>>>>
2025-03-14 21:50:44,249 : INFO : SwitchController : <<<<<<< 's_start' active >>>>>>>
2025-03-14 21:50:44,249 : INFO : EventManager : Event: ======'sw_start'====== Args={}
2025-03-14 21:50:44,249 : INFO : EventManager : Event: ======'machine_var_audits_switches_s_start'====== Args={'value': 51, 'prev_value': 50, 'change': 1}
2025-03-14 21:50:44,326 : INFO : SwitchController : <<<<<<< 's_start' inactive >>>>>>>
2025-03-14 21:50:44,436 : INFO : SwitchController : <<<<<<< 's_start' active >>>>>>>
2025-03-14 21:50:44,437 : INFO : EventManager : Event: ======'sw_start'====== Args={}
2025-03-14 21:50:44,437 : INFO : EventManager : Event: ======'machine_var_audits_switches_s_start'====== Args={'value': 52, 'prev_value': 51, 'change': 1}
2025-03-14 21:50:44,451 : INFO : SwitchController : <<<<<<< 's_start' inactive >>>>>>>
2025-03-14 21:50:44,590 : INFO : SwitchController : <<<<<<< 's_start' active >>>>>>>
2025-03-14 21:50:44,591 : INFO : EventManager : Event: ======'sw_start'====== Args={}
2025-03-14 21:50:44,591 : INFO : EventManager : Event: ======'machine_var_audits_switches_s_start'====== Args={'value': 53, 'prev_value': 52, 'change': 1}
2025-03-14 21:50:45,739 : INFO : SwitchController : <<<<<<< 's_start' inactive >>>>>>>
2025-03-14 21:50:46,021 : INFO : SwitchController : <<<<<<< 's_start' active >>>>>>>
2025-03-14 21:50:46,022 : INFO : EventManager : Event: ======'sw_start'====== Args={}
2025-03-14 21:50:46,022 : INFO : EventManager : Event: ======'machine_var_audits_switches_s_start'====== Args={'value': 54, 'prev_value': 53, 'change': 1}
2025-03-14 21:50:46,163 : INFO : SwitchController : <<<<<<< 's_start' inactive >>>>>>>
2025-03-14 21:50:46,226 : INFO : SwitchController : <<<<<<< 's_start' active >>>>>>>
2025-03-14 21:50:46,226 : INFO : EventManager : Event: ======'sw_start'====== Args={}
2025-03-14 21:50:46,227 : INFO : EventManager : Event: ======'machine_var_audits_switches_s_start'====== Args={'value': 55, 'prev_value': 54, 'change': 1}
2025-03-14 21:50:46,257 : INFO : SwitchController : <<<<<<< 's_start' inactive >>>>>>>
2025-03-14 21:50:46,304 : INFO : SwitchController : <<<<<<< 's_start' active >>>>>>>
2025-03-14 21:50:46,304 : INFO : EventManager : Event: ======'sw_start'====== Args={}
2025-03-14 21:50:46,304 : INFO : EventManager : Event: ======'machine_var_audits_switches_s_start'====== Args={'value': 56, 'prev_value': 55, 'change': 1}
2025-03-14 21:50:49,607 : INFO : SwitchController : <<<<<<< 's_start' inactive >>>>>>>
2025-03-14 21:50:50,171 : INFO : EventManager : Event: ======'balldevice_bd_trough_ball_eject_failed'====== Args={'target': <ball_device.bd_plunger>, 'balls': 1, 'retry': True, 'num_attempts': 1}
2025-03-14 21:50:50,175 : INFO : ball_device.bd_trough : State: waiting_for_target_ready
2025-03-14 21:50:50,176 : INFO : EventManager : Event: ======'balldevice_bd_trough_ball_eject_attempt'====== Args={'balls': 1, 'target': <ball_device.bd_plunger>, 'source': <ball_device.bd_trough>, 'mechanical_eject': True, 'num_attempts': 1}
2025-03-14 21:50:50,176 : INFO : ball_device.bd_trough : State: ejecting
2025-03-14 21:50:50,177 : INFO : ball_device.bd_trough : Ejecting ball to <ball_device.bd_plunger>
2025-03-14 21:50:50,177 : INFO : EventManager : Event: ======'balldevice_bd_trough_ejecting_ball'====== Args={'balls': 1, 'target': <ball_device.bd_plunger>, 'source': <ball_device.bd_trough>, 'mechanical_eject': True, 'num_attempts': 1}
2025-03-14 21:50:50,179 : INFO : ball_device.bd_trough : Wait for ball to leave device
2025-03-14 21:50:50,180 : INFO : coil.c_trough_eject_coil : Pulsing Driver for 15ms (1.0 pulse_power)
2025-03-14 21:51:00,169 : INFO : EventManager : Event: ======'balldevice_bd_trough_ball_eject_failed'====== Args={'target': <ball_device.bd_plunger>, 'balls': 1, 'retry': True, 'num_attempts': 2}
2025-03-14 21:51:00,171 : INFO : ball_device.bd_trough : State: waiting_for_target_ready
2025-03-14 21:51:00,171 : INFO : EventManager : Event: ======'balldevice_bd_trough_ball_eject_attempt'====== Args={'balls': 1, 'target': <ball_device.bd_plunger>, 'source': <ball_device.bd_trough>, 'mechanical_eject': True, 'num_attempts': 2}
2025-03-14 21:51:00,171 : INFO : ball_device.bd_trough : State: ejecting
2025-03-14 21:51:00,171 : INFO : ball_device.bd_trough : Ejecting ball to <ball_device.bd_plunger>
2025-03-14 21:51:00,171 : INFO : EventManager : Event: ======'balldevice_bd_trough_ejecting_ball'====== Args={'balls': 1, 'target': <ball_device.bd_plunger>, 'source': <ball_device.bd_trough>, 'mechanical_eject': True, 'num_attempts': 2}
2025-03-14 21:51:00,173 : INFO : ball_device.bd_trough : Wait for ball to leave device
2025-03-14 21:51:00,173 : INFO : coil.c_trough_eject_coil : Pulsing Driver for 15ms (1.0 pulse_power)
2025-03-14 21:51:02,957 : INFO : SwitchController : <<<<<<< 's_flipper_right_eos' inactive >>>>>>>
2025-03-14 21:51:10,174 : INFO : EventManager : Event: ======'balldevice_bd_trough_ball_eject_failed'====== Args={'target': <ball_device.bd_plunger>, 'balls': 1, 'retry': True, 'num_attempts': 3}
2025-03-14 21:51:10,177 : INFO : ball_device.bd_trough : State: waiting_for_target_ready
2025-03-14 21:51:10,177 : INFO : EventManager : Event: ======'balldevice_bd_trough_ball_eject_attempt'====== Args={'balls': 1, 'target': <ball_device.bd_plunger>, 'source': <ball_device.bd_trough>, 'mechanical_eject': True, 'num_attempts': 3}
2025-03-14 21:51:10,179 : INFO : ball_device.bd_trough : State: ejecting
2025-03-14 21:51:10,180 : INFO : ball_device.bd_trough : Ejecting ball to <ball_device.bd_plunger>
2025-03-14 21:51:10,180 : INFO : EventManager : Event: ======'balldevice_bd_trough_ejecting_ball'====== Args={'balls': 1, 'target': <ball_device.bd_plunger>, 'source': <ball_device.bd_trough>, 'mechanical_eject': True, 'num_attempts': 3}
2025-03-14 21:51:10,184 : INFO : ball_device.bd_trough : Wait for ball to leave device
2025-03-14 21:51:10,191 : INFO : coil.c_trough_eject_coil : Pulsing Driver for 15ms (1.0 pulse_power)
2025-03-14 21:51:13,153 : INFO : SwitchController : <<<<<<< 's_trough_ball_4' active >>>>>>>
2025-03-14 21:51:13,154 : INFO : EventManager : Event: ======'machine_var_audits_switches_s_trough_ball_4'====== Args={'value': 2, 'prev_value': 1, 'change': 1}
2025-03-14 21:51:13,154 : INFO : SwitchController : <<<<<<< 's_trough_ball_5' active >>>>>>>
2025-03-14 21:51:13,154 : INFO : EventManager : Event: ======'machine_var_audits_switches_s_trough_ball_5'====== Args={'value': 2, 'prev_value': 1, 'change': 1}
2025-03-14 21:51:13,154 : INFO : SwitchController : <<<<<<< 's_plunger' active >>>>>>>
2025-03-14 21:51:13,154 : INFO : EventManager : Event: ======'machine_var_audits_switches_s_plunger'====== Args={'value': 11, 'prev_value': 10, 'change': 1}
2025-03-14 21:51:13,154 : INFO : SwitchController : <<<<<<< 's_trough_ball_1' inactive >>>>>>>
2025-03-14 21:51:13,154 : INFO : SwitchController : <<<<<<< 's_trough_ball_6' active >>>>>>>
2025-03-14 21:51:13,154 : INFO : EventManager : Event: ======'machine_var_audits_switches_s_trough_ball_6'====== Args={'value': 3, 'prev_value': 2, 'change': 1}
2025-03-14 21:51:13,154 : INFO : SwitchController : <<<<<<< 's_trough_ball_jam' inactive >>>>>>>
2025-03-14 21:51:13,154 : INFO : SwitchController : <<<<<<< 's_trough_ball_2' active >>>>>>>
2025-03-14 21:51:13,156 : INFO : EventManager : Event: ======'machine_var_audits_switches_s_trough_ball_2'====== Args={'value': 6, 'prev_value': 5, 'change': 1}
2025-03-14 21:51:13,156 : INFO : SwitchController : <<<<<<< 's_trough_ball_3' active >>>>>>>
2025-03-14 21:51:13,156 : INFO : EventManager : Event: ======'machine_var_audits_switches_s_trough_ball_3'====== Args={'value': 3, 'prev_value': 2, 'change': 1}
2025-03-14 21:51:13,156 : INFO : SwitchController : <<<<<<< 's_flipper_right_eos' active >>>>>>>
2025-03-14 21:51:13,156 : INFO : EventManager : Event: ======'machine_var_audits_switches_s_flipper_right_eos'====== Args={'value': 2, 'prev_value': 1, 'change': 1}
2025-03-14 21:51:13,156 : INFO : SwitchController : <<<<<<< 's_flipper_left_lower_eos' active >>>>>>>
2025-03-14 21:51:13,156 : INFO : EventManager : Event: ======'machine_var_audits_switches_s_flipper_left_lower_eos'====== Args={'value': 3, 'prev_value': 2, 'change': 1}
2025-03-14 21:51:13,156 : INFO : SwitchController : <<<<<<< 's_flipper_left_upper_eos' active >>>>>>>
2025-03-14 21:51:13,157 : INFO : EventManager : Event: ======'machine_var_audits_switches_s_flipper_left_upper_eos'====== Args={'value': 2, 'prev_value': 1, 'change': 1}
2025-03-14 21:51:13,157 : INFO : SwitchController : <<<<<<< 's_start' active >>>>>>>
2025-03-14 21:51:13,157 : INFO : EventManager : Event: ======'sw_start'====== Args={}
2025-03-14 21:51:13,157 : INFO : EventManager : Event: ======'machine_var_audits_switches_s_start'====== Args={'value': 57, 'prev_value': 56, 'change': 1}
2025-03-14 21:51:13,157 : INFO : SwitchController : <<<<<<< 's_flipper_right' inactive >>>>>>>
2025-03-14 21:51:13,158 : INFO : ball_device.bd_trough : State: ball_left
2025-03-14 21:51:13,158 : INFO : ball_device.bd_trough : Ball left
2025-03-14 21:51:13,159 : INFO : ball_device.bd_trough : Wait for confirm with timeout 10.0
2025-03-14 21:51:13,200 : ERROR : asyncio : Fatal write error on serial transport
protocol: <asyncio.streams.StreamReaderProtocol object at 0x0000022C63BB37A0>
transport: SerialTransport(<ProactorEventLoop running=True closed=False debug=False>, <asyncio.streams.StreamReaderProtocol object at 0x0000022C63BB37A0>, Serial<id=0x22c63bb3850, open=True>(port='COM5', baudrate=921600, bytesize=8, parity='N', stopbits=1, timeout=0, xonxoff=False, rtscts=False, dsrdtr=False))
Traceback (most recent call last):
  File "C:\Users\User\AppData\Local\Programs\Python\Python312\Lib\site-packages\serial_asyncio\__init__.py", line 290, in _poll_read
    if self.serial.in_waiting:
       ^^^^^^^^^^^^^^^^^^^^^^
  File "C:\Users\User\AppData\Local\Programs\Python\Python312\Lib\site-packages\serial\serialwin32.py", line 259, in in_waiting
    raise SerialException("ClearCommError failed ({!r})".format(ctypes.WinError()))
serial.serialutil.SerialException: ClearCommError failed (PermissionError(13, 'The device does not recognize the command.', None, 22))
2025-03-14 21:51:13,207 : WARNING : FAST [NET] : Serial error: ClearCommError failed (PermissionError(13, 'The device does not recognize the command.', None, 22))
2025-03-14 21:51:13,207 : INFO : Machine : Shutting down...
2025-03-14 21:51:13,207 : INFO : EventManager : Event: ======'shutdown'====== Args={}
2025-03-14 21:51:13,208 : INFO : EventManager : Event: ======'mode_game_will_stop'====== Args={}
2025-03-14 21:51:13,209 : INFO : EventManager : Event: ======'mode_game_stopping'====== Args={}
2025-03-14 21:51:13,209 : INFO : EventManager : Event: ======'mode_base_will_stop'====== Args={}
2025-03-14 21:51:13,209 : INFO : EventManager : Event: ======'mode_base_stopping'====== Args={}
2025-03-14 21:51:13,210 : INFO : Mode.base : Stopped.
2025-03-14 21:51:13,210 : INFO : EventManager : Event: ======'modes_active_modes_changed'====== Args={}
2025-03-14 21:51:13,210 : INFO : EventManager : Event: ======'mode_base_stopped'====== Args={}
2025-03-14 21:51:13,210 : INFO : EventManager : Event: ======'clear'====== Args={'key': 'base'}
2025-03-14 21:51:13,210 : INFO : Mode.game : Stopped.
2025-03-14 21:51:13,211 : INFO : EventManager : Event: ======'modes_active_modes_changed'====== Args={}
2025-03-14 21:51:13,211 : INFO : EventManager : Event: ======'mode_game_stopped'====== Args={}
2025-03-14 21:51:13,211 : INFO : EventManager : Event: ======'clear'====== Args={'key': 'game'}
2025-03-14 21:51:13,327 : ERROR : root : ClearCommError failed (PermissionError(13, 'The device does not recognize the command.', None, 22))
Traceback (most recent call last):
  File "C:\Users\User\AppData\Local\Programs\Python\Python312\Lib\site-packages\mpf\commands\game.py", line 229, in __init__
    self.machine.run()
  File "C:\Users\User\AppData\Local\Programs\Python\Python312\Lib\site-packages\mpf\core\machine.py", line 704, in run
    self._run_loop()
  File "C:\Users\User\AppData\Local\Programs\Python\Python312\Lib\site-packages\mpf\core\machine.py", line 804, in _run_loop
    self._crash_shutdown()
  File "C:\Users\User\AppData\Local\Programs\Python\Python312\Lib\site-packages\mpf\core\machine.py", line 749, in _crash_shutdown
    self._do_stop()
  File "C:\Users\User\AppData\Local\Programs\Python\Python312\Lib\site-packages\mpf\core\machine.py", line 740, in _do_stop
    self.shutdown()
  File "C:\Users\User\AppData\Local\Programs\Python\Python312\Lib\site-packages\mpf\core\machine.py", line 770, in shutdown
    self._platform_stop()
  File "C:\Users\User\AppData\Local\Programs\Python\Python312\Lib\site-packages\mpf\core\machine.py", line 820, in _platform_stop
    hardware_platform.stop()
  File "C:\Users\User\AppData\Local\Programs\Python\Python312\Lib\site-packages\mpf\platforms\fast\fast.py", line 173, in stop
    connection.stop()
  File "C:\Users\User\AppData\Local\Programs\Python\Python312\Lib\site-packages\mpf\platforms\fast\communicators\base.py", line 244, in stop
    self.machine.clock.loop.run_until_complete(self.writer.wait_closed())
  File "C:\Users\User\AppData\Local\Programs\Python\Python312\Lib\asyncio\base_events.py", line 687, in run_until_complete
    return future.result()
           ^^^^^^^^^^^^^^^
  File "C:\Users\User\AppData\Local\Programs\Python\Python312\Lib\asyncio\streams.py", line 364, in wait_closed
    await self._protocol._get_close_waiter(self)
  File "C:\Users\User\AppData\Local\Programs\Python\Python312\Lib\site-packages\serial_asyncio\__init__.py", line 290, in _poll_read
    if self.serial.in_waiting:
       ^^^^^^^^^^^^^^^^^^^^^^
  File "C:\Users\User\AppData\Local\Programs\Python\Python312\Lib\site-packages\serial\serialwin32.py", line 259, in in_waiting
    raise SerialException("ClearCommError failed ({!r})".format(ctypes.WinError()))
serial.serialutil.SerialException: ClearCommError failed (PermissionError(13, 'The device does not recognize the command.', None, 22))
