2025-03-13 22:09:37,573 : INFO : root : Loading config.
2025-03-13 22:09:37,595 : INFO : YamlMultifileConfigLoader : Machine config file #1: config.yaml
2025-03-13 22:09:37,596 : INFO : ConfigProcessor : Loading config from cache: C:\Users\User\AppData\Local\Temp\5682b9bdeb2b9ad8a31c13560e038609.mpf_cache
2025-03-13 22:09:37,846 : INFO : ConfigProcessor : Loading config from cache: C:\Users\User\AppData\Local\Temp\8422c6572f827355f8aade1949d04025.mpf_cache
2025-03-13 22:09:37,847 : INFO : ConfigProcessor : Loading config from cache: C:\Users\User\AppData\Local\Temp\1c0e7e9816717d8e62c4728dfe372999.mpf_cache
2025-03-13 22:09:37,865 : INFO : ConfigProcessor : Loading config from cache: C:\Users\User\AppData\Local\Temp\e3e8065d662ad307fa9574659e7e4e8e.mpf_cache
2025-03-13 22:09:37,881 : INFO : ConfigProcessor : Loading config from cache: C:\Users\User\AppData\Local\Temp\8422c6572f827355f8aade1949d04025.mpf_cache
2025-03-13 22:09:37,883 : INFO : Machine : Mission Pinball Framework Core Engine v0.80.0.dev6
2025-03-13 22:09:37,884 : INFO : Machine : Command line arguments: {'no_load_cache': False, 'create_config_cache': True, 'bcp': True, 'configfile': ['config.yaml'], 'force_assets_load': False, 'platform_integration_test': False, 'jsonlogging': False, 'logfile': 'logs\\2025-03-13-22-09-37-mpf-BERNIE.log', 'pause': False, 'production': False, 'text_ui': True, 'loglevel': 15, 'consoleloglevel': 20, 'force_platform': 'virtual', 'syslog_address': None, 'full_logfile_path': 'C:\\Users\\User\\Desktop\\fast_homebrew_godot_v2\\fast_homebrew_godot_v2\\logs\\2025-03-13-22-09-37-mpf-BERNIE.log'}
2025-03-13 22:09:37,884 : INFO : Machine : MPF path: C:\Users\User\AppData\Local\Programs\Python\Python312\Lib\site-packages\mpf
2025-03-13 22:09:37,884 : INFO : Machine : Machine path: C:\Users\User\Desktop\fast_homebrew_godot_v2\fast_homebrew_godot_v2
2025-03-13 22:09:37,884 : INFO : Machine : Platform: win32
2025-03-13 22:09:37,884 : INFO : Machine : Python executable location: C:\Users\User\AppData\Local\Programs\Python\Python312\python.exe
2025-03-13 22:09:37,884 : INFO : Machine : Python version: 3.12.3 (64-bit)
2025-03-13 22:09:37,888 : INFO : Machine : Initializing MPF...
2025-03-13 22:09:38,298 : INFO : EventManager : Event: ======'machine_var_credits_string'====== Args={'value': 'FREE PLAY', 'prev_value': None, 'change': True}
2025-03-13 22:09:38,370 : INFO : EventManager : Event: ======'machine_var_master_volume'====== Args={'value': 0.5, 'prev_value': None, 'change': True}
2025-03-13 22:09:38,370 : INFO : EventManager : Event: ======'machine_var_mpf_version'====== Args={'value': 'Mission Pinball Framework v0.80.0.dev6', 'prev_value': None, 'change': True}
2025-03-13 22:09:38,370 : INFO : EventManager : Event: ======'machine_var_mpf_extended_version'====== Args={'value': 'Mission Pinball Framework v0.80.0.dev6, Config version:6, Show version: 6, BCP version:1.1', 'prev_value': None, 'change': True}
2025-03-13 22:09:38,371 : INFO : EventManager : Event: ======'machine_var_python_version'====== Args={'value': '3.12.3', 'prev_value': None, 'change': True}
2025-03-13 22:09:38,516 : INFO : EventManager : Event: ======'machine_var_platform'====== Args={'value': 'Windows-11-10.0.22631-SP0', 'prev_value': None, 'change': True}
2025-03-13 22:09:38,517 : INFO : EventManager : Event: ======'machine_var_platform_system'====== Args={'value': 'Windows', 'prev_value': None, 'change': True}
2025-03-13 22:09:38,517 : INFO : EventManager : Event: ======'machine_var_platform_release'====== Args={'value': '11', 'prev_value': None, 'change': True}
2025-03-13 22:09:38,517 : INFO : EventManager : Event: ======'machine_var_platform_version'====== Args={'value': '10.0.22631', 'prev_value': None, 'change': True}
2025-03-13 22:09:38,517 : INFO : EventManager : Event: ======'machine_var_platform_machine'====== Args={'value': 'AMD64', 'prev_value': None, 'change': True}
2025-03-13 22:09:38,517 : INFO : EventManager : Event: ======'machine_var_log_file_path'====== Args={'value': 'C:\\Users\\User\\Desktop\\fast_homebrew_godot_v2\\fast_homebrew_godot_v2\\logs\\2025-03-13-22-09-37-mpf-BERNIE.log', 'prev_value': None, 'change': True}
2025-03-13 22:09:38,517 : INFO : EventManager : Event: ======'init_phase_1'====== Args={}
2025-03-13 22:09:38,565 : INFO : EventManager : Event: ======'init_phase_2'====== Args={}
2025-03-13 22:09:38,566 : INFO : SwitchController : Found active switch: ('3208-0', <Platform.Virtual>) <switch.s_trough_ball_1>
2025-03-13 22:09:38,566 : INFO : SwitchController : Found active switch: ('3208-1', <Platform.Virtual>) <switch.s_trough_ball_2>
2025-03-13 22:09:38,566 : INFO : SwitchController : Found active switch: ('3208-2', <Platform.Virtual>) <switch.s_trough_ball_3>
2025-03-13 22:09:38,569 : INFO : EventManager : Event: ======'bcp_connection_attempt'====== Args={'name': 'local_display', 'host': 'localhost', 'port': 5050}
2025-03-13 22:09:38,573 : INFO : BCPClientSocket : Connecting BCP to 'local_display' at localhost:5050...
2025-03-13 22:10:02,268 : INFO : Machine : Starting the main run loop with active modes: []
2025-03-13 22:10:02,269 : WARNING : Machine : Attract mode is not active, game will not be playable. Please check your attract mode configuration.
2025-03-13 22:10:02,269 : INFO : Machine : Shutting down...
2025-03-13 22:10:02,269 : INFO : EventManager : Event: ======'shutdown'====== Args={}
2025-03-13 22:10:03,270 : INFO : root : MPF run loop ended.
