2025-03-15 00:30:28,271 : INFO : root : Loading config.
2025-03-15 00:30:28,277 : INFO : YamlMultifileConfigLoader : Machine config file #1: config.yaml
2025-03-15 00:30:28,280 : INFO : ConfigProcessor : Loading config from cache: C:\Users\User\AppData\Local\Temp\5682b9bdeb2b9ad8a31c13560e038609.mpf_cache
2025-03-15 00:30:28,510 : INFO : ConfigProcessor : Loading config from cache: C:\Users\User\AppData\Local\Temp\8422c6572f827355f8aade1949d04025.mpf_cache
2025-03-15 00:30:28,516 : INFO : ConfigProcessor : Loading config from cache: C:\Users\User\AppData\Local\Temp\1c0e7e9816717d8e62c4728dfe372999.mpf_cache
2025-03-15 00:30:28,517 : INFO : ConfigProcessor : Loading config from cache: C:\Users\User\AppData\Local\Temp\e3e8065d662ad307fa9574659e7e4e8e.mpf_cache
2025-03-15 00:30:28,518 : INFO : ConfigProcessor : Loading config from cache: C:\Users\User\AppData\Local\Temp\8422c6572f827355f8aade1949d04025.mpf_cache
2025-03-15 00:30:28,520 : INFO : Machine : Mission Pinball Framework Core Engine v0.80.0.dev6
2025-03-15 00:30:28,521 : INFO : Machine : Command line arguments: {'no_load_cache': False, 'create_config_cache': True, 'bcp': False, 'configfile': ['config.yaml'], 'force_assets_load': False, 'platform_integration_test': False, 'jsonlogging': False, 'logfile': 'logs\\2025-03-15-00-30-28-mpf-BERNIE.log', 'pause': False, 'production': False, 'text_ui': False, 'loglevel': 15, 'consoleloglevel': 20, 'force_platform': None, 'syslog_address': None, 'full_logfile_path': 'C:\\Users\\User\\Desktop\\fast_homebrew_godot_v2\\fast_homebrew_godot_v2\\logs\\2025-03-15-00-30-28-mpf-BERNIE.log'}
2025-03-15 00:30:28,521 : INFO : Machine : MPF path: C:\Users\User\AppData\Local\Programs\Python\Python312\Lib\site-packages\mpf
2025-03-15 00:30:28,521 : INFO : Machine : Machine path: C:\Users\User\Desktop\fast_homebrew_godot_v2\fast_homebrew_godot_v2
2025-03-15 00:30:28,521 : INFO : Machine : Platform: win32
2025-03-15 00:30:28,522 : INFO : Machine : Python executable location: C:\Users\User\AppData\Local\Programs\Python\Python312\python.exe
2025-03-15 00:30:28,522 : INFO : Machine : Python version: 3.12.3 (64-bit)
2025-03-15 00:30:28,526 : INFO : Machine : Initializing MPF...
2025-03-15 00:30:28,756 : INFO : FAST : Auto-detecting ports for the following connections: ['net']
2025-03-15 00:30:28,806 : INFO : FAST : Detected NET on port COM5
2025-03-15 00:30:28,902 : INFO : FAST [NET] : Trying to connect to COM5 at 921600bps
2025-03-15 00:30:28,911 : INFO : FAST [NET] : Connected to COM5 at 921600bps
2025-03-15 00:30:28,931 : INFO : FAST [NET] : Connected to FP-CPU-2000 with firmware v02.26
2025-03-15 00:30:28,962 : INFO : FAST [NET] : Registered I/O Board 0: Model: FP-I/O-3208, Firmware: 01.10, Switches: 32, Drivers: 8
2025-03-15 00:30:28,964 : INFO : EventManager : Event: ======'machine_var_credits_string'====== Args={'value': 'FREE PLAY', 'prev_value': None, 'change': True}
2025-03-15 00:30:29,024 : INFO : EventManager : Event: ======'machine_var_master_volume'====== Args={'value': 0.5, 'prev_value': None, 'change': True}
2025-03-15 00:30:29,024 : INFO : EventManager : Event: ======'machine_var_mpf_version'====== Args={'value': 'Mission Pinball Framework v0.80.0.dev6', 'prev_value': None, 'change': True}
2025-03-15 00:30:29,024 : INFO : EventManager : Event: ======'machine_var_mpf_extended_version'====== Args={'value': 'Mission Pinball Framework v0.80.0.dev6, Config version:6, Show version: 6, BCP version:1.1', 'prev_value': None, 'change': True}
2025-03-15 00:30:29,025 : INFO : EventManager : Event: ======'machine_var_python_version'====== Args={'value': '3.12.3', 'prev_value': None, 'change': True}
2025-03-15 00:30:29,204 : INFO : EventManager : Event: ======'machine_var_platform'====== Args={'value': 'Windows-11-10.0.22631-SP0', 'prev_value': None, 'change': True}
2025-03-15 00:30:29,204 : INFO : EventManager : Event: ======'machine_var_platform_system'====== Args={'value': 'Windows', 'prev_value': None, 'change': True}
2025-03-15 00:30:29,204 : INFO : EventManager : Event: ======'machine_var_platform_release'====== Args={'value': '11', 'prev_value': None, 'change': True}
2025-03-15 00:30:29,204 : INFO : EventManager : Event: ======'machine_var_platform_version'====== Args={'value': '10.0.22631', 'prev_value': None, 'change': True}
2025-03-15 00:30:29,204 : INFO : EventManager : Event: ======'machine_var_platform_machine'====== Args={'value': 'AMD64', 'prev_value': None, 'change': True}
2025-03-15 00:30:29,204 : INFO : EventManager : Event: ======'machine_var_log_file_path'====== Args={'value': 'C:\\Users\\User\\Desktop\\fast_homebrew_godot_v2\\fast_homebrew_godot_v2\\logs\\2025-03-15-00-30-28-mpf-BERNIE.log', 'prev_value': None, 'change': True}
2025-03-15 00:30:29,205 : INFO : EventManager : Event: ======'init_phase_1'====== Args={}
2025-03-15 00:30:31,717 : INFO : SwitchController : <<<<<<< 's_trough_ball_jam' active >>>>>>>
2025-03-15 00:30:31,717 : INFO : SwitchController : <<<<<<< 's_trough_ball_1' active >>>>>>>
2025-03-15 00:30:31,717 : INFO : SwitchController : <<<<<<< 's_flipper_right' active >>>>>>>
2025-03-15 00:30:31,718 : INFO : EventManager : Event: ======'init_phase_2'====== Args={}
2025-03-15 00:30:31,718 : INFO : SwitchController : Found active switch: (6, [FAST Platform Interface]) <switch.s_trough_ball_jam>
2025-03-15 00:30:31,719 : INFO : SwitchController : Found active switch: (28, [FAST Platform Interface]) <switch.s_trough_ball_1>
2025-03-15 00:30:31,719 : INFO : SwitchController : Found active switch: (31, [FAST Platform Interface]) <switch.s_flipper_right>
2025-03-15 00:30:32,216 : INFO : ball_device.bd_trough : BCH: Initial count: 1
2025-03-15 00:30:32,217 : INFO : ball_device.bd_trough : State: idle
2025-03-15 00:30:32,218 : INFO : ball_device.bd_plunger : BCH: Initial count: 0
2025-03-15 00:30:32,218 : INFO : ball_device.bd_plunger : State: idle
2025-03-15 00:30:32,279 : INFO : EventManager : Event: ======'init_phase_3'====== Args={}
2025-03-15 00:30:32,284 : INFO : EventManager : Event: ======'init_phase_4'====== Args={}
2025-03-15 00:30:32,285 : INFO : BallController : Initial balls found: 1
2025-03-15 00:30:32,287 : INFO : EventManager : Event: ======'machine_var_audits_events_game_ended'====== Args={'value': 0, 'prev_value': None, 'change': True}
2025-03-15 00:30:32,288 : INFO : EventManager : Event: ======'machine_var_audits_events_game_started'====== Args={'value': 412, 'prev_value': None, 'change': True}
2025-03-15 00:30:32,288 : INFO : EventManager : Event: ======'machine_var_audits_missing_switches_s_eject_confirm'====== Args={'value': 14, 'prev_value': None, 'change': True}
2025-03-15 00:30:32,288 : INFO : EventManager : Event: ======'machine_var_audits_missing_switches_s_flipper_left'====== Args={'value': 1, 'prev_value': None, 'change': True}
2025-03-15 00:30:32,288 : INFO : EventManager : Event: ======'machine_var_audits_missing_switches_s_flipper_left_lower_eos'====== Args={'value': 1, 'prev_value': None, 'change': True}
2025-03-15 00:30:32,288 : INFO : EventManager : Event: ======'machine_var_audits_missing_switches_s_flipper_left_upper_eos'====== Args={'value': 1, 'prev_value': None, 'change': True}
2025-03-15 00:30:32,288 : INFO : EventManager : Event: ======'machine_var_audits_missing_switches_s_flipper_right'====== Args={'value': 23, 'prev_value': None, 'change': True}
2025-03-15 00:30:32,288 : INFO : EventManager : Event: ======'machine_var_audits_missing_switches_s_flipper_right_eos'====== Args={'value': 20, 'prev_value': None, 'change': True}
2025-03-15 00:30:32,288 : INFO : EventManager : Event: ======'machine_var_audits_missing_switches_s_launch'====== Args={'value': 6, 'prev_value': None, 'change': True}
2025-03-15 00:30:32,288 : INFO : EventManager : Event: ======'machine_var_audits_missing_switches_s_left_flipper'====== Args={'value': 363, 'prev_value': None, 'change': True}
2025-03-15 00:30:32,288 : INFO : EventManager : Event: ======'machine_var_audits_missing_switches_s_left_flipper_eos'====== Args={'value': 363, 'prev_value': None, 'change': True}
2025-03-15 00:30:32,288 : INFO : EventManager : Event: ======'machine_var_audits_missing_switches_s_left_inlane'====== Args={'value': 6, 'prev_value': None, 'change': True}
2025-03-15 00:30:32,288 : INFO : EventManager : Event: ======'machine_var_audits_missing_switches_s_left_inner_lane'====== Args={'value': 357, 'prev_value': None, 'change': True}
2025-03-15 00:30:32,288 : INFO : EventManager : Event: ======'machine_var_audits_missing_switches_s_left_outer_lane'====== Args={'value': 153, 'prev_value': None, 'change': True}
2025-03-15 00:30:32,288 : INFO : EventManager : Event: ======'machine_var_audits_missing_switches_s_left_outlane'====== Args={'value': 6, 'prev_value': None, 'change': True}
2025-03-15 00:30:32,288 : INFO : EventManager : Event: ======'machine_var_audits_missing_switches_s_left_sling'====== Args={'value': 363, 'prev_value': None, 'change': True}
2025-03-15 00:30:32,290 : INFO : EventManager : Event: ======'machine_var_audits_missing_switches_s_mead'====== Args={'value': 267, 'prev_value': None, 'change': True}
2025-03-15 00:30:32,290 : INFO : EventManager : Event: ======'machine_var_audits_missing_switches_s_percy'====== Args={'value': 85, 'prev_value': None, 'change': True}
2025-03-15 00:30:32,290 : INFO : EventManager : Event: ======'machine_var_audits_missing_switches_s_pop_bumper_1'====== Args={'value': 357, 'prev_value': None, 'change': True}
2025-03-15 00:30:32,290 : INFO : EventManager : Event: ======'machine_var_audits_missing_switches_s_pop_bumper_2'====== Args={'value': 357, 'prev_value': None, 'change': True}
2025-03-15 00:30:32,290 : INFO : EventManager : Event: ======'machine_var_audits_missing_switches_s_pop_bumper_3'====== Args={'value': 357, 'prev_value': None, 'change': True}
2025-03-15 00:30:32,290 : INFO : EventManager : Event: ======'machine_var_audits_missing_switches_s_right_flipper'====== Args={'value': 363, 'prev_value': None, 'change': True}
2025-03-15 00:30:32,290 : INFO : EventManager : Event: ======'machine_var_audits_missing_switches_s_right_flipper_eos'====== Args={'value': 363, 'prev_value': None, 'change': True}
2025-03-15 00:30:32,290 : INFO : EventManager : Event: ======'machine_var_audits_missing_switches_s_right_inlane'====== Args={'value': 6, 'prev_value': None, 'change': True}
2025-03-15 00:30:32,290 : INFO : EventManager : Event: ======'machine_var_audits_missing_switches_s_right_inner_lane'====== Args={'value': 357, 'prev_value': None, 'change': True}
2025-03-15 00:30:32,290 : INFO : EventManager : Event: ======'machine_var_audits_missing_switches_s_right_outer_lane'====== Args={'value': 357, 'prev_value': None, 'change': True}
2025-03-15 00:30:32,291 : INFO : EventManager : Event: ======'machine_var_audits_missing_switches_s_right_outlane'====== Args={'value': 6, 'prev_value': None, 'change': True}
2025-03-15 00:30:32,291 : INFO : EventManager : Event: ======'machine_var_audits_missing_switches_s_right_sling'====== Args={'value': 363, 'prev_value': None, 'change': True}
2025-03-15 00:30:32,291 : INFO : EventManager : Event: ======'machine_var_audits_missing_switches_s_scanlan'====== Args={'value': 204, 'prev_value': None, 'change': True}
2025-03-15 00:30:32,291 : INFO : EventManager : Event: ======'machine_var_audits_missing_switches_s_trough_ball_2'====== Args={'value': 20, 'prev_value': None, 'change': True}
2025-03-15 00:30:32,291 : INFO : EventManager : Event: ======'machine_var_audits_missing_switches_s_trough_ball_3'====== Args={'value': 20, 'prev_value': None, 'change': True}
2025-03-15 00:30:32,291 : INFO : EventManager : Event: ======'machine_var_audits_missing_switches_s_trough_ball_4'====== Args={'value': 20, 'prev_value': None, 'change': True}
2025-03-15 00:30:32,291 : INFO : EventManager : Event: ======'machine_var_audits_missing_switches_s_trough_ball_5'====== Args={'value': 20, 'prev_value': None, 'change': True}
2025-03-15 00:30:32,291 : INFO : EventManager : Event: ======'machine_var_audits_missing_switches_s_trough_ball_6'====== Args={'value': 20, 'prev_value': None, 'change': True}
2025-03-15 00:30:32,291 : INFO : EventManager : Event: ======'machine_var_audits_missing_switches_s_trough_ball_jam'====== Args={'value': 386, 'prev_value': None, 'change': True}
2025-03-15 00:30:32,291 : INFO : EventManager : Event: ======'machine_var_audits_player_score'====== Args={'value': {'average': 0, 'top': [], 'total': 0}, 'prev_value': None, 'change': True}
2025-03-15 00:30:32,292 : INFO : EventManager : Event: ======'machine_var_audits_shots_mead_shot'====== Args={'value': 223, 'prev_value': None, 'change': True}
2025-03-15 00:30:32,292 : INFO : EventManager : Event: ======'machine_var_audits_shots_percy_shot'====== Args={'value': 56, 'prev_value': None, 'change': True}
2025-03-15 00:30:32,292 : INFO : EventManager : Event: ======'machine_var_audits_shots_scanlan_shot'====== Args={'value': 121, 'prev_value': None, 'change': True}
2025-03-15 00:30:32,292 : INFO : EventManager : Event: ======'machine_var_audits_shots_video_shot_1'====== Args={'value': 24, 'prev_value': None, 'change': True}
2025-03-15 00:30:32,292 : INFO : EventManager : Event: ======'machine_var_audits_shots_video_shot_2'====== Args={'value': 20, 'prev_value': None, 'change': True}
2025-03-15 00:30:32,292 : INFO : EventManager : Event: ======'machine_var_audits_switches_s_auto_launcher'====== Args={'value': 0, 'prev_value': None, 'change': True}
2025-03-15 00:30:32,292 : INFO : EventManager : Event: ======'machine_var_audits_switches_s_ball_drain'====== Args={'value': 0, 'prev_value': None, 'change': True}
2025-03-15 00:30:32,292 : INFO : EventManager : Event: ======'machine_var_audits_switches_s_eject_confirm'====== Args={'value': 0, 'prev_value': None, 'change': True}
2025-03-15 00:30:32,292 : INFO : EventManager : Event: ======'machine_var_audits_switches_s_flipper_left'====== Args={'value': 17, 'prev_value': None, 'change': True}
2025-03-15 00:30:32,292 : INFO : EventManager : Event: ======'machine_var_audits_switches_s_flipper_left_lower_eos'====== Args={'value': 8, 'prev_value': None, 'change': True}
2025-03-15 00:30:32,292 : INFO : EventManager : Event: ======'machine_var_audits_switches_s_flipper_left_upper_eos'====== Args={'value': 7, 'prev_value': None, 'change': True}
2025-03-15 00:30:32,293 : INFO : EventManager : Event: ======'machine_var_audits_switches_s_flipper_right'====== Args={'value': 0, 'prev_value': None, 'change': True}
2025-03-15 00:30:32,293 : INFO : EventManager : Event: ======'machine_var_audits_switches_s_flipper_right_eos'====== Args={'value': 3, 'prev_value': None, 'change': True}
2025-03-15 00:30:32,293 : INFO : EventManager : Event: ======'machine_var_audits_switches_s_launch'====== Args={'value': 0, 'prev_value': None, 'change': True}
2025-03-15 00:30:32,293 : INFO : EventManager : Event: ======'machine_var_audits_switches_s_left_flipper'====== Args={'value': 36, 'prev_value': None, 'change': True}
2025-03-15 00:30:32,293 : INFO : EventManager : Event: ======'machine_var_audits_switches_s_left_flipper_eos'====== Args={'value': 0, 'prev_value': None, 'change': True}
2025-03-15 00:30:32,293 : INFO : EventManager : Event: ======'machine_var_audits_switches_s_left_inlane'====== Args={'value': 0, 'prev_value': None, 'change': True}
2025-03-15 00:30:32,293 : INFO : EventManager : Event: ======'machine_var_audits_switches_s_left_inner_lane'====== Args={'value': 0, 'prev_value': None, 'change': True}
2025-03-15 00:30:32,293 : INFO : EventManager : Event: ======'machine_var_audits_switches_s_left_outer_lane'====== Args={'value': 0, 'prev_value': None, 'change': True}
2025-03-15 00:30:32,294 : INFO : EventManager : Event: ======'machine_var_audits_switches_s_left_outlane'====== Args={'value': 0, 'prev_value': None, 'change': True}
2025-03-15 00:30:32,294 : INFO : EventManager : Event: ======'machine_var_audits_switches_s_left_sling'====== Args={'value': 7, 'prev_value': None, 'change': True}
2025-03-15 00:30:32,294 : INFO : EventManager : Event: ======'machine_var_audits_switches_s_mead'====== Args={'value': 0, 'prev_value': None, 'change': True}
2025-03-15 00:30:32,300 : INFO : EventManager : Event: ======'machine_var_audits_switches_s_percy'====== Args={'value': 0, 'prev_value': None, 'change': True}
2025-03-15 00:30:32,300 : INFO : EventManager : Event: ======'machine_var_audits_switches_s_plunger'====== Args={'value': 13, 'prev_value': None, 'change': True}
2025-03-15 00:30:32,301 : INFO : EventManager : Event: ======'machine_var_audits_switches_s_pop_bumper_1'====== Args={'value': 0, 'prev_value': None, 'change': True}
2025-03-15 00:30:32,301 : INFO : EventManager : Event: ======'machine_var_audits_switches_s_pop_bumper_2'====== Args={'value': 0, 'prev_value': None, 'change': True}
2025-03-15 00:30:32,301 : INFO : EventManager : Event: ======'machine_var_audits_switches_s_pop_bumper_3'====== Args={'value': 0, 'prev_value': None, 'change': True}
2025-03-15 00:30:32,301 : INFO : EventManager : Event: ======'machine_var_audits_switches_s_right_flipper'====== Args={'value': 131, 'prev_value': None, 'change': True}
2025-03-15 00:30:32,301 : INFO : EventManager : Event: ======'machine_var_audits_switches_s_right_flipper_eos'====== Args={'value': 0, 'prev_value': None, 'change': True}
2025-03-15 00:30:32,301 : INFO : EventManager : Event: ======'machine_var_audits_switches_s_right_inlane'====== Args={'value': 0, 'prev_value': None, 'change': True}
2025-03-15 00:30:32,301 : INFO : EventManager : Event: ======'machine_var_audits_switches_s_right_inner_lane'====== Args={'value': 0, 'prev_value': None, 'change': True}
2025-03-15 00:30:32,301 : INFO : EventManager : Event: ======'machine_var_audits_switches_s_right_outer_lane'====== Args={'value': 0, 'prev_value': None, 'change': True}
2025-03-15 00:30:32,301 : INFO : EventManager : Event: ======'machine_var_audits_switches_s_right_outlane'====== Args={'value': 0, 'prev_value': None, 'change': True}
2025-03-15 00:30:32,302 : INFO : EventManager : Event: ======'machine_var_audits_switches_s_right_sling'====== Args={'value': 3, 'prev_value': None, 'change': True}
2025-03-15 00:30:32,302 : INFO : EventManager : Event: ======'machine_var_audits_switches_s_scanlan'====== Args={'value': 0, 'prev_value': None, 'change': True}
2025-03-15 00:30:32,302 : INFO : EventManager : Event: ======'machine_var_audits_switches_s_start'====== Args={'value': 134, 'prev_value': None, 'change': True}
2025-03-15 00:30:32,302 : INFO : EventManager : Event: ======'machine_var_audits_switches_s_switch_2'====== Args={'value': 0, 'prev_value': None, 'change': True}
2025-03-15 00:30:32,302 : INFO : EventManager : Event: ======'machine_var_audits_switches_s_trough_ball_1'====== Args={'value': 5, 'prev_value': None, 'change': True}
2025-03-15 00:30:32,302 : INFO : EventManager : Event: ======'machine_var_audits_switches_s_trough_ball_2'====== Args={'value': 7, 'prev_value': None, 'change': True}
2025-03-15 00:30:32,302 : INFO : EventManager : Event: ======'machine_var_audits_switches_s_trough_ball_3'====== Args={'value': 4, 'prev_value': None, 'change': True}
2025-03-15 00:30:32,302 : INFO : EventManager : Event: ======'machine_var_audits_switches_s_trough_ball_4'====== Args={'value': 3, 'prev_value': None, 'change': True}
2025-03-15 00:30:32,302 : INFO : EventManager : Event: ======'machine_var_audits_switches_s_trough_ball_5'====== Args={'value': 3, 'prev_value': None, 'change': True}
2025-03-15 00:30:32,302 : INFO : EventManager : Event: ======'machine_var_audits_switches_s_trough_ball_6'====== Args={'value': 4, 'prev_value': None, 'change': True}
2025-03-15 00:30:32,302 : INFO : EventManager : Event: ======'machine_var_audits_switches_s_trough_ball_jam'====== Args={'value': 3, 'prev_value': None, 'change': True}
2025-03-15 00:30:32,302 : INFO : EventManager : Event: ======'machine_var_audits_switches_s_trough_eject_coil'====== Args={'value': 0, 'prev_value': None, 'change': True}
2025-03-15 00:30:32,304 : INFO : EventManager : Event: ======'init_phase_5'====== Args={}
2025-03-15 00:30:32,304 : INFO : EventManager : Event: ======'init_done'====== Args={}
2025-03-15 00:30:32,305 : INFO : EventManager : Event: ======'machine_reset_phase_1'====== Args={}
2025-03-15 00:30:32,305 : INFO : EventManager : Event: ======'machine_reset_phase_2'====== Args={}
2025-03-15 00:30:32,306 : INFO : EventManager : Event: ======'machine_reset_phase_3'====== Args={}
2025-03-15 00:30:32,309 : INFO : EventManager : Event: ======'reset_complete'====== Args={}
2025-03-15 00:30:32,310 : INFO : EventManager : Event: ======'mode_attract_will_start'====== Args={}
2025-03-15 00:30:32,311 : INFO : EventManager : Event: ======'mode_attract_starting'====== Args={}
2025-03-15 00:30:32,311 : INFO : Mode.attract : Started. Priority: 10
2025-03-15 00:30:32,311 : INFO : EventManager : Event: ======'modes_active_modes_changed'====== Args={}
2025-03-15 00:30:32,311 : INFO : EventManager : Event: ======'mode_attract_started'====== Args={}
2025-03-15 00:30:32,311 : INFO : EventManager : Event: ======'collecting_balls_complete'====== Args={}
2025-03-15 00:30:32,317 : INFO : Machine : Starting the main run loop with active modes: [<Mode.attract>]
2025-03-15 00:30:32,340 : INFO : SwitchController : <<<<<<< 's_flipper_right_eos' active >>>>>>>
2025-03-15 00:30:33,354 : INFO : SwitchController : <<<<<<< 's_start' active >>>>>>>
2025-03-15 00:30:34,137 : INFO : SwitchController : <<<<<<< 's_start' inactive >>>>>>>
2025-03-15 00:30:34,137 : INFO : EventManager : Event: ======'request_to_start_game'====== Args={}
2025-03-15 00:30:34,137 : INFO : EventManager : Event: ======'game_start'====== Args={'buttons': [], 'hold_time': 0.7820000000065193}
2025-03-15 00:30:34,138 : INFO : EventManager : Event: ======'mode_game_will_start'====== Args={'buttons': [], 'hold_time': 0.7820000000065193}
2025-03-15 00:30:34,138 : INFO : EventManager : Event: ======'mode_game_starting'====== Args={'buttons': [], 'hold_time': 0.7820000000065193}
2025-03-15 00:30:34,138 : INFO : EventManager : Event: ======'mode_attract_will_stop'====== Args={}
2025-03-15 00:30:34,139 : INFO : EventManager : Event: ======'mode_attract_stopping'====== Args={}
2025-03-15 00:30:34,139 : INFO : Mode.game : Started. Priority: 20
2025-03-15 00:30:34,139 : INFO : EventManager : Event: ======'modes_active_modes_changed'====== Args={}
2025-03-15 00:30:34,139 : INFO : EventManager : Event: ======'mode_game_started'====== Args={'buttons': [], 'hold_time': 0.7820000000065193}
2025-03-15 00:30:34,140 : INFO : Mode.attract : Stopped.
2025-03-15 00:30:34,140 : INFO : EventManager : Event: ======'modes_active_modes_changed'====== Args={}
2025-03-15 00:30:34,140 : INFO : EventManager : Event: ======'mode_attract_stopped'====== Args={}
2025-03-15 00:30:34,140 : INFO : EventManager : Event: ======'clear'====== Args={'key': 'attract'}
2025-03-15 00:30:34,140 : INFO : EventManager : Event: ======'game_will_start'====== Args={}
2025-03-15 00:30:34,141 : INFO : EventManager : Event: ======'game_starting'====== Args={'game': <Mode.game>}
2025-03-15 00:30:34,144 : INFO : EventManager : Unordered handler for class <Auditor> on event game_ended with priority 1. Handlers: [RegisteredHandler(callback=<bound method Auditor.disable of <Auditor>>, priority=1, kwargs={}, key=UUID('8842be9a-fd0f-4b75-b20b-283c4dec8367'), condition=None, blocking_facility=None), RegisteredHandler(callback=<bound method Auditor._save_audits of <Auditor>>, priority=1, kwargs={}, key=UUID('b4032d83-c3e8-4404-84c4-74bc3a26f908'), condition=None, blocking_facility=None)]. The order of those handlers is not defined and they will be executed in random order. This might lead to race conditions and potential bugs.
2025-03-15 00:30:34,144 : INFO : EventManager : Event: ======'player_add_request'====== Args={}
2025-03-15 00:30:34,144 : INFO : EventManager : Event: ======'player_will_add'====== Args={'number': 1}
2025-03-15 00:30:34,144 : INFO : EventManager : Event: ======'player_adding'====== Args={'player': <Player 1>, 'number': 1}
2025-03-15 00:30:34,147 : INFO : EventManager : Event: ======'player_added'====== Args={'player': <Player 1>, 'num': 1}
2025-03-15 00:30:34,147 : INFO : Mode.game : Player added successfully. Total players: 1
2025-03-15 00:30:34,147 : INFO : EventManager : Event: ======'player_index'====== Args={'value': 0, 'prev_value': 0, 'change': 0, 'player_num': 1}
2025-03-15 00:30:34,147 : INFO : EventManager : Event: ======'player_number'====== Args={'value': 1, 'prev_value': 1, 'change': 0, 'player_num': 1}
2025-03-15 00:30:34,147 : INFO : EventManager : Event: ======'player_score'====== Args={'value': 0, 'prev_value': 0, 'change': 0, 'player_num': 1}
2025-03-15 00:30:34,147 : INFO : EventManager : Event: ======'game_started'====== Args={}
2025-03-15 00:30:34,148 : INFO : EventManager : Event: ======'player_turn_will_start'====== Args={'player': <Player 1>, 'number': 1}
2025-03-15 00:30:34,148 : INFO : EventManager : Event: ======'player_turn_starting'====== Args={'player': <Player 1>, 'number': 1}
2025-03-15 00:30:34,148 : INFO : EventManager : Event: ======'player_ball'====== Args={'value': 1, 'prev_value': 0, 'change': 1, 'player_num': 1}
2025-03-15 00:30:34,148 : INFO : EventManager : Event: ======'player_turn_started'====== Args={'player': <Player 1>, 'number': 1}
2025-03-15 00:30:34,149 : INFO : EventManager : Event: ======'ball_will_start'====== Args={'player': 1, 'ball': 1, 'balls_remaining': 2, 'is_extra_ball': False}
2025-03-15 00:30:34,149 : INFO : EventManager : Event: ======'ball_starting'====== Args={'player': 1, 'ball': 1, 'balls_remaining': 2, 'is_extra_ball': False}
2025-03-15 00:30:34,150 : INFO : EventManager : Event: ======'balls_in_play'====== Args={'balls': 1}
2025-03-15 00:30:34,150 : INFO : EventManager : Event: ======'ball_started'====== Args={'player': 1, 'ball': 1, 'balls_remaining': 2, 'is_extra_ball': False}
2025-03-15 00:30:34,150 : INFO : EventManager : Event: ======'mode_base_will_start'====== Args={'player': 1, 'ball': 1, 'balls_remaining': 2, 'is_extra_ball': False}
2025-03-15 00:30:34,151 : INFO : EventManager : Event: ======'mode_base_starting'====== Args={'player': 1, 'ball': 1, 'balls_remaining': 2, 'is_extra_ball': False}
2025-03-15 00:30:34,151 : INFO : Mode.base : Started. Priority: 100
2025-03-15 00:30:34,151 : INFO : EventManager : Event: ======'modes_active_modes_changed'====== Args={}
2025-03-15 00:30:34,151 : INFO : EventManager : Event: ======'mode_base_started'====== Args={'player': 1, 'ball': 1, 'balls_remaining': 2, 'is_extra_ball': False}
2025-03-15 00:30:34,152 : INFO : coil.c_trough_eject_coil : Pulsing Driver for 15ms (1.0 pulse_power)
2025-03-15 00:30:34,152 : INFO : EventManager : Event: ======'s_plunger_active'====== Args={'priority': 0}
2025-03-15 00:30:34,154 : INFO : EventManager : Event: ======'single_player_ball_started'====== Args={}
2025-03-15 00:30:34,155 : INFO : EventManager : Event: ======'ball_start_target'====== Args={'target': 'playfield'}
2025-03-15 00:30:34,155 : INFO : ball_device.bd_plunger : Setting up player-controlled eject. Balls: 1, Target: <playfield.playfield>, player_controlled_eject_event: None
2025-03-15 00:30:34,155 : INFO : EventManager : Event: ======'balldevice_balls_available'====== Args={}
2025-03-15 00:30:34,168 : INFO : ball_device.bd_trough : State: waiting_for_target_ready
2025-03-15 00:30:34,168 : INFO : EventManager : Event: ======'balldevice_bd_trough_ball_eject_attempt'====== Args={'balls': 1, 'target': <ball_device.bd_plunger>, 'source': <ball_device.bd_trough>, 'mechanical_eject': True, 'num_attempts': 0}
2025-03-15 00:30:34,169 : INFO : ball_device.bd_plunger : State: waiting_for_ball
2025-03-15 00:30:34,170 : INFO : ball_device.bd_trough : State: ejecting
2025-03-15 00:30:34,170 : INFO : ball_device.bd_trough : Ejecting ball to <ball_device.bd_plunger>
2025-03-15 00:30:34,170 : INFO : EventManager : Event: ======'balldevice_bd_trough_ejecting_ball'====== Args={'balls': 1, 'target': <ball_device.bd_plunger>, 'source': <ball_device.bd_trough>, 'mechanical_eject': True, 'num_attempts': 0}
2025-03-15 00:30:34,171 : INFO : ball_device.bd_trough : Wait for ball to leave device
2025-03-15 00:30:35,885 : INFO : SwitchController : <<<<<<< 's_start' active >>>>>>>
2025-03-15 00:30:35,886 : INFO : EventManager : Event: ======'sw_start'====== Args={}
2025-03-15 00:30:35,886 : INFO : EventManager : Event: ======'machine_var_audits_switches_s_start'====== Args={'value': 135, 'prev_value': 134, 'change': 1}
2025-03-15 00:30:35,887 : INFO : EventManager : Event: ======'player_add_request'====== Args={}
2025-03-15 00:30:35,887 : INFO : EventManager : Event: ======'player_will_add'====== Args={'number': 2}
2025-03-15 00:30:35,887 : INFO : EventManager : Event: ======'player_adding'====== Args={'player': <Player 2>, 'number': 2}
2025-03-15 00:30:35,887 : INFO : EventManager : Event: ======'player_added'====== Args={'player': <Player 2>, 'num': 2}
2025-03-15 00:30:35,887 : INFO : Mode.game : Player added successfully. Total players: 2
2025-03-15 00:30:35,887 : INFO : EventManager : Event: ======'multiplayer_game'====== Args={}
2025-03-15 00:30:35,888 : INFO : EventManager : Event: ======'player_index'====== Args={'value': 1, 'prev_value': 1, 'change': 0, 'player_num': 2}
2025-03-15 00:30:35,888 : INFO : EventManager : Event: ======'player_number'====== Args={'value': 2, 'prev_value': 2, 'change': 0, 'player_num': 2}
2025-03-15 00:30:35,888 : INFO : EventManager : Event: ======'player_score'====== Args={'value': 0, 'prev_value': 0, 'change': 0, 'player_num': 2}
2025-03-15 00:30:36,384 : INFO : SwitchController : <<<<<<< 's_start' inactive >>>>>>>
2025-03-15 00:30:44,747 : INFO : SwitchController : <<<<<<< 's_plunger' active >>>>>>>
2025-03-15 00:30:44,747 : INFO : EventManager : Event: ======'machine_var_audits_switches_s_plunger'====== Args={'value': 14, 'prev_value': 13, 'change': 1}
2025-03-15 00:30:45,241 : INFO : ball_device.bd_plunger : Received unexpected ball
2025-03-15 00:30:45,242 : INFO : EventManager : Event: ======'balldevice_captured_from_playfield'====== Args={'balls': 1}
2025-03-15 00:30:45,242 : INFO : EventManager : Event: ======'sw_playfield_active'====== Args={'balls': 1}
2025-03-15 00:30:45,242 : INFO : EventManager : Event: ======'playfield_active'====== Args={'source': None}
2025-03-15 00:30:45,242 : INFO : EventManager : Event: ======'unexpected_ball_on_playfield'====== Args={}
2025-03-15 00:30:45,242 : INFO : EventManager : Event: ======'playfield_ball_count_change'====== Args={'balls': -1, 'change': -1}
2025-03-15 00:30:45,243 : INFO : EventManager : Event: ======'balldevice_playfield_ball_enter'====== Args={'new_balls': 1, 'unclaimed_balls': 1, 'device': <playfield.playfield>}
2025-03-15 00:30:45,243 : INFO : EventManager : Event: ======'playfield_ball_count_change'====== Args={'balls': 0, 'change': 1}
2025-03-15 00:30:45,243 : INFO : BallController : Found a new ball which was captured from playfield. Known balls: 2
2025-03-15 00:30:45,243 : INFO : EventManager : Event: ======'found_new_ball'====== Args={}
2025-03-15 00:30:45,243 : INFO : EventManager : Event: ======'balldevice_bd_plunger_ball_enter'====== Args={'new_balls': 1, 'unclaimed_balls': 1, 'new_available_balls': 1, 'device': <ball_device.bd_plunger>}
2025-03-15 00:30:45,244 : INFO : ball_device.bd_plunger : Ejecting 1 unexpected balls using path deque([<ball_device.bd_plunger>, <playfield.playfield>])
2025-03-15 00:30:45,244 : INFO : EventManager : Event: ======'balldevice_balls_available'====== Args={}
2025-03-15 00:30:45,244 : INFO : EventManager : Event: ======'balldevice_balls_available'====== Args={}
2025-03-15 00:30:45,245 : INFO : EventManager : Event: ======'balldevice_bd_plunger_ball_entered'====== Args={'new_balls': 1, 'device': <ball_device.bd_plunger>}
2025-03-15 00:30:45,245 : INFO : EventManager : Event: ======'balldevice_bd_plunger_ball_count_changed'====== Args={'balls': 1}
2025-03-15 00:30:45,246 : INFO : ball_device.bd_plunger : State: waiting_for_target_ready
2025-03-15 00:30:45,246 : INFO : EventManager : Event: ======'balldevice_bd_plunger_ball_eject_attempt'====== Args={'balls': 1, 'target': <playfield.playfield>, 'source': <ball_device.bd_plunger>, 'mechanical_eject': True, 'num_attempts': 0}
2025-03-15 00:30:45,246 : INFO : ball_device.bd_plunger : State: ejecting
2025-03-15 00:30:45,246 : INFO : ball_device.bd_plunger : Ejecting ball to <playfield.playfield>
2025-03-15 00:30:45,246 : INFO : EventManager : Event: ======'balldevice_bd_plunger_ejecting_ball'====== Args={'balls': 1, 'target': <playfield.playfield>, 'source': <ball_device.bd_plunger>, 'mechanical_eject': True, 'num_attempts': 0}
2025-03-15 00:30:45,247 : INFO : ball_device.bd_plunger : Wait for ball to leave device
2025-03-15 00:30:45,257 : INFO : SwitchController : <<<<<<< 's_plunger' inactive >>>>>>>
2025-03-15 00:30:45,258 : INFO : ball_device.bd_plunger : State: ball_left
2025-03-15 00:30:45,258 : INFO : ball_device.bd_plunger : Ball left
2025-03-15 00:30:45,259 : INFO : ball_device.bd_plunger : Wait for confirm with timeout 5.0
2025-03-15 00:30:50,259 : INFO : ball_device.bd_plunger : State: failed_confirm
2025-03-15 00:30:50,260 : INFO : ball_device.bd_plunger : Got timeout (5.0s) before confirm from <playfield.playfield>
2025-03-15 00:30:50,354 : INFO : ball_device.bd_plunger : Confirming eject because target is playfield and ball did not return.
2025-03-15 00:30:50,354 : INFO : ball_device.bd_plunger : Eject successful
2025-03-15 00:30:50,354 : INFO : EventManager : Event: ======'balldevice_bd_plunger_ball_eject_success'====== Args={'balls': 1, 'target': <playfield.playfield>}
2025-03-15 00:30:50,355 : INFO : EventManager : Event: ======'balldevice_playfield_ball_enter'====== Args={'new_balls': 1, 'unclaimed_balls': 1, 'device': <playfield.playfield>}
2025-03-15 00:30:50,355 : INFO : EventManager : Event: ======'playfield_ball_count_change'====== Args={'balls': 1, 'change': 1}
2025-03-15 00:30:50,356 : INFO : EventManager : Event: ======'balldevice_bd_plunger_ball_count_changed'====== Args={'balls': 0}
2025-03-15 00:30:50,356 : INFO : ball_device.bd_plunger : State: idle
2025-03-15 00:30:50,357 : INFO : ball_device.bd_plunger : State: waiting_for_ball
2025-03-15 00:31:00,418 : INFO : SwitchController : <<<<<<< 's_trough_ball_1' inactive >>>>>>>
2025-03-15 00:31:00,420 : INFO : ball_device.bd_trough : State: ball_left
2025-03-15 00:31:00,420 : INFO : ball_device.bd_trough : Ball left
2025-03-15 00:31:00,420 : INFO : ball_device.bd_trough : Wait for confirm with timeout 10.0
2025-03-15 00:31:01,261 : INFO : SwitchController : <<<<<<< 's_trough_ball_1' active >>>>>>>
2025-03-15 00:31:01,262 : INFO : EventManager : Event: ======'machine_var_audits_switches_s_trough_ball_1'====== Args={'value': 6, 'prev_value': 5, 'change': 1}
2025-03-15 00:31:10,430 : INFO : ball_device.bd_trough : State: failed_confirm
2025-03-15 00:31:10,431 : INFO : ball_device.bd_trough : Got timeout (10.0s) before confirm from <ball_device.bd_plunger>
2025-03-15 00:31:10,433 : INFO : ball_device.bd_plunger : Expecting incoming ball which may skip the device.
2025-03-15 00:31:10,433 : INFO : EventManager : Event: ======'balldevice_bd_plunger_ejecting_ball'====== Args={'balls': 1, 'target': <playfield.playfield>, 'source': <ball_device.bd_plunger>, 'mechanical_eject': False, 'num_attempts': 1}
2025-03-15 00:31:10,434 : INFO : ball_device.bd_trough : Got unknown balls. Assuming a ball returned.
2025-03-15 00:31:10,434 : INFO : ball_device.bd_trough : State: eject_broken
2025-03-15 00:31:10,434 : INFO : EventManager : Event: ======'balldevice_bd_trough_ball_eject_failed'====== Args={'target': <ball_device.bd_plunger>, 'balls': 1, 'retry': False, 'num_attempts': 1}
2025-03-15 00:31:10,434 : INFO : EventManager : Event: ======'balldevice_bd_trough_broken'====== Args={}
2025-03-15 00:31:10,435 : INFO : EventManager : Event: ======'balldevice_bd_plunger_ball_eject_failed'====== Args={'target': <playfield.playfield>, 'balls': 1, 'retry': True, 'num_attempts': 1}
2025-03-15 00:31:10,435 : INFO : ball_device.bd_plunger : No longer expecting incoming ball which may skip the device.
2025-03-15 00:31:10,437 : INFO : ball_device.bd_plunger : State: waiting_for_ball
2025-03-15 00:31:39,176 : INFO : SwitchController : <<<<<<< 's_trough_ball_1' inactive >>>>>>>
2025-03-15 00:31:48,866 : INFO : SwitchController : <<<<<<< 's_trough_ball_1' active >>>>>>>
2025-03-15 00:31:48,867 : INFO : EventManager : Event: ======'machine_var_audits_switches_s_trough_ball_1'====== Args={'value': 7, 'prev_value': 6, 'change': 1}
2025-03-15 00:31:51,605 : INFO : SwitchController : <<<<<<< 's_trough_ball_1' inactive >>>>>>>
2025-03-15 00:31:52,011 : INFO : SwitchController : <<<<<<< 's_trough_ball_1' active >>>>>>>
2025-03-15 00:31:52,012 : INFO : EventManager : Event: ======'machine_var_audits_switches_s_trough_ball_1'====== Args={'value': 8, 'prev_value': 7, 'change': 1}
2025-03-15 00:32:13,516 : INFO : SwitchController : <<<<<<< 's_start' active >>>>>>>
2025-03-15 00:32:13,516 : INFO : EventManager : Event: ======'sw_start'====== Args={}
2025-03-15 00:32:13,517 : INFO : EventManager : Event: ======'machine_var_audits_switches_s_start'====== Args={'value': 136, 'prev_value': 135, 'change': 1}
2025-03-15 00:32:13,530 : INFO : EventManager : Event: ======'player_add_request'====== Args={}
2025-03-15 00:32:13,530 : INFO : EventManager : Event: ======'player_will_add'====== Args={'number': 3}
2025-03-15 00:32:13,531 : INFO : EventManager : Event: ======'player_adding'====== Args={'player': <Player 3>, 'number': 3}
2025-03-15 00:32:13,531 : INFO : EventManager : Event: ======'player_added'====== Args={'player': <Player 3>, 'num': 3}
2025-03-15 00:32:13,531 : INFO : Mode.game : Player added successfully. Total players: 3
2025-03-15 00:32:13,531 : INFO : EventManager : Event: ======'player_index'====== Args={'value': 2, 'prev_value': 2, 'change': 0, 'player_num': 3}
2025-03-15 00:32:13,531 : INFO : EventManager : Event: ======'player_number'====== Args={'value': 3, 'prev_value': 3, 'change': 0, 'player_num': 3}
2025-03-15 00:32:13,531 : INFO : EventManager : Event: ======'player_score'====== Args={'value': 0, 'prev_value': 0, 'change': 0, 'player_num': 3}
2025-03-15 00:32:13,877 : INFO : SwitchController : <<<<<<< 's_start' inactive >>>>>>>
2025-03-15 00:32:54,091 : INFO : SwitchController : <<<<<<< 's_start' active >>>>>>>
2025-03-15 00:32:54,091 : INFO : EventManager : Event: ======'sw_start'====== Args={}
2025-03-15 00:32:54,091 : INFO : EventManager : Event: ======'machine_var_audits_switches_s_start'====== Args={'value': 137, 'prev_value': 136, 'change': 1}
2025-03-15 00:32:54,091 : INFO : EventManager : Event: ======'player_add_request'====== Args={}
2025-03-15 00:32:54,091 : INFO : EventManager : Event: ======'player_will_add'====== Args={'number': 4}
2025-03-15 00:32:54,091 : INFO : EventManager : Event: ======'player_adding'====== Args={'player': <Player 4>, 'number': 4}
2025-03-15 00:32:54,092 : INFO : EventManager : Event: ======'player_added'====== Args={'player': <Player 4>, 'num': 4}
2025-03-15 00:32:54,092 : INFO : Mode.game : Player added successfully. Total players: 4
2025-03-15 00:32:54,092 : INFO : EventManager : Event: ======'player_index'====== Args={'value': 3, 'prev_value': 3, 'change': 0, 'player_num': 4}
2025-03-15 00:32:54,092 : INFO : EventManager : Event: ======'player_number'====== Args={'value': 4, 'prev_value': 4, 'change': 0, 'player_num': 4}
2025-03-15 00:32:54,092 : INFO : EventManager : Event: ======'player_score'====== Args={'value': 0, 'prev_value': 0, 'change': 0, 'player_num': 4}
2025-03-15 00:32:54,337 : INFO : SwitchController : <<<<<<< 's_start' inactive >>>>>>>
2025-03-15 00:33:17,208 : INFO : SwitchController : <<<<<<< 's_trough_ball_1' inactive >>>>>>>
2025-03-15 00:33:26,084 : INFO : SwitchController : <<<<<<< 's_trough_ball_1' active >>>>>>>
2025-03-15 00:33:26,085 : INFO : EventManager : Event: ======'machine_var_audits_switches_s_trough_ball_1'====== Args={'value': 9, 'prev_value': 8, 'change': 1}
2025-03-15 00:37:38,349 : INFO : Machine : Shutting down...
2025-03-15 00:37:38,349 : INFO : EventManager : Event: ======'shutdown'====== Args={}
2025-03-15 00:37:38,351 : INFO : EventManager : Event: ======'mode_game_will_stop'====== Args={}
2025-03-15 00:37:38,351 : INFO : EventManager : Event: ======'mode_game_stopping'====== Args={}
2025-03-15 00:37:38,352 : INFO : EventManager : Event: ======'mode_base_will_stop'====== Args={}
2025-03-15 00:37:38,352 : INFO : EventManager : Event: ======'mode_base_stopping'====== Args={}
2025-03-15 00:37:38,353 : INFO : Mode.base : Stopped.
2025-03-15 00:37:38,353 : INFO : EventManager : Event: ======'modes_active_modes_changed'====== Args={}
2025-03-15 00:37:38,353 : INFO : EventManager : Event: ======'mode_base_stopped'====== Args={}
2025-03-15 00:37:38,353 : INFO : EventManager : Event: ======'clear'====== Args={'key': 'base'}
2025-03-15 00:37:38,354 : INFO : Mode.game : Stopped.
2025-03-15 00:37:38,354 : INFO : EventManager : Event: ======'modes_active_modes_changed'====== Args={}
2025-03-15 00:37:38,355 : INFO : EventManager : Event: ======'mode_game_stopped'====== Args={}
2025-03-15 00:37:38,355 : INFO : EventManager : Event: ======'clear'====== Args={'key': 'game'}
2025-03-15 00:37:38,441 : INFO : SwitchController : <<<<<<< 's_flipper_right_eos' inactive >>>>>>>
2025-03-15 00:37:38,460 : INFO : root : MPF run loop ended.
