2025-03-15 16:01:03,489 : INFO : root : Loading config.
2025-03-15 16:01:03,494 : INFO : YamlMultifileConfigLoader : Machine config file #1: config.yaml
2025-03-15 16:01:03,495 : INFO : ConfigProcessor : Loading config from cache: C:\Users\User\AppData\Local\Temp\5682b9bdeb2b9ad8a31c13560e038609.mpf_cache
2025-03-15 16:01:03,897 : INFO : ConfigProcessor : Loading config from cache: C:\Users\User\AppData\Local\Temp\8422c6572f827355f8aade1949d04025.mpf_cache
2025-03-15 16:01:03,899 : INFO : ConfigProcessor : Loading config from cache: C:\Users\User\AppData\Local\Temp\1c0e7e9816717d8e62c4728dfe372999.mpf_cache
2025-03-15 16:01:03,901 : INFO : ConfigProcessor : Loading config from cache: C:\Users\User\AppData\Local\Temp\e3e8065d662ad307fa9574659e7e4e8e.mpf_cache
2025-03-15 16:01:03,905 : INFO : ConfigProcessor : Loading config from cache: C:\Users\User\AppData\Local\Temp\8422c6572f827355f8aade1949d04025.mpf_cache
2025-03-15 16:01:03,906 : INFO : Machine : Mission Pinball Framework Core Engine v0.80.0.dev6
2025-03-15 16:01:03,906 : INFO : Machine : Command line arguments: {'no_load_cache': False, 'create_config_cache': True, 'bcp': False, 'configfile': ['config.yaml'], 'force_assets_load': False, 'platform_integration_test': False, 'jsonlogging': False, 'logfile': 'logs\\2025-03-15-16-01-03-mpf-BERNIE.log', 'pause': False, 'production': False, 'text_ui': False, 'loglevel': 15, 'consoleloglevel': 20, 'force_platform': None, 'syslog_address': None, 'full_logfile_path': 'C:\\Users\\User\\Desktop\\fast_homebrew_godot_v2\\fast_homebrew_godot_v2\\logs\\2025-03-15-16-01-03-mpf-BERNIE.log'}
2025-03-15 16:01:03,907 : INFO : Machine : MPF path: C:\Users\User\AppData\Local\Programs\Python\Python312\Lib\site-packages\mpf
2025-03-15 16:01:03,907 : INFO : Machine : Machine path: C:\Users\User\Desktop\fast_homebrew_godot_v2\fast_homebrew_godot_v2
2025-03-15 16:01:03,907 : INFO : Machine : Platform: win32
2025-03-15 16:01:03,907 : INFO : Machine : Python executable location: C:\Users\User\AppData\Local\Programs\Python\Python312\python.exe
2025-03-15 16:01:03,907 : INFO : Machine : Python version: 3.12.3 (64-bit)
2025-03-15 16:01:03,911 : INFO : Machine : Initializing MPF...
2025-03-15 16:01:04,247 : INFO : FAST : Auto-detecting ports for the following connections: ['net']
2025-03-15 16:01:04,353 : INFO : FAST : Detected NET on port COM5
2025-03-15 16:01:04,465 : INFO : FAST [NET] : Trying to connect to COM5 at 921600bps
2025-03-15 16:01:04,475 : INFO : FAST [NET] : Connected to COM5 at 921600bps
2025-03-15 16:01:04,480 : INFO : FAST [NET] : Connected to FP-CPU-2000 with firmware v02.26
2025-03-15 16:01:04,508 : INFO : FAST [NET] : Registered I/O Board 0: Model: FP-I/O-3208, Firmware: 01.10, Switches: 32, Drivers: 8
2025-03-15 16:01:04,523 : INFO : FAST [NET] : Registered I/O Board 1: Model: FP-I/O-3208, Firmware: 01.10, Switches: 32, Drivers: 8
2025-03-15 16:01:04,524 : INFO : EventManager : Event: ======'machine_var_credits_string'====== Args={'value': 'FREE PLAY', 'prev_value': None, 'change': True}
2025-03-15 16:01:04,627 : INFO : EventManager : Event: ======'machine_var_master_volume'====== Args={'value': 0.5, 'prev_value': None, 'change': True}
2025-03-15 16:01:04,627 : INFO : EventManager : Event: ======'machine_var_player1_score'====== Args={'value': 0, 'prev_value': None, 'change': True}
2025-03-15 16:01:04,627 : INFO : EventManager : Event: ======'machine_var_mpf_version'====== Args={'value': 'Mission Pinball Framework v0.80.0.dev6', 'prev_value': None, 'change': True}
2025-03-15 16:01:04,627 : INFO : EventManager : Event: ======'machine_var_mpf_extended_version'====== Args={'value': 'Mission Pinball Framework v0.80.0.dev6, Config version:6, Show version: 6, BCP version:1.1', 'prev_value': None, 'change': True}
2025-03-15 16:01:04,646 : INFO : EventManager : Event: ======'machine_var_python_version'====== Args={'value': '3.12.3', 'prev_value': None, 'change': True}
2025-03-15 16:01:04,839 : INFO : EventManager : Event: ======'machine_var_platform'====== Args={'value': 'Windows-11-10.0.22631-SP0', 'prev_value': None, 'change': True}
2025-03-15 16:01:04,839 : INFO : EventManager : Event: ======'machine_var_platform_system'====== Args={'value': 'Windows', 'prev_value': None, 'change': True}
2025-03-15 16:01:04,840 : INFO : EventManager : Event: ======'machine_var_platform_release'====== Args={'value': '11', 'prev_value': None, 'change': True}
2025-03-15 16:01:04,840 : INFO : EventManager : Event: ======'machine_var_platform_version'====== Args={'value': '10.0.22631', 'prev_value': None, 'change': True}
2025-03-15 16:01:04,840 : INFO : EventManager : Event: ======'machine_var_platform_machine'====== Args={'value': 'AMD64', 'prev_value': None, 'change': True}
2025-03-15 16:01:04,840 : INFO : EventManager : Event: ======'machine_var_log_file_path'====== Args={'value': 'C:\\Users\\User\\Desktop\\fast_homebrew_godot_v2\\fast_homebrew_godot_v2\\logs\\2025-03-15-16-01-03-mpf-BERNIE.log', 'prev_value': None, 'change': True}
2025-03-15 16:01:04,841 : INFO : EventManager : Event: ======'init_phase_1'====== Args={}
2025-03-15 16:01:07,435 : INFO : SwitchController : <<<<<<< 's_trough_ball_jam' active >>>>>>>
2025-03-15 16:01:07,435 : INFO : SwitchController : <<<<<<< 's_trough_ball_1' active >>>>>>>
2025-03-15 16:01:07,435 : INFO : EventManager : Event: ======'init_phase_2'====== Args={}
2025-03-15 16:01:07,436 : INFO : SwitchController : Found active switch: (6, [FAST Platform Interface]) <switch.s_trough_ball_jam>
2025-03-15 16:01:07,436 : INFO : SwitchController : Found active switch: (26, [FAST Platform Interface]) <switch.s_trough_ball_1>
2025-03-15 16:01:07,945 : INFO : ball_device.bd_trough : BCH: Initial count: 1
2025-03-15 16:01:07,946 : INFO : ball_device.bd_trough : State: idle
2025-03-15 16:01:07,947 : INFO : ball_device.bd_plunger : BCH: Initial count: 0
2025-03-15 16:01:07,947 : INFO : ball_device.bd_plunger : State: idle
2025-03-15 16:01:08,005 : INFO : EventManager : Event: ======'init_phase_3'====== Args={}
2025-03-15 16:01:08,009 : INFO : EventManager : Event: ======'init_phase_4'====== Args={}
2025-03-15 16:01:08,011 : INFO : BallController : Initial balls found: 1
2025-03-15 16:01:08,012 : INFO : EventManager : Event: ======'machine_var_audits_events_game_ended'====== Args={'value': 3, 'prev_value': None, 'change': True}
2025-03-15 16:01:08,012 : INFO : EventManager : Event: ======'machine_var_audits_events_game_started'====== Args={'value': 433, 'prev_value': None, 'change': True}
2025-03-15 16:01:08,012 : INFO : EventManager : Event: ======'machine_var_audits_missing_switches_s_eject_confirm'====== Args={'value': 14, 'prev_value': None, 'change': True}
2025-03-15 16:01:08,013 : INFO : EventManager : Event: ======'machine_var_audits_missing_switches_s_flipper_left'====== Args={'value': 17, 'prev_value': None, 'change': True}
2025-03-15 16:01:08,013 : INFO : EventManager : Event: ======'machine_var_audits_missing_switches_s_flipper_left_lower_eos'====== Args={'value': 11, 'prev_value': None, 'change': True}
2025-03-15 16:01:08,013 : INFO : EventManager : Event: ======'machine_var_audits_missing_switches_s_flipper_left_upper_eos'====== Args={'value': 3, 'prev_value': None, 'change': True}
2025-03-15 16:01:08,013 : INFO : EventManager : Event: ======'machine_var_audits_missing_switches_s_flipper_right'====== Args={'value': 44, 'prev_value': None, 'change': True}
2025-03-15 16:01:08,013 : INFO : EventManager : Event: ======'machine_var_audits_missing_switches_s_flipper_right_eos'====== Args={'value': 41, 'prev_value': None, 'change': True}
2025-03-15 16:01:08,013 : INFO : EventManager : Event: ======'machine_var_audits_missing_switches_s_launch'====== Args={'value': 6, 'prev_value': None, 'change': True}
2025-03-15 16:01:08,013 : INFO : EventManager : Event: ======'machine_var_audits_missing_switches_s_left_flipper'====== Args={'value': 363, 'prev_value': None, 'change': True}
2025-03-15 16:01:08,013 : INFO : EventManager : Event: ======'machine_var_audits_missing_switches_s_left_flipper_eos'====== Args={'value': 363, 'prev_value': None, 'change': True}
2025-03-15 16:01:08,013 : INFO : EventManager : Event: ======'machine_var_audits_missing_switches_s_left_inlane'====== Args={'value': 6, 'prev_value': None, 'change': True}
2025-03-15 16:01:08,013 : INFO : EventManager : Event: ======'machine_var_audits_missing_switches_s_left_inner_lane'====== Args={'value': 357, 'prev_value': None, 'change': True}
2025-03-15 16:01:08,014 : INFO : EventManager : Event: ======'machine_var_audits_missing_switches_s_left_outer_lane'====== Args={'value': 153, 'prev_value': None, 'change': True}
2025-03-15 16:01:08,014 : INFO : EventManager : Event: ======'machine_var_audits_missing_switches_s_left_outlane'====== Args={'value': 6, 'prev_value': None, 'change': True}
2025-03-15 16:01:08,014 : INFO : EventManager : Event: ======'machine_var_audits_missing_switches_s_left_sling'====== Args={'value': 363, 'prev_value': None, 'change': True}
2025-03-15 16:01:08,014 : INFO : EventManager : Event: ======'machine_var_audits_missing_switches_s_mead'====== Args={'value': 267, 'prev_value': None, 'change': True}
2025-03-15 16:01:08,014 : INFO : EventManager : Event: ======'machine_var_audits_missing_switches_s_percy'====== Args={'value': 85, 'prev_value': None, 'change': True}
2025-03-15 16:01:08,014 : INFO : EventManager : Event: ======'machine_var_audits_missing_switches_s_pop_bumper_1'====== Args={'value': 357, 'prev_value': None, 'change': True}
2025-03-15 16:01:08,014 : INFO : EventManager : Event: ======'machine_var_audits_missing_switches_s_pop_bumper_2'====== Args={'value': 357, 'prev_value': None, 'change': True}
2025-03-15 16:01:08,014 : INFO : EventManager : Event: ======'machine_var_audits_missing_switches_s_pop_bumper_3'====== Args={'value': 357, 'prev_value': None, 'change': True}
2025-03-15 16:01:08,014 : INFO : EventManager : Event: ======'machine_var_audits_missing_switches_s_pop_bumper_cc_1'====== Args={'value': 16, 'prev_value': None, 'change': True}
2025-03-15 16:01:08,014 : INFO : EventManager : Event: ======'machine_var_audits_missing_switches_s_pop_bumper_cc_2'====== Args={'value': 16, 'prev_value': None, 'change': True}
2025-03-15 16:01:08,015 : INFO : EventManager : Event: ======'machine_var_audits_missing_switches_s_pop_bumper_cc_3'====== Args={'value': 16, 'prev_value': None, 'change': True}
2025-03-15 16:01:08,015 : INFO : EventManager : Event: ======'machine_var_audits_missing_switches_s_pop_bumper_m'====== Args={'value': 16, 'prev_value': None, 'change': True}
2025-03-15 16:01:08,017 : INFO : EventManager : Event: ======'machine_var_audits_missing_switches_s_right_flipper'====== Args={'value': 363, 'prev_value': None, 'change': True}
2025-03-15 16:01:08,017 : INFO : EventManager : Event: ======'machine_var_audits_missing_switches_s_right_flipper_eos'====== Args={'value': 363, 'prev_value': None, 'change': True}
2025-03-15 16:01:08,017 : INFO : EventManager : Event: ======'machine_var_audits_missing_switches_s_right_inlane'====== Args={'value': 6, 'prev_value': None, 'change': True}
2025-03-15 16:01:08,017 : INFO : EventManager : Event: ======'machine_var_audits_missing_switches_s_right_inner_lane'====== Args={'value': 357, 'prev_value': None, 'change': True}
2025-03-15 16:01:08,017 : INFO : EventManager : Event: ======'machine_var_audits_missing_switches_s_right_outer_lane'====== Args={'value': 357, 'prev_value': None, 'change': True}
2025-03-15 16:01:08,017 : INFO : EventManager : Event: ======'machine_var_audits_missing_switches_s_right_outlane'====== Args={'value': 6, 'prev_value': None, 'change': True}
2025-03-15 16:01:08,017 : INFO : EventManager : Event: ======'machine_var_audits_missing_switches_s_right_sling'====== Args={'value': 363, 'prev_value': None, 'change': True}
2025-03-15 16:01:08,018 : INFO : EventManager : Event: ======'machine_var_audits_missing_switches_s_scanlan'====== Args={'value': 204, 'prev_value': None, 'change': True}
2025-03-15 16:01:08,018 : INFO : EventManager : Event: ======'machine_var_audits_missing_switches_s_slingshot_1'====== Args={'value': 16, 'prev_value': None, 'change': True}
2025-03-15 16:01:08,018 : INFO : EventManager : Event: ======'machine_var_audits_missing_switches_s_slingshot_2'====== Args={'value': 17, 'prev_value': None, 'change': True}
2025-03-15 16:01:08,018 : INFO : EventManager : Event: ======'machine_var_audits_missing_switches_s_trough_ball_3'====== Args={'value': 19, 'prev_value': None, 'change': True}
2025-03-15 16:01:08,018 : INFO : EventManager : Event: ======'machine_var_audits_missing_switches_s_trough_ball_4'====== Args={'value': 19, 'prev_value': None, 'change': True}
2025-03-15 16:01:08,018 : INFO : EventManager : Event: ======'machine_var_audits_missing_switches_s_trough_ball_5'====== Args={'value': 19, 'prev_value': None, 'change': True}
2025-03-15 16:01:08,018 : INFO : EventManager : Event: ======'machine_var_audits_missing_switches_s_trough_ball_6'====== Args={'value': 19, 'prev_value': None, 'change': True}
2025-03-15 16:01:08,018 : INFO : EventManager : Event: ======'machine_var_audits_missing_switches_s_trough_ball_jam'====== Args={'value': 407, 'prev_value': None, 'change': True}
2025-03-15 16:01:08,018 : INFO : EventManager : Event: ======'machine_var_audits_player_score'====== Args={'value': {'average': 0, 'top': [0, 0, 0], 'total': 3}, 'prev_value': None, 'change': True}
2025-03-15 16:01:08,018 : INFO : EventManager : Event: ======'machine_var_audits_shots_mead_shot'====== Args={'value': 223, 'prev_value': None, 'change': True}
2025-03-15 16:01:08,019 : INFO : EventManager : Event: ======'machine_var_audits_shots_percy_shot'====== Args={'value': 56, 'prev_value': None, 'change': True}
2025-03-15 16:01:08,019 : INFO : EventManager : Event: ======'machine_var_audits_shots_scanlan_shot'====== Args={'value': 121, 'prev_value': None, 'change': True}
2025-03-15 16:01:08,019 : INFO : EventManager : Event: ======'machine_var_audits_shots_video_shot_1'====== Args={'value': 24, 'prev_value': None, 'change': True}
2025-03-15 16:01:08,019 : INFO : EventManager : Event: ======'machine_var_audits_shots_video_shot_2'====== Args={'value': 20, 'prev_value': None, 'change': True}
2025-03-15 16:01:08,019 : INFO : EventManager : Event: ======'machine_var_audits_switches_s_auto_launcher'====== Args={'value': 0, 'prev_value': None, 'change': True}
2025-03-15 16:01:08,019 : INFO : EventManager : Event: ======'machine_var_audits_switches_s_ball_drain'====== Args={'value': 0, 'prev_value': None, 'change': True}
2025-03-15 16:01:08,019 : INFO : EventManager : Event: ======'machine_var_audits_switches_s_eject_confirm'====== Args={'value': 0, 'prev_value': None, 'change': True}
2025-03-15 16:01:08,019 : INFO : EventManager : Event: ======'machine_var_audits_switches_s_flipper_left'====== Args={'value': 19, 'prev_value': None, 'change': True}
2025-03-15 16:01:08,019 : INFO : EventManager : Event: ======'machine_var_audits_switches_s_flipper_left_lower_eos'====== Args={'value': 12, 'prev_value': None, 'change': True}
2025-03-15 16:01:08,019 : INFO : EventManager : Event: ======'machine_var_audits_switches_s_flipper_left_upper_eos'====== Args={'value': 12, 'prev_value': None, 'change': True}
2025-03-15 16:01:08,020 : INFO : EventManager : Event: ======'machine_var_audits_switches_s_flipper_right'====== Args={'value': 0, 'prev_value': None, 'change': True}
2025-03-15 16:01:08,020 : INFO : EventManager : Event: ======'machine_var_audits_switches_s_flipper_right_eos'====== Args={'value': 3, 'prev_value': None, 'change': True}
2025-03-15 16:01:08,020 : INFO : EventManager : Event: ======'machine_var_audits_switches_s_launch'====== Args={'value': 0, 'prev_value': None, 'change': True}
2025-03-15 16:01:08,020 : INFO : EventManager : Event: ======'machine_var_audits_switches_s_left_flipper'====== Args={'value': 36, 'prev_value': None, 'change': True}
2025-03-15 16:01:08,020 : INFO : EventManager : Event: ======'machine_var_audits_switches_s_left_flipper_eos'====== Args={'value': 0, 'prev_value': None, 'change': True}
2025-03-15 16:01:08,020 : INFO : EventManager : Event: ======'machine_var_audits_switches_s_left_inlane'====== Args={'value': 0, 'prev_value': None, 'change': True}
2025-03-15 16:01:08,021 : INFO : EventManager : Event: ======'machine_var_audits_switches_s_left_inner_lane'====== Args={'value': 0, 'prev_value': None, 'change': True}
2025-03-15 16:01:08,021 : INFO : EventManager : Event: ======'machine_var_audits_switches_s_left_outer_lane'====== Args={'value': 0, 'prev_value': None, 'change': True}
2025-03-15 16:01:08,021 : INFO : EventManager : Event: ======'machine_var_audits_switches_s_left_outlane'====== Args={'value': 0, 'prev_value': None, 'change': True}
2025-03-15 16:01:08,021 : INFO : EventManager : Event: ======'machine_var_audits_switches_s_left_sling'====== Args={'value': 7, 'prev_value': None, 'change': True}
2025-03-15 16:01:08,021 : INFO : EventManager : Event: ======'machine_var_audits_switches_s_mead'====== Args={'value': 0, 'prev_value': None, 'change': True}
2025-03-15 16:01:08,021 : INFO : EventManager : Event: ======'machine_var_audits_switches_s_percy'====== Args={'value': 0, 'prev_value': None, 'change': True}
2025-03-15 16:01:08,021 : INFO : EventManager : Event: ======'machine_var_audits_switches_s_plunger'====== Args={'value': 32, 'prev_value': None, 'change': True}
2025-03-15 16:01:08,021 : INFO : EventManager : Event: ======'machine_var_audits_switches_s_pop_bumper_1'====== Args={'value': 0, 'prev_value': None, 'change': True}
2025-03-15 16:01:08,022 : INFO : EventManager : Event: ======'machine_var_audits_switches_s_pop_bumper_2'====== Args={'value': 0, 'prev_value': None, 'change': True}
2025-03-15 16:01:08,022 : INFO : EventManager : Event: ======'machine_var_audits_switches_s_pop_bumper_3'====== Args={'value': 0, 'prev_value': None, 'change': True}
2025-03-15 16:01:08,022 : INFO : EventManager : Event: ======'machine_var_audits_switches_s_pop_bumper_cc_1'====== Args={'value': 12, 'prev_value': None, 'change': True}
2025-03-15 16:01:08,022 : INFO : EventManager : Event: ======'machine_var_audits_switches_s_pop_bumper_cc_2'====== Args={'value': 12, 'prev_value': None, 'change': True}
2025-03-15 16:01:08,022 : INFO : EventManager : Event: ======'machine_var_audits_switches_s_pop_bumper_cc_3'====== Args={'value': 10, 'prev_value': None, 'change': True}
2025-03-15 16:01:08,022 : INFO : EventManager : Event: ======'machine_var_audits_switches_s_pop_bumper_m'====== Args={'value': 13, 'prev_value': None, 'change': True}
2025-03-15 16:01:08,022 : INFO : EventManager : Event: ======'machine_var_audits_switches_s_right_flipper'====== Args={'value': 131, 'prev_value': None, 'change': True}
2025-03-15 16:01:08,022 : INFO : EventManager : Event: ======'machine_var_audits_switches_s_right_flipper_eos'====== Args={'value': 0, 'prev_value': None, 'change': True}
2025-03-15 16:01:08,022 : INFO : EventManager : Event: ======'machine_var_audits_switches_s_right_inlane'====== Args={'value': 0, 'prev_value': None, 'change': True}
2025-03-15 16:01:08,022 : INFO : EventManager : Event: ======'machine_var_audits_switches_s_right_inner_lane'====== Args={'value': 0, 'prev_value': None, 'change': True}
2025-03-15 16:01:08,022 : INFO : EventManager : Event: ======'machine_var_audits_switches_s_right_outer_lane'====== Args={'value': 0, 'prev_value': None, 'change': True}
2025-03-15 16:01:08,023 : INFO : EventManager : Event: ======'machine_var_audits_switches_s_right_outlane'====== Args={'value': 0, 'prev_value': None, 'change': True}
2025-03-15 16:01:08,023 : INFO : EventManager : Event: ======'machine_var_audits_switches_s_right_sling'====== Args={'value': 3, 'prev_value': None, 'change': True}
2025-03-15 16:01:08,023 : INFO : EventManager : Event: ======'machine_var_audits_switches_s_scanlan'====== Args={'value': 0, 'prev_value': None, 'change': True}
2025-03-15 16:01:08,023 : INFO : EventManager : Event: ======'machine_var_audits_switches_s_slingshot_1'====== Args={'value': 13, 'prev_value': None, 'change': True}
2025-03-15 16:01:08,023 : INFO : EventManager : Event: ======'machine_var_audits_switches_s_slingshot_2'====== Args={'value': 7, 'prev_value': None, 'change': True}
2025-03-15 16:01:08,023 : INFO : EventManager : Event: ======'machine_var_audits_switches_s_start'====== Args={'value': 160, 'prev_value': None, 'change': True}
2025-03-15 16:01:08,023 : INFO : EventManager : Event: ======'machine_var_audits_switches_s_switch_2'====== Args={'value': 0, 'prev_value': None, 'change': True}
2025-03-15 16:01:08,023 : INFO : EventManager : Event: ======'machine_var_audits_switches_s_trough_ball_1'====== Args={'value': 32, 'prev_value': None, 'change': True}
2025-03-15 16:01:08,023 : INFO : EventManager : Event: ======'machine_var_audits_switches_s_trough_ball_2'====== Args={'value': 15, 'prev_value': None, 'change': True}
2025-03-15 16:01:08,023 : INFO : EventManager : Event: ======'machine_var_audits_switches_s_trough_ball_3'====== Args={'value': 5, 'prev_value': None, 'change': True}
2025-03-15 16:01:08,024 : INFO : EventManager : Event: ======'machine_var_audits_switches_s_trough_ball_4'====== Args={'value': 4, 'prev_value': None, 'change': True}
2025-03-15 16:01:08,024 : INFO : EventManager : Event: ======'machine_var_audits_switches_s_trough_ball_5'====== Args={'value': 4, 'prev_value': None, 'change': True}
2025-03-15 16:01:08,024 : INFO : EventManager : Event: ======'machine_var_audits_switches_s_trough_ball_6'====== Args={'value': 5, 'prev_value': None, 'change': True}
2025-03-15 16:01:08,024 : INFO : EventManager : Event: ======'machine_var_audits_switches_s_trough_ball_jam'====== Args={'value': 3, 'prev_value': None, 'change': True}
2025-03-15 16:01:08,024 : INFO : EventManager : Event: ======'machine_var_audits_switches_s_trough_eject_coil'====== Args={'value': 0, 'prev_value': None, 'change': True}
2025-03-15 16:01:08,025 : INFO : EventManager : Event: ======'init_phase_5'====== Args={}
2025-03-15 16:01:08,026 : INFO : EventManager : Event: ======'init_done'====== Args={}
2025-03-15 16:01:08,026 : INFO : EventManager : Event: ======'machine_reset_phase_1'====== Args={}
2025-03-15 16:01:08,028 : INFO : EventManager : Event: ======'machine_reset_phase_2'====== Args={}
2025-03-15 16:01:08,030 : INFO : EventManager : Event: ======'machine_reset_phase_3'====== Args={}
2025-03-15 16:01:08,034 : INFO : EventManager : Event: ======'reset_complete'====== Args={}
2025-03-15 16:01:08,035 : INFO : EventManager : Event: ======'mode_attract_will_start'====== Args={}
2025-03-15 16:01:08,035 : INFO : EventManager : Event: ======'mode_attract_starting'====== Args={}
2025-03-15 16:01:08,036 : INFO : Mode.attract : Started. Priority: 10
2025-03-15 16:01:08,036 : INFO : EventManager : Event: ======'modes_active_modes_changed'====== Args={}
2025-03-15 16:01:08,036 : INFO : EventManager : Event: ======'mode_attract_started'====== Args={}
2025-03-15 16:01:08,036 : INFO : EventManager : Event: ======'collecting_balls_complete'====== Args={}
2025-03-15 16:01:08,037 : INFO : Machine : Starting the main run loop with active modes: [<Mode.attract>]
2025-03-15 16:01:11,892 : INFO : SwitchController : <<<<<<< 's_start' active >>>>>>>
2025-03-15 16:01:12,186 : INFO : SwitchController : <<<<<<< 's_start' inactive >>>>>>>
2025-03-15 16:01:12,187 : INFO : EventManager : Event: ======'request_to_start_game'====== Args={}
2025-03-15 16:01:12,187 : INFO : EventManager : Event: ======'game_start'====== Args={'buttons': [], 'hold_time': 0.29599999997299165}
2025-03-15 16:01:12,188 : INFO : EventManager : Event: ======'mode_game_will_start'====== Args={'buttons': [], 'hold_time': 0.29599999997299165}
2025-03-15 16:01:12,188 : INFO : EventManager : Event: ======'mode_game_starting'====== Args={'buttons': [], 'hold_time': 0.29599999997299165}
2025-03-15 16:01:12,188 : INFO : EventManager : Event: ======'mode_attract_will_stop'====== Args={}
2025-03-15 16:01:12,189 : INFO : EventManager : Event: ======'mode_attract_stopping'====== Args={}
2025-03-15 16:01:12,189 : INFO : Mode.game : Started. Priority: 20
2025-03-15 16:01:12,189 : INFO : EventManager : Event: ======'modes_active_modes_changed'====== Args={}
2025-03-15 16:01:12,189 : INFO : EventManager : Event: ======'mode_game_started'====== Args={'buttons': [], 'hold_time': 0.29599999997299165}
2025-03-15 16:01:12,189 : INFO : Mode.attract : Stopped.
2025-03-15 16:01:12,189 : INFO : EventManager : Event: ======'modes_active_modes_changed'====== Args={}
2025-03-15 16:01:12,189 : INFO : EventManager : Event: ======'mode_attract_stopped'====== Args={}
2025-03-15 16:01:12,190 : INFO : EventManager : Event: ======'clear'====== Args={'key': 'attract'}
2025-03-15 16:01:12,190 : INFO : EventManager : Event: ======'game_will_start'====== Args={}
2025-03-15 16:01:12,191 : INFO : EventManager : Event: ======'game_starting'====== Args={'game': <Mode.game>}
2025-03-15 16:01:12,192 : INFO : EventManager : Unordered handler for class <Auditor> on event game_ended with priority 1. Handlers: [RegisteredHandler(callback=<bound method Auditor.disable of <Auditor>>, priority=1, kwargs={}, key=UUID('73a39339-f29a-4719-b73d-48751653fb87'), condition=None, blocking_facility=None), RegisteredHandler(callback=<bound method Auditor._save_audits of <Auditor>>, priority=1, kwargs={}, key=UUID('7b580fd0-5053-4257-9a79-e3a25451d955'), condition=None, blocking_facility=None)]. The order of those handlers is not defined and they will be executed in random order. This might lead to race conditions and potential bugs.
2025-03-15 16:01:12,192 : INFO : EventManager : Event: ======'player_add_request'====== Args={}
2025-03-15 16:01:12,192 : INFO : EventManager : Event: ======'player_will_add'====== Args={'number': 1}
2025-03-15 16:01:12,192 : INFO : EventManager : Event: ======'player_adding'====== Args={'player': <Player 1>, 'number': 1}
2025-03-15 16:01:12,193 : INFO : EventManager : Event: ======'player_added'====== Args={'player': <Player 1>, 'num': 1}
2025-03-15 16:01:12,193 : INFO : Mode.game : Player added successfully. Total players: 1
2025-03-15 16:01:12,193 : INFO : EventManager : Event: ======'player_index'====== Args={'value': 0, 'prev_value': 0, 'change': 0, 'player_num': 1}
2025-03-15 16:01:12,193 : INFO : EventManager : Event: ======'player_number'====== Args={'value': 1, 'prev_value': 1, 'change': 0, 'player_num': 1}
2025-03-15 16:01:12,193 : INFO : EventManager : Event: ======'player_score'====== Args={'value': 0, 'prev_value': 0, 'change': 0, 'player_num': 1}
2025-03-15 16:01:12,193 : INFO : EventManager : Event: ======'game_started'====== Args={}
2025-03-15 16:01:12,194 : INFO : EventManager : Event: ======'player_turn_will_start'====== Args={'player': <Player 1>, 'number': 1}
2025-03-15 16:01:12,194 : INFO : EventManager : Event: ======'player_turn_starting'====== Args={'player': <Player 1>, 'number': 1}
2025-03-15 16:01:12,194 : INFO : EventManager : Event: ======'player_ball'====== Args={'value': 1, 'prev_value': 0, 'change': 1, 'player_num': 1}
2025-03-15 16:01:12,196 : INFO : EventManager : Event: ======'player_turn_started'====== Args={'player': <Player 1>, 'number': 1}
2025-03-15 16:01:12,196 : INFO : EventManager : Event: ======'ball_will_start'====== Args={'player': 1, 'ball': 1, 'balls_remaining': 0, 'is_extra_ball': False}
2025-03-15 16:01:12,198 : INFO : EventManager : Event: ======'ball_starting'====== Args={'player': 1, 'ball': 1, 'balls_remaining': 0, 'is_extra_ball': False}
2025-03-15 16:01:12,200 : INFO : EventManager : Event: ======'balls_in_play'====== Args={'balls': 1}
2025-03-15 16:01:12,200 : INFO : EventManager : Event: ======'ball_started'====== Args={'player': 1, 'ball': 1, 'balls_remaining': 0, 'is_extra_ball': False}
2025-03-15 16:01:12,200 : INFO : EventManager : Event: ======'mode_base_will_start'====== Args={'player': 1, 'ball': 1, 'balls_remaining': 0, 'is_extra_ball': False}
2025-03-15 16:01:12,203 : INFO : EventManager : Event: ======'mode_base_starting'====== Args={'player': 1, 'ball': 1, 'balls_remaining': 0, 'is_extra_ball': False}
2025-03-15 16:01:12,204 : INFO : Mode.base : Started. Priority: 100
2025-03-15 16:01:12,204 : INFO : EventManager : Event: ======'modes_active_modes_changed'====== Args={}
2025-03-15 16:01:12,204 : INFO : EventManager : Event: ======'mode_base_started'====== Args={'player': 1, 'ball': 1, 'balls_remaining': 0, 'is_extra_ball': False}
2025-03-15 16:01:12,214 : INFO : EventManager : Event: ======'single_player_ball_started'====== Args={}
2025-03-15 16:01:12,219 : INFO : EventManager : Event: ======'ball_start_target'====== Args={'target': 'playfield'}
2025-03-15 16:01:12,219 : INFO : ball_device.bd_plunger : Setting up player-controlled eject. Balls: 1, Target: <playfield.playfield>, player_controlled_eject_event: None
2025-03-15 16:01:12,220 : INFO : EventManager : Event: ======'balldevice_balls_available'====== Args={}
2025-03-15 16:01:12,221 : INFO : ball_device.bd_trough : State: waiting_for_target_ready
2025-03-15 16:01:12,221 : INFO : EventManager : Event: ======'balldevice_bd_trough_ball_eject_attempt'====== Args={'balls': 1, 'target': <ball_device.bd_plunger>, 'source': <ball_device.bd_trough>, 'mechanical_eject': True, 'num_attempts': 0}
2025-03-15 16:01:12,221 : INFO : ball_device.bd_plunger : State: waiting_for_ball
2025-03-15 16:01:12,221 : INFO : ball_device.bd_trough : State: ejecting
2025-03-15 16:01:12,221 : INFO : ball_device.bd_trough : Ejecting ball to <ball_device.bd_plunger>
2025-03-15 16:01:12,222 : INFO : EventManager : Event: ======'balldevice_bd_trough_ejecting_ball'====== Args={'balls': 1, 'target': <ball_device.bd_plunger>, 'source': <ball_device.bd_trough>, 'mechanical_eject': True, 'num_attempts': 0}
2025-03-15 16:01:12,222 : INFO : ball_device.bd_trough : Wait for ball to leave device
2025-03-15 16:01:12,223 : INFO : coil.c_trough_eject_coil : Pulsing Driver for 15ms (1.0 pulse_power)
2025-03-15 16:01:12,263 : INFO : SwitchController : <<<<<<< 's_trough_ball_1' inactive >>>>>>>
2025-03-15 16:01:12,263 : INFO : SwitchController : <<<<<<< 's_trough_ball_1' active >>>>>>>
2025-03-15 16:01:12,264 : INFO : EventManager : Event: ======'machine_var_audits_switches_s_trough_ball_1'====== Args={'value': 33, 'prev_value': 32, 'change': 1}
2025-03-15 16:01:12,264 : INFO : ball_device.bd_trough : State: ball_left
2025-03-15 16:01:12,265 : INFO : ball_device.bd_trough : Ball left
2025-03-15 16:01:12,266 : INFO : ball_device.bd_trough : Wait for confirm with timeout 10.0
2025-03-15 16:01:12,278 : INFO : SwitchController : <<<<<<< 's_trough_ball_1' inactive >>>>>>>
2025-03-15 16:01:14,654 : INFO : SwitchController : <<<<<<< 's_plunger' active >>>>>>>
2025-03-15 16:01:14,654 : INFO : EventManager : Event: ======'machine_var_audits_switches_s_plunger'====== Args={'value': 33, 'prev_value': 32, 'change': 1}
2025-03-15 16:01:15,105 : INFO : SwitchController : <<<<<<< 's_plunger' inactive >>>>>>>
2025-03-15 16:01:22,275 : INFO : ball_device.bd_trough : State: failed_confirm
2025-03-15 16:01:22,275 : INFO : ball_device.bd_trough : Got timeout (10.0s) before confirm from <ball_device.bd_plunger>
2025-03-15 16:01:22,277 : INFO : ball_device.bd_plunger : Expecting incoming ball which may skip the device.
2025-03-15 16:01:22,277 : INFO : EventManager : Event: ======'balldevice_bd_plunger_ejecting_ball'====== Args={'balls': 1, 'target': <playfield.playfield>, 'source': <ball_device.bd_plunger>, 'mechanical_eject': False, 'num_attempts': 1}
2025-03-15 16:01:27,269 : INFO : ball_device.bd_plunger : Got confirm for skipping ball.
2025-03-15 16:01:27,269 : INFO : ball_device.bd_plunger : Eject successful
2025-03-15 16:01:27,269 : INFO : EventManager : Event: ======'balldevice_bd_plunger_ball_eject_success'====== Args={'balls': 1, 'target': <playfield.playfield>}
2025-03-15 16:01:27,270 : INFO : EventManager : Event: ======'balldevice_playfield_ball_enter'====== Args={'new_balls': 1, 'unclaimed_balls': 1, 'device': <playfield.playfield>}
2025-03-15 16:01:27,270 : INFO : EventManager : Event: ======'playfield_ball_count_change'====== Args={'balls': 1, 'change': 1}
2025-03-15 16:01:27,271 : INFO : ball_device.bd_plunger : State: idle
2025-03-15 16:01:27,273 : INFO : ball_device.bd_trough : Eject successful
2025-03-15 16:01:27,273 : INFO : EventManager : Event: ======'balldevice_bd_trough_ball_eject_success'====== Args={'balls': 1, 'target': <ball_device.bd_plunger>}
2025-03-15 16:01:27,274 : INFO : EventManager : Event: ======'balldevice_bd_trough_ball_count_changed'====== Args={'balls': 0}
2025-03-15 16:01:27,274 : INFO : ball_device.bd_trough : State: idle
2025-03-15 16:01:37,218 : INFO : SwitchController : <<<<<<< 's_trough_ball_2' active >>>>>>>
2025-03-15 16:01:37,218 : INFO : EventManager : Event: ======'machine_var_audits_switches_s_trough_ball_2'====== Args={'value': 16, 'prev_value': 15, 'change': 1}
2025-03-15 16:01:37,234 : INFO : SwitchController : <<<<<<< 's_trough_ball_2' inactive >>>>>>>
2025-03-15 16:01:37,249 : INFO : SwitchController : <<<<<<< 's_trough_ball_1' active >>>>>>>
2025-03-15 16:01:37,249 : INFO : EventManager : Event: ======'machine_var_audits_switches_s_trough_ball_1'====== Args={'value': 34, 'prev_value': 33, 'change': 1}
2025-03-15 16:01:37,749 : INFO : EventManager : Event: ======'balldevice_bd_trough_ball_count_changed'====== Args={'balls': 1}
2025-03-15 16:01:37,749 : INFO : ball_device.bd_trough : Received unexpected ball
2025-03-15 16:01:37,749 : INFO : EventManager : Event: ======'balldevice_captured_from_playfield'====== Args={'balls': 1}
2025-03-15 16:01:37,751 : INFO : EventManager : Event: ======'sw_playfield_active'====== Args={'balls': 1}
2025-03-15 16:01:37,751 : INFO : EventManager : Event: ======'playfield_ball_count_change'====== Args={'balls': 0, 'change': -1}
2025-03-15 16:01:37,753 : INFO : EventManager : Event: ======'balldevice_bd_trough_ball_enter'====== Args={'new_balls': 1, 'unclaimed_balls': 1, 'new_available_balls': 1, 'device': <ball_device.bd_trough>}
2025-03-15 16:01:37,753 : INFO : EventManager : Event: ======'ball_drain'====== Args={'device': <ball_device.bd_trough>, 'balls': 1}
2025-03-15 16:01:37,754 : INFO : EventManager : Event: ======'ball_will_end'====== Args={}
2025-03-15 16:01:37,754 : INFO : EventManager : Event: ======'balldevice_balls_available'====== Args={}
2025-03-15 16:01:37,754 : INFO : EventManager : Event: ======'balldevice_bd_trough_ball_entered'====== Args={'new_balls': 1, 'device': <ball_device.bd_trough>}
2025-03-15 16:01:37,756 : INFO : EventManager : Event: ======'ball_ending'====== Args={}
2025-03-15 16:01:37,756 : INFO : EventManager : Event: ======'mode_base_will_stop'====== Args={}
2025-03-15 16:01:37,756 : INFO : EventManager : Event: ======'mode_base_stopping'====== Args={}
2025-03-15 16:01:37,757 : INFO : Mode.base : Stopped.
2025-03-15 16:01:37,758 : INFO : EventManager : Event: ======'modes_active_modes_changed'====== Args={}
2025-03-15 16:01:37,758 : INFO : EventManager : Event: ======'mode_base_stopped'====== Args={}
2025-03-15 16:01:37,758 : INFO : EventManager : Event: ======'clear'====== Args={'key': 'base'}
2025-03-15 16:01:37,760 : INFO : EventManager : Event: ======'ball_ended'====== Args={}
2025-03-15 16:01:37,760 : INFO : EventManager : Event: ======'player_turn_will_end'====== Args={'player': <Player 1>, 'number': 1}
2025-03-15 16:01:37,761 : INFO : EventManager : Event: ======'player_turn_ending'====== Args={'player': <Player 1>, 'number': 1}
2025-03-15 16:01:37,761 : INFO : EventManager : Event: ======'player_turn_ended'====== Args={'player': <Player 1>, 'number': 1}
2025-03-15 16:01:37,761 : INFO : EventManager : Event: ======'game_will_end'====== Args={}
2025-03-15 16:01:37,761 : INFO : EventManager : Event: ======'game_ending'====== Args={}
2025-03-15 16:01:37,762 : INFO : EventManager : Event: ======'game_ended'====== Args={}
2025-03-15 16:01:37,762 : INFO : EventManager : Event: ======'mode_game_will_stop'====== Args={}
2025-03-15 16:01:37,762 : INFO : EventManager : Event: ======'mode_game_stopping'====== Args={}
2025-03-15 16:01:37,762 : INFO : EventManager : Event: ======'mode_attract_will_start'====== Args={}
2025-03-15 16:01:37,763 : INFO : EventManager : Event: ======'mode_attract_starting'====== Args={}
2025-03-15 16:01:37,763 : INFO : Mode.attract : Started. Priority: 10
2025-03-15 16:01:37,763 : INFO : EventManager : Event: ======'modes_active_modes_changed'====== Args={}
2025-03-15 16:01:37,763 : INFO : EventManager : Event: ======'mode_attract_started'====== Args={}
2025-03-15 16:01:37,766 : INFO : EventManager : Event: ======'collecting_balls_complete'====== Args={}
2025-03-15 16:01:37,766 : INFO : Mode.game : Stopped.
2025-03-15 16:01:37,766 : INFO : EventManager : Event: ======'modes_active_modes_changed'====== Args={}
2025-03-15 16:01:37,766 : INFO : EventManager : Event: ======'mode_game_stopped'====== Args={}
2025-03-15 16:01:37,766 : INFO : EventManager : Event: ======'clear'====== Args={'key': 'game'}
2025-03-15 16:01:46,527 : INFO : SwitchController : <<<<<<< 's_start' active >>>>>>>
2025-03-15 16:01:46,761 : INFO : SwitchController : <<<<<<< 's_start' inactive >>>>>>>
2025-03-15 16:01:46,762 : INFO : EventManager : Event: ======'request_to_start_game'====== Args={}
2025-03-15 16:01:46,762 : INFO : EventManager : Event: ======'game_start'====== Args={'buttons': [], 'hold_time': 0.2190000000409782}
2025-03-15 16:01:46,762 : INFO : EventManager : Event: ======'mode_game_will_start'====== Args={'buttons': [], 'hold_time': 0.2190000000409782}
2025-03-15 16:01:46,763 : INFO : EventManager : Event: ======'mode_game_starting'====== Args={'buttons': [], 'hold_time': 0.2190000000409782}
2025-03-15 16:01:46,764 : INFO : EventManager : Event: ======'mode_attract_will_stop'====== Args={}
2025-03-15 16:01:46,764 : INFO : EventManager : Event: ======'mode_attract_stopping'====== Args={}
2025-03-15 16:01:46,764 : INFO : Mode.game : Started. Priority: 20
2025-03-15 16:01:46,765 : INFO : EventManager : Event: ======'modes_active_modes_changed'====== Args={}
2025-03-15 16:01:46,765 : INFO : EventManager : Event: ======'mode_game_started'====== Args={'buttons': [], 'hold_time': 0.2190000000409782}
2025-03-15 16:01:46,766 : INFO : Mode.attract : Stopped.
2025-03-15 16:01:46,766 : INFO : EventManager : Event: ======'modes_active_modes_changed'====== Args={}
2025-03-15 16:01:46,766 : INFO : EventManager : Event: ======'mode_attract_stopped'====== Args={}
2025-03-15 16:01:46,766 : INFO : EventManager : Event: ======'clear'====== Args={'key': 'attract'}
2025-03-15 16:01:46,767 : INFO : EventManager : Event: ======'game_will_start'====== Args={}
2025-03-15 16:01:46,768 : INFO : EventManager : Event: ======'game_starting'====== Args={'game': <Mode.game>}
2025-03-15 16:01:46,769 : INFO : EventManager : Unordered handler for class <Auditor> on event game_ended with priority 1. Handlers: [RegisteredHandler(callback=<bound method Auditor.disable of <Auditor>>, priority=1, kwargs={}, key=UUID('73a39339-f29a-4719-b73d-48751653fb87'), condition=None, blocking_facility=None), RegisteredHandler(callback=<bound method Auditor._save_audits of <Auditor>>, priority=1, kwargs={}, key=UUID('1e632342-15a6-4ef1-b854-0dc838b37e32'), condition=None, blocking_facility=None)]. The order of those handlers is not defined and they will be executed in random order. This might lead to race conditions and potential bugs.
2025-03-15 16:01:46,769 : INFO : EventManager : Event: ======'player_add_request'====== Args={}
2025-03-15 16:01:46,770 : INFO : EventManager : Event: ======'player_will_add'====== Args={'number': 1}
2025-03-15 16:01:46,770 : INFO : EventManager : Event: ======'player_adding'====== Args={'player': <Player 1>, 'number': 1}
2025-03-15 16:01:46,770 : INFO : EventManager : Event: ======'player_added'====== Args={'player': <Player 1>, 'num': 1}
2025-03-15 16:01:46,770 : INFO : Mode.game : Player added successfully. Total players: 1
2025-03-15 16:01:46,770 : INFO : EventManager : Event: ======'player_index'====== Args={'value': 0, 'prev_value': 0, 'change': 0, 'player_num': 1}
2025-03-15 16:01:46,770 : INFO : EventManager : Event: ======'player_number'====== Args={'value': 1, 'prev_value': 1, 'change': 0, 'player_num': 1}
2025-03-15 16:01:46,771 : INFO : EventManager : Event: ======'player_score'====== Args={'value': 0, 'prev_value': 0, 'change': 0, 'player_num': 1}
2025-03-15 16:01:46,771 : INFO : EventManager : Event: ======'game_started'====== Args={}
2025-03-15 16:01:46,771 : INFO : EventManager : Event: ======'player_turn_will_start'====== Args={'player': <Player 1>, 'number': 1}
2025-03-15 16:01:46,771 : INFO : EventManager : Event: ======'player_turn_starting'====== Args={'player': <Player 1>, 'number': 1}
2025-03-15 16:01:46,771 : INFO : EventManager : Event: ======'player_ball'====== Args={'value': 1, 'prev_value': 0, 'change': 1, 'player_num': 1}
2025-03-15 16:01:46,772 : INFO : EventManager : Event: ======'player_turn_started'====== Args={'player': <Player 1>, 'number': 1}
2025-03-15 16:01:46,772 : INFO : EventManager : Event: ======'ball_will_start'====== Args={'player': 1, 'ball': 1, 'balls_remaining': 0, 'is_extra_ball': False}
2025-03-15 16:01:46,786 : INFO : EventManager : Event: ======'ball_starting'====== Args={'player': 1, 'ball': 1, 'balls_remaining': 0, 'is_extra_ball': False}
2025-03-15 16:01:46,787 : INFO : EventManager : Event: ======'balls_in_play'====== Args={'balls': 1}
2025-03-15 16:01:46,787 : INFO : EventManager : Event: ======'ball_started'====== Args={'player': 1, 'ball': 1, 'balls_remaining': 0, 'is_extra_ball': False}
2025-03-15 16:01:46,787 : INFO : EventManager : Event: ======'mode_base_will_start'====== Args={'player': 1, 'ball': 1, 'balls_remaining': 0, 'is_extra_ball': False}
2025-03-15 16:01:46,788 : INFO : EventManager : Event: ======'mode_base_starting'====== Args={'player': 1, 'ball': 1, 'balls_remaining': 0, 'is_extra_ball': False}
2025-03-15 16:01:46,789 : INFO : Mode.base : Started. Priority: 100
2025-03-15 16:01:46,789 : INFO : EventManager : Event: ======'modes_active_modes_changed'====== Args={}
2025-03-15 16:01:46,789 : INFO : EventManager : Event: ======'mode_base_started'====== Args={'player': 1, 'ball': 1, 'balls_remaining': 0, 'is_extra_ball': False}
2025-03-15 16:01:46,790 : INFO : EventManager : Event: ======'single_player_ball_started'====== Args={}
2025-03-15 16:01:46,791 : INFO : EventManager : Event: ======'ball_start_target'====== Args={'target': 'playfield'}
2025-03-15 16:01:46,792 : INFO : ball_device.bd_plunger : Setting up player-controlled eject. Balls: 1, Target: <playfield.playfield>, player_controlled_eject_event: None
2025-03-15 16:01:46,793 : INFO : EventManager : Event: ======'balldevice_balls_available'====== Args={}
2025-03-15 16:01:46,795 : INFO : ball_device.bd_trough : State: waiting_for_target_ready
2025-03-15 16:01:46,795 : INFO : EventManager : Event: ======'balldevice_bd_trough_ball_eject_attempt'====== Args={'balls': 1, 'target': <ball_device.bd_plunger>, 'source': <ball_device.bd_trough>, 'mechanical_eject': True, 'num_attempts': 0}
2025-03-15 16:01:46,795 : INFO : ball_device.bd_plunger : State: waiting_for_ball
2025-03-15 16:01:46,796 : INFO : ball_device.bd_trough : State: ejecting
2025-03-15 16:01:46,796 : INFO : ball_device.bd_trough : Ejecting ball to <ball_device.bd_plunger>
2025-03-15 16:01:46,796 : INFO : EventManager : Event: ======'balldevice_bd_trough_ejecting_ball'====== Args={'balls': 1, 'target': <ball_device.bd_plunger>, 'source': <ball_device.bd_trough>, 'mechanical_eject': True, 'num_attempts': 0}
2025-03-15 16:01:46,799 : INFO : ball_device.bd_trough : Wait for ball to leave device
2025-03-15 16:01:46,799 : INFO : coil.c_trough_eject_coil : Pulsing Driver for 15ms (1.0 pulse_power)
2025-03-15 16:01:46,841 : INFO : SwitchController : <<<<<<< 's_trough_ball_1' inactive >>>>>>>
2025-03-15 16:01:46,842 : INFO : SwitchController : <<<<<<< 's_trough_ball_1' active >>>>>>>
2025-03-15 16:01:46,842 : INFO : EventManager : Event: ======'machine_var_audits_switches_s_trough_ball_1'====== Args={'value': 35, 'prev_value': 34, 'change': 1}
2025-03-15 16:01:46,842 : INFO : ball_device.bd_trough : State: ball_left
2025-03-15 16:01:46,842 : INFO : ball_device.bd_trough : Ball left
2025-03-15 16:01:46,843 : INFO : ball_device.bd_trough : Wait for confirm with timeout 10.0
2025-03-15 16:01:46,854 : INFO : SwitchController : <<<<<<< 's_trough_ball_1' inactive >>>>>>>
2025-03-15 16:01:47,119 : INFO : SwitchController : <<<<<<< 's_trough_ball_1' active >>>>>>>
2025-03-15 16:01:47,119 : INFO : EventManager : Event: ======'machine_var_audits_switches_s_trough_ball_1'====== Args={'value': 36, 'prev_value': 35, 'change': 1}
2025-03-15 16:01:52,357 : INFO : SwitchController : <<<<<<< 's_trough_ball_1' inactive >>>>>>>
2025-03-15 16:01:56,851 : INFO : ball_device.bd_trough : State: failed_confirm
2025-03-15 16:01:56,852 : INFO : ball_device.bd_trough : Got timeout (10.0s) before confirm from <ball_device.bd_plunger>
2025-03-15 16:01:56,853 : INFO : ball_device.bd_plunger : Expecting incoming ball which may skip the device.
2025-03-15 16:01:56,853 : INFO : EventManager : Event: ======'balldevice_bd_plunger_ejecting_ball'====== Args={'balls': 1, 'target': <playfield.playfield>, 'source': <ball_device.bd_plunger>, 'mechanical_eject': False, 'num_attempts': 1}
2025-03-15 16:02:01,841 : INFO : ball_device.bd_plunger : Got confirm for skipping ball.
2025-03-15 16:02:01,842 : INFO : ball_device.bd_plunger : Eject successful
2025-03-15 16:02:01,842 : INFO : EventManager : Event: ======'balldevice_bd_plunger_ball_eject_success'====== Args={'balls': 1, 'target': <playfield.playfield>}
2025-03-15 16:02:01,842 : INFO : EventManager : Event: ======'balldevice_playfield_ball_enter'====== Args={'new_balls': 1, 'unclaimed_balls': 1, 'device': <playfield.playfield>}
2025-03-15 16:02:01,843 : INFO : EventManager : Event: ======'playfield_ball_count_change'====== Args={'balls': 1, 'change': 1}
2025-03-15 16:02:01,843 : INFO : ball_device.bd_plunger : State: idle
2025-03-15 16:02:01,843 : INFO : ball_device.bd_trough : Eject successful
2025-03-15 16:02:01,844 : INFO : EventManager : Event: ======'balldevice_bd_trough_ball_eject_success'====== Args={'balls': 1, 'target': <ball_device.bd_plunger>}
2025-03-15 16:02:01,844 : INFO : EventManager : Event: ======'balldevice_bd_trough_ball_count_changed'====== Args={'balls': 0}
2025-03-15 16:02:01,844 : INFO : ball_device.bd_trough : State: idle
2025-03-15 16:02:02,861 : INFO : Machine : Shutting down...
2025-03-15 16:02:02,861 : INFO : EventManager : Event: ======'shutdown'====== Args={}
2025-03-15 16:02:02,862 : INFO : EventManager : Event: ======'mode_game_will_stop'====== Args={}
2025-03-15 16:02:02,862 : INFO : EventManager : Event: ======'mode_game_stopping'====== Args={}
2025-03-15 16:02:02,863 : INFO : EventManager : Event: ======'mode_base_will_stop'====== Args={}
2025-03-15 16:02:02,863 : INFO : EventManager : Event: ======'mode_base_stopping'====== Args={}
2025-03-15 16:02:02,863 : INFO : Mode.base : Stopped.
2025-03-15 16:02:02,863 : INFO : EventManager : Event: ======'modes_active_modes_changed'====== Args={}
2025-03-15 16:02:02,864 : INFO : EventManager : Event: ======'mode_base_stopped'====== Args={}
2025-03-15 16:02:02,864 : INFO : EventManager : Event: ======'clear'====== Args={'key': 'base'}
2025-03-15 16:02:02,864 : INFO : Mode.game : Stopped.
2025-03-15 16:02:02,864 : INFO : EventManager : Event: ======'modes_active_modes_changed'====== Args={}
2025-03-15 16:02:02,864 : INFO : EventManager : Event: ======'mode_game_stopped'====== Args={}
2025-03-15 16:02:02,864 : INFO : EventManager : Event: ======'clear'====== Args={'key': 'game'}
2025-03-15 16:02:02,953 : INFO : root : MPF run loop ended.
