2025-03-15 15:49:38,754 : INFO : root : Loading config.
2025-03-15 15:49:38,763 : INFO : YamlMultifileConfigLoader : Machine config file #1: config.yaml
2025-03-15 15:49:38,764 : INFO : ConfigProcessor : Loading config from cache: C:\Users\User\AppData\Local\Temp\5682b9bdeb2b9ad8a31c13560e038609.mpf_cache
2025-03-15 15:49:38,803 : WARNING : ConfigProcessor : Config file in cache changed: C:\Users\User\Desktop\fast_homebrew_godot_v2\fast_homebrew_godot_v2\config\switches.yaml
2025-03-15 15:49:38,803 : INFO : ConfigProcessor : Loading config from file C:\Users\User\AppData\Local\Programs\Python\Python312\Lib\site-packages\mpf\mpfconfig.yaml.
2025-03-15 15:49:38,856 : INFO : ConfigProcessor : Loading config: C:\Users\User\AppData\Local\Programs\Python\Python312\Lib\site-packages\mpf\mpfconfig.yaml
2025-03-15 15:49:38,857 : INFO : ConfigProcessor : Loading config from file C:\Users\User\Desktop\fast_homebrew_godot_v2\fast_homebrew_godot_v2\config\config.yaml.
2025-03-15 15:49:38,863 : INFO : ConfigProcessor : Loading config: C:\Users\User\Desktop\fast_homebrew_godot_v2\fast_homebrew_godot_v2\config\config.yaml
2025-03-15 15:49:38,864 : INFO : ConfigProcessor : Loading config: C:\Users\User\Desktop\fast_homebrew_godot_v2\fast_homebrew_godot_v2\config\lights.yaml
2025-03-15 15:49:38,870 : INFO : ConfigProcessor : Loading config: C:\Users\User\Desktop\fast_homebrew_godot_v2\fast_homebrew_godot_v2\config\coils.yaml
2025-03-15 15:49:38,876 : INFO : ConfigProcessor : Loading config: C:\Users\User\Desktop\fast_homebrew_godot_v2\fast_homebrew_godot_v2\config\switches.yaml
2025-03-15 15:49:38,880 : INFO : ConfigProcessor : Loading config: C:\Users\User\Desktop\fast_homebrew_godot_v2\fast_homebrew_godot_v2\config\images.yaml
2025-03-15 15:49:38,883 : INFO : ConfigProcessor : Loading config: C:\Users\User\Desktop\fast_homebrew_godot_v2\fast_homebrew_godot_v2\config\videos.yaml
2025-03-15 15:49:38,887 : INFO : ConfigProcessor : Config file cache created: C:\Users\User\AppData\Local\Temp\5682b9bdeb2b9ad8a31c13560e038609.mpf_cache
2025-03-15 15:49:39,128 : INFO : ConfigProcessor : Loading config from cache: C:\Users\User\AppData\Local\Temp\8422c6572f827355f8aade1949d04025.mpf_cache
2025-03-15 15:49:39,130 : INFO : ConfigProcessor : Loading config from cache: C:\Users\User\AppData\Local\Temp\1c0e7e9816717d8e62c4728dfe372999.mpf_cache
2025-03-15 15:49:39,134 : INFO : ConfigProcessor : Loading config from cache: C:\Users\User\AppData\Local\Temp\e3e8065d662ad307fa9574659e7e4e8e.mpf_cache
2025-03-15 15:49:39,135 : INFO : ConfigProcessor : Loading config from cache: C:\Users\User\AppData\Local\Temp\8422c6572f827355f8aade1949d04025.mpf_cache
2025-03-15 15:49:39,137 : INFO : Machine : Mission Pinball Framework Core Engine v0.80.0.dev6
2025-03-15 15:49:39,137 : INFO : Machine : Command line arguments: {'no_load_cache': False, 'create_config_cache': True, 'bcp': False, 'configfile': ['config.yaml'], 'force_assets_load': False, 'platform_integration_test': False, 'jsonlogging': False, 'logfile': 'logs\\2025-03-15-15-49-38-mpf-BERNIE.log', 'pause': False, 'production': False, 'text_ui': False, 'loglevel': 15, 'consoleloglevel': 20, 'force_platform': None, 'syslog_address': None, 'full_logfile_path': 'C:\\Users\\User\\Desktop\\fast_homebrew_godot_v2\\fast_homebrew_godot_v2\\logs\\2025-03-15-15-49-38-mpf-BERNIE.log'}
2025-03-15 15:49:39,137 : INFO : Machine : MPF path: C:\Users\User\AppData\Local\Programs\Python\Python312\Lib\site-packages\mpf
2025-03-15 15:49:39,137 : INFO : Machine : Machine path: C:\Users\User\Desktop\fast_homebrew_godot_v2\fast_homebrew_godot_v2
2025-03-15 15:49:39,138 : INFO : Machine : Platform: win32
2025-03-15 15:49:39,138 : INFO : Machine : Python executable location: C:\Users\User\AppData\Local\Programs\Python\Python312\python.exe
2025-03-15 15:49:39,138 : INFO : Machine : Python version: 3.12.3 (64-bit)
2025-03-15 15:49:39,147 : INFO : Machine : Initializing MPF...
2025-03-15 15:49:39,396 : INFO : FAST : Auto-detecting ports for the following connections: ['net']
2025-03-15 15:49:39,448 : INFO : FAST : Detected NET on port COM5
2025-03-15 15:49:39,560 : INFO : FAST [NET] : Trying to connect to COM5 at 921600bps
2025-03-15 15:49:39,570 : INFO : FAST [NET] : Connected to COM5 at 921600bps
2025-03-15 15:49:39,587 : INFO : FAST [NET] : Connected to FP-CPU-2000 with firmware v02.26
2025-03-15 15:49:39,618 : INFO : FAST [NET] : Registered I/O Board 0: Model: FP-I/O-3208, Firmware: 01.10, Switches: 32, Drivers: 8
2025-03-15 15:49:39,633 : INFO : FAST [NET] : Registered I/O Board 1: Model: FP-I/O-3208, Firmware: 01.10, Switches: 32, Drivers: 8
2025-03-15 15:49:39,634 : INFO : EventManager : Event: ======'machine_var_credits_string'====== Args={'value': 'FREE PLAY', 'prev_value': None, 'change': True}
2025-03-15 15:49:39,703 : INFO : EventManager : Event: ======'machine_var_master_volume'====== Args={'value': 0.5, 'prev_value': None, 'change': True}
2025-03-15 15:49:39,703 : INFO : EventManager : Event: ======'machine_var_mpf_version'====== Args={'value': 'Mission Pinball Framework v0.80.0.dev6', 'prev_value': None, 'change': True}
2025-03-15 15:49:39,703 : INFO : EventManager : Event: ======'machine_var_mpf_extended_version'====== Args={'value': 'Mission Pinball Framework v0.80.0.dev6, Config version:6, Show version: 6, BCP version:1.1', 'prev_value': None, 'change': True}
2025-03-15 15:49:39,704 : INFO : EventManager : Event: ======'machine_var_python_version'====== Args={'value': '3.12.3', 'prev_value': None, 'change': True}
2025-03-15 15:49:39,886 : INFO : EventManager : Event: ======'machine_var_platform'====== Args={'value': 'Windows-11-10.0.22631-SP0', 'prev_value': None, 'change': True}
2025-03-15 15:49:39,886 : INFO : EventManager : Event: ======'machine_var_platform_system'====== Args={'value': 'Windows', 'prev_value': None, 'change': True}
2025-03-15 15:49:39,886 : INFO : EventManager : Event: ======'machine_var_platform_release'====== Args={'value': '11', 'prev_value': None, 'change': True}
2025-03-15 15:49:39,886 : INFO : EventManager : Event: ======'machine_var_platform_version'====== Args={'value': '10.0.22631', 'prev_value': None, 'change': True}
2025-03-15 15:49:39,886 : INFO : EventManager : Event: ======'machine_var_platform_machine'====== Args={'value': 'AMD64', 'prev_value': None, 'change': True}
2025-03-15 15:49:39,886 : INFO : EventManager : Event: ======'machine_var_log_file_path'====== Args={'value': 'C:\\Users\\User\\Desktop\\fast_homebrew_godot_v2\\fast_homebrew_godot_v2\\logs\\2025-03-15-15-49-38-mpf-BERNIE.log', 'prev_value': None, 'change': True}
2025-03-15 15:49:39,887 : INFO : EventManager : Event: ======'init_phase_1'====== Args={}
2025-03-15 15:49:42,442 : INFO : SwitchController : <<<<<<< 's_trough_ball_jam' active >>>>>>>
2025-03-15 15:49:42,443 : INFO : EventManager : Event: ======'init_phase_2'====== Args={}
2025-03-15 15:49:42,444 : INFO : SwitchController : Found active switch: (6, [FAST Platform Interface]) <switch.s_trough_ball_jam>
2025-03-15 15:49:42,448 : INFO : ball_device.bd_trough : BCH: Initial count: 0
2025-03-15 15:49:42,450 : INFO : ball_device.bd_trough : State: idle
2025-03-15 15:49:42,451 : INFO : ball_device.bd_plunger : BCH: Initial count: 0
2025-03-15 15:49:42,451 : INFO : ball_device.bd_plunger : State: idle
2025-03-15 15:49:42,484 : INFO : EventManager : Event: ======'init_phase_3'====== Args={}
2025-03-15 15:49:42,487 : INFO : EventManager : Event: ======'init_phase_4'====== Args={}
2025-03-15 15:49:42,489 : INFO : BallController : Initial balls found: 0
2025-03-15 15:49:42,494 : INFO : EventManager : Event: ======'machine_var_audits_events_game_ended'====== Args={'value': 0, 'prev_value': None, 'change': True}
2025-03-15 15:49:42,494 : INFO : EventManager : Event: ======'machine_var_audits_events_game_started'====== Args={'value': 424, 'prev_value': None, 'change': True}
2025-03-15 15:49:42,494 : INFO : EventManager : Event: ======'machine_var_audits_missing_switches_s_eject_confirm'====== Args={'value': 14, 'prev_value': None, 'change': True}
2025-03-15 15:49:42,494 : INFO : EventManager : Event: ======'machine_var_audits_missing_switches_s_flipper_left'====== Args={'value': 8, 'prev_value': None, 'change': True}
2025-03-15 15:49:42,494 : INFO : EventManager : Event: ======'machine_var_audits_missing_switches_s_flipper_left_lower_eos'====== Args={'value': 2, 'prev_value': None, 'change': True}
2025-03-15 15:49:42,494 : INFO : EventManager : Event: ======'machine_var_audits_missing_switches_s_flipper_left_upper_eos'====== Args={'value': 2, 'prev_value': None, 'change': True}
2025-03-15 15:49:42,494 : INFO : EventManager : Event: ======'machine_var_audits_missing_switches_s_flipper_right'====== Args={'value': 35, 'prev_value': None, 'change': True}
2025-03-15 15:49:42,495 : INFO : EventManager : Event: ======'machine_var_audits_missing_switches_s_flipper_right_eos'====== Args={'value': 32, 'prev_value': None, 'change': True}
2025-03-15 15:49:42,495 : INFO : EventManager : Event: ======'machine_var_audits_missing_switches_s_launch'====== Args={'value': 6, 'prev_value': None, 'change': True}
2025-03-15 15:49:42,495 : INFO : EventManager : Event: ======'machine_var_audits_missing_switches_s_left_flipper'====== Args={'value': 363, 'prev_value': None, 'change': True}
2025-03-15 15:49:42,495 : INFO : EventManager : Event: ======'machine_var_audits_missing_switches_s_left_flipper_eos'====== Args={'value': 363, 'prev_value': None, 'change': True}
2025-03-15 15:49:42,495 : INFO : EventManager : Event: ======'machine_var_audits_missing_switches_s_left_inlane'====== Args={'value': 6, 'prev_value': None, 'change': True}
2025-03-15 15:49:42,495 : INFO : EventManager : Event: ======'machine_var_audits_missing_switches_s_left_inner_lane'====== Args={'value': 357, 'prev_value': None, 'change': True}
2025-03-15 15:49:42,495 : INFO : EventManager : Event: ======'machine_var_audits_missing_switches_s_left_outer_lane'====== Args={'value': 153, 'prev_value': None, 'change': True}
2025-03-15 15:49:42,495 : INFO : EventManager : Event: ======'machine_var_audits_missing_switches_s_left_outlane'====== Args={'value': 6, 'prev_value': None, 'change': True}
2025-03-15 15:49:42,495 : INFO : EventManager : Event: ======'machine_var_audits_missing_switches_s_left_sling'====== Args={'value': 363, 'prev_value': None, 'change': True}
2025-03-15 15:49:42,495 : INFO : EventManager : Event: ======'machine_var_audits_missing_switches_s_mead'====== Args={'value': 267, 'prev_value': None, 'change': True}
2025-03-15 15:49:42,496 : INFO : EventManager : Event: ======'machine_var_audits_missing_switches_s_percy'====== Args={'value': 85, 'prev_value': None, 'change': True}
2025-03-15 15:49:42,496 : INFO : EventManager : Event: ======'machine_var_audits_missing_switches_s_pop_bumper_1'====== Args={'value': 357, 'prev_value': None, 'change': True}
2025-03-15 15:49:42,496 : INFO : EventManager : Event: ======'machine_var_audits_missing_switches_s_pop_bumper_2'====== Args={'value': 357, 'prev_value': None, 'change': True}
2025-03-15 15:49:42,496 : INFO : EventManager : Event: ======'machine_var_audits_missing_switches_s_pop_bumper_3'====== Args={'value': 357, 'prev_value': None, 'change': True}
2025-03-15 15:49:42,496 : INFO : EventManager : Event: ======'machine_var_audits_missing_switches_s_pop_bumper_cc_1'====== Args={'value': 7, 'prev_value': None, 'change': True}
2025-03-15 15:49:42,496 : INFO : EventManager : Event: ======'machine_var_audits_missing_switches_s_pop_bumper_cc_2'====== Args={'value': 7, 'prev_value': None, 'change': True}
2025-03-15 15:49:42,497 : INFO : EventManager : Event: ======'machine_var_audits_missing_switches_s_pop_bumper_cc_3'====== Args={'value': 7, 'prev_value': None, 'change': True}
2025-03-15 15:49:42,497 : INFO : EventManager : Event: ======'machine_var_audits_missing_switches_s_pop_bumper_m'====== Args={'value': 7, 'prev_value': None, 'change': True}
2025-03-15 15:49:42,497 : INFO : EventManager : Event: ======'machine_var_audits_missing_switches_s_right_flipper'====== Args={'value': 363, 'prev_value': None, 'change': True}
2025-03-15 15:49:42,497 : INFO : EventManager : Event: ======'machine_var_audits_missing_switches_s_right_flipper_eos'====== Args={'value': 363, 'prev_value': None, 'change': True}
2025-03-15 15:49:42,497 : INFO : EventManager : Event: ======'machine_var_audits_missing_switches_s_right_inlane'====== Args={'value': 6, 'prev_value': None, 'change': True}
2025-03-15 15:49:42,497 : INFO : EventManager : Event: ======'machine_var_audits_missing_switches_s_right_inner_lane'====== Args={'value': 357, 'prev_value': None, 'change': True}
2025-03-15 15:49:42,497 : INFO : EventManager : Event: ======'machine_var_audits_missing_switches_s_right_outer_lane'====== Args={'value': 357, 'prev_value': None, 'change': True}
2025-03-15 15:49:42,497 : INFO : EventManager : Event: ======'machine_var_audits_missing_switches_s_right_outlane'====== Args={'value': 6, 'prev_value': None, 'change': True}
2025-03-15 15:49:42,497 : INFO : EventManager : Event: ======'machine_var_audits_missing_switches_s_right_sling'====== Args={'value': 363, 'prev_value': None, 'change': True}
2025-03-15 15:49:42,498 : INFO : EventManager : Event: ======'machine_var_audits_missing_switches_s_scanlan'====== Args={'value': 204, 'prev_value': None, 'change': True}
2025-03-15 15:49:42,498 : INFO : EventManager : Event: ======'machine_var_audits_missing_switches_s_slingshot_1'====== Args={'value': 7, 'prev_value': None, 'change': True}
2025-03-15 15:49:42,498 : INFO : EventManager : Event: ======'machine_var_audits_missing_switches_s_slingshot_2'====== Args={'value': 8, 'prev_value': None, 'change': True}
2025-03-15 15:49:42,498 : INFO : EventManager : Event: ======'machine_var_audits_missing_switches_s_start'====== Args={'value': 2, 'prev_value': None, 'change': True}
2025-03-15 15:49:42,498 : INFO : EventManager : Event: ======'machine_var_audits_missing_switches_s_trough_ball_1'====== Args={'value': 9, 'prev_value': None, 'change': True}
2025-03-15 15:49:42,498 : INFO : EventManager : Event: ======'machine_var_audits_missing_switches_s_trough_ball_3'====== Args={'value': 10, 'prev_value': None, 'change': True}
2025-03-15 15:49:42,498 : INFO : EventManager : Event: ======'machine_var_audits_missing_switches_s_trough_ball_4'====== Args={'value': 10, 'prev_value': None, 'change': True}
2025-03-15 15:49:42,498 : INFO : EventManager : Event: ======'machine_var_audits_missing_switches_s_trough_ball_5'====== Args={'value': 10, 'prev_value': None, 'change': True}
2025-03-15 15:49:42,498 : INFO : EventManager : Event: ======'machine_var_audits_missing_switches_s_trough_ball_6'====== Args={'value': 10, 'prev_value': None, 'change': True}
2025-03-15 15:49:42,498 : INFO : EventManager : Event: ======'machine_var_audits_missing_switches_s_trough_ball_jam'====== Args={'value': 398, 'prev_value': None, 'change': True}
2025-03-15 15:49:42,498 : INFO : EventManager : Event: ======'machine_var_audits_player_score'====== Args={'value': {'average': 0, 'top': [], 'total': 0}, 'prev_value': None, 'change': True}
2025-03-15 15:49:42,498 : INFO : EventManager : Event: ======'machine_var_audits_shots_mead_shot'====== Args={'value': 223, 'prev_value': None, 'change': True}
2025-03-15 15:49:42,498 : INFO : EventManager : Event: ======'machine_var_audits_shots_percy_shot'====== Args={'value': 56, 'prev_value': None, 'change': True}
2025-03-15 15:49:42,500 : INFO : EventManager : Event: ======'machine_var_audits_shots_scanlan_shot'====== Args={'value': 121, 'prev_value': None, 'change': True}
2025-03-15 15:49:42,500 : INFO : EventManager : Event: ======'machine_var_audits_shots_video_shot_1'====== Args={'value': 24, 'prev_value': None, 'change': True}
2025-03-15 15:49:42,500 : INFO : EventManager : Event: ======'machine_var_audits_shots_video_shot_2'====== Args={'value': 20, 'prev_value': None, 'change': True}
2025-03-15 15:49:42,500 : INFO : EventManager : Event: ======'machine_var_audits_switches_s_auto_launcher'====== Args={'value': 0, 'prev_value': None, 'change': True}
2025-03-15 15:49:42,500 : INFO : EventManager : Event: ======'machine_var_audits_switches_s_ball_drain'====== Args={'value': 0, 'prev_value': None, 'change': True}
2025-03-15 15:49:42,500 : INFO : EventManager : Event: ======'machine_var_audits_switches_s_eject_confirm'====== Args={'value': 0, 'prev_value': None, 'change': True}
2025-03-15 15:49:42,500 : INFO : EventManager : Event: ======'machine_var_audits_switches_s_flipper_left'====== Args={'value': 19, 'prev_value': None, 'change': True}
2025-03-15 15:49:42,500 : INFO : EventManager : Event: ======'machine_var_audits_switches_s_flipper_left_lower_eos'====== Args={'value': 12, 'prev_value': None, 'change': True}
2025-03-15 15:49:42,500 : INFO : EventManager : Event: ======'machine_var_audits_switches_s_flipper_left_upper_eos'====== Args={'value': 11, 'prev_value': None, 'change': True}
2025-03-15 15:49:42,501 : INFO : EventManager : Event: ======'machine_var_audits_switches_s_flipper_right'====== Args={'value': 0, 'prev_value': None, 'change': True}
2025-03-15 15:49:42,501 : INFO : EventManager : Event: ======'machine_var_audits_switches_s_flipper_right_eos'====== Args={'value': 3, 'prev_value': None, 'change': True}
2025-03-15 15:49:42,501 : INFO : EventManager : Event: ======'machine_var_audits_switches_s_launch'====== Args={'value': 0, 'prev_value': None, 'change': True}
2025-03-15 15:49:42,501 : INFO : EventManager : Event: ======'machine_var_audits_switches_s_left_flipper'====== Args={'value': 36, 'prev_value': None, 'change': True}
2025-03-15 15:49:42,501 : INFO : EventManager : Event: ======'machine_var_audits_switches_s_left_flipper_eos'====== Args={'value': 0, 'prev_value': None, 'change': True}
2025-03-15 15:49:42,501 : INFO : EventManager : Event: ======'machine_var_audits_switches_s_left_inlane'====== Args={'value': 0, 'prev_value': None, 'change': True}
2025-03-15 15:49:42,501 : INFO : EventManager : Event: ======'machine_var_audits_switches_s_left_inner_lane'====== Args={'value': 0, 'prev_value': None, 'change': True}
2025-03-15 15:49:42,502 : INFO : EventManager : Event: ======'machine_var_audits_switches_s_left_outer_lane'====== Args={'value': 0, 'prev_value': None, 'change': True}
2025-03-15 15:49:42,502 : INFO : EventManager : Event: ======'machine_var_audits_switches_s_left_outlane'====== Args={'value': 0, 'prev_value': None, 'change': True}
2025-03-15 15:49:42,502 : INFO : EventManager : Event: ======'machine_var_audits_switches_s_left_sling'====== Args={'value': 7, 'prev_value': None, 'change': True}
2025-03-15 15:49:42,502 : INFO : EventManager : Event: ======'machine_var_audits_switches_s_mead'====== Args={'value': 0, 'prev_value': None, 'change': True}
2025-03-15 15:49:42,502 : INFO : EventManager : Event: ======'machine_var_audits_switches_s_percy'====== Args={'value': 0, 'prev_value': None, 'change': True}
2025-03-15 15:49:42,502 : INFO : EventManager : Event: ======'machine_var_audits_switches_s_plunger'====== Args={'value': 25, 'prev_value': None, 'change': True}
2025-03-15 15:49:42,502 : INFO : EventManager : Event: ======'machine_var_audits_switches_s_pop_bumper_1'====== Args={'value': 0, 'prev_value': None, 'change': True}
2025-03-15 15:49:42,502 : INFO : EventManager : Event: ======'machine_var_audits_switches_s_pop_bumper_2'====== Args={'value': 0, 'prev_value': None, 'change': True}
2025-03-15 15:49:42,502 : INFO : EventManager : Event: ======'machine_var_audits_switches_s_pop_bumper_3'====== Args={'value': 0, 'prev_value': None, 'change': True}
2025-03-15 15:49:42,502 : INFO : EventManager : Event: ======'machine_var_audits_switches_s_pop_bumper_cc_1'====== Args={'value': 12, 'prev_value': None, 'change': True}
2025-03-15 15:49:42,502 : INFO : EventManager : Event: ======'machine_var_audits_switches_s_pop_bumper_cc_2'====== Args={'value': 12, 'prev_value': None, 'change': True}
2025-03-15 15:49:42,503 : INFO : EventManager : Event: ======'machine_var_audits_switches_s_pop_bumper_cc_3'====== Args={'value': 10, 'prev_value': None, 'change': True}
2025-03-15 15:49:42,503 : INFO : EventManager : Event: ======'machine_var_audits_switches_s_pop_bumper_m'====== Args={'value': 13, 'prev_value': None, 'change': True}
2025-03-15 15:49:42,503 : INFO : EventManager : Event: ======'machine_var_audits_switches_s_right_flipper'====== Args={'value': 131, 'prev_value': None, 'change': True}
2025-03-15 15:49:42,503 : INFO : EventManager : Event: ======'machine_var_audits_switches_s_right_flipper_eos'====== Args={'value': 0, 'prev_value': None, 'change': True}
2025-03-15 15:49:42,503 : INFO : EventManager : Event: ======'machine_var_audits_switches_s_right_inlane'====== Args={'value': 0, 'prev_value': None, 'change': True}
2025-03-15 15:49:42,503 : INFO : EventManager : Event: ======'machine_var_audits_switches_s_right_inner_lane'====== Args={'value': 0, 'prev_value': None, 'change': True}
2025-03-15 15:49:42,503 : INFO : EventManager : Event: ======'machine_var_audits_switches_s_right_outer_lane'====== Args={'value': 0, 'prev_value': None, 'change': True}
2025-03-15 15:49:42,503 : INFO : EventManager : Event: ======'machine_var_audits_switches_s_right_outlane'====== Args={'value': 0, 'prev_value': None, 'change': True}
2025-03-15 15:49:42,503 : INFO : EventManager : Event: ======'machine_var_audits_switches_s_right_sling'====== Args={'value': 3, 'prev_value': None, 'change': True}
2025-03-15 15:49:42,503 : INFO : EventManager : Event: ======'machine_var_audits_switches_s_scanlan'====== Args={'value': 0, 'prev_value': None, 'change': True}
2025-03-15 15:49:42,504 : INFO : EventManager : Event: ======'machine_var_audits_switches_s_slingshot_1'====== Args={'value': 13, 'prev_value': None, 'change': True}
2025-03-15 15:49:42,504 : INFO : EventManager : Event: ======'machine_var_audits_switches_s_slingshot_2'====== Args={'value': 7, 'prev_value': None, 'change': True}
2025-03-15 15:49:42,504 : INFO : EventManager : Event: ======'machine_var_audits_switches_s_start'====== Args={'value': 152, 'prev_value': None, 'change': True}
2025-03-15 15:49:42,504 : INFO : EventManager : Event: ======'machine_var_audits_switches_s_switch_2'====== Args={'value': 0, 'prev_value': None, 'change': True}
2025-03-15 15:49:42,504 : INFO : EventManager : Event: ======'machine_var_audits_switches_s_trough_ball_1'====== Args={'value': 13, 'prev_value': None, 'change': True}
2025-03-15 15:49:42,504 : INFO : EventManager : Event: ======'machine_var_audits_switches_s_trough_ball_2'====== Args={'value': 11, 'prev_value': None, 'change': True}
2025-03-15 15:49:42,504 : INFO : EventManager : Event: ======'machine_var_audits_switches_s_trough_ball_3'====== Args={'value': 5, 'prev_value': None, 'change': True}
2025-03-15 15:49:42,505 : INFO : EventManager : Event: ======'machine_var_audits_switches_s_trough_ball_4'====== Args={'value': 4, 'prev_value': None, 'change': True}
2025-03-15 15:49:42,505 : INFO : EventManager : Event: ======'machine_var_audits_switches_s_trough_ball_5'====== Args={'value': 4, 'prev_value': None, 'change': True}
2025-03-15 15:49:42,505 : INFO : EventManager : Event: ======'machine_var_audits_switches_s_trough_ball_6'====== Args={'value': 5, 'prev_value': None, 'change': True}
2025-03-15 15:49:42,505 : INFO : EventManager : Event: ======'machine_var_audits_switches_s_trough_ball_jam'====== Args={'value': 3, 'prev_value': None, 'change': True}
2025-03-15 15:49:42,505 : INFO : EventManager : Event: ======'machine_var_audits_switches_s_trough_eject_coil'====== Args={'value': 0, 'prev_value': None, 'change': True}
2025-03-15 15:49:42,506 : INFO : EventManager : Event: ======'init_phase_5'====== Args={}
2025-03-15 15:49:42,506 : INFO : EventManager : Event: ======'init_done'====== Args={}
2025-03-15 15:49:42,509 : INFO : EventManager : Event: ======'machine_reset_phase_1'====== Args={}
2025-03-15 15:49:42,509 : INFO : EventManager : Event: ======'machine_reset_phase_2'====== Args={}
2025-03-15 15:49:42,510 : INFO : EventManager : Event: ======'machine_reset_phase_3'====== Args={}
2025-03-15 15:49:42,513 : INFO : EventManager : Event: ======'reset_complete'====== Args={}
2025-03-15 15:49:42,514 : INFO : EventManager : Event: ======'mode_attract_will_start'====== Args={}
2025-03-15 15:49:42,515 : INFO : EventManager : Event: ======'mode_attract_starting'====== Args={}
2025-03-15 15:49:42,515 : INFO : Mode.attract : Started. Priority: 10
2025-03-15 15:49:42,515 : INFO : EventManager : Event: ======'modes_active_modes_changed'====== Args={}
2025-03-15 15:49:42,515 : INFO : EventManager : Event: ======'mode_attract_started'====== Args={}
2025-03-15 15:49:42,516 : INFO : EventManager : Event: ======'collecting_balls_complete'====== Args={}
2025-03-15 15:49:42,518 : INFO : Machine : Starting the main run loop with active modes: [<Mode.attract>]
2025-03-15 15:49:54,680 : INFO : SwitchController : <<<<<<< 's_start' active >>>>>>>
2025-03-15 15:49:54,867 : INFO : SwitchController : <<<<<<< 's_start' inactive >>>>>>>
2025-03-15 15:49:54,868 : INFO : EventManager : Event: ======'request_to_start_game'====== Args={}
2025-03-15 15:49:54,868 : INFO : BallController : Known balls: 0
2025-03-15 15:49:54,868 : INFO : BallController : bd_trough contains 0 balls. Tags ['trough', 'home', 'drain']
2025-03-15 15:49:54,868 : INFO : BallController : bd_plunger contains 0 balls. Tags []
2025-03-15 15:49:54,868 : INFO : BallController : playfield contains 0 balls. Tags ['default']
2025-03-15 15:49:54,868 : WARNING : BallController : BallController denies game start. Not enough balls. 0 found. 1 required
2025-03-15 15:49:54,868 : INFO : BallController : Triggering ball search.
2025-03-15 15:50:19,146 : WARNING : SwitchController : Received duplicate switch state 0 for switch s_trough_ball_1 from the platform interface. Log Code: Log-SwitchController-1 (https://missionpinball.org/logs)
2025-03-15 15:50:24,836 : INFO : SwitchController : <<<<<<< 's_trough_ball_2' active >>>>>>>
2025-03-15 15:50:24,883 : INFO : SwitchController : <<<<<<< 's_trough_ball_2' inactive >>>>>>>
2025-03-15 15:50:24,914 : INFO : SwitchController : <<<<<<< 's_trough_ball_1' active >>>>>>>
2025-03-15 15:50:25,417 : INFO : EventManager : Event: ======'balldevice_bd_trough_ball_count_changed'====== Args={'balls': 1}
2025-03-15 15:50:25,417 : INFO : ball_device.bd_trough : Received unexpected ball
2025-03-15 15:50:25,417 : INFO : EventManager : Event: ======'balldevice_captured_from_playfield'====== Args={'balls': 1}
2025-03-15 15:50:25,417 : INFO : EventManager : Event: ======'sw_playfield_active'====== Args={'balls': 1}
2025-03-15 15:50:25,417 : INFO : EventManager : Event: ======'playfield_active'====== Args={'source': None}
2025-03-15 15:50:25,418 : INFO : EventManager : Event: ======'unexpected_ball_on_playfield'====== Args={}
2025-03-15 15:50:25,418 : INFO : EventManager : Event: ======'playfield_ball_count_change'====== Args={'balls': -1, 'change': -1}
2025-03-15 15:50:25,418 : INFO : EventManager : Event: ======'balldevice_playfield_ball_enter'====== Args={'new_balls': 1, 'unclaimed_balls': 1, 'device': <playfield.playfield>}
2025-03-15 15:50:25,418 : INFO : EventManager : Event: ======'playfield_ball_count_change'====== Args={'balls': 0, 'change': 1}
2025-03-15 15:50:25,418 : INFO : BallController : Found a new ball which was captured from playfield. Known balls: 1
2025-03-15 15:50:25,418 : INFO : EventManager : Event: ======'found_new_ball'====== Args={}
2025-03-15 15:50:25,418 : INFO : EventManager : Event: ======'balldevice_bd_trough_ball_enter'====== Args={'new_balls': 1, 'unclaimed_balls': 1, 'new_available_balls': 1, 'device': <ball_device.bd_trough>}
2025-03-15 15:50:25,419 : INFO : EventManager : Event: ======'ball_drain'====== Args={'device': <ball_device.bd_trough>, 'balls': 1}
2025-03-15 15:50:25,419 : INFO : EventManager : Event: ======'balldevice_balls_available'====== Args={}
2025-03-15 15:50:25,419 : INFO : EventManager : Event: ======'balldevice_bd_trough_ball_entered'====== Args={'new_balls': 1, 'device': <ball_device.bd_trough>}
2025-03-15 15:50:32,067 : INFO : SwitchController : <<<<<<< 's_start' active >>>>>>>
2025-03-15 15:50:32,316 : INFO : SwitchController : <<<<<<< 's_start' inactive >>>>>>>
2025-03-15 15:50:32,317 : INFO : EventManager : Event: ======'request_to_start_game'====== Args={}
2025-03-15 15:50:32,317 : INFO : EventManager : Event: ======'game_start'====== Args={'buttons': [], 'hold_time': 0.25}
2025-03-15 15:50:32,317 : INFO : EventManager : Event: ======'mode_game_will_start'====== Args={'buttons': [], 'hold_time': 0.25}
2025-03-15 15:50:32,318 : INFO : EventManager : Event: ======'mode_game_starting'====== Args={'buttons': [], 'hold_time': 0.25}
2025-03-15 15:50:32,318 : INFO : EventManager : Event: ======'mode_attract_will_stop'====== Args={}
2025-03-15 15:50:32,318 : INFO : EventManager : Event: ======'mode_attract_stopping'====== Args={}
2025-03-15 15:50:32,318 : INFO : Mode.game : Started. Priority: 20
2025-03-15 15:50:32,318 : INFO : EventManager : Event: ======'modes_active_modes_changed'====== Args={}
2025-03-15 15:50:32,318 : INFO : EventManager : Event: ======'mode_game_started'====== Args={'buttons': [], 'hold_time': 0.25}
2025-03-15 15:50:32,319 : INFO : Mode.attract : Stopped.
2025-03-15 15:50:32,319 : INFO : EventManager : Event: ======'modes_active_modes_changed'====== Args={}
2025-03-15 15:50:32,319 : INFO : EventManager : Event: ======'mode_attract_stopped'====== Args={}
2025-03-15 15:50:32,319 : INFO : EventManager : Event: ======'clear'====== Args={'key': 'attract'}
2025-03-15 15:50:32,320 : INFO : EventManager : Event: ======'game_will_start'====== Args={}
2025-03-15 15:50:32,320 : INFO : EventManager : Event: ======'game_starting'====== Args={'game': <Mode.game>}
2025-03-15 15:50:32,324 : INFO : EventManager : Unordered handler for class <Auditor> on event game_ended with priority 1. Handlers: [RegisteredHandler(callback=<bound method Auditor.disable of <Auditor>>, priority=1, kwargs={}, key=UUID('b26dc55a-9c9f-4fb7-ad24-8e97dd50877e'), condition=None, blocking_facility=None), RegisteredHandler(callback=<bound method Auditor._save_audits of <Auditor>>, priority=1, kwargs={}, key=UUID('af593cc0-9029-4df2-939e-731ebfbdc3b6'), condition=None, blocking_facility=None)]. The order of those handlers is not defined and they will be executed in random order. This might lead to race conditions and potential bugs.
2025-03-15 15:50:32,324 : INFO : EventManager : Event: ======'player_add_request'====== Args={}
2025-03-15 15:50:32,324 : INFO : EventManager : Event: ======'player_will_add'====== Args={'number': 1}
2025-03-15 15:50:32,324 : INFO : EventManager : Event: ======'player_adding'====== Args={'player': <Player 1>, 'number': 1}
2025-03-15 15:50:32,325 : INFO : EventManager : Event: ======'player_added'====== Args={'player': <Player 1>, 'num': 1}
2025-03-15 15:50:32,325 : INFO : Mode.game : Player added successfully. Total players: 1
2025-03-15 15:50:32,325 : INFO : EventManager : Event: ======'player_index'====== Args={'value': 0, 'prev_value': 0, 'change': 0, 'player_num': 1}
2025-03-15 15:50:32,325 : INFO : EventManager : Event: ======'player_number'====== Args={'value': 1, 'prev_value': 1, 'change': 0, 'player_num': 1}
2025-03-15 15:50:32,325 : INFO : EventManager : Event: ======'player_score'====== Args={'value': 0, 'prev_value': 0, 'change': 0, 'player_num': 1}
2025-03-15 15:50:32,325 : INFO : EventManager : Event: ======'game_started'====== Args={}
2025-03-15 15:50:32,326 : INFO : EventManager : Event: ======'player_turn_will_start'====== Args={'player': <Player 1>, 'number': 1}
2025-03-15 15:50:32,326 : INFO : EventManager : Event: ======'player_turn_starting'====== Args={'player': <Player 1>, 'number': 1}
2025-03-15 15:50:32,326 : INFO : EventManager : Event: ======'player_ball'====== Args={'value': 1, 'prev_value': 0, 'change': 1, 'player_num': 1}
2025-03-15 15:50:32,326 : INFO : EventManager : Event: ======'player_turn_started'====== Args={'player': <Player 1>, 'number': 1}
2025-03-15 15:50:32,327 : INFO : EventManager : Event: ======'ball_will_start'====== Args={'player': 1, 'ball': 1, 'balls_remaining': 0, 'is_extra_ball': False}
2025-03-15 15:50:32,327 : INFO : EventManager : Event: ======'ball_starting'====== Args={'player': 1, 'ball': 1, 'balls_remaining': 0, 'is_extra_ball': False}
2025-03-15 15:50:32,327 : INFO : EventManager : Event: ======'balls_in_play'====== Args={'balls': 1}
2025-03-15 15:50:32,328 : INFO : EventManager : Event: ======'ball_started'====== Args={'player': 1, 'ball': 1, 'balls_remaining': 0, 'is_extra_ball': False}
2025-03-15 15:50:32,328 : INFO : EventManager : Event: ======'mode_base_will_start'====== Args={'player': 1, 'ball': 1, 'balls_remaining': 0, 'is_extra_ball': False}
2025-03-15 15:50:32,328 : INFO : EventManager : Event: ======'mode_base_starting'====== Args={'player': 1, 'ball': 1, 'balls_remaining': 0, 'is_extra_ball': False}
2025-03-15 15:50:32,329 : INFO : Mode.base : Started. Priority: 100
2025-03-15 15:50:32,329 : INFO : EventManager : Event: ======'modes_active_modes_changed'====== Args={}
2025-03-15 15:50:32,329 : INFO : EventManager : Event: ======'mode_base_started'====== Args={'player': 1, 'ball': 1, 'balls_remaining': 0, 'is_extra_ball': False}
2025-03-15 15:50:32,330 : INFO : EventManager : Event: ======'single_player_ball_started'====== Args={}
2025-03-15 15:50:32,348 : INFO : EventManager : Event: ======'ball_start_target'====== Args={'target': 'playfield'}
2025-03-15 15:50:32,349 : INFO : ball_device.bd_plunger : Setting up player-controlled eject. Balls: 1, Target: <playfield.playfield>, player_controlled_eject_event: None
2025-03-15 15:50:32,349 : INFO : EventManager : Event: ======'balldevice_balls_available'====== Args={}
2025-03-15 15:50:32,350 : INFO : ball_device.bd_trough : State: waiting_for_target_ready
2025-03-15 15:50:32,350 : INFO : EventManager : Event: ======'balldevice_bd_trough_ball_eject_attempt'====== Args={'balls': 1, 'target': <ball_device.bd_plunger>, 'source': <ball_device.bd_trough>, 'mechanical_eject': True, 'num_attempts': 0}
2025-03-15 15:50:32,350 : INFO : ball_device.bd_plunger : State: waiting_for_ball
2025-03-15 15:50:32,351 : INFO : ball_device.bd_trough : State: ejecting
2025-03-15 15:50:32,351 : INFO : ball_device.bd_trough : Ejecting ball to <ball_device.bd_plunger>
2025-03-15 15:50:32,352 : INFO : EventManager : Event: ======'balldevice_bd_trough_ejecting_ball'====== Args={'balls': 1, 'target': <ball_device.bd_plunger>, 'source': <ball_device.bd_trough>, 'mechanical_eject': True, 'num_attempts': 0}
2025-03-15 15:50:32,352 : INFO : ball_device.bd_trough : Wait for ball to leave device
2025-03-15 15:50:32,352 : INFO : coil.c_trough_eject_coil : Pulsing Driver for 15ms (1.0 pulse_power)
2025-03-15 15:50:32,380 : INFO : SwitchController : <<<<<<< 's_trough_ball_1' inactive >>>>>>>
2025-03-15 15:50:32,381 : INFO : ball_device.bd_trough : State: ball_left
2025-03-15 15:50:32,381 : INFO : ball_device.bd_trough : Ball left
2025-03-15 15:50:32,382 : INFO : ball_device.bd_trough : Wait for confirm with timeout 10.0
2025-03-15 15:50:32,394 : INFO : SwitchController : <<<<<<< 's_trough_ball_1' active >>>>>>>
2025-03-15 15:50:32,394 : INFO : EventManager : Event: ======'machine_var_audits_switches_s_trough_ball_1'====== Args={'value': 14, 'prev_value': 13, 'change': 1}
2025-03-15 15:50:32,409 : INFO : SwitchController : <<<<<<< 's_trough_ball_1' inactive >>>>>>>
2025-03-15 15:50:35,270 : INFO : SwitchController : <<<<<<< 's_plunger' active >>>>>>>
2025-03-15 15:50:35,270 : INFO : EventManager : Event: ======'machine_var_audits_switches_s_plunger'====== Args={'value': 26, 'prev_value': 25, 'change': 1}
2025-03-15 15:50:35,628 : INFO : SwitchController : <<<<<<< 's_plunger' inactive >>>>>>>
2025-03-15 15:50:38,096 : INFO : SwitchController : <<<<<<< 's_trough_ball_2' active >>>>>>>
2025-03-15 15:50:38,096 : INFO : EventManager : Event: ======'machine_var_audits_switches_s_trough_ball_2'====== Args={'value': 12, 'prev_value': 11, 'change': 1}
2025-03-15 15:50:38,142 : INFO : SwitchController : <<<<<<< 's_trough_ball_2' inactive >>>>>>>
2025-03-15 15:50:38,174 : INFO : SwitchController : <<<<<<< 's_trough_ball_1' active >>>>>>>
2025-03-15 15:50:38,174 : INFO : EventManager : Event: ======'machine_var_audits_switches_s_trough_ball_1'====== Args={'value': 15, 'prev_value': 14, 'change': 1}
2025-03-15 15:50:42,385 : INFO : ball_device.bd_trough : State: failed_confirm
2025-03-15 15:50:42,386 : INFO : ball_device.bd_trough : Got timeout (10.0s) before confirm from <ball_device.bd_plunger>
2025-03-15 15:50:42,387 : INFO : ball_device.bd_plunger : Expecting incoming ball which may skip the device.
2025-03-15 15:50:42,387 : INFO : EventManager : Event: ======'balldevice_bd_plunger_ejecting_ball'====== Args={'balls': 1, 'target': <playfield.playfield>, 'source': <ball_device.bd_plunger>, 'mechanical_eject': False, 'num_attempts': 1}
2025-03-15 15:50:42,388 : INFO : ball_device.bd_trough : Got unknown balls. Assuming a ball returned.
2025-03-15 15:50:42,388 : INFO : ball_device.bd_trough : State: eject_broken
2025-03-15 15:50:42,388 : INFO : EventManager : Event: ======'balldevice_bd_trough_ball_eject_failed'====== Args={'target': <ball_device.bd_plunger>, 'balls': 1, 'retry': False, 'num_attempts': 1}
2025-03-15 15:50:42,388 : INFO : EventManager : Event: ======'balldevice_bd_trough_broken'====== Args={}
2025-03-15 15:50:42,390 : INFO : EventManager : Event: ======'balldevice_bd_plunger_ball_eject_failed'====== Args={'target': <playfield.playfield>, 'balls': 1, 'retry': True, 'num_attempts': 1}
2025-03-15 15:50:42,390 : INFO : ball_device.bd_plunger : No longer expecting incoming ball which may skip the device.
2025-03-15 15:50:42,393 : INFO : ball_device.bd_plunger : State: waiting_for_ball
2025-03-15 15:50:49,678 : INFO : SwitchController : <<<<<<< 's_start' active >>>>>>>
2025-03-15 15:50:49,679 : INFO : EventManager : Event: ======'sw_start'====== Args={}
2025-03-15 15:50:49,679 : INFO : EventManager : Event: ======'machine_var_audits_switches_s_start'====== Args={'value': 153, 'prev_value': 152, 'change': 1}
2025-03-15 15:50:50,053 : INFO : SwitchController : <<<<<<< 's_start' inactive >>>>>>>
2025-03-15 15:50:50,147 : INFO : SwitchController : <<<<<<< 's_start' active >>>>>>>
2025-03-15 15:50:50,147 : INFO : EventManager : Event: ======'sw_start'====== Args={}
2025-03-15 15:50:50,147 : INFO : EventManager : Event: ======'machine_var_audits_switches_s_start'====== Args={'value': 154, 'prev_value': 153, 'change': 1}
2025-03-15 15:50:50,378 : INFO : SwitchController : <<<<<<< 's_start' inactive >>>>>>>
2025-03-15 15:51:04,964 : INFO : Machine : Shutting down...
2025-03-15 15:51:04,964 : INFO : EventManager : Event: ======'shutdown'====== Args={}
2025-03-15 15:51:04,966 : INFO : EventManager : Event: ======'mode_game_will_stop'====== Args={}
2025-03-15 15:51:04,966 : INFO : EventManager : Event: ======'mode_game_stopping'====== Args={}
2025-03-15 15:51:04,967 : INFO : EventManager : Event: ======'mode_base_will_stop'====== Args={}
2025-03-15 15:51:04,967 : INFO : EventManager : Event: ======'mode_base_stopping'====== Args={}
2025-03-15 15:51:04,968 : INFO : Mode.base : Stopped.
2025-03-15 15:51:04,968 : INFO : EventManager : Event: ======'modes_active_modes_changed'====== Args={}
2025-03-15 15:51:04,968 : INFO : EventManager : Event: ======'mode_base_stopped'====== Args={}
2025-03-15 15:51:04,968 : INFO : EventManager : Event: ======'clear'====== Args={'key': 'base'}
2025-03-15 15:51:04,968 : INFO : Mode.game : Stopped.
2025-03-15 15:51:04,970 : INFO : EventManager : Event: ======'modes_active_modes_changed'====== Args={}
2025-03-15 15:51:04,970 : INFO : EventManager : Event: ======'mode_game_stopped'====== Args={}
2025-03-15 15:51:04,970 : INFO : EventManager : Event: ======'clear'====== Args={'key': 'game'}
2025-03-15 15:51:05,062 : INFO : root : MPF run loop ended.
