2025-03-14 21:04:45,778 : INFO : root : Loading config.
2025-03-14 21:04:45,785 : INFO : YamlMultifileConfigLoader : Machine config file #1: config.yaml
2025-03-14 21:04:45,786 : INFO : ConfigProcessor : Loading config from cache: C:\Users\User\AppData\Local\Temp\5682b9bdeb2b9ad8a31c13560e038609.mpf_cache
2025-03-14 21:04:45,812 : WARNING : ConfigProcessor : Config file in cache changed: C:\Users\User\Desktop\fast_homebrew_godot_v2\fast_homebrew_godot_v2\config\coils.yaml
2025-03-14 21:04:45,813 : INFO : ConfigProcessor : Loading config from file C:\Users\User\AppData\Local\Programs\Python\Python312\Lib\site-packages\mpf\mpfconfig.yaml.
2025-03-14 21:04:45,846 : INFO : ConfigProcessor : Loading config: C:\Users\User\AppData\Local\Programs\Python\Python312\Lib\site-packages\mpf\mpfconfig.yaml
2025-03-14 21:04:45,847 : INFO : ConfigProcessor : Loading config from file C:\Users\User\Desktop\fast_homebrew_godot_v2\fast_homebrew_godot_v2\config\config.yaml.
2025-03-14 21:04:45,851 : INFO : ConfigProcessor : Loading config: C:\Users\User\Desktop\fast_homebrew_godot_v2\fast_homebrew_godot_v2\config\config.yaml
2025-03-14 21:04:45,853 : INFO : ConfigProcessor : Loading config: C:\Users\User\Desktop\fast_homebrew_godot_v2\fast_homebrew_godot_v2\config\lights.yaml
2025-03-14 21:04:45,860 : INFO : ConfigProcessor : Loading config: C:\Users\User\Desktop\fast_homebrew_godot_v2\fast_homebrew_godot_v2\config\coils.yaml
2025-03-14 21:04:45,864 : INFO : ConfigProcessor : Loading config: C:\Users\User\Desktop\fast_homebrew_godot_v2\fast_homebrew_godot_v2\config\switches.yaml
2025-03-14 21:04:45,867 : INFO : ConfigProcessor : Loading config: C:\Users\User\Desktop\fast_homebrew_godot_v2\fast_homebrew_godot_v2\config\images.yaml
2025-03-14 21:04:45,868 : INFO : ConfigProcessor : Loading config: C:\Users\User\Desktop\fast_homebrew_godot_v2\fast_homebrew_godot_v2\config\videos.yaml
2025-03-14 21:04:45,876 : INFO : ConfigProcessor : Config file cache created: C:\Users\User\AppData\Local\Temp\5682b9bdeb2b9ad8a31c13560e038609.mpf_cache
2025-03-14 21:04:46,133 : INFO : ConfigProcessor : Loading config from cache: C:\Users\User\AppData\Local\Temp\8422c6572f827355f8aade1949d04025.mpf_cache
2025-03-14 21:04:46,135 : INFO : ConfigProcessor : Loading config from cache: C:\Users\User\AppData\Local\Temp\1c0e7e9816717d8e62c4728dfe372999.mpf_cache
2025-03-14 21:04:46,137 : INFO : ConfigProcessor : Loading config from cache: C:\Users\User\AppData\Local\Temp\e3e8065d662ad307fa9574659e7e4e8e.mpf_cache
2025-03-14 21:04:46,139 : INFO : ConfigProcessor : Loading config from cache: C:\Users\User\AppData\Local\Temp\8422c6572f827355f8aade1949d04025.mpf_cache
2025-03-14 21:04:46,141 : INFO : Machine : Mission Pinball Framework Core Engine v0.80.0.dev6
2025-03-14 21:04:46,141 : INFO : Machine : Command line arguments: {'no_load_cache': False, 'create_config_cache': True, 'bcp': False, 'configfile': ['config.yaml'], 'force_assets_load': False, 'platform_integration_test': False, 'jsonlogging': False, 'logfile': 'logs\\2025-03-14-21-04-45-mpf-BERNIE.log', 'pause': False, 'production': False, 'text_ui': False, 'loglevel': 15, 'consoleloglevel': 20, 'force_platform': None, 'syslog_address': None, 'full_logfile_path': 'C:\\Users\\User\\Desktop\\fast_homebrew_godot_v2\\fast_homebrew_godot_v2\\logs\\2025-03-14-21-04-45-mpf-BERNIE.log'}
2025-03-14 21:04:46,141 : INFO : Machine : MPF path: C:\Users\User\AppData\Local\Programs\Python\Python312\Lib\site-packages\mpf
2025-03-14 21:04:46,141 : INFO : Machine : Machine path: C:\Users\User\Desktop\fast_homebrew_godot_v2\fast_homebrew_godot_v2
2025-03-14 21:04:46,141 : INFO : Machine : Platform: win32
2025-03-14 21:04:46,141 : INFO : Machine : Python executable location: C:\Users\User\AppData\Local\Programs\Python\Python312\python.exe
2025-03-14 21:04:46,141 : INFO : Machine : Python version: 3.12.3 (64-bit)
2025-03-14 21:04:46,145 : INFO : Machine : Initializing MPF...
2025-03-14 21:04:46,356 : INFO : FAST : Auto-detecting ports for the following connections: ['net']
2025-03-14 21:04:46,405 : INFO : FAST : Detected NET on port COM5
2025-03-14 21:04:46,516 : INFO : FAST [NET] : Trying to connect to COM5 at 921600bps
2025-03-14 21:04:46,525 : INFO : FAST [NET] : Connected to COM5 at 921600bps
2025-03-14 21:04:46,530 : INFO : FAST [NET] : Connected to FP-CPU-2000 with firmware v02.26
2025-03-14 21:04:46,561 : INFO : FAST [NET] : Registered I/O Board 0: Model: FP-I/O-3208, Firmware: 01.10, Switches: 32, Drivers: 8
2025-03-14 21:04:46,562 : INFO : EventManager : Event: ======'machine_var_credits_string'====== Args={'value': 'FREE PLAY', 'prev_value': None, 'change': True}
2025-03-14 21:04:46,617 : INFO : EventManager : Event: ======'machine_var_master_volume'====== Args={'value': 0.5, 'prev_value': None, 'change': True}
2025-03-14 21:04:46,617 : INFO : EventManager : Event: ======'machine_var_mpf_version'====== Args={'value': 'Mission Pinball Framework v0.80.0.dev6', 'prev_value': None, 'change': True}
2025-03-14 21:04:46,617 : INFO : EventManager : Event: ======'machine_var_mpf_extended_version'====== Args={'value': 'Mission Pinball Framework v0.80.0.dev6, Config version:6, Show version: 6, BCP version:1.1', 'prev_value': None, 'change': True}
2025-03-14 21:04:46,618 : INFO : EventManager : Event: ======'machine_var_python_version'====== Args={'value': '3.12.3', 'prev_value': None, 'change': True}
2025-03-14 21:04:46,855 : INFO : EventManager : Event: ======'machine_var_platform'====== Args={'value': 'Windows-11-10.0.22631-SP0', 'prev_value': None, 'change': True}
2025-03-14 21:04:46,856 : INFO : EventManager : Event: ======'machine_var_platform_system'====== Args={'value': 'Windows', 'prev_value': None, 'change': True}
2025-03-14 21:04:46,856 : INFO : EventManager : Event: ======'machine_var_platform_release'====== Args={'value': '11', 'prev_value': None, 'change': True}
2025-03-14 21:04:46,856 : INFO : EventManager : Event: ======'machine_var_platform_version'====== Args={'value': '10.0.22631', 'prev_value': None, 'change': True}
2025-03-14 21:04:46,856 : INFO : EventManager : Event: ======'machine_var_platform_machine'====== Args={'value': 'AMD64', 'prev_value': None, 'change': True}
2025-03-14 21:04:46,856 : INFO : EventManager : Event: ======'machine_var_log_file_path'====== Args={'value': 'C:\\Users\\User\\Desktop\\fast_homebrew_godot_v2\\fast_homebrew_godot_v2\\logs\\2025-03-14-21-04-45-mpf-BERNIE.log', 'prev_value': None, 'change': True}
2025-03-14 21:04:46,856 : INFO : EventManager : Event: ======'init_phase_1'====== Args={}
2025-03-14 21:04:49,260 : INFO : SwitchController : <<<<<<< 's_trough_ball_jam' active >>>>>>>
2025-03-14 21:04:49,260 : INFO : SwitchController : <<<<<<< 's_trough_ball_1' active >>>>>>>
2025-03-14 21:04:49,260 : INFO : SwitchController : <<<<<<< 's_flipper_left' active >>>>>>>
2025-03-14 21:04:49,260 : INFO : SwitchController : <<<<<<< 's_flipper_right' active >>>>>>>
2025-03-14 21:04:49,262 : INFO : EventManager : Event: ======'init_phase_2'====== Args={}
2025-03-14 21:04:49,264 : INFO : SwitchController : Found active switch: (6, [FAST Platform Interface]) <switch.s_trough_ball_jam>
2025-03-14 21:04:49,264 : INFO : SwitchController : Found active switch: (0, [FAST Platform Interface]) <switch.s_trough_ball_1>
2025-03-14 21:04:49,264 : INFO : SwitchController : Found active switch: (30, [FAST Platform Interface]) <switch.s_flipper_left>
2025-03-14 21:04:49,264 : INFO : SwitchController : Found active switch: (31, [FAST Platform Interface]) <switch.s_flipper_right>
2025-03-14 21:04:49,762 : INFO : ball_device.bd_trough : BCH: Initial count: 1
2025-03-14 21:04:49,763 : INFO : ball_device.bd_trough : State: idle
2025-03-14 21:04:49,764 : INFO : ball_device.bd_plunger : BCH: Initial count: 0
2025-03-14 21:04:49,765 : INFO : ball_device.bd_plunger : State: idle
2025-03-14 21:04:49,794 : INFO : EventManager : Event: ======'init_phase_3'====== Args={}
2025-03-14 21:04:49,798 : INFO : EventManager : Event: ======'init_phase_4'====== Args={}
2025-03-14 21:04:49,799 : INFO : BallController : Initial balls found: 1
2025-03-14 21:04:49,802 : INFO : EventManager : Event: ======'machine_var_audits_events_game_ended'====== Args={'value': 0, 'prev_value': None, 'change': True}
2025-03-14 21:04:49,802 : INFO : EventManager : Event: ======'machine_var_audits_events_game_started'====== Args={'value': 389, 'prev_value': None, 'change': True}
2025-03-14 21:04:49,802 : INFO : EventManager : Event: ======'machine_var_audits_missing_switches_s_launch'====== Args={'value': 6, 'prev_value': None, 'change': True}
2025-03-14 21:04:49,802 : INFO : EventManager : Event: ======'machine_var_audits_missing_switches_s_left_flipper'====== Args={'value': 363, 'prev_value': None, 'change': True}
2025-03-14 21:04:49,802 : INFO : EventManager : Event: ======'machine_var_audits_missing_switches_s_left_flipper_eos'====== Args={'value': 363, 'prev_value': None, 'change': True}
2025-03-14 21:04:49,802 : INFO : EventManager : Event: ======'machine_var_audits_missing_switches_s_left_inlane'====== Args={'value': 6, 'prev_value': None, 'change': True}
2025-03-14 21:04:49,802 : INFO : EventManager : Event: ======'machine_var_audits_missing_switches_s_left_inner_lane'====== Args={'value': 357, 'prev_value': None, 'change': True}
2025-03-14 21:04:49,802 : INFO : EventManager : Event: ======'machine_var_audits_missing_switches_s_left_outer_lane'====== Args={'value': 153, 'prev_value': None, 'change': True}
2025-03-14 21:04:49,803 : INFO : EventManager : Event: ======'machine_var_audits_missing_switches_s_left_outlane'====== Args={'value': 6, 'prev_value': None, 'change': True}
2025-03-14 21:04:49,803 : INFO : EventManager : Event: ======'machine_var_audits_missing_switches_s_left_sling'====== Args={'value': 363, 'prev_value': None, 'change': True}
2025-03-14 21:04:49,803 : INFO : EventManager : Event: ======'machine_var_audits_missing_switches_s_mead'====== Args={'value': 267, 'prev_value': None, 'change': True}
2025-03-14 21:04:49,803 : INFO : EventManager : Event: ======'machine_var_audits_missing_switches_s_percy'====== Args={'value': 85, 'prev_value': None, 'change': True}
2025-03-14 21:04:49,803 : INFO : EventManager : Event: ======'machine_var_audits_missing_switches_s_plunger'====== Args={'value': 363, 'prev_value': None, 'change': True}
2025-03-14 21:04:49,803 : INFO : EventManager : Event: ======'machine_var_audits_missing_switches_s_pop_bumper_1'====== Args={'value': 357, 'prev_value': None, 'change': True}
2025-03-14 21:04:49,803 : INFO : EventManager : Event: ======'machine_var_audits_missing_switches_s_pop_bumper_2'====== Args={'value': 357, 'prev_value': None, 'change': True}
2025-03-14 21:04:49,803 : INFO : EventManager : Event: ======'machine_var_audits_missing_switches_s_pop_bumper_3'====== Args={'value': 357, 'prev_value': None, 'change': True}
2025-03-14 21:04:49,803 : INFO : EventManager : Event: ======'machine_var_audits_missing_switches_s_right_flipper'====== Args={'value': 363, 'prev_value': None, 'change': True}
2025-03-14 21:04:49,803 : INFO : EventManager : Event: ======'machine_var_audits_missing_switches_s_right_flipper_eos'====== Args={'value': 363, 'prev_value': None, 'change': True}
2025-03-14 21:04:49,804 : INFO : EventManager : Event: ======'machine_var_audits_missing_switches_s_right_inlane'====== Args={'value': 6, 'prev_value': None, 'change': True}
2025-03-14 21:04:49,804 : INFO : EventManager : Event: ======'machine_var_audits_missing_switches_s_right_inner_lane'====== Args={'value': 357, 'prev_value': None, 'change': True}
2025-03-14 21:04:49,804 : INFO : EventManager : Event: ======'machine_var_audits_missing_switches_s_right_outer_lane'====== Args={'value': 357, 'prev_value': None, 'change': True}
2025-03-14 21:04:49,804 : INFO : EventManager : Event: ======'machine_var_audits_missing_switches_s_right_outlane'====== Args={'value': 6, 'prev_value': None, 'change': True}
2025-03-14 21:04:49,804 : INFO : EventManager : Event: ======'machine_var_audits_missing_switches_s_right_sling'====== Args={'value': 363, 'prev_value': None, 'change': True}
2025-03-14 21:04:49,804 : INFO : EventManager : Event: ======'machine_var_audits_missing_switches_s_scanlan'====== Args={'value': 204, 'prev_value': None, 'change': True}
2025-03-14 21:04:49,804 : INFO : EventManager : Event: ======'machine_var_audits_missing_switches_s_start'====== Args={'value': 6, 'prev_value': None, 'change': True}
2025-03-14 21:04:49,805 : INFO : EventManager : Event: ======'machine_var_audits_missing_switches_s_trough_ball_1'====== Args={'value': 363, 'prev_value': None, 'change': True}
2025-03-14 21:04:49,807 : INFO : EventManager : Event: ======'machine_var_audits_missing_switches_s_trough_ball_2'====== Args={'value': 363, 'prev_value': None, 'change': True}
2025-03-14 21:04:49,807 : INFO : EventManager : Event: ======'machine_var_audits_missing_switches_s_trough_ball_3'====== Args={'value': 363, 'prev_value': None, 'change': True}
2025-03-14 21:04:49,808 : INFO : EventManager : Event: ======'machine_var_audits_missing_switches_s_trough_ball_4'====== Args={'value': 278, 'prev_value': None, 'change': True}
2025-03-14 21:04:49,808 : INFO : EventManager : Event: ======'machine_var_audits_missing_switches_s_trough_ball_5'====== Args={'value': 363, 'prev_value': None, 'change': True}
2025-03-14 21:04:49,808 : INFO : EventManager : Event: ======'machine_var_audits_missing_switches_s_trough_ball_6'====== Args={'value': 95, 'prev_value': None, 'change': True}
2025-03-14 21:04:49,808 : INFO : EventManager : Event: ======'machine_var_audits_missing_switches_s_trough_ball_jam'====== Args={'value': 363, 'prev_value': None, 'change': True}
2025-03-14 21:04:49,808 : INFO : EventManager : Event: ======'machine_var_audits_player_score'====== Args={'value': {'average': 0, 'top': [], 'total': 0}, 'prev_value': None, 'change': True}
2025-03-14 21:04:49,808 : INFO : EventManager : Event: ======'machine_var_audits_shots_mead_shot'====== Args={'value': 223, 'prev_value': None, 'change': True}
2025-03-14 21:04:49,808 : INFO : EventManager : Event: ======'machine_var_audits_shots_percy_shot'====== Args={'value': 56, 'prev_value': None, 'change': True}
2025-03-14 21:04:49,808 : INFO : EventManager : Event: ======'machine_var_audits_shots_scanlan_shot'====== Args={'value': 121, 'prev_value': None, 'change': True}
2025-03-14 21:04:49,808 : INFO : EventManager : Event: ======'machine_var_audits_shots_video_shot_1'====== Args={'value': 24, 'prev_value': None, 'change': True}
2025-03-14 21:04:49,809 : INFO : EventManager : Event: ======'machine_var_audits_shots_video_shot_2'====== Args={'value': 20, 'prev_value': None, 'change': True}
2025-03-14 21:04:49,809 : INFO : EventManager : Event: ======'machine_var_audits_switches_s_auto_launcher'====== Args={'value': 0, 'prev_value': None, 'change': True}
2025-03-14 21:04:49,810 : INFO : EventManager : Event: ======'machine_var_audits_switches_s_ball_drain'====== Args={'value': 0, 'prev_value': None, 'change': True}
2025-03-14 21:04:49,810 : INFO : EventManager : Event: ======'machine_var_audits_switches_s_launch'====== Args={'value': 0, 'prev_value': None, 'change': True}
2025-03-14 21:04:49,810 : INFO : EventManager : Event: ======'machine_var_audits_switches_s_left_flipper'====== Args={'value': 36, 'prev_value': None, 'change': True}
2025-03-14 21:04:49,810 : INFO : EventManager : Event: ======'machine_var_audits_switches_s_left_flipper_eos'====== Args={'value': 0, 'prev_value': None, 'change': True}
2025-03-14 21:04:49,810 : INFO : EventManager : Event: ======'machine_var_audits_switches_s_left_inlane'====== Args={'value': 0, 'prev_value': None, 'change': True}
2025-03-14 21:04:49,810 : INFO : EventManager : Event: ======'machine_var_audits_switches_s_left_inner_lane'====== Args={'value': 0, 'prev_value': None, 'change': True}
2025-03-14 21:04:49,810 : INFO : EventManager : Event: ======'machine_var_audits_switches_s_left_outer_lane'====== Args={'value': 0, 'prev_value': None, 'change': True}
2025-03-14 21:04:49,810 : INFO : EventManager : Event: ======'machine_var_audits_switches_s_left_outlane'====== Args={'value': 0, 'prev_value': None, 'change': True}
2025-03-14 21:04:49,810 : INFO : EventManager : Event: ======'machine_var_audits_switches_s_left_sling'====== Args={'value': 7, 'prev_value': None, 'change': True}
2025-03-14 21:04:49,810 : INFO : EventManager : Event: ======'machine_var_audits_switches_s_mead'====== Args={'value': 0, 'prev_value': None, 'change': True}
2025-03-14 21:04:49,811 : INFO : EventManager : Event: ======'machine_var_audits_switches_s_percy'====== Args={'value': 0, 'prev_value': None, 'change': True}
2025-03-14 21:04:49,811 : INFO : EventManager : Event: ======'machine_var_audits_switches_s_plunger'====== Args={'value': 9, 'prev_value': None, 'change': True}
2025-03-14 21:04:49,811 : INFO : EventManager : Event: ======'machine_var_audits_switches_s_pop_bumper_1'====== Args={'value': 0, 'prev_value': None, 'change': True}
2025-03-14 21:04:49,811 : INFO : EventManager : Event: ======'machine_var_audits_switches_s_pop_bumper_2'====== Args={'value': 0, 'prev_value': None, 'change': True}
2025-03-14 21:04:49,811 : INFO : EventManager : Event: ======'machine_var_audits_switches_s_pop_bumper_3'====== Args={'value': 0, 'prev_value': None, 'change': True}
2025-03-14 21:04:49,811 : INFO : EventManager : Event: ======'machine_var_audits_switches_s_right_flipper'====== Args={'value': 131, 'prev_value': None, 'change': True}
2025-03-14 21:04:49,811 : INFO : EventManager : Event: ======'machine_var_audits_switches_s_right_flipper_eos'====== Args={'value': 0, 'prev_value': None, 'change': True}
2025-03-14 21:04:49,811 : INFO : EventManager : Event: ======'machine_var_audits_switches_s_right_inlane'====== Args={'value': 0, 'prev_value': None, 'change': True}
2025-03-14 21:04:49,811 : INFO : EventManager : Event: ======'machine_var_audits_switches_s_right_inner_lane'====== Args={'value': 0, 'prev_value': None, 'change': True}
2025-03-14 21:04:49,811 : INFO : EventManager : Event: ======'machine_var_audits_switches_s_right_outer_lane'====== Args={'value': 0, 'prev_value': None, 'change': True}
2025-03-14 21:04:49,812 : INFO : EventManager : Event: ======'machine_var_audits_switches_s_right_outlane'====== Args={'value': 0, 'prev_value': None, 'change': True}
2025-03-14 21:04:49,812 : INFO : EventManager : Event: ======'machine_var_audits_switches_s_right_sling'====== Args={'value': 3, 'prev_value': None, 'change': True}
2025-03-14 21:04:49,812 : INFO : EventManager : Event: ======'machine_var_audits_switches_s_scanlan'====== Args={'value': 0, 'prev_value': None, 'change': True}
2025-03-14 21:04:49,812 : INFO : EventManager : Event: ======'machine_var_audits_switches_s_start'====== Args={'value': 38, 'prev_value': None, 'change': True}
2025-03-14 21:04:49,812 : INFO : EventManager : Event: ======'machine_var_audits_switches_s_switch_2'====== Args={'value': 0, 'prev_value': None, 'change': True}
2025-03-14 21:04:49,812 : INFO : EventManager : Event: ======'machine_var_audits_switches_s_trough_ball_1'====== Args={'value': 4, 'prev_value': None, 'change': True}
2025-03-14 21:04:49,812 : INFO : EventManager : Event: ======'machine_var_audits_switches_s_trough_ball_2'====== Args={'value': 4, 'prev_value': None, 'change': True}
2025-03-14 21:04:49,812 : INFO : EventManager : Event: ======'machine_var_audits_switches_s_trough_ball_3'====== Args={'value': 1, 'prev_value': None, 'change': True}
2025-03-14 21:04:49,812 : INFO : EventManager : Event: ======'machine_var_audits_switches_s_trough_ball_4'====== Args={'value': 0, 'prev_value': None, 'change': True}
2025-03-14 21:04:49,812 : INFO : EventManager : Event: ======'machine_var_audits_switches_s_trough_ball_5'====== Args={'value': 0, 'prev_value': None, 'change': True}
2025-03-14 21:04:49,812 : INFO : EventManager : Event: ======'machine_var_audits_switches_s_trough_ball_6'====== Args={'value': 1, 'prev_value': None, 'change': True}
2025-03-14 21:04:49,812 : INFO : EventManager : Event: ======'machine_var_audits_switches_s_trough_ball_jam'====== Args={'value': 3, 'prev_value': None, 'change': True}
2025-03-14 21:04:49,812 : INFO : EventManager : Event: ======'machine_var_audits_switches_s_trough_eject_coil'====== Args={'value': 0, 'prev_value': None, 'change': True}
2025-03-14 21:04:49,813 : INFO : EventManager : Event: ======'machine_var_audits_switches_s_flipper_right_eos'====== Args={'value': 0, 'prev_value': None, 'change': True}
2025-03-14 21:04:49,813 : INFO : EventManager : Event: ======'machine_var_audits_switches_s_flipper_left'====== Args={'value': 0, 'prev_value': None, 'change': True}
2025-03-14 21:04:49,813 : INFO : EventManager : Event: ======'machine_var_audits_switches_s_flipper_left_lower_eos'====== Args={'value': 0, 'prev_value': None, 'change': True}
2025-03-14 21:04:49,813 : INFO : EventManager : Event: ======'machine_var_audits_switches_s_flipper_left_upper_eos'====== Args={'value': 0, 'prev_value': None, 'change': True}
2025-03-14 21:04:49,813 : INFO : EventManager : Event: ======'machine_var_audits_switches_s_flipper_right'====== Args={'value': 0, 'prev_value': None, 'change': True}
2025-03-14 21:04:49,814 : INFO : EventManager : Event: ======'init_phase_5'====== Args={}
2025-03-14 21:04:49,816 : INFO : EventManager : Event: ======'init_done'====== Args={}
2025-03-14 21:04:49,817 : INFO : EventManager : Event: ======'machine_reset_phase_1'====== Args={}
2025-03-14 21:04:49,817 : INFO : EventManager : Event: ======'machine_reset_phase_2'====== Args={}
2025-03-14 21:04:49,818 : INFO : EventManager : Event: ======'machine_reset_phase_3'====== Args={}
2025-03-14 21:04:49,819 : INFO : EventManager : Event: ======'reset_complete'====== Args={}
2025-03-14 21:04:49,820 : INFO : EventManager : Event: ======'mode_attract_will_start'====== Args={}
2025-03-14 21:04:49,825 : INFO : EventManager : Event: ======'mode_attract_starting'====== Args={}
2025-03-14 21:04:49,825 : INFO : Mode.attract : Started. Priority: 10
2025-03-14 21:04:49,825 : INFO : EventManager : Event: ======'modes_active_modes_changed'====== Args={}
2025-03-14 21:04:49,825 : INFO : EventManager : Event: ======'mode_attract_started'====== Args={}
2025-03-14 21:04:49,826 : INFO : EventManager : Event: ======'collecting_balls_complete'====== Args={}
2025-03-14 21:04:49,828 : INFO : Machine : Starting the main run loop with active modes: [<Mode.attract>]
2025-03-14 21:04:58,899 : INFO : SwitchController : <<<<<<< 's_flipper_left' inactive >>>>>>>
2025-03-14 21:04:58,899 : INFO : SwitchController : <<<<<<< 's_flipper_right' inactive >>>>>>>
2025-03-14 21:05:00,558 : INFO : SwitchController : <<<<<<< 's_flipper_left' active >>>>>>>
2025-03-14 21:05:00,558 : INFO : SwitchController : <<<<<<< 's_flipper_right' active >>>>>>>
2025-03-14 21:05:00,747 : INFO : SwitchController : <<<<<<< 's_flipper_left' inactive >>>>>>>
2025-03-14 21:05:00,747 : INFO : SwitchController : <<<<<<< 's_flipper_right' inactive >>>>>>>
2025-03-14 21:05:00,824 : INFO : SwitchController : <<<<<<< 's_flipper_left' active >>>>>>>
2025-03-14 21:05:00,824 : INFO : SwitchController : <<<<<<< 's_flipper_right' active >>>>>>>
2025-03-14 21:05:00,840 : INFO : SwitchController : <<<<<<< 's_flipper_left' inactive >>>>>>>
2025-03-14 21:05:00,840 : INFO : SwitchController : <<<<<<< 's_flipper_right' inactive >>>>>>>
2025-03-14 21:05:01,372 : INFO : SwitchController : <<<<<<< 's_flipper_left' active >>>>>>>
2025-03-14 21:05:01,373 : INFO : SwitchController : <<<<<<< 's_flipper_right' active >>>>>>>
2025-03-14 21:05:01,420 : INFO : SwitchController : <<<<<<< 's_flipper_left' inactive >>>>>>>
2025-03-14 21:05:01,420 : INFO : SwitchController : <<<<<<< 's_flipper_right' inactive >>>>>>>
2025-03-14 21:05:01,420 : INFO : SwitchController : <<<<<<< 's_flipper_left' active >>>>>>>
2025-03-14 21:05:01,420 : INFO : SwitchController : <<<<<<< 's_flipper_right' active >>>>>>>
2025-03-14 21:05:01,497 : INFO : SwitchController : <<<<<<< 's_flipper_left' inactive >>>>>>>
2025-03-14 21:05:01,497 : INFO : SwitchController : <<<<<<< 's_flipper_right' inactive >>>>>>>
2025-03-14 21:05:01,512 : INFO : SwitchController : <<<<<<< 's_flipper_left' active >>>>>>>
2025-03-14 21:05:01,513 : INFO : SwitchController : <<<<<<< 's_flipper_right' active >>>>>>>
2025-03-14 21:05:01,575 : INFO : SwitchController : <<<<<<< 's_flipper_left' inactive >>>>>>>
2025-03-14 21:05:01,575 : INFO : SwitchController : <<<<<<< 's_flipper_right' inactive >>>>>>>
2025-03-14 21:05:01,808 : INFO : SwitchController : <<<<<<< 's_flipper_left' active >>>>>>>
2025-03-14 21:05:01,809 : INFO : SwitchController : <<<<<<< 's_flipper_right' active >>>>>>>
2025-03-14 21:05:01,824 : INFO : SwitchController : <<<<<<< 's_flipper_left' inactive >>>>>>>
2025-03-14 21:05:01,825 : INFO : SwitchController : <<<<<<< 's_flipper_right' inactive >>>>>>>
2025-03-14 21:05:01,870 : INFO : SwitchController : <<<<<<< 's_flipper_left' active >>>>>>>
2025-03-14 21:05:01,870 : INFO : SwitchController : <<<<<<< 's_flipper_right' active >>>>>>>
2025-03-14 21:05:01,870 : INFO : SwitchController : <<<<<<< 's_flipper_left' inactive >>>>>>>
2025-03-14 21:05:01,870 : INFO : SwitchController : <<<<<<< 's_flipper_right' inactive >>>>>>>
2025-03-14 21:05:01,885 : INFO : SwitchController : <<<<<<< 's_flipper_left' active >>>>>>>
2025-03-14 21:05:01,885 : INFO : SwitchController : <<<<<<< 's_flipper_right' active >>>>>>>
2025-03-14 21:05:01,886 : INFO : SwitchController : <<<<<<< 's_flipper_left' inactive >>>>>>>
2025-03-14 21:05:01,886 : INFO : SwitchController : <<<<<<< 's_flipper_right' inactive >>>>>>>
2025-03-14 21:05:01,900 : INFO : SwitchController : <<<<<<< 's_flipper_left' active >>>>>>>
2025-03-14 21:05:01,901 : INFO : SwitchController : <<<<<<< 's_flipper_right' active >>>>>>>
2025-03-14 21:05:01,901 : INFO : SwitchController : <<<<<<< 's_flipper_left' inactive >>>>>>>
2025-03-14 21:05:01,901 : INFO : SwitchController : <<<<<<< 's_flipper_right' inactive >>>>>>>
2025-03-14 21:05:02,150 : INFO : SwitchController : <<<<<<< 's_flipper_left' active >>>>>>>
2025-03-14 21:05:02,150 : INFO : SwitchController : <<<<<<< 's_flipper_right' active >>>>>>>
2025-03-14 21:05:02,167 : INFO : SwitchController : <<<<<<< 's_flipper_left' inactive >>>>>>>
2025-03-14 21:05:02,167 : INFO : SwitchController : <<<<<<< 's_flipper_right' inactive >>>>>>>
2025-03-14 21:05:02,198 : INFO : SwitchController : <<<<<<< 's_flipper_left' active >>>>>>>
2025-03-14 21:05:02,198 : INFO : SwitchController : <<<<<<< 's_flipper_right' active >>>>>>>
2025-03-14 21:05:02,214 : INFO : SwitchController : <<<<<<< 's_flipper_left' inactive >>>>>>>
2025-03-14 21:05:02,214 : INFO : SwitchController : <<<<<<< 's_flipper_right' inactive >>>>>>>
2025-03-14 21:05:02,259 : INFO : SwitchController : <<<<<<< 's_flipper_left' active >>>>>>>
2025-03-14 21:05:02,259 : INFO : SwitchController : <<<<<<< 's_flipper_right' active >>>>>>>
2025-03-14 21:05:02,274 : INFO : SwitchController : <<<<<<< 's_flipper_left' inactive >>>>>>>
2025-03-14 21:05:02,275 : INFO : SwitchController : <<<<<<< 's_flipper_right' inactive >>>>>>>
2025-03-14 21:05:02,291 : INFO : SwitchController : <<<<<<< 's_flipper_left' active >>>>>>>
2025-03-14 21:05:02,292 : INFO : SwitchController : <<<<<<< 's_flipper_right' active >>>>>>>
2025-03-14 21:05:02,384 : INFO : SwitchController : <<<<<<< 's_flipper_left' inactive >>>>>>>
2025-03-14 21:05:02,385 : INFO : SwitchController : <<<<<<< 's_flipper_right' inactive >>>>>>>
2025-03-14 21:05:02,385 : INFO : SwitchController : <<<<<<< 's_flipper_left' active >>>>>>>
2025-03-14 21:05:02,385 : INFO : SwitchController : <<<<<<< 's_flipper_right' active >>>>>>>
2025-03-14 21:05:02,430 : INFO : SwitchController : <<<<<<< 's_flipper_left' inactive >>>>>>>
2025-03-14 21:05:02,431 : INFO : SwitchController : <<<<<<< 's_flipper_right' inactive >>>>>>>
2025-03-14 21:05:02,463 : INFO : SwitchController : <<<<<<< 's_flipper_left' active >>>>>>>
2025-03-14 21:05:02,463 : INFO : SwitchController : <<<<<<< 's_flipper_right' active >>>>>>>
2025-03-14 21:05:02,508 : INFO : SwitchController : <<<<<<< 's_flipper_left' inactive >>>>>>>
2025-03-14 21:05:02,508 : INFO : SwitchController : <<<<<<< 's_flipper_right' inactive >>>>>>>
2025-03-14 21:05:02,539 : INFO : SwitchController : <<<<<<< 's_flipper_left' active >>>>>>>
2025-03-14 21:05:02,539 : INFO : SwitchController : <<<<<<< 's_flipper_right' active >>>>>>>
2025-03-14 21:05:02,586 : INFO : SwitchController : <<<<<<< 's_flipper_left' inactive >>>>>>>
2025-03-14 21:05:02,586 : INFO : SwitchController : <<<<<<< 's_flipper_right' inactive >>>>>>>
2025-03-14 21:05:02,586 : INFO : SwitchController : <<<<<<< 's_flipper_left' active >>>>>>>
2025-03-14 21:05:02,586 : INFO : SwitchController : <<<<<<< 's_flipper_right' active >>>>>>>
2025-03-14 21:05:03,535 : INFO : SwitchController : <<<<<<< 's_flipper_left' inactive >>>>>>>
2025-03-14 21:05:03,536 : INFO : SwitchController : <<<<<<< 's_flipper_right' inactive >>>>>>>
2025-03-14 21:05:03,952 : INFO : SwitchController : <<<<<<< 's_flipper_left' active >>>>>>>
2025-03-14 21:05:03,953 : INFO : SwitchController : <<<<<<< 's_flipper_right' active >>>>>>>
2025-03-14 21:05:04,434 : INFO : SwitchController : <<<<<<< 's_flipper_left' inactive >>>>>>>
2025-03-14 21:05:04,434 : INFO : SwitchController : <<<<<<< 's_flipper_right' inactive >>>>>>>
2025-03-14 21:05:04,714 : INFO : SwitchController : <<<<<<< 's_flipper_left' active >>>>>>>
2025-03-14 21:05:04,715 : INFO : SwitchController : <<<<<<< 's_flipper_right' active >>>>>>>
2025-03-14 21:05:08,103 : INFO : SwitchController : <<<<<<< 's_flipper_left' inactive >>>>>>>
2025-03-14 21:05:08,103 : INFO : SwitchController : <<<<<<< 's_flipper_right' inactive >>>>>>>
2025-03-14 21:05:08,351 : INFO : SwitchController : <<<<<<< 's_flipper_left' active >>>>>>>
2025-03-14 21:05:08,352 : INFO : SwitchController : <<<<<<< 's_flipper_right' active >>>>>>>
2025-03-14 21:05:08,950 : INFO : SwitchController : <<<<<<< 's_flipper_left' inactive >>>>>>>
2025-03-14 21:05:08,950 : INFO : SwitchController : <<<<<<< 's_flipper_right' inactive >>>>>>>
2025-03-14 21:05:09,153 : INFO : SwitchController : <<<<<<< 's_flipper_left' active >>>>>>>
2025-03-14 21:05:09,154 : INFO : SwitchController : <<<<<<< 's_flipper_right' active >>>>>>>
2025-03-14 21:05:09,606 : INFO : SwitchController : <<<<<<< 's_flipper_left' inactive >>>>>>>
2025-03-14 21:05:09,607 : INFO : SwitchController : <<<<<<< 's_flipper_right' inactive >>>>>>>
2025-03-14 21:05:09,822 : INFO : SwitchController : <<<<<<< 's_flipper_left' active >>>>>>>
2025-03-14 21:05:09,823 : INFO : SwitchController : <<<<<<< 's_flipper_right' active >>>>>>>
2025-03-14 21:05:10,075 : INFO : SwitchController : <<<<<<< 's_flipper_left' inactive >>>>>>>
2025-03-14 21:05:10,076 : INFO : SwitchController : <<<<<<< 's_flipper_right' inactive >>>>>>>
2025-03-14 21:05:10,292 : INFO : SwitchController : <<<<<<< 's_flipper_left' active >>>>>>>
2025-03-14 21:05:10,292 : INFO : SwitchController : <<<<<<< 's_flipper_right' active >>>>>>>
2025-03-14 21:05:16,058 : INFO : Machine : Shutting down...
2025-03-14 21:05:16,059 : INFO : EventManager : Event: ======'shutdown'====== Args={}
2025-03-14 21:05:16,165 : INFO : root : MPF run loop ended.
