2025-03-14 21:42:26,261 : INFO : root : Loading config.
2025-03-14 21:42:26,267 : INFO : YamlMultifileConfigLoader : Machine config file #1: config.yaml
2025-03-14 21:42:26,268 : INFO : ConfigProcessor : Loading config from cache: C:\Users\User\AppData\Local\Temp\5682b9bdeb2b9ad8a31c13560e038609.mpf_cache
2025-03-14 21:42:26,292 : WARNING : ConfigProcessor : Config file in cache changed: C:\Users\User\Desktop\fast_homebrew_godot_v2\fast_homebrew_godot_v2\config\coils.yaml
2025-03-14 21:42:26,292 : INFO : ConfigProcessor : Loading config from file C:\Users\User\AppData\Local\Programs\Python\Python312\Lib\site-packages\mpf\mpfconfig.yaml.
2025-03-14 21:42:26,325 : INFO : ConfigProcessor : Loading config: C:\Users\User\AppData\Local\Programs\Python\Python312\Lib\site-packages\mpf\mpfconfig.yaml
2025-03-14 21:42:26,326 : INFO : ConfigProcessor : Loading config from file C:\Users\User\Desktop\fast_homebrew_godot_v2\fast_homebrew_godot_v2\config\config.yaml.
2025-03-14 21:42:26,331 : INFO : ConfigProcessor : Loading config: C:\Users\User\Desktop\fast_homebrew_godot_v2\fast_homebrew_godot_v2\config\config.yaml
2025-03-14 21:42:26,332 : INFO : ConfigProcessor : Loading config: C:\Users\User\Desktop\fast_homebrew_godot_v2\fast_homebrew_godot_v2\config\lights.yaml
2025-03-14 21:42:26,335 : INFO : ConfigProcessor : Loading config: C:\Users\User\Desktop\fast_homebrew_godot_v2\fast_homebrew_godot_v2\config\coils.yaml
2025-03-14 21:42:26,340 : INFO : ConfigProcessor : Loading config: C:\Users\User\Desktop\fast_homebrew_godot_v2\fast_homebrew_godot_v2\config\switches.yaml
2025-03-14 21:42:26,345 : INFO : ConfigProcessor : Loading config: C:\Users\User\Desktop\fast_homebrew_godot_v2\fast_homebrew_godot_v2\config\images.yaml
2025-03-14 21:42:26,347 : INFO : ConfigProcessor : Loading config: C:\Users\User\Desktop\fast_homebrew_godot_v2\fast_homebrew_godot_v2\config\videos.yaml
2025-03-14 21:42:26,350 : INFO : ConfigProcessor : Config file cache created: C:\Users\User\AppData\Local\Temp\5682b9bdeb2b9ad8a31c13560e038609.mpf_cache
2025-03-14 21:42:26,562 : INFO : ConfigProcessor : Loading config from cache: C:\Users\User\AppData\Local\Temp\8422c6572f827355f8aade1949d04025.mpf_cache
2025-03-14 21:42:26,565 : INFO : ConfigProcessor : Loading config from cache: C:\Users\User\AppData\Local\Temp\1c0e7e9816717d8e62c4728dfe372999.mpf_cache
2025-03-14 21:42:26,566 : INFO : ConfigProcessor : Loading config from cache: C:\Users\User\AppData\Local\Temp\e3e8065d662ad307fa9574659e7e4e8e.mpf_cache
2025-03-14 21:42:26,569 : INFO : ConfigProcessor : Loading config from cache: C:\Users\User\AppData\Local\Temp\8422c6572f827355f8aade1949d04025.mpf_cache
2025-03-14 21:42:26,570 : INFO : Machine : Mission Pinball Framework Core Engine v0.80.0.dev6
2025-03-14 21:42:26,570 : INFO : Machine : Command line arguments: {'no_load_cache': False, 'create_config_cache': True, 'bcp': False, 'configfile': ['config.yaml'], 'force_assets_load': False, 'platform_integration_test': False, 'jsonlogging': False, 'logfile': 'logs\\2025-03-14-21-42-26-mpf-BERNIE.log', 'pause': False, 'production': False, 'text_ui': False, 'loglevel': 15, 'consoleloglevel': 20, 'force_platform': None, 'syslog_address': None, 'full_logfile_path': 'C:\\Users\\User\\Desktop\\fast_homebrew_godot_v2\\fast_homebrew_godot_v2\\logs\\2025-03-14-21-42-26-mpf-BERNIE.log'}
2025-03-14 21:42:26,570 : INFO : Machine : MPF path: C:\Users\User\AppData\Local\Programs\Python\Python312\Lib\site-packages\mpf
2025-03-14 21:42:26,570 : INFO : Machine : Machine path: C:\Users\User\Desktop\fast_homebrew_godot_v2\fast_homebrew_godot_v2
2025-03-14 21:42:26,570 : INFO : Machine : Platform: win32
2025-03-14 21:42:26,572 : INFO : Machine : Python executable location: C:\Users\User\AppData\Local\Programs\Python\Python312\python.exe
2025-03-14 21:42:26,573 : INFO : Machine : Python version: 3.12.3 (64-bit)
2025-03-14 21:42:26,579 : INFO : Machine : Initializing MPF...
2025-03-14 21:42:26,794 : INFO : FAST : Auto-detecting ports for the following connections: ['net']
2025-03-14 21:42:26,848 : INFO : FAST : Detected NET on port COM5
2025-03-14 21:42:26,962 : INFO : FAST [NET] : Trying to connect to COM5 at 921600bps
2025-03-14 21:42:26,995 : INFO : FAST [NET] : Connected to COM5 at 921600bps
2025-03-14 21:42:27,007 : INFO : FAST [NET] : Connected to FP-CPU-2000 with firmware v02.26
2025-03-14 21:42:27,036 : INFO : FAST [NET] : Registered I/O Board 0: Model: FP-I/O-3208, Firmware: 01.10, Switches: 32, Drivers: 8
2025-03-14 21:42:27,037 : INFO : EventManager : Event: ======'machine_var_credits_string'====== Args={'value': 'FREE PLAY', 'prev_value': None, 'change': True}
2025-03-14 21:42:27,100 : INFO : EventManager : Event: ======'machine_var_master_volume'====== Args={'value': 0.5, 'prev_value': None, 'change': True}
2025-03-14 21:42:27,101 : INFO : EventManager : Event: ======'machine_var_mpf_version'====== Args={'value': 'Mission Pinball Framework v0.80.0.dev6', 'prev_value': None, 'change': True}
2025-03-14 21:42:27,101 : INFO : EventManager : Event: ======'machine_var_mpf_extended_version'====== Args={'value': 'Mission Pinball Framework v0.80.0.dev6, Config version:6, Show version: 6, BCP version:1.1', 'prev_value': None, 'change': True}
2025-03-14 21:42:27,102 : INFO : EventManager : Event: ======'machine_var_python_version'====== Args={'value': '3.12.3', 'prev_value': None, 'change': True}
2025-03-14 21:42:27,267 : INFO : EventManager : Event: ======'machine_var_platform'====== Args={'value': 'Windows-11-10.0.22631-SP0', 'prev_value': None, 'change': True}
2025-03-14 21:42:27,267 : INFO : EventManager : Event: ======'machine_var_platform_system'====== Args={'value': 'Windows', 'prev_value': None, 'change': True}
2025-03-14 21:42:27,268 : INFO : EventManager : Event: ======'machine_var_platform_release'====== Args={'value': '11', 'prev_value': None, 'change': True}
2025-03-14 21:42:27,268 : INFO : EventManager : Event: ======'machine_var_platform_version'====== Args={'value': '10.0.22631', 'prev_value': None, 'change': True}
2025-03-14 21:42:27,268 : INFO : EventManager : Event: ======'machine_var_platform_machine'====== Args={'value': 'AMD64', 'prev_value': None, 'change': True}
2025-03-14 21:42:27,268 : INFO : EventManager : Event: ======'machine_var_log_file_path'====== Args={'value': 'C:\\Users\\User\\Desktop\\fast_homebrew_godot_v2\\fast_homebrew_godot_v2\\logs\\2025-03-14-21-42-26-mpf-BERNIE.log', 'prev_value': None, 'change': True}
2025-03-14 21:42:27,268 : INFO : EventManager : Event: ======'init_phase_1'====== Args={}
2025-03-14 21:42:29,787 : INFO : SwitchController : <<<<<<< 's_trough_ball_jam' active >>>>>>>
2025-03-14 21:42:29,788 : INFO : SwitchController : <<<<<<< 's_trough_ball_1' active >>>>>>>
2025-03-14 21:42:29,788 : INFO : EventManager : Event: ======'init_phase_2'====== Args={}
2025-03-14 21:42:29,789 : INFO : SwitchController : Found active switch: (6, [FAST Platform Interface]) <switch.s_trough_ball_jam>
2025-03-14 21:42:29,789 : INFO : SwitchController : Found active switch: (0, [FAST Platform Interface]) <switch.s_trough_ball_1>
2025-03-14 21:42:30,286 : INFO : ball_device.bd_trough : BCH: Initial count: 1
2025-03-14 21:42:30,287 : INFO : ball_device.bd_trough : State: idle
2025-03-14 21:42:30,288 : INFO : ball_device.bd_plunger : BCH: Initial count: 0
2025-03-14 21:42:30,288 : INFO : ball_device.bd_plunger : State: idle
2025-03-14 21:42:30,314 : INFO : EventManager : Event: ======'init_phase_3'====== Args={}
2025-03-14 21:42:30,317 : INFO : EventManager : Event: ======'init_phase_4'====== Args={}
2025-03-14 21:42:30,318 : INFO : BallController : Initial balls found: 1
2025-03-14 21:42:30,320 : INFO : EventManager : Event: ======'machine_var_audits_events_game_ended'====== Args={'value': 0, 'prev_value': None, 'change': True}
2025-03-14 21:42:30,320 : INFO : EventManager : Event: ======'machine_var_audits_events_game_started'====== Args={'value': 390, 'prev_value': None, 'change': True}
2025-03-14 21:42:30,320 : INFO : EventManager : Event: ======'machine_var_audits_missing_switches_s_flipper_right'====== Args={'value': 1, 'prev_value': None, 'change': True}
2025-03-14 21:42:30,320 : INFO : EventManager : Event: ======'machine_var_audits_missing_switches_s_launch'====== Args={'value': 6, 'prev_value': None, 'change': True}
2025-03-14 21:42:30,320 : INFO : EventManager : Event: ======'machine_var_audits_missing_switches_s_left_flipper'====== Args={'value': 363, 'prev_value': None, 'change': True}
2025-03-14 21:42:30,321 : INFO : EventManager : Event: ======'machine_var_audits_missing_switches_s_left_flipper_eos'====== Args={'value': 363, 'prev_value': None, 'change': True}
2025-03-14 21:42:30,321 : INFO : EventManager : Event: ======'machine_var_audits_missing_switches_s_left_inlane'====== Args={'value': 6, 'prev_value': None, 'change': True}
2025-03-14 21:42:30,322 : INFO : EventManager : Event: ======'machine_var_audits_missing_switches_s_left_inner_lane'====== Args={'value': 357, 'prev_value': None, 'change': True}
2025-03-14 21:42:30,322 : INFO : EventManager : Event: ======'machine_var_audits_missing_switches_s_left_outer_lane'====== Args={'value': 153, 'prev_value': None, 'change': True}
2025-03-14 21:42:30,324 : INFO : EventManager : Event: ======'machine_var_audits_missing_switches_s_left_outlane'====== Args={'value': 6, 'prev_value': None, 'change': True}
2025-03-14 21:42:30,324 : INFO : EventManager : Event: ======'machine_var_audits_missing_switches_s_left_sling'====== Args={'value': 363, 'prev_value': None, 'change': True}
2025-03-14 21:42:30,324 : INFO : EventManager : Event: ======'machine_var_audits_missing_switches_s_mead'====== Args={'value': 267, 'prev_value': None, 'change': True}
2025-03-14 21:42:30,324 : INFO : EventManager : Event: ======'machine_var_audits_missing_switches_s_percy'====== Args={'value': 85, 'prev_value': None, 'change': True}
2025-03-14 21:42:30,324 : INFO : EventManager : Event: ======'machine_var_audits_missing_switches_s_pop_bumper_1'====== Args={'value': 357, 'prev_value': None, 'change': True}
2025-03-14 21:42:30,324 : INFO : EventManager : Event: ======'machine_var_audits_missing_switches_s_pop_bumper_2'====== Args={'value': 357, 'prev_value': None, 'change': True}
2025-03-14 21:42:30,325 : INFO : EventManager : Event: ======'machine_var_audits_missing_switches_s_pop_bumper_3'====== Args={'value': 357, 'prev_value': None, 'change': True}
2025-03-14 21:42:30,325 : INFO : EventManager : Event: ======'machine_var_audits_missing_switches_s_right_flipper'====== Args={'value': 363, 'prev_value': None, 'change': True}
2025-03-14 21:42:30,325 : INFO : EventManager : Event: ======'machine_var_audits_missing_switches_s_right_flipper_eos'====== Args={'value': 363, 'prev_value': None, 'change': True}
2025-03-14 21:42:30,325 : INFO : EventManager : Event: ======'machine_var_audits_missing_switches_s_right_inlane'====== Args={'value': 6, 'prev_value': None, 'change': True}
2025-03-14 21:42:30,325 : INFO : EventManager : Event: ======'machine_var_audits_missing_switches_s_right_inner_lane'====== Args={'value': 357, 'prev_value': None, 'change': True}
2025-03-14 21:42:30,325 : INFO : EventManager : Event: ======'machine_var_audits_missing_switches_s_right_outer_lane'====== Args={'value': 357, 'prev_value': None, 'change': True}
2025-03-14 21:42:30,325 : INFO : EventManager : Event: ======'machine_var_audits_missing_switches_s_right_outlane'====== Args={'value': 6, 'prev_value': None, 'change': True}
2025-03-14 21:42:30,326 : INFO : EventManager : Event: ======'machine_var_audits_missing_switches_s_right_sling'====== Args={'value': 363, 'prev_value': None, 'change': True}
2025-03-14 21:42:30,326 : INFO : EventManager : Event: ======'machine_var_audits_missing_switches_s_scanlan'====== Args={'value': 204, 'prev_value': None, 'change': True}
2025-03-14 21:42:30,326 : INFO : EventManager : Event: ======'machine_var_audits_missing_switches_s_trough_ball_1'====== Args={'value': 364, 'prev_value': None, 'change': True}
2025-03-14 21:42:30,326 : INFO : EventManager : Event: ======'machine_var_audits_missing_switches_s_trough_ball_jam'====== Args={'value': 364, 'prev_value': None, 'change': True}
2025-03-14 21:42:30,326 : INFO : EventManager : Event: ======'machine_var_audits_player_score'====== Args={'value': {'average': 0, 'top': [], 'total': 0}, 'prev_value': None, 'change': True}
2025-03-14 21:42:30,326 : INFO : EventManager : Event: ======'machine_var_audits_shots_mead_shot'====== Args={'value': 223, 'prev_value': None, 'change': True}
2025-03-14 21:42:30,326 : INFO : EventManager : Event: ======'machine_var_audits_shots_percy_shot'====== Args={'value': 56, 'prev_value': None, 'change': True}
2025-03-14 21:42:30,326 : INFO : EventManager : Event: ======'machine_var_audits_shots_scanlan_shot'====== Args={'value': 121, 'prev_value': None, 'change': True}
2025-03-14 21:42:30,326 : INFO : EventManager : Event: ======'machine_var_audits_shots_video_shot_1'====== Args={'value': 24, 'prev_value': None, 'change': True}
2025-03-14 21:42:30,326 : INFO : EventManager : Event: ======'machine_var_audits_shots_video_shot_2'====== Args={'value': 20, 'prev_value': None, 'change': True}
2025-03-14 21:42:30,327 : INFO : EventManager : Event: ======'machine_var_audits_switches_s_auto_launcher'====== Args={'value': 0, 'prev_value': None, 'change': True}
2025-03-14 21:42:30,327 : INFO : EventManager : Event: ======'machine_var_audits_switches_s_ball_drain'====== Args={'value': 0, 'prev_value': None, 'change': True}
2025-03-14 21:42:30,327 : INFO : EventManager : Event: ======'machine_var_audits_switches_s_flipper_left'====== Args={'value': 13, 'prev_value': None, 'change': True}
2025-03-14 21:42:30,327 : INFO : EventManager : Event: ======'machine_var_audits_switches_s_flipper_left_lower_eos'====== Args={'value': 2, 'prev_value': None, 'change': True}
2025-03-14 21:42:30,327 : INFO : EventManager : Event: ======'machine_var_audits_switches_s_flipper_left_upper_eos'====== Args={'value': 1, 'prev_value': None, 'change': True}
2025-03-14 21:42:30,327 : INFO : EventManager : Event: ======'machine_var_audits_switches_s_flipper_right'====== Args={'value': 0, 'prev_value': None, 'change': True}
2025-03-14 21:42:30,327 : INFO : EventManager : Event: ======'machine_var_audits_switches_s_flipper_right_eos'====== Args={'value': 1, 'prev_value': None, 'change': True}
2025-03-14 21:42:30,327 : INFO : EventManager : Event: ======'machine_var_audits_switches_s_launch'====== Args={'value': 0, 'prev_value': None, 'change': True}
2025-03-14 21:42:30,327 : INFO : EventManager : Event: ======'machine_var_audits_switches_s_left_flipper'====== Args={'value': 36, 'prev_value': None, 'change': True}
2025-03-14 21:42:30,328 : INFO : EventManager : Event: ======'machine_var_audits_switches_s_left_flipper_eos'====== Args={'value': 0, 'prev_value': None, 'change': True}
2025-03-14 21:42:30,328 : INFO : EventManager : Event: ======'machine_var_audits_switches_s_left_inlane'====== Args={'value': 0, 'prev_value': None, 'change': True}
2025-03-14 21:42:30,328 : INFO : EventManager : Event: ======'machine_var_audits_switches_s_left_inner_lane'====== Args={'value': 0, 'prev_value': None, 'change': True}
2025-03-14 21:42:30,328 : INFO : EventManager : Event: ======'machine_var_audits_switches_s_left_outer_lane'====== Args={'value': 0, 'prev_value': None, 'change': True}
2025-03-14 21:42:30,328 : INFO : EventManager : Event: ======'machine_var_audits_switches_s_left_outlane'====== Args={'value': 0, 'prev_value': None, 'change': True}
2025-03-14 21:42:30,328 : INFO : EventManager : Event: ======'machine_var_audits_switches_s_left_sling'====== Args={'value': 7, 'prev_value': None, 'change': True}
2025-03-14 21:42:30,328 : INFO : EventManager : Event: ======'machine_var_audits_switches_s_mead'====== Args={'value': 0, 'prev_value': None, 'change': True}
2025-03-14 21:42:30,328 : INFO : EventManager : Event: ======'machine_var_audits_switches_s_percy'====== Args={'value': 0, 'prev_value': None, 'change': True}
2025-03-14 21:42:30,328 : INFO : EventManager : Event: ======'machine_var_audits_switches_s_plunger'====== Args={'value': 10, 'prev_value': None, 'change': True}
2025-03-14 21:42:30,329 : INFO : EventManager : Event: ======'machine_var_audits_switches_s_pop_bumper_1'====== Args={'value': 0, 'prev_value': None, 'change': True}
2025-03-14 21:42:30,329 : INFO : EventManager : Event: ======'machine_var_audits_switches_s_pop_bumper_2'====== Args={'value': 0, 'prev_value': None, 'change': True}
2025-03-14 21:42:30,329 : INFO : EventManager : Event: ======'machine_var_audits_switches_s_pop_bumper_3'====== Args={'value': 0, 'prev_value': None, 'change': True}
2025-03-14 21:42:30,329 : INFO : EventManager : Event: ======'machine_var_audits_switches_s_right_flipper'====== Args={'value': 131, 'prev_value': None, 'change': True}
2025-03-14 21:42:30,329 : INFO : EventManager : Event: ======'machine_var_audits_switches_s_right_flipper_eos'====== Args={'value': 0, 'prev_value': None, 'change': True}
2025-03-14 21:42:30,329 : INFO : EventManager : Event: ======'machine_var_audits_switches_s_right_inlane'====== Args={'value': 0, 'prev_value': None, 'change': True}
2025-03-14 21:42:30,329 : INFO : EventManager : Event: ======'machine_var_audits_switches_s_right_inner_lane'====== Args={'value': 0, 'prev_value': None, 'change': True}
2025-03-14 21:42:30,329 : INFO : EventManager : Event: ======'machine_var_audits_switches_s_right_outer_lane'====== Args={'value': 0, 'prev_value': None, 'change': True}
2025-03-14 21:42:30,329 : INFO : EventManager : Event: ======'machine_var_audits_switches_s_right_outlane'====== Args={'value': 0, 'prev_value': None, 'change': True}
2025-03-14 21:42:30,329 : INFO : EventManager : Event: ======'machine_var_audits_switches_s_right_sling'====== Args={'value': 3, 'prev_value': None, 'change': True}
2025-03-14 21:42:30,329 : INFO : EventManager : Event: ======'machine_var_audits_switches_s_scanlan'====== Args={'value': 0, 'prev_value': None, 'change': True}
2025-03-14 21:42:30,330 : INFO : EventManager : Event: ======'machine_var_audits_switches_s_start'====== Args={'value': 42, 'prev_value': None, 'change': True}
2025-03-14 21:42:30,330 : INFO : EventManager : Event: ======'machine_var_audits_switches_s_switch_2'====== Args={'value': 0, 'prev_value': None, 'change': True}
2025-03-14 21:42:30,330 : INFO : EventManager : Event: ======'machine_var_audits_switches_s_trough_ball_1'====== Args={'value': 4, 'prev_value': None, 'change': True}
2025-03-14 21:42:30,330 : INFO : EventManager : Event: ======'machine_var_audits_switches_s_trough_ball_2'====== Args={'value': 5, 'prev_value': None, 'change': True}
2025-03-14 21:42:30,330 : INFO : EventManager : Event: ======'machine_var_audits_switches_s_trough_ball_3'====== Args={'value': 2, 'prev_value': None, 'change': True}
2025-03-14 21:42:30,330 : INFO : EventManager : Event: ======'machine_var_audits_switches_s_trough_ball_4'====== Args={'value': 1, 'prev_value': None, 'change': True}
2025-03-14 21:42:30,330 : INFO : EventManager : Event: ======'machine_var_audits_switches_s_trough_ball_5'====== Args={'value': 1, 'prev_value': None, 'change': True}
2025-03-14 21:42:30,330 : INFO : EventManager : Event: ======'machine_var_audits_switches_s_trough_ball_6'====== Args={'value': 2, 'prev_value': None, 'change': True}
2025-03-14 21:42:30,330 : INFO : EventManager : Event: ======'machine_var_audits_switches_s_trough_ball_jam'====== Args={'value': 3, 'prev_value': None, 'change': True}
2025-03-14 21:42:30,330 : INFO : EventManager : Event: ======'machine_var_audits_switches_s_trough_eject_coil'====== Args={'value': 0, 'prev_value': None, 'change': True}
2025-03-14 21:42:30,331 : INFO : EventManager : Event: ======'init_phase_5'====== Args={}
2025-03-14 21:42:30,332 : INFO : EventManager : Event: ======'init_done'====== Args={}
2025-03-14 21:42:30,333 : INFO : EventManager : Event: ======'machine_reset_phase_1'====== Args={}
2025-03-14 21:42:30,334 : INFO : EventManager : Event: ======'machine_reset_phase_2'====== Args={}
2025-03-14 21:42:30,335 : INFO : EventManager : Event: ======'machine_reset_phase_3'====== Args={}
2025-03-14 21:42:30,336 : INFO : EventManager : Event: ======'reset_complete'====== Args={}
2025-03-14 21:42:30,337 : INFO : EventManager : Event: ======'mode_attract_will_start'====== Args={}
2025-03-14 21:42:30,341 : INFO : EventManager : Event: ======'mode_attract_starting'====== Args={}
2025-03-14 21:42:30,341 : INFO : Mode.attract : Started. Priority: 10
2025-03-14 21:42:30,341 : INFO : EventManager : Event: ======'modes_active_modes_changed'====== Args={}
2025-03-14 21:42:30,341 : INFO : EventManager : Event: ======'mode_attract_started'====== Args={}
2025-03-14 21:42:30,342 : INFO : EventManager : Event: ======'collecting_balls_complete'====== Args={}
2025-03-14 21:42:30,342 : INFO : Machine : Starting the main run loop with active modes: [<Mode.attract>]
2025-03-14 21:42:45,874 : INFO : SwitchController : <<<<<<< 's_flipper_right' active >>>>>>>
2025-03-14 21:42:45,890 : INFO : SwitchController : <<<<<<< 's_flipper_right' inactive >>>>>>>
2025-03-14 21:42:45,908 : INFO : SwitchController : <<<<<<< 's_flipper_right_eos' active >>>>>>>
2025-03-14 21:42:45,908 : INFO : SwitchController : <<<<<<< 's_flipper_right' active >>>>>>>
2025-03-14 21:42:45,923 : INFO : SwitchController : <<<<<<< 's_flipper_right' inactive >>>>>>>
2025-03-14 21:42:45,939 : INFO : SwitchController : <<<<<<< 's_flipper_right' active >>>>>>>
2025-03-14 21:42:45,952 : INFO : SwitchController : <<<<<<< 's_flipper_right' inactive >>>>>>>
2025-03-14 21:42:46,046 : INFO : SwitchController : <<<<<<< 's_flipper_right_eos' inactive >>>>>>>
2025-03-14 21:42:46,125 : INFO : SwitchController : <<<<<<< 's_flipper_right' active >>>>>>>
2025-03-14 21:42:46,157 : INFO : SwitchController : <<<<<<< 's_flipper_right_eos' active >>>>>>>
2025-03-14 21:42:46,422 : INFO : SwitchController : <<<<<<< 's_flipper_right' inactive >>>>>>>
2025-03-14 21:42:46,469 : INFO : SwitchController : <<<<<<< 's_flipper_right' active >>>>>>>
2025-03-14 21:42:46,563 : INFO : SwitchController : <<<<<<< 's_flipper_right' inactive >>>>>>>
2025-03-14 21:42:46,640 : INFO : SwitchController : <<<<<<< 's_flipper_right_eos' inactive >>>>>>>
2025-03-14 21:42:46,640 : INFO : SwitchController : <<<<<<< 's_flipper_right' active >>>>>>>
2025-03-14 21:42:46,657 : INFO : SwitchController : <<<<<<< 's_flipper_right' inactive >>>>>>>
2025-03-14 21:42:46,673 : INFO : SwitchController : <<<<<<< 's_flipper_right_eos' active >>>>>>>
2025-03-14 21:42:46,707 : INFO : SwitchController : <<<<<<< 's_flipper_right' active >>>>>>>
2025-03-14 21:42:46,708 : INFO : SwitchController : <<<<<<< 's_flipper_right' inactive >>>>>>>
2025-03-14 21:42:46,741 : INFO : SwitchController : <<<<<<< 's_flipper_right' active >>>>>>>
2025-03-14 21:42:46,741 : INFO : SwitchController : <<<<<<< 's_flipper_right' inactive >>>>>>>
2025-03-14 21:42:46,750 : INFO : SwitchController : <<<<<<< 's_flipper_right' active >>>>>>>
2025-03-14 21:42:46,985 : INFO : SwitchController : <<<<<<< 's_flipper_right' inactive >>>>>>>
2025-03-14 21:42:46,986 : INFO : SwitchController : <<<<<<< 's_flipper_right' active >>>>>>>
2025-03-14 21:42:47,001 : INFO : SwitchController : <<<<<<< 's_flipper_right' inactive >>>>>>>
2025-03-14 21:42:47,046 : INFO : SwitchController : <<<<<<< 's_flipper_right' active >>>>>>>
2025-03-14 21:42:47,484 : INFO : SwitchController : <<<<<<< 's_flipper_right' inactive >>>>>>>
2025-03-14 21:42:47,563 : INFO : SwitchController : <<<<<<< 's_flipper_right_eos' inactive >>>>>>>
2025-03-14 21:42:50,285 : INFO : SwitchController : <<<<<<< 's_flipper_right' active >>>>>>>
2025-03-14 21:42:50,301 : INFO : SwitchController : <<<<<<< 's_flipper_right_eos' active >>>>>>>
2025-03-14 21:42:51,897 : INFO : SwitchController : <<<<<<< 's_flipper_right' inactive >>>>>>>
2025-03-14 21:42:51,974 : INFO : SwitchController : <<<<<<< 's_flipper_right_eos' inactive >>>>>>>
2025-03-14 21:42:53,297 : INFO : SwitchController : <<<<<<< 's_flipper_right' active >>>>>>>
2025-03-14 21:42:53,312 : INFO : SwitchController : <<<<<<< 's_flipper_right_eos' active >>>>>>>
2025-03-14 21:42:53,312 : INFO : SwitchController : <<<<<<< 's_flipper_right' inactive >>>>>>>
2025-03-14 21:42:53,376 : INFO : SwitchController : <<<<<<< 's_flipper_right_eos' inactive >>>>>>>
2025-03-14 21:42:55,114 : INFO : SwitchController : <<<<<<< 's_flipper_right' active >>>>>>>
2025-03-14 21:42:55,130 : INFO : SwitchController : <<<<<<< 's_flipper_right_eos' active >>>>>>>
2025-03-14 21:42:55,240 : INFO : SwitchController : <<<<<<< 's_flipper_right' inactive >>>>>>>
2025-03-14 21:42:55,318 : INFO : SwitchController : <<<<<<< 's_flipper_right_eos' inactive >>>>>>>
2025-03-14 21:42:59,691 : INFO : SwitchController : <<<<<<< 's_flipper_right' active >>>>>>>
2025-03-14 21:42:59,724 : INFO : SwitchController : <<<<<<< 's_flipper_right_eos' active >>>>>>>
2025-03-14 21:42:59,756 : INFO : SwitchController : <<<<<<< 's_flipper_right' inactive >>>>>>>
2025-03-14 21:42:59,817 : INFO : SwitchController : <<<<<<< 's_flipper_right_eos' inactive >>>>>>>
2025-03-14 21:43:00,097 : INFO : SwitchController : <<<<<<< 's_flipper_right' active >>>>>>>
2025-03-14 21:43:00,114 : INFO : SwitchController : <<<<<<< 's_flipper_right' inactive >>>>>>>
2025-03-14 21:43:00,115 : INFO : SwitchController : <<<<<<< 's_flipper_right' active >>>>>>>
2025-03-14 21:43:00,129 : INFO : SwitchController : <<<<<<< 's_flipper_right_eos' active >>>>>>>
2025-03-14 21:43:00,160 : INFO : SwitchController : <<<<<<< 's_flipper_right' inactive >>>>>>>
2025-03-14 21:43:00,239 : INFO : SwitchController : <<<<<<< 's_flipper_right_eos' inactive >>>>>>>
2025-03-14 21:43:00,984 : INFO : SwitchController : <<<<<<< 's_flipper_right' active >>>>>>>
2025-03-14 21:43:00,999 : INFO : SwitchController : <<<<<<< 's_flipper_right' inactive >>>>>>>
2025-03-14 21:43:01,000 : INFO : SwitchController : <<<<<<< 's_flipper_right_eos' active >>>>>>>
2025-03-14 21:43:01,031 : INFO : SwitchController : <<<<<<< 's_flipper_right_eos' inactive >>>>>>>
2025-03-14 21:43:01,312 : INFO : SwitchController : <<<<<<< 's_flipper_right' active >>>>>>>
2025-03-14 21:43:01,328 : INFO : SwitchController : <<<<<<< 's_flipper_right' inactive >>>>>>>
2025-03-14 21:43:01,344 : INFO : SwitchController : <<<<<<< 's_flipper_right_eos' active >>>>>>>
2025-03-14 21:43:01,359 : INFO : SwitchController : <<<<<<< 's_flipper_right_eos' inactive >>>>>>>
2025-03-14 21:43:01,733 : INFO : SwitchController : <<<<<<< 's_flipper_right' active >>>>>>>
2025-03-14 21:43:01,749 : INFO : SwitchController : <<<<<<< 's_flipper_right' inactive >>>>>>>
2025-03-14 21:43:01,764 : INFO : SwitchController : <<<<<<< 's_flipper_right_eos' active >>>>>>>
2025-03-14 21:43:01,780 : INFO : SwitchController : <<<<<<< 's_flipper_right_eos' inactive >>>>>>>
2025-03-14 21:43:02,153 : INFO : SwitchController : <<<<<<< 's_flipper_right' active >>>>>>>
2025-03-14 21:43:02,168 : INFO : SwitchController : <<<<<<< 's_flipper_right' inactive >>>>>>>
2025-03-14 21:43:02,184 : INFO : SwitchController : <<<<<<< 's_flipper_right_eos' active >>>>>>>
2025-03-14 21:43:02,199 : INFO : SwitchController : <<<<<<< 's_flipper_right_eos' inactive >>>>>>>
2025-03-14 21:43:03,091 : INFO : SwitchController : <<<<<<< 's_flipper_right' active >>>>>>>
2025-03-14 21:43:03,110 : INFO : SwitchController : <<<<<<< 's_flipper_right' inactive >>>>>>>
2025-03-14 21:43:03,110 : INFO : SwitchController : <<<<<<< 's_flipper_right_eos' active >>>>>>>
2025-03-14 21:43:03,142 : INFO : SwitchController : <<<<<<< 's_flipper_right_eos' inactive >>>>>>>
2025-03-14 21:43:03,716 : INFO : SwitchController : <<<<<<< 's_flipper_right' active >>>>>>>
2025-03-14 21:43:03,747 : INFO : SwitchController : <<<<<<< 's_flipper_right_eos' active >>>>>>>
2025-03-14 21:43:06,057 : INFO : SwitchController : <<<<<<< 's_flipper_right' inactive >>>>>>>
2025-03-14 21:43:06,119 : INFO : SwitchController : <<<<<<< 's_flipper_right_eos' inactive >>>>>>>
2025-03-14 21:43:06,684 : INFO : SwitchController : <<<<<<< 's_flipper_right' active >>>>>>>
2025-03-14 21:43:06,717 : INFO : SwitchController : <<<<<<< 's_flipper_right_eos' active >>>>>>>
2025-03-14 21:43:07,716 : INFO : SwitchController : <<<<<<< 's_flipper_right' inactive >>>>>>>
2025-03-14 21:43:07,792 : INFO : SwitchController : <<<<<<< 's_flipper_right_eos' inactive >>>>>>>
2025-03-14 21:43:08,262 : INFO : SwitchController : <<<<<<< 's_flipper_right' active >>>>>>>
2025-03-14 21:43:08,293 : INFO : SwitchController : <<<<<<< 's_flipper_right_eos' active >>>>>>>
2025-03-14 21:43:08,777 : INFO : SwitchController : <<<<<<< 's_flipper_right' inactive >>>>>>>
2025-03-14 21:43:08,839 : INFO : SwitchController : <<<<<<< 's_flipper_right_eos' inactive >>>>>>>
2025-03-14 21:43:09,322 : INFO : SwitchController : <<<<<<< 's_flipper_right' active >>>>>>>
2025-03-14 21:43:09,341 : INFO : SwitchController : <<<<<<< 's_flipper_right' inactive >>>>>>>
2025-03-14 21:43:09,352 : INFO : SwitchController : <<<<<<< 's_flipper_right_eos' active >>>>>>>
2025-03-14 21:43:09,368 : INFO : SwitchController : <<<<<<< 's_flipper_right_eos' inactive >>>>>>>
2025-03-14 21:43:09,445 : INFO : SwitchController : <<<<<<< 's_flipper_right' active >>>>>>>
2025-03-14 21:43:09,479 : INFO : SwitchController : <<<<<<< 's_flipper_right_eos' active >>>>>>>
2025-03-14 21:43:09,676 : INFO : SwitchController : <<<<<<< 's_flipper_right' inactive >>>>>>>
2025-03-14 21:43:09,755 : INFO : SwitchController : <<<<<<< 's_flipper_right_eos' inactive >>>>>>>
2025-03-14 21:43:10,650 : INFO : SwitchController : <<<<<<< 's_flipper_right' active >>>>>>>
2025-03-14 21:43:10,681 : INFO : SwitchController : <<<<<<< 's_flipper_right_eos' active >>>>>>>
2025-03-14 21:43:10,760 : INFO : SwitchController : <<<<<<< 's_flipper_right' inactive >>>>>>>
2025-03-14 21:43:10,839 : INFO : SwitchController : <<<<<<< 's_flipper_right_eos' inactive >>>>>>>
2025-03-14 21:43:11,341 : INFO : SwitchController : <<<<<<< 's_flipper_right' active >>>>>>>
2025-03-14 21:43:11,359 : INFO : SwitchController : <<<<<<< 's_flipper_right' inactive >>>>>>>
2025-03-14 21:43:11,374 : INFO : SwitchController : <<<<<<< 's_flipper_right_eos' active >>>>>>>
2025-03-14 21:43:11,391 : INFO : SwitchController : <<<<<<< 's_flipper_right_eos' inactive >>>>>>>
2025-03-14 21:43:11,732 : INFO : SwitchController : <<<<<<< 's_flipper_right' active >>>>>>>
2025-03-14 21:43:11,762 : INFO : SwitchController : <<<<<<< 's_flipper_right_eos' active >>>>>>>
2025-03-14 21:43:11,824 : INFO : SwitchController : <<<<<<< 's_flipper_right' inactive >>>>>>>
2025-03-14 21:43:11,889 : INFO : SwitchController : <<<<<<< 's_flipper_right_eos' inactive >>>>>>>
2025-03-14 21:43:15,783 : INFO : Machine : Shutting down...
2025-03-14 21:43:15,784 : INFO : EventManager : Event: ======'shutdown'====== Args={}
2025-03-14 21:43:15,894 : INFO : root : MPF run loop ended.
