2025-03-15 11:41:17,844 : INFO : root : Loading config.
2025-03-15 11:41:17,852 : INFO : YamlMultifileConfigLoader : Machine config file #1: config.yaml
2025-03-15 11:41:17,853 : INFO : ConfigProcessor : Loading config from cache: C:\Users\User\AppData\Local\Temp\5682b9bdeb2b9ad8a31c13560e038609.mpf_cache
2025-03-15 11:41:17,880 : WARNING : ConfigProcessor : Config file in cache changed: C:\Users\User\Desktop\fast_homebrew_godot_v2\fast_homebrew_godot_v2\config\coils.yaml
2025-03-15 11:41:17,880 : INFO : ConfigProcessor : Loading config from file C:\Users\User\AppData\Local\Programs\Python\Python312\Lib\site-packages\mpf\mpfconfig.yaml.
2025-03-15 11:41:17,916 : INFO : ConfigProcessor : Loading config: C:\Users\User\AppData\Local\Programs\Python\Python312\Lib\site-packages\mpf\mpfconfig.yaml
2025-03-15 11:41:17,917 : INFO : ConfigProcessor : Loading config from file C:\Users\User\Desktop\fast_homebrew_godot_v2\fast_homebrew_godot_v2\config\config.yaml.
2025-03-15 11:41:17,926 : INFO : ConfigProcessor : Loading config: C:\Users\User\Desktop\fast_homebrew_godot_v2\fast_homebrew_godot_v2\config\config.yaml
2025-03-15 11:41:17,928 : INFO : ConfigProcessor : Loading config: C:\Users\User\Desktop\fast_homebrew_godot_v2\fast_homebrew_godot_v2\config\lights.yaml
2025-03-15 11:41:17,932 : INFO : ConfigProcessor : Loading config: C:\Users\User\Desktop\fast_homebrew_godot_v2\fast_homebrew_godot_v2\config\coils.yaml
2025-03-15 11:41:17,936 : INFO : ConfigProcessor : Loading config: C:\Users\User\Desktop\fast_homebrew_godot_v2\fast_homebrew_godot_v2\config\switches.yaml
2025-03-15 11:41:17,944 : INFO : ConfigProcessor : Loading config: C:\Users\User\Desktop\fast_homebrew_godot_v2\fast_homebrew_godot_v2\config\images.yaml
2025-03-15 11:41:17,946 : INFO : ConfigProcessor : Loading config: C:\Users\User\Desktop\fast_homebrew_godot_v2\fast_homebrew_godot_v2\config\videos.yaml
2025-03-15 11:41:17,949 : INFO : ConfigProcessor : Config file cache created: C:\Users\User\AppData\Local\Temp\5682b9bdeb2b9ad8a31c13560e038609.mpf_cache
2025-03-15 11:41:18,215 : INFO : ConfigProcessor : Loading config from cache: C:\Users\User\AppData\Local\Temp\8422c6572f827355f8aade1949d04025.mpf_cache
2025-03-15 11:41:18,217 : INFO : ConfigProcessor : Loading config from cache: C:\Users\User\AppData\Local\Temp\1c0e7e9816717d8e62c4728dfe372999.mpf_cache
2025-03-15 11:41:18,218 : INFO : ConfigProcessor : Loading config from cache: C:\Users\User\AppData\Local\Temp\e3e8065d662ad307fa9574659e7e4e8e.mpf_cache
2025-03-15 11:41:18,220 : INFO : ConfigProcessor : Loading config from cache: C:\Users\User\AppData\Local\Temp\8422c6572f827355f8aade1949d04025.mpf_cache
2025-03-15 11:41:18,225 : INFO : Machine : Mission Pinball Framework Core Engine v0.80.0.dev6
2025-03-15 11:41:18,226 : INFO : Machine : Command line arguments: {'no_load_cache': False, 'create_config_cache': True, 'bcp': False, 'configfile': ['config.yaml'], 'force_assets_load': False, 'platform_integration_test': False, 'jsonlogging': False, 'logfile': 'logs\\2025-03-15-11-41-17-mpf-BERNIE.log', 'pause': False, 'production': False, 'text_ui': False, 'loglevel': 15, 'consoleloglevel': 20, 'force_platform': None, 'syslog_address': None, 'full_logfile_path': 'C:\\Users\\User\\Desktop\\fast_homebrew_godot_v2\\fast_homebrew_godot_v2\\logs\\2025-03-15-11-41-17-mpf-BERNIE.log'}
2025-03-15 11:41:18,226 : INFO : Machine : MPF path: C:\Users\User\AppData\Local\Programs\Python\Python312\Lib\site-packages\mpf
2025-03-15 11:41:18,226 : INFO : Machine : Machine path: C:\Users\User\Desktop\fast_homebrew_godot_v2\fast_homebrew_godot_v2
2025-03-15 11:41:18,226 : INFO : Machine : Platform: win32
2025-03-15 11:41:18,226 : INFO : Machine : Python executable location: C:\Users\User\AppData\Local\Programs\Python\Python312\python.exe
2025-03-15 11:41:18,226 : INFO : Machine : Python version: 3.12.3 (64-bit)
2025-03-15 11:41:18,231 : INFO : Machine : Initializing MPF...
2025-03-15 11:41:18,494 : INFO : FAST : Auto-detecting ports for the following connections: ['net']
2025-03-15 11:41:18,556 : INFO : FAST : Detected NET on port COM5
2025-03-15 11:41:18,668 : INFO : FAST [NET] : Trying to connect to COM5 at 921600bps
2025-03-15 11:41:18,676 : INFO : FAST [NET] : Connected to COM5 at 921600bps
2025-03-15 11:41:18,682 : INFO : FAST [NET] : Connected to FP-CPU-2000 with firmware v02.26
2025-03-15 11:41:18,715 : INFO : FAST [NET] : Registered I/O Board 0: Model: FP-I/O-3208, Firmware: 01.10, Switches: 32, Drivers: 8
2025-03-15 11:41:18,717 : INFO : FAST [NET] : Registered I/O Board 1: Model: FP-I/O-3208, Firmware: 01.10, Switches: 32, Drivers: 8
2025-03-15 11:41:18,717 : INFO : EventManager : Event: ======'machine_var_credits_string'====== Args={'value': 'FREE PLAY', 'prev_value': None, 'change': True}
2025-03-15 11:41:18,786 : INFO : EventManager : Event: ======'machine_var_master_volume'====== Args={'value': 0.5, 'prev_value': None, 'change': True}
2025-03-15 11:41:18,786 : INFO : EventManager : Event: ======'machine_var_mpf_version'====== Args={'value': 'Mission Pinball Framework v0.80.0.dev6', 'prev_value': None, 'change': True}
2025-03-15 11:41:18,786 : INFO : EventManager : Event: ======'machine_var_mpf_extended_version'====== Args={'value': 'Mission Pinball Framework v0.80.0.dev6, Config version:6, Show version: 6, BCP version:1.1', 'prev_value': None, 'change': True}
2025-03-15 11:41:18,787 : INFO : EventManager : Event: ======'machine_var_python_version'====== Args={'value': '3.12.3', 'prev_value': None, 'change': True}
2025-03-15 11:41:19,067 : INFO : EventManager : Event: ======'machine_var_platform'====== Args={'value': 'Windows-11-10.0.22631-SP0', 'prev_value': None, 'change': True}
2025-03-15 11:41:19,067 : INFO : EventManager : Event: ======'machine_var_platform_system'====== Args={'value': 'Windows', 'prev_value': None, 'change': True}
2025-03-15 11:41:19,068 : INFO : EventManager : Event: ======'machine_var_platform_release'====== Args={'value': '11', 'prev_value': None, 'change': True}
2025-03-15 11:41:19,068 : INFO : EventManager : Event: ======'machine_var_platform_version'====== Args={'value': '10.0.22631', 'prev_value': None, 'change': True}
2025-03-15 11:41:19,068 : INFO : EventManager : Event: ======'machine_var_platform_machine'====== Args={'value': 'AMD64', 'prev_value': None, 'change': True}
2025-03-15 11:41:19,068 : INFO : EventManager : Event: ======'machine_var_log_file_path'====== Args={'value': 'C:\\Users\\User\\Desktop\\fast_homebrew_godot_v2\\fast_homebrew_godot_v2\\logs\\2025-03-15-11-41-17-mpf-BERNIE.log', 'prev_value': None, 'change': True}
2025-03-15 11:41:19,068 : INFO : EventManager : Event: ======'init_phase_1'====== Args={}
2025-03-15 11:41:21,644 : INFO : SwitchController : <<<<<<< 's_trough_ball_jam' active >>>>>>>
2025-03-15 11:41:21,645 : INFO : SwitchController : <<<<<<< 's_trough_ball_1' active >>>>>>>
2025-03-15 11:41:21,645 : INFO : SwitchController : <<<<<<< 's_flipper_right' active >>>>>>>
2025-03-15 11:41:21,646 : INFO : EventManager : Event: ======'init_phase_2'====== Args={}
2025-03-15 11:41:21,646 : INFO : SwitchController : Found active switch: (6, [FAST Platform Interface]) <switch.s_trough_ball_jam>
2025-03-15 11:41:21,647 : INFO : SwitchController : Found active switch: (28, [FAST Platform Interface]) <switch.s_trough_ball_1>
2025-03-15 11:41:21,647 : INFO : SwitchController : Found active switch: (31, [FAST Platform Interface]) <switch.s_flipper_right>
2025-03-15 11:41:22,145 : INFO : ball_device.bd_trough : BCH: Initial count: 1
2025-03-15 11:41:22,145 : INFO : ball_device.bd_trough : State: idle
2025-03-15 11:41:22,145 : INFO : ball_device.bd_plunger : BCH: Initial count: 0
2025-03-15 11:41:22,146 : INFO : ball_device.bd_plunger : State: idle
2025-03-15 11:41:22,177 : INFO : EventManager : Event: ======'init_phase_3'====== Args={}
2025-03-15 11:41:22,181 : INFO : EventManager : Event: ======'init_phase_4'====== Args={}
2025-03-15 11:41:22,182 : INFO : BallController : Initial balls found: 1
2025-03-15 11:41:22,184 : INFO : EventManager : Event: ======'machine_var_audits_events_game_ended'====== Args={'value': 0, 'prev_value': None, 'change': True}
2025-03-15 11:41:22,184 : INFO : EventManager : Event: ======'machine_var_audits_events_game_started'====== Args={'value': 416, 'prev_value': None, 'change': True}
2025-03-15 11:41:22,184 : INFO : EventManager : Event: ======'machine_var_audits_missing_switches_s_eject_confirm'====== Args={'value': 14, 'prev_value': None, 'change': True}
2025-03-15 11:41:22,184 : INFO : EventManager : Event: ======'machine_var_audits_missing_switches_s_flipper_right'====== Args={'value': 27, 'prev_value': None, 'change': True}
2025-03-15 11:41:22,184 : INFO : EventManager : Event: ======'machine_var_audits_missing_switches_s_flipper_right_eos'====== Args={'value': 24, 'prev_value': None, 'change': True}
2025-03-15 11:41:22,184 : INFO : EventManager : Event: ======'machine_var_audits_missing_switches_s_launch'====== Args={'value': 6, 'prev_value': None, 'change': True}
2025-03-15 11:41:22,184 : INFO : EventManager : Event: ======'machine_var_audits_missing_switches_s_left_flipper'====== Args={'value': 363, 'prev_value': None, 'change': True}
2025-03-15 11:41:22,185 : INFO : EventManager : Event: ======'machine_var_audits_missing_switches_s_left_flipper_eos'====== Args={'value': 363, 'prev_value': None, 'change': True}
2025-03-15 11:41:22,185 : INFO : EventManager : Event: ======'machine_var_audits_missing_switches_s_left_inlane'====== Args={'value': 6, 'prev_value': None, 'change': True}
2025-03-15 11:41:22,185 : INFO : EventManager : Event: ======'machine_var_audits_missing_switches_s_left_inner_lane'====== Args={'value': 357, 'prev_value': None, 'change': True}
2025-03-15 11:41:22,185 : INFO : EventManager : Event: ======'machine_var_audits_missing_switches_s_left_outer_lane'====== Args={'value': 153, 'prev_value': None, 'change': True}
2025-03-15 11:41:22,185 : INFO : EventManager : Event: ======'machine_var_audits_missing_switches_s_left_outlane'====== Args={'value': 6, 'prev_value': None, 'change': True}
2025-03-15 11:41:22,185 : INFO : EventManager : Event: ======'machine_var_audits_missing_switches_s_left_sling'====== Args={'value': 363, 'prev_value': None, 'change': True}
2025-03-15 11:41:22,185 : INFO : EventManager : Event: ======'machine_var_audits_missing_switches_s_mead'====== Args={'value': 267, 'prev_value': None, 'change': True}
2025-03-15 11:41:22,185 : INFO : EventManager : Event: ======'machine_var_audits_missing_switches_s_percy'====== Args={'value': 85, 'prev_value': None, 'change': True}
2025-03-15 11:41:22,185 : INFO : EventManager : Event: ======'machine_var_audits_missing_switches_s_plunger'====== Args={'value': 1, 'prev_value': None, 'change': True}
2025-03-15 11:41:22,185 : INFO : EventManager : Event: ======'machine_var_audits_missing_switches_s_pop_bumper_1'====== Args={'value': 357, 'prev_value': None, 'change': True}
2025-03-15 11:41:22,186 : INFO : EventManager : Event: ======'machine_var_audits_missing_switches_s_pop_bumper_2'====== Args={'value': 357, 'prev_value': None, 'change': True}
2025-03-15 11:41:22,186 : INFO : EventManager : Event: ======'machine_var_audits_missing_switches_s_pop_bumper_3'====== Args={'value': 357, 'prev_value': None, 'change': True}
2025-03-15 11:41:22,186 : INFO : EventManager : Event: ======'machine_var_audits_missing_switches_s_right_flipper'====== Args={'value': 363, 'prev_value': None, 'change': True}
2025-03-15 11:41:22,186 : INFO : EventManager : Event: ======'machine_var_audits_missing_switches_s_right_flipper_eos'====== Args={'value': 363, 'prev_value': None, 'change': True}
2025-03-15 11:41:22,186 : INFO : EventManager : Event: ======'machine_var_audits_missing_switches_s_right_inlane'====== Args={'value': 6, 'prev_value': None, 'change': True}
2025-03-15 11:41:22,186 : INFO : EventManager : Event: ======'machine_var_audits_missing_switches_s_right_inner_lane'====== Args={'value': 357, 'prev_value': None, 'change': True}
2025-03-15 11:41:22,186 : INFO : EventManager : Event: ======'machine_var_audits_missing_switches_s_right_outer_lane'====== Args={'value': 357, 'prev_value': None, 'change': True}
2025-03-15 11:41:22,186 : INFO : EventManager : Event: ======'machine_var_audits_missing_switches_s_right_outlane'====== Args={'value': 6, 'prev_value': None, 'change': True}
2025-03-15 11:41:22,186 : INFO : EventManager : Event: ======'machine_var_audits_missing_switches_s_right_sling'====== Args={'value': 363, 'prev_value': None, 'change': True}
2025-03-15 11:41:22,186 : INFO : EventManager : Event: ======'machine_var_audits_missing_switches_s_scanlan'====== Args={'value': 204, 'prev_value': None, 'change': True}
2025-03-15 11:41:22,187 : INFO : EventManager : Event: ======'machine_var_audits_missing_switches_s_trough_ball_1'====== Args={'value': 1, 'prev_value': None, 'change': True}
2025-03-15 11:41:22,187 : INFO : EventManager : Event: ======'machine_var_audits_missing_switches_s_trough_ball_2'====== Args={'value': 2, 'prev_value': None, 'change': True}
2025-03-15 11:41:22,187 : INFO : EventManager : Event: ======'machine_var_audits_missing_switches_s_trough_ball_3'====== Args={'value': 2, 'prev_value': None, 'change': True}
2025-03-15 11:41:22,187 : INFO : EventManager : Event: ======'machine_var_audits_missing_switches_s_trough_ball_4'====== Args={'value': 2, 'prev_value': None, 'change': True}
2025-03-15 11:41:22,189 : INFO : EventManager : Event: ======'machine_var_audits_missing_switches_s_trough_ball_5'====== Args={'value': 2, 'prev_value': None, 'change': True}
2025-03-15 11:41:22,189 : INFO : EventManager : Event: ======'machine_var_audits_missing_switches_s_trough_ball_6'====== Args={'value': 2, 'prev_value': None, 'change': True}
2025-03-15 11:41:22,189 : INFO : EventManager : Event: ======'machine_var_audits_missing_switches_s_trough_ball_jam'====== Args={'value': 390, 'prev_value': None, 'change': True}
2025-03-15 11:41:22,189 : INFO : EventManager : Event: ======'machine_var_audits_player_score'====== Args={'value': {'average': 0, 'top': [], 'total': 0}, 'prev_value': None, 'change': True}
2025-03-15 11:41:22,189 : INFO : EventManager : Event: ======'machine_var_audits_shots_mead_shot'====== Args={'value': 223, 'prev_value': None, 'change': True}
2025-03-15 11:41:22,189 : INFO : EventManager : Event: ======'machine_var_audits_shots_percy_shot'====== Args={'value': 56, 'prev_value': None, 'change': True}
2025-03-15 11:41:22,190 : INFO : EventManager : Event: ======'machine_var_audits_shots_scanlan_shot'====== Args={'value': 121, 'prev_value': None, 'change': True}
2025-03-15 11:41:22,190 : INFO : EventManager : Event: ======'machine_var_audits_shots_video_shot_1'====== Args={'value': 24, 'prev_value': None, 'change': True}
2025-03-15 11:41:22,190 : INFO : EventManager : Event: ======'machine_var_audits_shots_video_shot_2'====== Args={'value': 20, 'prev_value': None, 'change': True}
2025-03-15 11:41:22,190 : INFO : EventManager : Event: ======'machine_var_audits_switches_s_auto_launcher'====== Args={'value': 0, 'prev_value': None, 'change': True}
2025-03-15 11:41:22,190 : INFO : EventManager : Event: ======'machine_var_audits_switches_s_ball_drain'====== Args={'value': 0, 'prev_value': None, 'change': True}
2025-03-15 11:41:22,190 : INFO : EventManager : Event: ======'machine_var_audits_switches_s_eject_confirm'====== Args={'value': 0, 'prev_value': None, 'change': True}
2025-03-15 11:41:22,191 : INFO : EventManager : Event: ======'machine_var_audits_switches_s_flipper_left'====== Args={'value': 19, 'prev_value': None, 'change': True}
2025-03-15 11:41:22,191 : INFO : EventManager : Event: ======'machine_var_audits_switches_s_flipper_left_lower_eos'====== Args={'value': 11, 'prev_value': None, 'change': True}
2025-03-15 11:41:22,191 : INFO : EventManager : Event: ======'machine_var_audits_switches_s_flipper_left_upper_eos'====== Args={'value': 10, 'prev_value': None, 'change': True}
2025-03-15 11:41:22,191 : INFO : EventManager : Event: ======'machine_var_audits_switches_s_flipper_right'====== Args={'value': 0, 'prev_value': None, 'change': True}
2025-03-15 11:41:22,191 : INFO : EventManager : Event: ======'machine_var_audits_switches_s_flipper_right_eos'====== Args={'value': 3, 'prev_value': None, 'change': True}
2025-03-15 11:41:22,193 : INFO : EventManager : Event: ======'machine_var_audits_switches_s_launch'====== Args={'value': 0, 'prev_value': None, 'change': True}
2025-03-15 11:41:22,193 : INFO : EventManager : Event: ======'machine_var_audits_switches_s_left_flipper'====== Args={'value': 36, 'prev_value': None, 'change': True}
2025-03-15 11:41:22,193 : INFO : EventManager : Event: ======'machine_var_audits_switches_s_left_flipper_eos'====== Args={'value': 0, 'prev_value': None, 'change': True}
2025-03-15 11:41:22,193 : INFO : EventManager : Event: ======'machine_var_audits_switches_s_left_inlane'====== Args={'value': 0, 'prev_value': None, 'change': True}
2025-03-15 11:41:22,193 : INFO : EventManager : Event: ======'machine_var_audits_switches_s_left_inner_lane'====== Args={'value': 0, 'prev_value': None, 'change': True}
2025-03-15 11:41:22,195 : INFO : EventManager : Event: ======'machine_var_audits_switches_s_left_outer_lane'====== Args={'value': 0, 'prev_value': None, 'change': True}
2025-03-15 11:41:22,195 : INFO : EventManager : Event: ======'machine_var_audits_switches_s_left_outlane'====== Args={'value': 0, 'prev_value': None, 'change': True}
2025-03-15 11:41:22,195 : INFO : EventManager : Event: ======'machine_var_audits_switches_s_left_sling'====== Args={'value': 7, 'prev_value': None, 'change': True}
2025-03-15 11:41:22,195 : INFO : EventManager : Event: ======'machine_var_audits_switches_s_mead'====== Args={'value': 0, 'prev_value': None, 'change': True}
2025-03-15 11:41:22,195 : INFO : EventManager : Event: ======'machine_var_audits_switches_s_percy'====== Args={'value': 0, 'prev_value': None, 'change': True}
2025-03-15 11:41:22,195 : INFO : EventManager : Event: ======'machine_var_audits_switches_s_plunger'====== Args={'value': 17, 'prev_value': None, 'change': True}
2025-03-15 11:41:22,195 : INFO : EventManager : Event: ======'machine_var_audits_switches_s_pop_bumper_1'====== Args={'value': 0, 'prev_value': None, 'change': True}
2025-03-15 11:41:22,196 : INFO : EventManager : Event: ======'machine_var_audits_switches_s_pop_bumper_2'====== Args={'value': 0, 'prev_value': None, 'change': True}
2025-03-15 11:41:22,196 : INFO : EventManager : Event: ======'machine_var_audits_switches_s_pop_bumper_3'====== Args={'value': 0, 'prev_value': None, 'change': True}
2025-03-15 11:41:22,196 : INFO : EventManager : Event: ======'machine_var_audits_switches_s_pop_bumper_cc_1'====== Args={'value': 8, 'prev_value': None, 'change': True}
2025-03-15 11:41:22,196 : INFO : EventManager : Event: ======'machine_var_audits_switches_s_pop_bumper_cc_2'====== Args={'value': 6, 'prev_value': None, 'change': True}
2025-03-15 11:41:22,196 : INFO : EventManager : Event: ======'machine_var_audits_switches_s_pop_bumper_cc_3'====== Args={'value': 7, 'prev_value': None, 'change': True}
2025-03-15 11:41:22,196 : INFO : EventManager : Event: ======'machine_var_audits_switches_s_pop_bumper_m'====== Args={'value': 10, 'prev_value': None, 'change': True}
2025-03-15 11:41:22,196 : INFO : EventManager : Event: ======'machine_var_audits_switches_s_right_flipper'====== Args={'value': 131, 'prev_value': None, 'change': True}
2025-03-15 11:41:22,196 : INFO : EventManager : Event: ======'machine_var_audits_switches_s_right_flipper_eos'====== Args={'value': 0, 'prev_value': None, 'change': True}
2025-03-15 11:41:22,196 : INFO : EventManager : Event: ======'machine_var_audits_switches_s_right_inlane'====== Args={'value': 0, 'prev_value': None, 'change': True}
2025-03-15 11:41:22,196 : INFO : EventManager : Event: ======'machine_var_audits_switches_s_right_inner_lane'====== Args={'value': 0, 'prev_value': None, 'change': True}
2025-03-15 11:41:22,197 : INFO : EventManager : Event: ======'machine_var_audits_switches_s_right_outer_lane'====== Args={'value': 0, 'prev_value': None, 'change': True}
2025-03-15 11:41:22,197 : INFO : EventManager : Event: ======'machine_var_audits_switches_s_right_outlane'====== Args={'value': 0, 'prev_value': None, 'change': True}
2025-03-15 11:41:22,197 : INFO : EventManager : Event: ======'machine_var_audits_switches_s_right_sling'====== Args={'value': 3, 'prev_value': None, 'change': True}
2025-03-15 11:41:22,197 : INFO : EventManager : Event: ======'machine_var_audits_switches_s_scanlan'====== Args={'value': 0, 'prev_value': None, 'change': True}
2025-03-15 11:41:22,197 : INFO : EventManager : Event: ======'machine_var_audits_switches_s_slingshot_1'====== Args={'value': 11, 'prev_value': None, 'change': True}
2025-03-15 11:41:22,197 : INFO : EventManager : Event: ======'machine_var_audits_switches_s_slingshot_2'====== Args={'value': 7, 'prev_value': None, 'change': True}
2025-03-15 11:41:22,197 : INFO : EventManager : Event: ======'machine_var_audits_switches_s_start'====== Args={'value': 140, 'prev_value': None, 'change': True}
2025-03-15 11:41:22,197 : INFO : EventManager : Event: ======'machine_var_audits_switches_s_switch_2'====== Args={'value': 0, 'prev_value': None, 'change': True}
2025-03-15 11:41:22,197 : INFO : EventManager : Event: ======'machine_var_audits_switches_s_trough_ball_1'====== Args={'value': 13, 'prev_value': None, 'change': True}
2025-03-15 11:41:22,197 : INFO : EventManager : Event: ======'machine_var_audits_switches_s_trough_ball_2'====== Args={'value': 8, 'prev_value': None, 'change': True}
2025-03-15 11:41:22,198 : INFO : EventManager : Event: ======'machine_var_audits_switches_s_trough_ball_3'====== Args={'value': 5, 'prev_value': None, 'change': True}
2025-03-15 11:41:22,198 : INFO : EventManager : Event: ======'machine_var_audits_switches_s_trough_ball_4'====== Args={'value': 4, 'prev_value': None, 'change': True}
2025-03-15 11:41:22,198 : INFO : EventManager : Event: ======'machine_var_audits_switches_s_trough_ball_5'====== Args={'value': 4, 'prev_value': None, 'change': True}
2025-03-15 11:41:22,198 : INFO : EventManager : Event: ======'machine_var_audits_switches_s_trough_ball_6'====== Args={'value': 5, 'prev_value': None, 'change': True}
2025-03-15 11:41:22,198 : INFO : EventManager : Event: ======'machine_var_audits_switches_s_trough_ball_jam'====== Args={'value': 3, 'prev_value': None, 'change': True}
2025-03-15 11:41:22,198 : INFO : EventManager : Event: ======'machine_var_audits_switches_s_trough_eject_coil'====== Args={'value': 0, 'prev_value': None, 'change': True}
2025-03-15 11:41:22,199 : INFO : EventManager : Event: ======'init_phase_5'====== Args={}
2025-03-15 11:41:22,200 : INFO : EventManager : Event: ======'init_done'====== Args={}
2025-03-15 11:41:22,201 : INFO : EventManager : Event: ======'machine_reset_phase_1'====== Args={}
2025-03-15 11:41:22,201 : INFO : EventManager : Event: ======'machine_reset_phase_2'====== Args={}
2025-03-15 11:41:22,202 : INFO : EventManager : Event: ======'machine_reset_phase_3'====== Args={}
2025-03-15 11:41:22,203 : INFO : EventManager : Event: ======'reset_complete'====== Args={}
2025-03-15 11:41:22,206 : INFO : EventManager : Event: ======'mode_attract_will_start'====== Args={}
2025-03-15 11:41:22,207 : INFO : EventManager : Event: ======'mode_attract_starting'====== Args={}
2025-03-15 11:41:22,207 : INFO : Mode.attract : Started. Priority: 10
2025-03-15 11:41:22,207 : INFO : EventManager : Event: ======'modes_active_modes_changed'====== Args={}
2025-03-15 11:41:22,207 : INFO : EventManager : Event: ======'mode_attract_started'====== Args={}
2025-03-15 11:41:22,208 : INFO : EventManager : Event: ======'collecting_balls_complete'====== Args={}
2025-03-15 11:41:22,209 : INFO : Machine : Starting the main run loop with active modes: [<Mode.attract>]
2025-03-15 11:41:22,241 : INFO : SwitchController : <<<<<<< 's_flipper_right_eos' active >>>>>>>
2025-03-15 11:41:28,028 : INFO : SwitchController : <<<<<<< 's_slingshot_1' active >>>>>>>
2025-03-15 11:41:28,263 : INFO : SwitchController : <<<<<<< 's_slingshot_1' inactive >>>>>>>
2025-03-15 11:41:28,375 : INFO : SwitchController : <<<<<<< 's_slingshot_1' active >>>>>>>
2025-03-15 11:41:28,696 : INFO : SwitchController : <<<<<<< 's_slingshot_1' inactive >>>>>>>
2025-03-15 11:41:28,807 : INFO : SwitchController : <<<<<<< 's_slingshot_1' active >>>>>>>
2025-03-15 11:41:29,011 : INFO : SwitchController : <<<<<<< 's_slingshot_1' inactive >>>>>>>
2025-03-15 11:41:29,232 : INFO : SwitchController : <<<<<<< 's_slingshot_1' active >>>>>>>
2025-03-15 11:41:29,375 : INFO : SwitchController : <<<<<<< 's_slingshot_1' inactive >>>>>>>
2025-03-15 11:41:29,485 : INFO : SwitchController : <<<<<<< 's_slingshot_1' active >>>>>>>
2025-03-15 11:41:29,516 : INFO : SwitchController : <<<<<<< 's_slingshot_2' active >>>>>>>
2025-03-15 11:41:29,674 : INFO : SwitchController : <<<<<<< 's_slingshot_2' inactive >>>>>>>
2025-03-15 11:41:29,690 : INFO : SwitchController : <<<<<<< 's_slingshot_1' inactive >>>>>>>
2025-03-15 11:41:29,971 : INFO : SwitchController : <<<<<<< 's_slingshot_2' active >>>>>>>
2025-03-15 11:41:30,016 : INFO : SwitchController : <<<<<<< 's_slingshot_2' inactive >>>>>>>
2025-03-15 11:41:30,513 : INFO : SwitchController : <<<<<<< 's_slingshot_2' active >>>>>>>
2025-03-15 11:41:30,575 : INFO : SwitchController : <<<<<<< 's_slingshot_1' active >>>>>>>
2025-03-15 11:41:30,654 : INFO : SwitchController : <<<<<<< 's_slingshot_1' inactive >>>>>>>
2025-03-15 11:41:30,675 : INFO : SwitchController : <<<<<<< 's_slingshot_2' inactive >>>>>>>
2025-03-15 11:41:30,827 : INFO : SwitchController : <<<<<<< 's_slingshot_2' active >>>>>>>
2025-03-15 11:41:30,919 : INFO : SwitchController : <<<<<<< 's_slingshot_2' inactive >>>>>>>
2025-03-15 11:41:32,400 : INFO : SwitchController : <<<<<<< 's_pop_bumper_cc_1' active >>>>>>>
2025-03-15 11:41:32,463 : INFO : SwitchController : <<<<<<< 's_pop_bumper_cc_1' inactive >>>>>>>
2025-03-15 11:41:32,682 : INFO : SwitchController : <<<<<<< 's_pop_bumper_cc_1' active >>>>>>>
2025-03-15 11:41:32,898 : INFO : SwitchController : <<<<<<< 's_pop_bumper_cc_1' inactive >>>>>>>
2025-03-15 11:41:33,164 : INFO : SwitchController : <<<<<<< 's_pop_bumper_cc_1' active >>>>>>>
2025-03-15 11:41:33,320 : INFO : SwitchController : <<<<<<< 's_pop_bumper_cc_1' inactive >>>>>>>
2025-03-15 11:41:33,461 : INFO : SwitchController : <<<<<<< 's_pop_bumper_cc_1' active >>>>>>>
2025-03-15 11:41:33,632 : INFO : SwitchController : <<<<<<< 's_pop_bumper_cc_1' inactive >>>>>>>
2025-03-15 11:41:33,695 : INFO : SwitchController : <<<<<<< 's_pop_bumper_cc_1' active >>>>>>>
2025-03-15 11:41:33,883 : INFO : SwitchController : <<<<<<< 's_pop_bumper_cc_1' inactive >>>>>>>
2025-03-15 11:41:34,725 : INFO : SwitchController : <<<<<<< 's_pop_bumper_cc_3' active >>>>>>>
2025-03-15 11:41:34,774 : INFO : SwitchController : <<<<<<< 's_pop_bumper_cc_3' inactive >>>>>>>
2025-03-15 11:41:34,849 : INFO : SwitchController : <<<<<<< 's_pop_bumper_cc_3' active >>>>>>>
2025-03-15 11:41:35,242 : INFO : SwitchController : <<<<<<< 's_pop_bumper_cc_3' inactive >>>>>>>
2025-03-15 11:41:37,674 : INFO : SwitchController : <<<<<<< 's_start' active >>>>>>>
2025-03-15 11:41:37,974 : INFO : SwitchController : <<<<<<< 's_start' inactive >>>>>>>
2025-03-15 11:41:37,974 : INFO : EventManager : Event: ======'request_to_start_game'====== Args={}
2025-03-15 11:41:37,975 : INFO : EventManager : Event: ======'game_start'====== Args={'buttons': [], 'hold_time': 0.2970000000204891}
2025-03-15 11:41:37,975 : INFO : EventManager : Event: ======'mode_game_will_start'====== Args={'buttons': [], 'hold_time': 0.2970000000204891}
2025-03-15 11:41:37,976 : INFO : EventManager : Event: ======'mode_game_starting'====== Args={'buttons': [], 'hold_time': 0.2970000000204891}
2025-03-15 11:41:37,976 : INFO : EventManager : Event: ======'mode_attract_will_stop'====== Args={}
2025-03-15 11:41:37,976 : INFO : EventManager : Event: ======'mode_attract_stopping'====== Args={}
2025-03-15 11:41:37,976 : INFO : Mode.game : Started. Priority: 20
2025-03-15 11:41:37,976 : INFO : EventManager : Event: ======'modes_active_modes_changed'====== Args={}
2025-03-15 11:41:37,976 : INFO : EventManager : Event: ======'mode_game_started'====== Args={'buttons': [], 'hold_time': 0.2970000000204891}
2025-03-15 11:41:37,976 : INFO : Mode.attract : Stopped.
2025-03-15 11:41:37,976 : INFO : EventManager : Event: ======'modes_active_modes_changed'====== Args={}
2025-03-15 11:41:37,976 : INFO : EventManager : Event: ======'mode_attract_stopped'====== Args={}
2025-03-15 11:41:37,976 : INFO : EventManager : Event: ======'clear'====== Args={'key': 'attract'}
2025-03-15 11:41:37,977 : INFO : EventManager : Event: ======'game_will_start'====== Args={}
2025-03-15 11:41:37,977 : INFO : EventManager : Event: ======'game_starting'====== Args={'game': <Mode.game>}
2025-03-15 11:41:37,978 : INFO : EventManager : Unordered handler for class <Auditor> on event game_ended with priority 1. Handlers: [RegisteredHandler(callback=<bound method Auditor.disable of <Auditor>>, priority=1, kwargs={}, key=UUID('1e3e3df6-c0a2-48a1-9ee9-cb1037f1715c'), condition=None, blocking_facility=None), RegisteredHandler(callback=<bound method Auditor._save_audits of <Auditor>>, priority=1, kwargs={}, key=UUID('63035fe2-c4af-49d1-856a-f5d3de0d04ad'), condition=None, blocking_facility=None)]. The order of those handlers is not defined and they will be executed in random order. This might lead to race conditions and potential bugs.
2025-03-15 11:41:37,978 : INFO : EventManager : Event: ======'player_add_request'====== Args={}
2025-03-15 11:41:37,978 : INFO : EventManager : Event: ======'player_will_add'====== Args={'number': 1}
2025-03-15 11:41:37,979 : INFO : EventManager : Event: ======'player_adding'====== Args={'player': <Player 1>, 'number': 1}
2025-03-15 11:41:37,979 : INFO : EventManager : Event: ======'player_added'====== Args={'player': <Player 1>, 'num': 1}
2025-03-15 11:41:37,979 : INFO : Mode.game : Player added successfully. Total players: 1
2025-03-15 11:41:37,979 : INFO : EventManager : Event: ======'player_index'====== Args={'value': 0, 'prev_value': 0, 'change': 0, 'player_num': 1}
2025-03-15 11:41:37,979 : INFO : EventManager : Event: ======'player_number'====== Args={'value': 1, 'prev_value': 1, 'change': 0, 'player_num': 1}
2025-03-15 11:41:37,979 : INFO : EventManager : Event: ======'player_score'====== Args={'value': 0, 'prev_value': 0, 'change': 0, 'player_num': 1}
2025-03-15 11:41:37,979 : INFO : EventManager : Event: ======'game_started'====== Args={}
2025-03-15 11:41:37,979 : INFO : EventManager : Event: ======'player_turn_will_start'====== Args={'player': <Player 1>, 'number': 1}
2025-03-15 11:41:37,981 : INFO : EventManager : Event: ======'player_turn_starting'====== Args={'player': <Player 1>, 'number': 1}
2025-03-15 11:41:37,981 : INFO : EventManager : Event: ======'player_ball'====== Args={'value': 1, 'prev_value': 0, 'change': 1, 'player_num': 1}
2025-03-15 11:41:37,981 : INFO : EventManager : Event: ======'player_turn_started'====== Args={'player': <Player 1>, 'number': 1}
2025-03-15 11:41:37,981 : INFO : EventManager : Event: ======'ball_will_start'====== Args={'player': 1, 'ball': 1, 'balls_remaining': 2, 'is_extra_ball': False}
2025-03-15 11:41:37,982 : INFO : EventManager : Event: ======'ball_starting'====== Args={'player': 1, 'ball': 1, 'balls_remaining': 2, 'is_extra_ball': False}
2025-03-15 11:41:37,982 : INFO : EventManager : Event: ======'balls_in_play'====== Args={'balls': 1}
2025-03-15 11:41:37,982 : INFO : EventManager : Event: ======'ball_started'====== Args={'player': 1, 'ball': 1, 'balls_remaining': 2, 'is_extra_ball': False}
2025-03-15 11:41:37,982 : INFO : EventManager : Event: ======'mode_base_will_start'====== Args={'player': 1, 'ball': 1, 'balls_remaining': 2, 'is_extra_ball': False}
2025-03-15 11:41:37,983 : INFO : EventManager : Event: ======'mode_base_starting'====== Args={'player': 1, 'ball': 1, 'balls_remaining': 2, 'is_extra_ball': False}
2025-03-15 11:41:37,983 : INFO : Mode.base : Started. Priority: 100
2025-03-15 11:41:37,983 : INFO : EventManager : Event: ======'modes_active_modes_changed'====== Args={}
2025-03-15 11:41:37,984 : INFO : EventManager : Event: ======'mode_base_started'====== Args={'player': 1, 'ball': 1, 'balls_remaining': 2, 'is_extra_ball': False}
2025-03-15 11:41:37,984 : INFO : EventManager : Event: ======'single_player_ball_started'====== Args={}
2025-03-15 11:41:37,985 : INFO : EventManager : Event: ======'ball_start_target'====== Args={'target': 'playfield'}
2025-03-15 11:41:37,985 : INFO : ball_device.bd_plunger : Setting up player-controlled eject. Balls: 1, Target: <playfield.playfield>, player_controlled_eject_event: None
2025-03-15 11:41:37,985 : INFO : EventManager : Event: ======'balldevice_balls_available'====== Args={}
2025-03-15 11:41:37,986 : INFO : ball_device.bd_trough : State: waiting_for_target_ready
2025-03-15 11:41:37,987 : INFO : EventManager : Event: ======'balldevice_bd_trough_ball_eject_attempt'====== Args={'balls': 1, 'target': <ball_device.bd_plunger>, 'source': <ball_device.bd_trough>, 'mechanical_eject': True, 'num_attempts': 0}
2025-03-15 11:41:37,987 : INFO : ball_device.bd_plunger : State: waiting_for_ball
2025-03-15 11:41:37,987 : INFO : ball_device.bd_trough : State: ejecting
2025-03-15 11:41:37,987 : INFO : ball_device.bd_trough : Ejecting ball to <ball_device.bd_plunger>
2025-03-15 11:41:37,988 : INFO : EventManager : Event: ======'balldevice_bd_trough_ejecting_ball'====== Args={'balls': 1, 'target': <ball_device.bd_plunger>, 'source': <ball_device.bd_trough>, 'mechanical_eject': True, 'num_attempts': 0}
2025-03-15 11:41:37,988 : INFO : ball_device.bd_trough : Wait for ball to leave device
2025-03-15 11:41:39,712 : INFO : SwitchController : <<<<<<< 's_slingshot_1' active >>>>>>>
2025-03-15 11:41:39,713 : INFO : EventManager : Event: ======'playfield_active'====== Args={'source': 'slingshot_right'}
2025-03-15 11:41:39,713 : INFO : EventManager : Event: ======'unexpected_ball_on_playfield'====== Args={}
2025-03-15 11:41:39,713 : INFO : EventManager : Event: ======'machine_var_audits_switches_s_slingshot_1'====== Args={'value': 12, 'prev_value': 11, 'change': 1}
2025-03-15 11:41:39,745 : INFO : SwitchController : <<<<<<< 's_slingshot_1' inactive >>>>>>>
2025-03-15 11:41:39,759 : INFO : SwitchController : <<<<<<< 's_slingshot_1' active >>>>>>>
2025-03-15 11:41:39,760 : INFO : EventManager : Event: ======'playfield_active'====== Args={'source': 'slingshot_right'}
2025-03-15 11:41:39,760 : INFO : EventManager : Event: ======'unexpected_ball_on_playfield'====== Args={}
2025-03-15 11:41:39,760 : INFO : EventManager : Event: ======'machine_var_audits_switches_s_slingshot_1'====== Args={'value': 13, 'prev_value': 12, 'change': 1}
2025-03-15 11:41:39,775 : INFO : SwitchController : <<<<<<< 's_slingshot_1' inactive >>>>>>>
2025-03-15 11:41:41,665 : INFO : SwitchController : <<<<<<< 's_pop_bumper_cc_1' active >>>>>>>
2025-03-15 11:41:41,666 : INFO : EventManager : Event: ======'playfield_active'====== Args={'source': 'pop_bumper_cc_1'}
2025-03-15 11:41:41,666 : INFO : EventManager : Event: ======'unexpected_ball_on_playfield'====== Args={}
2025-03-15 11:41:41,666 : INFO : EventManager : Event: ======'machine_var_audits_switches_s_pop_bumper_cc_1'====== Args={'value': 9, 'prev_value': 8, 'change': 1}
2025-03-15 11:41:41,806 : INFO : SwitchController : <<<<<<< 's_pop_bumper_cc_1' inactive >>>>>>>
2025-03-15 11:41:42,027 : INFO : SwitchController : <<<<<<< 's_pop_bumper_cc_1' active >>>>>>>
2025-03-15 11:41:42,027 : INFO : EventManager : Event: ======'playfield_active'====== Args={'source': 'pop_bumper_cc_1'}
2025-03-15 11:41:42,027 : INFO : EventManager : Event: ======'unexpected_ball_on_playfield'====== Args={}
2025-03-15 11:41:42,027 : INFO : EventManager : Event: ======'machine_var_audits_switches_s_pop_bumper_cc_1'====== Args={'value': 10, 'prev_value': 9, 'change': 1}
2025-03-15 11:41:42,137 : INFO : SwitchController : <<<<<<< 's_pop_bumper_cc_1' inactive >>>>>>>
2025-03-15 11:41:42,261 : INFO : SwitchController : <<<<<<< 's_pop_bumper_cc_1' active >>>>>>>
2025-03-15 11:41:42,261 : INFO : EventManager : Event: ======'playfield_active'====== Args={'source': 'pop_bumper_cc_1'}
2025-03-15 11:41:42,262 : INFO : EventManager : Event: ======'unexpected_ball_on_playfield'====== Args={}
2025-03-15 11:41:42,262 : INFO : EventManager : Event: ======'machine_var_audits_switches_s_pop_bumper_cc_1'====== Args={'value': 11, 'prev_value': 10, 'change': 1}
2025-03-15 11:41:42,374 : INFO : SwitchController : <<<<<<< 's_pop_bumper_cc_1' inactive >>>>>>>
2025-03-15 11:41:42,767 : INFO : SwitchController : <<<<<<< 's_pop_bumper_cc_3' active >>>>>>>
2025-03-15 11:41:42,768 : INFO : EventManager : Event: ======'playfield_active'====== Args={'source': 'pop_bumper_cc_3'}
2025-03-15 11:41:42,768 : INFO : EventManager : Event: ======'unexpected_ball_on_playfield'====== Args={}
2025-03-15 11:41:42,768 : INFO : EventManager : Event: ======'machine_var_audits_switches_s_pop_bumper_cc_3'====== Args={'value': 8, 'prev_value': 7, 'change': 1}
2025-03-15 11:41:42,859 : INFO : SwitchController : <<<<<<< 's_pop_bumper_cc_3' inactive >>>>>>>
2025-03-15 11:41:43,173 : INFO : SwitchController : <<<<<<< 's_pop_bumper_cc_3' active >>>>>>>
2025-03-15 11:41:43,174 : INFO : EventManager : Event: ======'playfield_active'====== Args={'source': 'pop_bumper_cc_3'}
2025-03-15 11:41:43,174 : INFO : EventManager : Event: ======'unexpected_ball_on_playfield'====== Args={}
2025-03-15 11:41:43,174 : INFO : EventManager : Event: ======'machine_var_audits_switches_s_pop_bumper_cc_3'====== Args={'value': 9, 'prev_value': 8, 'change': 1}
2025-03-15 11:41:43,281 : INFO : SwitchController : <<<<<<< 's_pop_bumper_cc_3' inactive >>>>>>>
2025-03-15 11:41:43,329 : INFO : SwitchController : <<<<<<< 's_pop_bumper_cc_3' active >>>>>>>
2025-03-15 11:41:43,329 : INFO : EventManager : Event: ======'playfield_active'====== Args={'source': 'pop_bumper_cc_3'}
2025-03-15 11:41:43,329 : INFO : EventManager : Event: ======'unexpected_ball_on_playfield'====== Args={}
2025-03-15 11:41:43,329 : INFO : EventManager : Event: ======'machine_var_audits_switches_s_pop_bumper_cc_3'====== Args={'value': 10, 'prev_value': 9, 'change': 1}
2025-03-15 11:41:43,470 : INFO : SwitchController : <<<<<<< 's_pop_bumper_cc_3' inactive >>>>>>>
2025-03-15 11:41:45,030 : INFO : SwitchController : <<<<<<< 's_pop_bumper_cc_1' active >>>>>>>
2025-03-15 11:41:45,030 : INFO : EventManager : Event: ======'playfield_active'====== Args={'source': 'pop_bumper_cc_1'}
2025-03-15 11:41:45,030 : INFO : EventManager : Event: ======'unexpected_ball_on_playfield'====== Args={}
2025-03-15 11:41:45,030 : INFO : EventManager : Event: ======'machine_var_audits_switches_s_pop_bumper_cc_1'====== Args={'value': 12, 'prev_value': 11, 'change': 1}
2025-03-15 11:41:45,063 : INFO : SwitchController : <<<<<<< 's_pop_bumper_cc_2' active >>>>>>>
2025-03-15 11:41:45,063 : INFO : EventManager : Event: ======'playfield_active'====== Args={'source': 'pop_bumper_cc_2'}
2025-03-15 11:41:45,064 : INFO : EventManager : Event: ======'unexpected_ball_on_playfield'====== Args={}
2025-03-15 11:41:45,064 : INFO : EventManager : Event: ======'machine_var_audits_switches_s_pop_bumper_cc_2'====== Args={'value': 7, 'prev_value': 6, 'change': 1}
2025-03-15 11:41:45,078 : INFO : SwitchController : <<<<<<< 's_pop_bumper_cc_1' inactive >>>>>>>
2025-03-15 11:41:45,123 : INFO : SwitchController : <<<<<<< 's_pop_bumper_cc_2' inactive >>>>>>>
2025-03-15 11:41:45,453 : INFO : SwitchController : <<<<<<< 's_pop_bumper_cc_2' active >>>>>>>
2025-03-15 11:41:45,453 : INFO : EventManager : Event: ======'playfield_active'====== Args={'source': 'pop_bumper_cc_2'}
2025-03-15 11:41:45,453 : INFO : EventManager : Event: ======'unexpected_ball_on_playfield'====== Args={}
2025-03-15 11:41:45,453 : INFO : EventManager : Event: ======'machine_var_audits_switches_s_pop_bumper_cc_2'====== Args={'value': 8, 'prev_value': 7, 'change': 1}
2025-03-15 11:41:45,564 : INFO : SwitchController : <<<<<<< 's_pop_bumper_cc_2' inactive >>>>>>>
2025-03-15 11:41:45,925 : INFO : SwitchController : <<<<<<< 's_pop_bumper_cc_2' active >>>>>>>
2025-03-15 11:41:45,925 : INFO : EventManager : Event: ======'playfield_active'====== Args={'source': 'pop_bumper_cc_2'}
2025-03-15 11:41:45,926 : INFO : EventManager : Event: ======'unexpected_ball_on_playfield'====== Args={}
2025-03-15 11:41:45,926 : INFO : EventManager : Event: ======'machine_var_audits_switches_s_pop_bumper_cc_2'====== Args={'value': 9, 'prev_value': 8, 'change': 1}
2025-03-15 11:41:45,971 : INFO : SwitchController : <<<<<<< 's_pop_bumper_cc_2' inactive >>>>>>>
2025-03-15 11:41:46,128 : INFO : SwitchController : <<<<<<< 's_pop_bumper_cc_2' active >>>>>>>
2025-03-15 11:41:46,128 : INFO : EventManager : Event: ======'playfield_active'====== Args={'source': 'pop_bumper_cc_2'}
2025-03-15 11:41:46,129 : INFO : EventManager : Event: ======'unexpected_ball_on_playfield'====== Args={}
2025-03-15 11:41:46,129 : INFO : EventManager : Event: ======'machine_var_audits_switches_s_pop_bumper_cc_2'====== Args={'value': 10, 'prev_value': 9, 'change': 1}
2025-03-15 11:41:46,144 : INFO : SwitchController : <<<<<<< 's_pop_bumper_cc_2' inactive >>>>>>>
2025-03-15 11:41:46,145 : INFO : SwitchController : <<<<<<< 's_pop_bumper_cc_2' active >>>>>>>
2025-03-15 11:41:46,145 : INFO : EventManager : Event: ======'playfield_active'====== Args={'source': 'pop_bumper_cc_2'}
2025-03-15 11:41:46,145 : INFO : EventManager : Event: ======'unexpected_ball_on_playfield'====== Args={}
2025-03-15 11:41:46,145 : INFO : EventManager : Event: ======'machine_var_audits_switches_s_pop_bumper_cc_2'====== Args={'value': 11, 'prev_value': 10, 'change': 1}
2025-03-15 11:41:46,174 : INFO : SwitchController : <<<<<<< 's_pop_bumper_cc_2' inactive >>>>>>>
2025-03-15 11:41:46,191 : INFO : SwitchController : <<<<<<< 's_pop_bumper_cc_2' active >>>>>>>
2025-03-15 11:41:46,191 : INFO : EventManager : Event: ======'playfield_active'====== Args={'source': 'pop_bumper_cc_2'}
2025-03-15 11:41:46,191 : INFO : EventManager : Event: ======'unexpected_ball_on_playfield'====== Args={}
2025-03-15 11:41:46,191 : INFO : EventManager : Event: ======'machine_var_audits_switches_s_pop_bumper_cc_2'====== Args={'value': 12, 'prev_value': 11, 'change': 1}
2025-03-15 11:41:46,191 : INFO : SwitchController : <<<<<<< 's_pop_bumper_cc_2' inactive >>>>>>>
2025-03-15 11:41:47,311 : INFO : SwitchController : <<<<<<< 's_pop_bumper_m' active >>>>>>>
2025-03-15 11:41:47,311 : INFO : EventManager : Event: ======'playfield_active'====== Args={'source': 'pop_bumper_m'}
2025-03-15 11:41:47,311 : INFO : EventManager : Event: ======'unexpected_ball_on_playfield'====== Args={}
2025-03-15 11:41:47,311 : INFO : EventManager : Event: ======'machine_var_audits_switches_s_pop_bumper_m'====== Args={'value': 11, 'prev_value': 10, 'change': 1}
2025-03-15 11:41:47,375 : INFO : SwitchController : <<<<<<< 's_pop_bumper_m' inactive >>>>>>>
2025-03-15 11:41:47,684 : INFO : SwitchController : <<<<<<< 's_pop_bumper_m' active >>>>>>>
2025-03-15 11:41:47,685 : INFO : EventManager : Event: ======'playfield_active'====== Args={'source': 'pop_bumper_m'}
2025-03-15 11:41:47,685 : INFO : EventManager : Event: ======'unexpected_ball_on_playfield'====== Args={}
2025-03-15 11:41:47,685 : INFO : EventManager : Event: ======'machine_var_audits_switches_s_pop_bumper_m'====== Args={'value': 12, 'prev_value': 11, 'change': 1}
2025-03-15 11:41:47,857 : INFO : SwitchController : <<<<<<< 's_pop_bumper_m' inactive >>>>>>>
2025-03-15 11:41:47,953 : INFO : SwitchController : <<<<<<< 's_pop_bumper_m' active >>>>>>>
2025-03-15 11:41:47,954 : INFO : EventManager : Event: ======'playfield_active'====== Args={'source': 'pop_bumper_m'}
2025-03-15 11:41:47,954 : INFO : EventManager : Event: ======'unexpected_ball_on_playfield'====== Args={}
2025-03-15 11:41:47,954 : INFO : EventManager : Event: ======'machine_var_audits_switches_s_pop_bumper_m'====== Args={'value': 13, 'prev_value': 12, 'change': 1}
2025-03-15 11:41:48,155 : INFO : SwitchController : <<<<<<< 's_pop_bumper_m' inactive >>>>>>>
2025-03-15 11:41:50,002 : INFO : Machine : Shutting down...
2025-03-15 11:41:50,002 : INFO : EventManager : Event: ======'shutdown'====== Args={}
2025-03-15 11:41:50,003 : INFO : EventManager : Event: ======'mode_game_will_stop'====== Args={}
2025-03-15 11:41:50,003 : INFO : EventManager : Event: ======'mode_game_stopping'====== Args={}
2025-03-15 11:41:50,004 : INFO : EventManager : Event: ======'mode_base_will_stop'====== Args={}
2025-03-15 11:41:50,004 : INFO : EventManager : Event: ======'mode_base_stopping'====== Args={}
2025-03-15 11:41:50,004 : INFO : Mode.base : Stopped.
2025-03-15 11:41:50,005 : INFO : EventManager : Event: ======'modes_active_modes_changed'====== Args={}
2025-03-15 11:41:50,005 : INFO : EventManager : Event: ======'mode_base_stopped'====== Args={}
2025-03-15 11:41:50,005 : INFO : EventManager : Event: ======'clear'====== Args={'key': 'base'}
2025-03-15 11:41:50,005 : INFO : Mode.game : Stopped.
2025-03-15 11:41:50,005 : INFO : EventManager : Event: ======'modes_active_modes_changed'====== Args={}
2025-03-15 11:41:50,005 : INFO : EventManager : Event: ======'mode_game_stopped'====== Args={}
2025-03-15 11:41:50,005 : INFO : EventManager : Event: ======'clear'====== Args={'key': 'game'}
2025-03-15 11:41:50,093 : INFO : root : MPF run loop ended.
