2025-03-21 13:08:26,281 : INFO : root : Loading config.
2025-03-21 13:08:26,288 : INFO : YamlMultifileConfigLoader : Machine config file #1: config.yaml
2025-03-21 13:08:26,290 : INFO : ConfigProcessor : Loading config from cache: C:\Users\User\AppData\Local\Temp\5682b9bdeb2b9ad8a31c13560e038609.mpf_cache
2025-03-21 13:08:26,503 : INFO : ConfigProcessor : Loading config from cache: C:\Users\User\AppData\Local\Temp\8422c6572f827355f8aade1949d04025.mpf_cache
2025-03-21 13:08:26,504 : INFO : ConfigProcessor : Loading config from cache: C:\Users\User\AppData\Local\Temp\1c0e7e9816717d8e62c4728dfe372999.mpf_cache
2025-03-21 13:08:26,507 : INFO : ConfigProcessor : Loading config from cache: C:\Users\User\AppData\Local\Temp\e3e8065d662ad307fa9574659e7e4e8e.mpf_cache
2025-03-21 13:08:26,508 : INFO : ConfigProcessor : Loading config from cache: C:\Users\User\AppData\Local\Temp\8422c6572f827355f8aade1949d04025.mpf_cache
2025-03-21 13:08:26,511 : INFO : Machine : Mission Pinball Framework Core Engine v0.80.0.dev6
2025-03-21 13:08:26,511 : INFO : Machine : Command line arguments: {'no_load_cache': False, 'create_config_cache': True, 'bcp': False, 'configfile': ['config.yaml'], 'force_assets_load': False, 'platform_integration_test': False, 'jsonlogging': False, 'logfile': 'logs\\2025-03-21-13-08-26-mpf-BERNIE.log', 'pause': False, 'production': False, 'text_ui': False, 'loglevel': 15, 'consoleloglevel': 20, 'force_platform': None, 'syslog_address': None, 'full_logfile_path': 'C:\\Users\\User\\Desktop\\fast_homebrew_godot_v2\\fast_homebrew_godot_v2\\logs\\2025-03-21-13-08-26-mpf-BERNIE.log'}
2025-03-21 13:08:26,511 : INFO : Machine : MPF path: C:\Users\User\AppData\Local\Programs\Python\Python312\Lib\site-packages\mpf
2025-03-21 13:08:26,511 : INFO : Machine : Machine path: C:\Users\User\Desktop\fast_homebrew_godot_v2\fast_homebrew_godot_v2
2025-03-21 13:08:26,511 : INFO : Machine : Platform: win32
2025-03-21 13:08:26,511 : INFO : Machine : Python executable location: C:\Users\User\AppData\Local\Programs\Python\Python312\python.exe
2025-03-21 13:08:26,511 : INFO : Machine : Python version: 3.12.3 (64-bit)
2025-03-21 13:08:26,515 : INFO : Machine : Initializing MPF...
2025-03-21 13:08:26,723 : INFO : FAST : Auto-detecting ports for the following connections: ['net']
2025-03-21 13:08:26,773 : INFO : FAST : Detected NET on port COM5
2025-03-21 13:08:26,885 : INFO : FAST [NET] : Trying to connect to COM5 at 921600bps
2025-03-21 13:08:26,892 : INFO : FAST [NET] : Connected to COM5 at 921600bps
2025-03-21 13:08:26,899 : INFO : FAST [NET] : Connected to FP-CPU-2000 with firmware v02.26
2025-03-21 13:08:26,929 : INFO : FAST [NET] : Registered I/O Board 0: Model: FP-I/O-3208, Firmware: 01.10, Switches: 32, Drivers: 8
2025-03-21 13:08:26,945 : INFO : FAST [NET] : Registered I/O Board 1: Model: FP-I/O-3208, Firmware: 01.10, Switches: 32, Drivers: 8
2025-03-21 13:08:26,948 : INFO : EventManager : Event: ======'machine_var_credits_string'====== Args={'value': 'FREE PLAY', 'prev_value': None, 'change': True}
2025-03-21 13:08:27,014 : INFO : EventManager : Event: ======'machine_var_master_volume'====== Args={'value': 0.5, 'prev_value': None, 'change': True}
2025-03-21 13:08:27,014 : INFO : EventManager : Event: ======'machine_var_player1_score'====== Args={'value': 0, 'prev_value': None, 'change': True}
2025-03-21 13:08:27,014 : INFO : EventManager : Event: ======'machine_var_mpf_version'====== Args={'value': 'Mission Pinball Framework v0.80.0.dev6', 'prev_value': None, 'change': True}
2025-03-21 13:08:27,014 : INFO : EventManager : Event: ======'machine_var_mpf_extended_version'====== Args={'value': 'Mission Pinball Framework v0.80.0.dev6, Config version:6, Show version: 6, BCP version:1.1', 'prev_value': None, 'change': True}
2025-03-21 13:08:27,015 : INFO : EventManager : Event: ======'machine_var_python_version'====== Args={'value': '3.12.3', 'prev_value': None, 'change': True}
2025-03-21 13:08:27,144 : INFO : EventManager : Event: ======'machine_var_platform'====== Args={'value': 'Windows-11-10.0.22631-SP0', 'prev_value': None, 'change': True}
2025-03-21 13:08:27,144 : INFO : EventManager : Event: ======'machine_var_platform_system'====== Args={'value': 'Windows', 'prev_value': None, 'change': True}
2025-03-21 13:08:27,144 : INFO : EventManager : Event: ======'machine_var_platform_release'====== Args={'value': '11', 'prev_value': None, 'change': True}
2025-03-21 13:08:27,144 : INFO : EventManager : Event: ======'machine_var_platform_version'====== Args={'value': '10.0.22631', 'prev_value': None, 'change': True}
2025-03-21 13:08:27,144 : INFO : EventManager : Event: ======'machine_var_platform_machine'====== Args={'value': 'AMD64', 'prev_value': None, 'change': True}
2025-03-21 13:08:27,144 : INFO : EventManager : Event: ======'machine_var_log_file_path'====== Args={'value': 'C:\\Users\\User\\Desktop\\fast_homebrew_godot_v2\\fast_homebrew_godot_v2\\logs\\2025-03-21-13-08-26-mpf-BERNIE.log', 'prev_value': None, 'change': True}
2025-03-21 13:08:27,144 : INFO : EventManager : Event: ======'init_phase_1'====== Args={}
2025-03-21 13:08:29,641 : INFO : SwitchController : <<<<<<< 's_trough_ball_jam' active >>>>>>>
2025-03-21 13:08:29,642 : INFO : SwitchController : <<<<<<< 's_trough_ball_1' active >>>>>>>
2025-03-21 13:08:29,642 : INFO : SwitchController : <<<<<<< 's_flipper_right' active >>>>>>>
2025-03-21 13:08:29,642 : INFO : SwitchController : <<<<<<< 's_start' active >>>>>>>
2025-03-21 13:08:29,643 : INFO : EventManager : Event: ======'init_phase_2'====== Args={}
2025-03-21 13:08:29,643 : INFO : SwitchController : Found active switch: (6, [FAST Platform Interface]) <switch.s_trough_ball_jam>
2025-03-21 13:08:29,643 : INFO : SwitchController : Found active switch: (26, [FAST Platform Interface]) <switch.s_trough_ball_1>
2025-03-21 13:08:29,643 : INFO : SwitchController : Found active switch: (31, [FAST Platform Interface]) <switch.s_flipper_right>
2025-03-21 13:08:29,643 : INFO : SwitchController : Found active switch: (29, [FAST Platform Interface]) <switch.s_start>
2025-03-21 13:08:30,139 : INFO : ball_device.bd_trough : BCH: Initial count: 1
2025-03-21 13:08:30,140 : INFO : ball_device.bd_trough : State: idle
2025-03-21 13:08:30,142 : INFO : ball_device.bd_plunger : BCH: Initial count: 0
2025-03-21 13:08:30,143 : INFO : ball_device.bd_plunger : State: idle
2025-03-21 13:08:30,169 : INFO : EventManager : Event: ======'init_phase_3'====== Args={}
2025-03-21 13:08:30,176 : INFO : EventManager : Event: ======'init_phase_4'====== Args={}
2025-03-21 13:08:30,177 : INFO : BallController : Initial balls found: 1
2025-03-21 13:08:30,181 : INFO : EventManager : Event: ======'machine_var_audits_events_game_ended'====== Args={'value': 4, 'prev_value': None, 'change': True}
2025-03-21 13:08:30,181 : INFO : EventManager : Event: ======'machine_var_audits_events_game_started'====== Args={'value': 439, 'prev_value': None, 'change': True}
2025-03-21 13:08:30,181 : INFO : EventManager : Event: ======'machine_var_audits_missing_switches_s_eject_confirm'====== Args={'value': 14, 'prev_value': None, 'change': True}
2025-03-21 13:08:30,181 : INFO : EventManager : Event: ======'machine_var_audits_missing_switches_s_flipper_right'====== Args={'value': 50, 'prev_value': None, 'change': True}
2025-03-21 13:08:30,182 : INFO : EventManager : Event: ======'machine_var_audits_missing_switches_s_flipper_right_eos'====== Args={'value': 47, 'prev_value': None, 'change': True}
2025-03-21 13:08:30,182 : INFO : EventManager : Event: ======'machine_var_audits_missing_switches_s_launch'====== Args={'value': 6, 'prev_value': None, 'change': True}
2025-03-21 13:08:30,182 : INFO : EventManager : Event: ======'machine_var_audits_missing_switches_s_left_flipper'====== Args={'value': 363, 'prev_value': None, 'change': True}
2025-03-21 13:08:30,182 : INFO : EventManager : Event: ======'machine_var_audits_missing_switches_s_left_flipper_eos'====== Args={'value': 363, 'prev_value': None, 'change': True}
2025-03-21 13:08:30,182 : INFO : EventManager : Event: ======'machine_var_audits_missing_switches_s_left_inlane'====== Args={'value': 6, 'prev_value': None, 'change': True}
2025-03-21 13:08:30,182 : INFO : EventManager : Event: ======'machine_var_audits_missing_switches_s_left_inner_lane'====== Args={'value': 357, 'prev_value': None, 'change': True}
2025-03-21 13:08:30,182 : INFO : EventManager : Event: ======'machine_var_audits_missing_switches_s_left_outer_lane'====== Args={'value': 153, 'prev_value': None, 'change': True}
2025-03-21 13:08:30,182 : INFO : EventManager : Event: ======'machine_var_audits_missing_switches_s_left_outlane'====== Args={'value': 6, 'prev_value': None, 'change': True}
2025-03-21 13:08:30,182 : INFO : EventManager : Event: ======'machine_var_audits_missing_switches_s_left_sling'====== Args={'value': 363, 'prev_value': None, 'change': True}
2025-03-21 13:08:30,182 : INFO : EventManager : Event: ======'machine_var_audits_missing_switches_s_mead'====== Args={'value': 267, 'prev_value': None, 'change': True}
2025-03-21 13:08:30,182 : INFO : EventManager : Event: ======'machine_var_audits_missing_switches_s_percy'====== Args={'value': 85, 'prev_value': None, 'change': True}
2025-03-21 13:08:30,183 : INFO : EventManager : Event: ======'machine_var_audits_missing_switches_s_pop_bumper_1'====== Args={'value': 357, 'prev_value': None, 'change': True}
2025-03-21 13:08:30,183 : INFO : EventManager : Event: ======'machine_var_audits_missing_switches_s_pop_bumper_2'====== Args={'value': 357, 'prev_value': None, 'change': True}
2025-03-21 13:08:30,183 : INFO : EventManager : Event: ======'machine_var_audits_missing_switches_s_pop_bumper_3'====== Args={'value': 357, 'prev_value': None, 'change': True}
2025-03-21 13:08:30,183 : INFO : EventManager : Event: ======'machine_var_audits_missing_switches_s_pop_bumper_cc_1'====== Args={'value': 3, 'prev_value': None, 'change': True}
2025-03-21 13:08:30,183 : INFO : EventManager : Event: ======'machine_var_audits_missing_switches_s_pop_bumper_cc_2'====== Args={'value': 3, 'prev_value': None, 'change': True}
2025-03-21 13:08:30,183 : INFO : EventManager : Event: ======'machine_var_audits_missing_switches_s_pop_bumper_cc_3'====== Args={'value': 3, 'prev_value': None, 'change': True}
2025-03-21 13:08:30,183 : INFO : EventManager : Event: ======'machine_var_audits_missing_switches_s_pop_bumper_m'====== Args={'value': 3, 'prev_value': None, 'change': True}
2025-03-21 13:08:30,183 : INFO : EventManager : Event: ======'machine_var_audits_missing_switches_s_right_flipper'====== Args={'value': 363, 'prev_value': None, 'change': True}
2025-03-21 13:08:30,183 : INFO : EventManager : Event: ======'machine_var_audits_missing_switches_s_right_flipper_eos'====== Args={'value': 363, 'prev_value': None, 'change': True}
2025-03-21 13:08:30,183 : INFO : EventManager : Event: ======'machine_var_audits_missing_switches_s_right_inlane'====== Args={'value': 6, 'prev_value': None, 'change': True}
2025-03-21 13:08:30,184 : INFO : EventManager : Event: ======'machine_var_audits_missing_switches_s_right_inner_lane'====== Args={'value': 357, 'prev_value': None, 'change': True}
2025-03-21 13:08:30,184 : INFO : EventManager : Event: ======'machine_var_audits_missing_switches_s_right_outer_lane'====== Args={'value': 357, 'prev_value': None, 'change': True}
2025-03-21 13:08:30,184 : INFO : EventManager : Event: ======'machine_var_audits_missing_switches_s_right_outlane'====== Args={'value': 6, 'prev_value': None, 'change': True}
2025-03-21 13:08:30,184 : INFO : EventManager : Event: ======'machine_var_audits_missing_switches_s_right_sling'====== Args={'value': 363, 'prev_value': None, 'change': True}
2025-03-21 13:08:30,184 : INFO : EventManager : Event: ======'machine_var_audits_missing_switches_s_scanlan'====== Args={'value': 204, 'prev_value': None, 'change': True}
2025-03-21 13:08:30,184 : INFO : EventManager : Event: ======'machine_var_audits_missing_switches_s_slingshot_1'====== Args={'value': 3, 'prev_value': None, 'change': True}
2025-03-21 13:08:30,184 : INFO : EventManager : Event: ======'machine_var_audits_missing_switches_s_slingshot_2'====== Args={'value': 3, 'prev_value': None, 'change': True}
2025-03-21 13:08:30,185 : INFO : EventManager : Event: ======'machine_var_audits_missing_switches_s_trough_ball_2'====== Args={'value': 5, 'prev_value': None, 'change': True}
2025-03-21 13:08:30,185 : INFO : EventManager : Event: ======'machine_var_audits_missing_switches_s_trough_ball_3'====== Args={'value': 25, 'prev_value': None, 'change': True}
2025-03-21 13:08:30,185 : INFO : EventManager : Event: ======'machine_var_audits_missing_switches_s_trough_ball_4'====== Args={'value': 25, 'prev_value': None, 'change': True}
2025-03-21 13:08:30,185 : INFO : EventManager : Event: ======'machine_var_audits_missing_switches_s_trough_ball_5'====== Args={'value': 25, 'prev_value': None, 'change': True}
2025-03-21 13:08:30,185 : INFO : EventManager : Event: ======'machine_var_audits_missing_switches_s_trough_ball_6'====== Args={'value': 25, 'prev_value': None, 'change': True}
2025-03-21 13:08:30,185 : INFO : EventManager : Event: ======'machine_var_audits_missing_switches_s_trough_ball_jam'====== Args={'value': 413, 'prev_value': None, 'change': True}
2025-03-21 13:08:30,185 : INFO : EventManager : Event: ======'machine_var_audits_player_score'====== Args={'value': {'average': 0, 'top': [0, 0, 0, 0], 'total': 4}, 'prev_value': None, 'change': True}
2025-03-21 13:08:30,186 : INFO : EventManager : Event: ======'machine_var_audits_shots_mead_shot'====== Args={'value': 223, 'prev_value': None, 'change': True}
2025-03-21 13:08:30,186 : INFO : EventManager : Event: ======'machine_var_audits_shots_percy_shot'====== Args={'value': 56, 'prev_value': None, 'change': True}
2025-03-21 13:08:30,186 : INFO : EventManager : Event: ======'machine_var_audits_shots_scanlan_shot'====== Args={'value': 121, 'prev_value': None, 'change': True}
2025-03-21 13:08:30,186 : INFO : EventManager : Event: ======'machine_var_audits_shots_video_shot_1'====== Args={'value': 24, 'prev_value': None, 'change': True}
2025-03-21 13:08:30,186 : INFO : EventManager : Event: ======'machine_var_audits_shots_video_shot_2'====== Args={'value': 20, 'prev_value': None, 'change': True}
2025-03-21 13:08:30,187 : INFO : EventManager : Event: ======'machine_var_audits_switches_s_auto_launcher'====== Args={'value': 0, 'prev_value': None, 'change': True}
2025-03-21 13:08:30,187 : INFO : EventManager : Event: ======'machine_var_audits_switches_s_ball_drain'====== Args={'value': 0, 'prev_value': None, 'change': True}
2025-03-21 13:08:30,187 : INFO : EventManager : Event: ======'machine_var_audits_switches_s_eject_confirm'====== Args={'value': 0, 'prev_value': None, 'change': True}
2025-03-21 13:08:30,187 : INFO : EventManager : Event: ======'machine_var_audits_switches_s_flipper_left'====== Args={'value': 29, 'prev_value': None, 'change': True}
2025-03-21 13:08:30,187 : INFO : EventManager : Event: ======'machine_var_audits_switches_s_flipper_left_lower_eos'====== Args={'value': 22, 'prev_value': None, 'change': True}
2025-03-21 13:08:30,188 : INFO : EventManager : Event: ======'machine_var_audits_switches_s_flipper_left_upper_eos'====== Args={'value': 22, 'prev_value': None, 'change': True}
2025-03-21 13:08:30,188 : INFO : EventManager : Event: ======'machine_var_audits_switches_s_flipper_right'====== Args={'value': 0, 'prev_value': None, 'change': True}
2025-03-21 13:08:30,188 : INFO : EventManager : Event: ======'machine_var_audits_switches_s_flipper_right_eos'====== Args={'value': 3, 'prev_value': None, 'change': True}
2025-03-21 13:08:30,188 : INFO : EventManager : Event: ======'machine_var_audits_switches_s_launch'====== Args={'value': 0, 'prev_value': None, 'change': True}
2025-03-21 13:08:30,188 : INFO : EventManager : Event: ======'machine_var_audits_switches_s_left_flipper'====== Args={'value': 36, 'prev_value': None, 'change': True}
2025-03-21 13:08:30,188 : INFO : EventManager : Event: ======'machine_var_audits_switches_s_left_flipper_eos'====== Args={'value': 0, 'prev_value': None, 'change': True}
2025-03-21 13:08:30,188 : INFO : EventManager : Event: ======'machine_var_audits_switches_s_left_inlane'====== Args={'value': 0, 'prev_value': None, 'change': True}
2025-03-21 13:08:30,189 : INFO : EventManager : Event: ======'machine_var_audits_switches_s_left_inner_lane'====== Args={'value': 0, 'prev_value': None, 'change': True}
2025-03-21 13:08:30,189 : INFO : EventManager : Event: ======'machine_var_audits_switches_s_left_outer_lane'====== Args={'value': 0, 'prev_value': None, 'change': True}
2025-03-21 13:08:30,189 : INFO : EventManager : Event: ======'machine_var_audits_switches_s_left_outlane'====== Args={'value': 0, 'prev_value': None, 'change': True}
2025-03-21 13:08:30,189 : INFO : EventManager : Event: ======'machine_var_audits_switches_s_left_sling'====== Args={'value': 7, 'prev_value': None, 'change': True}
2025-03-21 13:08:30,189 : INFO : EventManager : Event: ======'machine_var_audits_switches_s_mead'====== Args={'value': 0, 'prev_value': None, 'change': True}
2025-03-21 13:08:30,189 : INFO : EventManager : Event: ======'machine_var_audits_switches_s_percy'====== Args={'value': 0, 'prev_value': None, 'change': True}
2025-03-21 13:08:30,189 : INFO : EventManager : Event: ======'machine_var_audits_switches_s_plunger'====== Args={'value': 37, 'prev_value': None, 'change': True}
2025-03-21 13:08:30,189 : INFO : EventManager : Event: ======'machine_var_audits_switches_s_pop_bumper_1'====== Args={'value': 0, 'prev_value': None, 'change': True}
2025-03-21 13:08:30,190 : INFO : EventManager : Event: ======'machine_var_audits_switches_s_pop_bumper_2'====== Args={'value': 0, 'prev_value': None, 'change': True}
2025-03-21 13:08:30,190 : INFO : EventManager : Event: ======'machine_var_audits_switches_s_pop_bumper_3'====== Args={'value': 0, 'prev_value': None, 'change': True}
2025-03-21 13:08:30,190 : INFO : EventManager : Event: ======'machine_var_audits_switches_s_pop_bumper_cc_1'====== Args={'value': 17, 'prev_value': None, 'change': True}
2025-03-21 13:08:30,190 : INFO : EventManager : Event: ======'machine_var_audits_switches_s_pop_bumper_cc_2'====== Args={'value': 14, 'prev_value': None, 'change': True}
2025-03-21 13:08:30,192 : INFO : EventManager : Event: ======'machine_var_audits_switches_s_pop_bumper_cc_3'====== Args={'value': 18, 'prev_value': None, 'change': True}
2025-03-21 13:08:30,193 : INFO : EventManager : Event: ======'machine_var_audits_switches_s_pop_bumper_m'====== Args={'value': 16, 'prev_value': None, 'change': True}
2025-03-21 13:08:30,193 : INFO : EventManager : Event: ======'machine_var_audits_switches_s_right_flipper'====== Args={'value': 131, 'prev_value': None, 'change': True}
2025-03-21 13:08:30,193 : INFO : EventManager : Event: ======'machine_var_audits_switches_s_right_flipper_eos'====== Args={'value': 0, 'prev_value': None, 'change': True}
2025-03-21 13:08:30,193 : INFO : EventManager : Event: ======'machine_var_audits_switches_s_right_inlane'====== Args={'value': 0, 'prev_value': None, 'change': True}
2025-03-21 13:08:30,193 : INFO : EventManager : Event: ======'machine_var_audits_switches_s_right_inner_lane'====== Args={'value': 0, 'prev_value': None, 'change': True}
2025-03-21 13:08:30,194 : INFO : EventManager : Event: ======'machine_var_audits_switches_s_right_outer_lane'====== Args={'value': 0, 'prev_value': None, 'change': True}
2025-03-21 13:08:30,194 : INFO : EventManager : Event: ======'machine_var_audits_switches_s_right_outlane'====== Args={'value': 0, 'prev_value': None, 'change': True}
2025-03-21 13:08:30,194 : INFO : EventManager : Event: ======'machine_var_audits_switches_s_right_sling'====== Args={'value': 3, 'prev_value': None, 'change': True}
2025-03-21 13:08:30,194 : INFO : EventManager : Event: ======'machine_var_audits_switches_s_scanlan'====== Args={'value': 0, 'prev_value': None, 'change': True}
2025-03-21 13:08:30,194 : INFO : EventManager : Event: ======'machine_var_audits_switches_s_slingshot_1'====== Args={'value': 41, 'prev_value': None, 'change': True}
2025-03-21 13:08:30,194 : INFO : EventManager : Event: ======'machine_var_audits_switches_s_slingshot_2'====== Args={'value': 18, 'prev_value': None, 'change': True}
2025-03-21 13:08:30,194 : INFO : EventManager : Event: ======'machine_var_audits_switches_s_start'====== Args={'value': 163, 'prev_value': None, 'change': True}
2025-03-21 13:08:30,194 : INFO : EventManager : Event: ======'machine_var_audits_switches_s_switch_2'====== Args={'value': 0, 'prev_value': None, 'change': True}
2025-03-21 13:08:30,194 : INFO : EventManager : Event: ======'machine_var_audits_switches_s_trough_ball_1'====== Args={'value': 39, 'prev_value': None, 'change': True}
2025-03-21 13:08:30,194 : INFO : EventManager : Event: ======'machine_var_audits_switches_s_trough_ball_2'====== Args={'value': 16, 'prev_value': None, 'change': True}
2025-03-21 13:08:30,195 : INFO : EventManager : Event: ======'machine_var_audits_switches_s_trough_ball_3'====== Args={'value': 5, 'prev_value': None, 'change': True}
2025-03-21 13:08:30,195 : INFO : EventManager : Event: ======'machine_var_audits_switches_s_trough_ball_4'====== Args={'value': 4, 'prev_value': None, 'change': True}
2025-03-21 13:08:30,195 : INFO : EventManager : Event: ======'machine_var_audits_switches_s_trough_ball_5'====== Args={'value': 4, 'prev_value': None, 'change': True}
2025-03-21 13:08:30,195 : INFO : EventManager : Event: ======'machine_var_audits_switches_s_trough_ball_6'====== Args={'value': 5, 'prev_value': None, 'change': True}
2025-03-21 13:08:30,195 : INFO : EventManager : Event: ======'machine_var_audits_switches_s_trough_ball_jam'====== Args={'value': 3, 'prev_value': None, 'change': True}
2025-03-21 13:08:30,195 : INFO : EventManager : Event: ======'machine_var_audits_switches_s_trough_eject_coil'====== Args={'value': 0, 'prev_value': None, 'change': True}
2025-03-21 13:08:30,196 : INFO : EventManager : Event: ======'init_phase_5'====== Args={}
2025-03-21 13:08:30,197 : INFO : EventManager : Event: ======'init_done'====== Args={}
2025-03-21 13:08:30,197 : INFO : EventManager : Event: ======'machine_reset_phase_1'====== Args={}
2025-03-21 13:08:30,198 : INFO : EventManager : Event: ======'machine_reset_phase_2'====== Args={}
2025-03-21 13:08:30,200 : INFO : EventManager : Event: ======'machine_reset_phase_3'====== Args={}
2025-03-21 13:08:30,201 : INFO : EventManager : Event: ======'reset_complete'====== Args={}
2025-03-21 13:08:30,202 : INFO : EventManager : Event: ======'mode_attract_will_start'====== Args={}
2025-03-21 13:08:30,203 : INFO : EventManager : Event: ======'mode_attract_starting'====== Args={}
2025-03-21 13:08:30,204 : INFO : Mode.attract : Started. Priority: 10
2025-03-21 13:08:30,204 : INFO : EventManager : Event: ======'modes_active_modes_changed'====== Args={}
2025-03-21 13:08:30,204 : INFO : EventManager : Event: ======'mode_attract_started'====== Args={}
2025-03-21 13:08:30,204 : INFO : EventManager : Event: ======'collecting_balls_complete'====== Args={}
2025-03-21 13:08:30,206 : INFO : Machine : Starting the main run loop with active modes: [<Mode.attract>]
2025-03-21 13:08:30,234 : INFO : SwitchController : <<<<<<< 's_flipper_right_eos' active >>>>>>>
2025-03-21 13:08:34,779 : INFO : Machine : Shutting down...
2025-03-21 13:08:34,780 : INFO : EventManager : Event: ======'shutdown'====== Args={}
2025-03-21 13:08:34,868 : INFO : SwitchController : <<<<<<< 's_flipper_right_eos' inactive >>>>>>>
2025-03-21 13:08:34,886 : INFO : root : MPF run loop ended.
