2025-03-14 22:11:41,678 : INFO : root : Loading config.
2025-03-14 22:11:41,687 : INFO : YamlMultifileConfigLoader : Machine config file #1: config.yaml
2025-03-14 22:11:41,688 : WARNING : ConfigProcessor : Config file in cache changed: C:\Users\User\Desktop\fast_homebrew_godot_v2\fast_homebrew_godot_v2\config\config.yaml
2025-03-14 22:11:41,688 : INFO : ConfigProcessor : Loading config from file C:\Users\User\AppData\Local\Programs\Python\Python312\Lib\site-packages\mpf\mpfconfig.yaml.
2025-03-14 22:11:41,729 : INFO : ConfigProcessor : Loading config: C:\Users\User\AppData\Local\Programs\Python\Python312\Lib\site-packages\mpf\mpfconfig.yaml
2025-03-14 22:11:41,730 : INFO : ConfigProcessor : Loading config from file C:\Users\User\Desktop\fast_homebrew_godot_v2\fast_homebrew_godot_v2\config\config.yaml.
2025-03-14 22:11:41,735 : INFO : ConfigProcessor : Loading config: C:\Users\User\Desktop\fast_homebrew_godot_v2\fast_homebrew_godot_v2\config\config.yaml
2025-03-14 22:11:41,737 : INFO : ConfigProcessor : Loading config: C:\Users\User\Desktop\fast_homebrew_godot_v2\fast_homebrew_godot_v2\config\lights.yaml
2025-03-14 22:11:41,743 : INFO : ConfigProcessor : Loading config: C:\Users\User\Desktop\fast_homebrew_godot_v2\fast_homebrew_godot_v2\config\coils.yaml
2025-03-14 22:11:41,748 : INFO : ConfigProcessor : Loading config: C:\Users\User\Desktop\fast_homebrew_godot_v2\fast_homebrew_godot_v2\config\switches.yaml
2025-03-14 22:11:41,751 : INFO : ConfigProcessor : Loading config: C:\Users\User\Desktop\fast_homebrew_godot_v2\fast_homebrew_godot_v2\config\images.yaml
2025-03-14 22:11:41,753 : INFO : ConfigProcessor : Loading config: C:\Users\User\Desktop\fast_homebrew_godot_v2\fast_homebrew_godot_v2\config\videos.yaml
2025-03-14 22:11:41,760 : INFO : ConfigProcessor : Config file cache created: C:\Users\User\AppData\Local\Temp\5682b9bdeb2b9ad8a31c13560e038609.mpf_cache
2025-03-14 22:11:41,987 : INFO : ConfigProcessor : Loading config from cache: C:\Users\User\AppData\Local\Temp\8422c6572f827355f8aade1949d04025.mpf_cache
2025-03-14 22:11:41,989 : INFO : ConfigProcessor : Loading config from cache: C:\Users\User\AppData\Local\Temp\1c0e7e9816717d8e62c4728dfe372999.mpf_cache
2025-03-14 22:11:41,991 : INFO : ConfigProcessor : Loading config from cache: C:\Users\User\AppData\Local\Temp\e3e8065d662ad307fa9574659e7e4e8e.mpf_cache
2025-03-14 22:11:41,993 : INFO : ConfigProcessor : Loading config from cache: C:\Users\User\AppData\Local\Temp\8422c6572f827355f8aade1949d04025.mpf_cache
2025-03-14 22:11:41,995 : INFO : Machine : Mission Pinball Framework Core Engine v0.80.0.dev6
2025-03-14 22:11:41,995 : INFO : Machine : Command line arguments: {'no_load_cache': False, 'create_config_cache': True, 'bcp': False, 'configfile': ['config.yaml'], 'force_assets_load': False, 'platform_integration_test': False, 'jsonlogging': False, 'logfile': 'logs\\2025-03-14-22-11-41-mpf-BERNIE.log', 'pause': False, 'production': False, 'text_ui': False, 'loglevel': 15, 'consoleloglevel': 20, 'force_platform': None, 'syslog_address': None, 'full_logfile_path': 'C:\\Users\\User\\Desktop\\fast_homebrew_godot_v2\\fast_homebrew_godot_v2\\logs\\2025-03-14-22-11-41-mpf-BERNIE.log'}
2025-03-14 22:11:41,996 : INFO : Machine : MPF path: C:\Users\User\AppData\Local\Programs\Python\Python312\Lib\site-packages\mpf
2025-03-14 22:11:41,996 : INFO : Machine : Machine path: C:\Users\User\Desktop\fast_homebrew_godot_v2\fast_homebrew_godot_v2
2025-03-14 22:11:41,996 : INFO : Machine : Platform: win32
2025-03-14 22:11:41,996 : INFO : Machine : Python executable location: C:\Users\User\AppData\Local\Programs\Python\Python312\python.exe
2025-03-14 22:11:41,996 : INFO : Machine : Python version: 3.12.3 (64-bit)
2025-03-14 22:11:42,011 : INFO : Machine : Initializing MPF...
2025-03-14 22:11:42,232 : INFO : FAST : Auto-detecting ports for the following connections: ['net']
2025-03-14 22:11:42,282 : INFO : FAST : Detected NET on port COM5
2025-03-14 22:11:42,394 : INFO : FAST [NET] : Trying to connect to COM5 at 921600bps
2025-03-14 22:11:42,400 : INFO : FAST [NET] : Connected to COM5 at 921600bps
2025-03-14 22:11:42,408 : INFO : FAST [NET] : Connected to FP-CPU-2000 with firmware v02.26
2025-03-14 22:11:42,437 : INFO : FAST [NET] : Registered I/O Board 0: Model: FP-I/O-3208, Firmware: 01.10, Switches: 32, Drivers: 8
2025-03-14 22:11:42,437 : INFO : EventManager : Event: ======'machine_var_credits_string'====== Args={'value': 'FREE PLAY', 'prev_value': None, 'change': True}
2025-03-14 22:11:42,493 : INFO : EventManager : Event: ======'machine_var_master_volume'====== Args={'value': 0.5, 'prev_value': None, 'change': True}
2025-03-14 22:11:42,493 : INFO : EventManager : Event: ======'machine_var_mpf_version'====== Args={'value': 'Mission Pinball Framework v0.80.0.dev6', 'prev_value': None, 'change': True}
2025-03-14 22:11:42,493 : INFO : EventManager : Event: ======'machine_var_mpf_extended_version'====== Args={'value': 'Mission Pinball Framework v0.80.0.dev6, Config version:6, Show version: 6, BCP version:1.1', 'prev_value': None, 'change': True}
2025-03-14 22:11:42,494 : INFO : EventManager : Event: ======'machine_var_python_version'====== Args={'value': '3.12.3', 'prev_value': None, 'change': True}
2025-03-14 22:11:42,734 : INFO : EventManager : Event: ======'machine_var_platform'====== Args={'value': 'Windows-11-10.0.22631-SP0', 'prev_value': None, 'change': True}
2025-03-14 22:11:42,734 : INFO : EventManager : Event: ======'machine_var_platform_system'====== Args={'value': 'Windows', 'prev_value': None, 'change': True}
2025-03-14 22:11:42,734 : INFO : EventManager : Event: ======'machine_var_platform_release'====== Args={'value': '11', 'prev_value': None, 'change': True}
2025-03-14 22:11:42,734 : INFO : EventManager : Event: ======'machine_var_platform_version'====== Args={'value': '10.0.22631', 'prev_value': None, 'change': True}
2025-03-14 22:11:42,734 : INFO : EventManager : Event: ======'machine_var_platform_machine'====== Args={'value': 'AMD64', 'prev_value': None, 'change': True}
2025-03-14 22:11:42,735 : INFO : EventManager : Event: ======'machine_var_log_file_path'====== Args={'value': 'C:\\Users\\User\\Desktop\\fast_homebrew_godot_v2\\fast_homebrew_godot_v2\\logs\\2025-03-14-22-11-41-mpf-BERNIE.log', 'prev_value': None, 'change': True}
2025-03-14 22:11:42,735 : INFO : EventManager : Event: ======'init_phase_1'====== Args={}
2025-03-14 22:11:45,212 : INFO : SwitchController : <<<<<<< 's_trough_ball_jam' active >>>>>>>
2025-03-14 22:11:45,212 : INFO : SwitchController : <<<<<<< 's_trough_ball_1' active >>>>>>>
2025-03-14 22:11:45,212 : INFO : SwitchController : <<<<<<< 's_flipper_right' active >>>>>>>
2025-03-14 22:11:45,213 : INFO : EventManager : Event: ======'init_phase_2'====== Args={}
2025-03-14 22:11:45,213 : INFO : SwitchController : Found active switch: (6, [FAST Platform Interface]) <switch.s_trough_ball_jam>
2025-03-14 22:11:45,214 : INFO : SwitchController : Found active switch: (0, [FAST Platform Interface]) <switch.s_trough_ball_1>
2025-03-14 22:11:45,214 : INFO : SwitchController : Found active switch: (31, [FAST Platform Interface]) <switch.s_flipper_right>
2025-03-14 22:11:45,218 : ERROR : asyncio : Task exception was never retrieved
future: <Task finished name='Task-48' coro=<BallDevice._initialize_async() done, defined at C:\Users\User\AppData\Local\Programs\Python\Python312\Lib\site-packages\mpf\devices\ball_device\ball_device.py:196> exception=ConfigFileError('Configuration error in bd_trough ball device. mechanical_eject can only be used with devices that have 1 ball switch')>
Traceback (most recent call last):
  File "C:\Users\User\AppData\Local\Programs\Python\Python312\Lib\site-packages\mpf\devices\ball_device\ball_device.py", line 198, in _initialize_async
    await self.ball_count_handler.initialize()
  File "C:\Users\User\AppData\Local\Programs\Python\Python312\Lib\site-packages\mpf\devices\ball_device\ball_count_handler.py", line 92, in initialize
    self.counter = counter_class(self.ball_device, self.ball_device.config.get("counter", {}))
                   ^^^^^^^^^^^^^^^^^^^^^^^^^^^^^^^^^^^^^^^^^^^^^^^^^^^^^^^^^^^^^^^^^^^^^^^^^^^
  File "C:\Users\User\AppData\Local\Programs\Python\Python312\Lib\site-packages\mpf\devices\ball_device\switch_counter.py", line 74, in __init__
    self.ball_device.raise_config_error('Configuration error in {} ball device. '
  File "C:\Users\User\AppData\Local\Programs\Python\Python312\Lib\site-packages\mpf\core\logging.py", line 175, in raise_config_error
    raise ConfigFileError(msg, error_no, self.log.name if self.log else "", context, self._url_base) \
mpf.exceptions.config_file_error.ConfigFileError: Config File Error in ball_device.bd_trough: Configuration error in bd_trough ball device. mechanical_eject can only be used with devices that have 1 ball switch Error Code: CFE-ball_device-5 (https://missionpinball.org/logs)
2025-03-14 22:11:45,226 : INFO : ball_device.bd_plunger : BCH: Initial count: 0
2025-03-14 22:11:45,228 : INFO : Machine : Starting the main run loop with active modes: []
2025-03-14 22:11:45,228 : WARNING : Machine : Attract mode is not active, game will not be playable. Please check your attract mode configuration.
2025-03-14 22:11:45,228 : INFO : ball_device.bd_plunger : State: idle
2025-03-14 22:11:45,228 : INFO : Machine : Shutting down...
2025-03-14 22:11:45,229 : INFO : EventManager : Event: ======'shutdown'====== Args={}
2025-03-14 22:11:45,254 : INFO : EventManager : Event: ======'init_phase_3'====== Args={}
2025-03-14 22:11:45,261 : INFO : EventManager : Event: ======'init_phase_4'====== Args={}
2025-03-14 22:11:45,264 : ERROR : asyncio : Exception in callback Util.raise_exceptions(<Task finishe...unt_stable'")>) at C:\Users\User\AppData\Local\Programs\Python\Python312\Lib\site-packages\mpf\core\utility_functions.py:789
handle: <Handle Util.raise_exceptions(<Task finishe...unt_stable'")>) at C:\Users\User\AppData\Local\Programs\Python\Python312\Lib\site-packages\mpf\core\utility_functions.py:789>
Traceback (most recent call last):
  File "C:\Users\User\AppData\Local\Programs\Python\Python312\Lib\asyncio\events.py", line 88, in _run
    self._context.run(self._callback, *self._args)
  File "C:\Users\User\AppData\Local\Programs\Python\Python312\Lib\site-packages\mpf\core\utility_functions.py", line 797, in raise_exceptions
    future.result()
  File "C:\Users\User\AppData\Local\Programs\Python\Python312\Lib\site-packages\mpf\core\ball_controller.py", line 90, in _add_new_balls_to_playfield
    self.num_balls_known = await self._count_all_balls_in_devices()
                           ^^^^^^^^^^^^^^^^^^^^^^^^^^^^^^^^^^^^^^^^
  File "C:\Users\User\AppData\Local\Programs\Python\Python312\Lib\site-packages\mpf\core\ball_controller.py", line 129, in _count_all_balls_in_devices
    futures.append(asyncio.ensure_future(device.ball_count_handler.counter.wait_for_count_stable()))
                                         ^^^^^^^^^^^^^^^^^^^^^^^^^^^^^^^^^^^^^^^^^^^^^^^^^^^^^^^
AttributeError: 'NoneType' object has no attribute 'wait_for_count_stable'
2025-03-14 22:11:45,270 : INFO : EventManager : Event: ======'machine_var_audits_events_game_ended'====== Args={'value': 0, 'prev_value': None, 'change': True}
2025-03-14 22:11:45,271 : INFO : EventManager : Event: ======'machine_var_audits_events_game_started'====== Args={'value': 394, 'prev_value': None, 'change': True}
2025-03-14 22:11:45,271 : INFO : EventManager : Event: ======'machine_var_audits_missing_switches_s_flipper_left'====== Args={'value': 4, 'prev_value': None, 'change': True}
2025-03-14 22:11:45,271 : INFO : EventManager : Event: ======'machine_var_audits_missing_switches_s_flipper_left_lower_eos'====== Args={'value': 2, 'prev_value': None, 'change': True}
2025-03-14 22:11:45,271 : INFO : EventManager : Event: ======'machine_var_audits_missing_switches_s_flipper_left_upper_eos'====== Args={'value': 2, 'prev_value': None, 'change': True}
2025-03-14 22:11:45,271 : INFO : EventManager : Event: ======'machine_var_audits_missing_switches_s_flipper_right'====== Args={'value': 5, 'prev_value': None, 'change': True}
2025-03-14 22:11:45,271 : INFO : EventManager : Event: ======'machine_var_audits_missing_switches_s_flipper_right_eos'====== Args={'value': 2, 'prev_value': None, 'change': True}
2025-03-14 22:11:45,271 : INFO : EventManager : Event: ======'machine_var_audits_missing_switches_s_launch'====== Args={'value': 6, 'prev_value': None, 'change': True}
2025-03-14 22:11:45,271 : INFO : EventManager : Event: ======'machine_var_audits_missing_switches_s_left_flipper'====== Args={'value': 363, 'prev_value': None, 'change': True}
2025-03-14 22:11:45,271 : INFO : EventManager : Event: ======'machine_var_audits_missing_switches_s_left_flipper_eos'====== Args={'value': 363, 'prev_value': None, 'change': True}
2025-03-14 22:11:45,272 : INFO : EventManager : Event: ======'machine_var_audits_missing_switches_s_left_inlane'====== Args={'value': 6, 'prev_value': None, 'change': True}
2025-03-14 22:11:45,272 : INFO : EventManager : Event: ======'machine_var_audits_missing_switches_s_left_inner_lane'====== Args={'value': 357, 'prev_value': None, 'change': True}
2025-03-14 22:11:45,272 : INFO : EventManager : Event: ======'machine_var_audits_missing_switches_s_left_outer_lane'====== Args={'value': 153, 'prev_value': None, 'change': True}
2025-03-14 22:11:45,272 : INFO : EventManager : Event: ======'machine_var_audits_missing_switches_s_left_outlane'====== Args={'value': 6, 'prev_value': None, 'change': True}
2025-03-14 22:11:45,272 : INFO : EventManager : Event: ======'machine_var_audits_missing_switches_s_left_sling'====== Args={'value': 363, 'prev_value': None, 'change': True}
2025-03-14 22:11:45,272 : INFO : EventManager : Event: ======'machine_var_audits_missing_switches_s_mead'====== Args={'value': 267, 'prev_value': None, 'change': True}
2025-03-14 22:11:45,272 : INFO : EventManager : Event: ======'machine_var_audits_missing_switches_s_percy'====== Args={'value': 85, 'prev_value': None, 'change': True}
2025-03-14 22:11:45,272 : INFO : EventManager : Event: ======'machine_var_audits_missing_switches_s_plunger'====== Args={'value': 2, 'prev_value': None, 'change': True}
2025-03-14 22:11:45,272 : INFO : EventManager : Event: ======'machine_var_audits_missing_switches_s_pop_bumper_1'====== Args={'value': 357, 'prev_value': None, 'change': True}
2025-03-14 22:11:45,272 : INFO : EventManager : Event: ======'machine_var_audits_missing_switches_s_pop_bumper_2'====== Args={'value': 357, 'prev_value': None, 'change': True}
2025-03-14 22:11:45,272 : INFO : EventManager : Event: ======'machine_var_audits_missing_switches_s_pop_bumper_3'====== Args={'value': 357, 'prev_value': None, 'change': True}
2025-03-14 22:11:45,275 : INFO : EventManager : Event: ======'machine_var_audits_missing_switches_s_right_flipper'====== Args={'value': 363, 'prev_value': None, 'change': True}
2025-03-14 22:11:45,275 : INFO : EventManager : Event: ======'machine_var_audits_missing_switches_s_right_flipper_eos'====== Args={'value': 363, 'prev_value': None, 'change': True}
2025-03-14 22:11:45,275 : INFO : EventManager : Event: ======'machine_var_audits_missing_switches_s_right_inlane'====== Args={'value': 6, 'prev_value': None, 'change': True}
2025-03-14 22:11:45,275 : INFO : EventManager : Event: ======'machine_var_audits_missing_switches_s_right_inner_lane'====== Args={'value': 357, 'prev_value': None, 'change': True}
2025-03-14 22:11:45,276 : INFO : EventManager : Event: ======'machine_var_audits_missing_switches_s_right_outer_lane'====== Args={'value': 357, 'prev_value': None, 'change': True}
2025-03-14 22:11:45,276 : INFO : EventManager : Event: ======'machine_var_audits_missing_switches_s_right_outlane'====== Args={'value': 6, 'prev_value': None, 'change': True}
2025-03-14 22:11:45,276 : INFO : EventManager : Event: ======'machine_var_audits_missing_switches_s_right_sling'====== Args={'value': 363, 'prev_value': None, 'change': True}
2025-03-14 22:11:45,276 : INFO : EventManager : Event: ======'machine_var_audits_missing_switches_s_scanlan'====== Args={'value': 204, 'prev_value': None, 'change': True}
2025-03-14 22:11:45,276 : INFO : EventManager : Event: ======'machine_var_audits_missing_switches_s_start'====== Args={'value': 1, 'prev_value': None, 'change': True}
2025-03-14 22:11:45,276 : INFO : EventManager : Event: ======'machine_var_audits_missing_switches_s_trough_ball_1'====== Args={'value': 368, 'prev_value': None, 'change': True}
2025-03-14 22:11:45,276 : INFO : EventManager : Event: ======'machine_var_audits_missing_switches_s_trough_ball_2'====== Args={'value': 2, 'prev_value': None, 'change': True}
2025-03-14 22:11:45,276 : INFO : EventManager : Event: ======'machine_var_audits_missing_switches_s_trough_ball_3'====== Args={'value': 2, 'prev_value': None, 'change': True}
2025-03-14 22:11:45,277 : INFO : EventManager : Event: ======'machine_var_audits_missing_switches_s_trough_ball_4'====== Args={'value': 2, 'prev_value': None, 'change': True}
2025-03-14 22:11:45,277 : INFO : EventManager : Event: ======'machine_var_audits_missing_switches_s_trough_ball_5'====== Args={'value': 2, 'prev_value': None, 'change': True}
2025-03-14 22:11:45,277 : INFO : EventManager : Event: ======'machine_var_audits_missing_switches_s_trough_ball_6'====== Args={'value': 2, 'prev_value': None, 'change': True}
2025-03-14 22:11:45,277 : INFO : EventManager : Event: ======'machine_var_audits_missing_switches_s_trough_ball_jam'====== Args={'value': 368, 'prev_value': None, 'change': True}
2025-03-14 22:11:45,277 : INFO : EventManager : Event: ======'machine_var_audits_player_score'====== Args={'value': {'average': 0, 'top': [], 'total': 0}, 'prev_value': None, 'change': True}
2025-03-14 22:11:45,277 : INFO : EventManager : Event: ======'machine_var_audits_shots_mead_shot'====== Args={'value': 223, 'prev_value': None, 'change': True}
2025-03-14 22:11:45,277 : INFO : EventManager : Event: ======'machine_var_audits_shots_percy_shot'====== Args={'value': 56, 'prev_value': None, 'change': True}
2025-03-14 22:11:45,277 : INFO : EventManager : Event: ======'machine_var_audits_shots_scanlan_shot'====== Args={'value': 121, 'prev_value': None, 'change': True}
2025-03-14 22:11:45,277 : INFO : EventManager : Event: ======'machine_var_audits_shots_video_shot_1'====== Args={'value': 24, 'prev_value': None, 'change': True}
2025-03-14 22:11:45,277 : INFO : EventManager : Event: ======'machine_var_audits_shots_video_shot_2'====== Args={'value': 20, 'prev_value': None, 'change': True}
2025-03-14 22:11:45,278 : INFO : EventManager : Event: ======'machine_var_audits_switches_s_auto_launcher'====== Args={'value': 0, 'prev_value': None, 'change': True}
2025-03-14 22:11:45,278 : INFO : EventManager : Event: ======'machine_var_audits_switches_s_ball_drain'====== Args={'value': 0, 'prev_value': None, 'change': True}
2025-03-14 22:11:45,278 : INFO : EventManager : Event: ======'machine_var_audits_switches_s_flipper_left'====== Args={'value': 13, 'prev_value': None, 'change': True}
2025-03-14 22:11:45,278 : INFO : EventManager : Event: ======'machine_var_audits_switches_s_flipper_left_lower_eos'====== Args={'value': 4, 'prev_value': None, 'change': True}
2025-03-14 22:11:45,278 : INFO : EventManager : Event: ======'machine_var_audits_switches_s_flipper_left_upper_eos'====== Args={'value': 3, 'prev_value': None, 'change': True}
2025-03-14 22:11:45,278 : INFO : EventManager : Event: ======'machine_var_audits_switches_s_flipper_right'====== Args={'value': 0, 'prev_value': None, 'change': True}
2025-03-14 22:11:45,278 : INFO : EventManager : Event: ======'machine_var_audits_switches_s_flipper_right_eos'====== Args={'value': 3, 'prev_value': None, 'change': True}
2025-03-14 22:11:45,278 : INFO : EventManager : Event: ======'machine_var_audits_switches_s_launch'====== Args={'value': 0, 'prev_value': None, 'change': True}
2025-03-14 22:11:45,278 : INFO : EventManager : Event: ======'machine_var_audits_switches_s_left_flipper'====== Args={'value': 36, 'prev_value': None, 'change': True}
2025-03-14 22:11:45,278 : INFO : EventManager : Event: ======'machine_var_audits_switches_s_left_flipper_eos'====== Args={'value': 0, 'prev_value': None, 'change': True}
2025-03-14 22:11:45,279 : INFO : EventManager : Event: ======'machine_var_audits_switches_s_left_inlane'====== Args={'value': 0, 'prev_value': None, 'change': True}
2025-03-14 22:11:45,279 : INFO : EventManager : Event: ======'machine_var_audits_switches_s_left_inner_lane'====== Args={'value': 0, 'prev_value': None, 'change': True}
2025-03-14 22:11:45,279 : INFO : EventManager : Event: ======'machine_var_audits_switches_s_left_outer_lane'====== Args={'value': 0, 'prev_value': None, 'change': True}
2025-03-14 22:11:45,279 : INFO : EventManager : Event: ======'machine_var_audits_switches_s_left_outlane'====== Args={'value': 0, 'prev_value': None, 'change': True}
2025-03-14 22:11:45,279 : INFO : EventManager : Event: ======'machine_var_audits_switches_s_left_sling'====== Args={'value': 7, 'prev_value': None, 'change': True}
2025-03-14 22:11:45,279 : INFO : EventManager : Event: ======'machine_var_audits_switches_s_mead'====== Args={'value': 0, 'prev_value': None, 'change': True}
2025-03-14 22:11:45,279 : INFO : EventManager : Event: ======'machine_var_audits_switches_s_percy'====== Args={'value': 0, 'prev_value': None, 'change': True}
2025-03-14 22:11:45,279 : INFO : EventManager : Event: ======'machine_var_audits_switches_s_plunger'====== Args={'value': 12, 'prev_value': None, 'change': True}
2025-03-14 22:11:45,280 : INFO : EventManager : Event: ======'machine_var_audits_switches_s_pop_bumper_1'====== Args={'value': 0, 'prev_value': None, 'change': True}
2025-03-14 22:11:45,280 : INFO : EventManager : Event: ======'machine_var_audits_switches_s_pop_bumper_2'====== Args={'value': 0, 'prev_value': None, 'change': True}
2025-03-14 22:11:45,280 : INFO : EventManager : Event: ======'machine_var_audits_switches_s_pop_bumper_3'====== Args={'value': 0, 'prev_value': None, 'change': True}
2025-03-14 22:11:45,280 : INFO : EventManager : Event: ======'machine_var_audits_switches_s_right_flipper'====== Args={'value': 131, 'prev_value': None, 'change': True}
2025-03-14 22:11:45,280 : INFO : EventManager : Event: ======'machine_var_audits_switches_s_right_flipper_eos'====== Args={'value': 0, 'prev_value': None, 'change': True}
2025-03-14 22:11:45,280 : INFO : EventManager : Event: ======'machine_var_audits_switches_s_right_inlane'====== Args={'value': 0, 'prev_value': None, 'change': True}
2025-03-14 22:11:45,280 : INFO : EventManager : Event: ======'machine_var_audits_switches_s_right_inner_lane'====== Args={'value': 0, 'prev_value': None, 'change': True}
2025-03-14 22:11:45,281 : INFO : EventManager : Event: ======'machine_var_audits_switches_s_right_outer_lane'====== Args={'value': 0, 'prev_value': None, 'change': True}
2025-03-14 22:11:45,281 : INFO : EventManager : Event: ======'machine_var_audits_switches_s_right_outlane'====== Args={'value': 0, 'prev_value': None, 'change': True}
2025-03-14 22:11:45,281 : INFO : EventManager : Event: ======'machine_var_audits_switches_s_right_sling'====== Args={'value': 3, 'prev_value': None, 'change': True}
2025-03-14 22:11:45,281 : INFO : EventManager : Event: ======'machine_var_audits_switches_s_scanlan'====== Args={'value': 0, 'prev_value': None, 'change': True}
2025-03-14 22:11:45,281 : INFO : EventManager : Event: ======'machine_var_audits_switches_s_start'====== Args={'value': 72, 'prev_value': None, 'change': True}
2025-03-14 22:11:45,281 : INFO : EventManager : Event: ======'machine_var_audits_switches_s_switch_2'====== Args={'value': 0, 'prev_value': None, 'change': True}
2025-03-14 22:11:45,281 : INFO : EventManager : Event: ======'machine_var_audits_switches_s_trough_ball_1'====== Args={'value': 4, 'prev_value': None, 'change': True}
2025-03-14 22:11:45,281 : INFO : EventManager : Event: ======'machine_var_audits_switches_s_trough_ball_2'====== Args={'value': 7, 'prev_value': None, 'change': True}
2025-03-14 22:11:45,281 : INFO : EventManager : Event: ======'machine_var_audits_switches_s_trough_ball_3'====== Args={'value': 4, 'prev_value': None, 'change': True}
2025-03-14 22:11:45,282 : INFO : EventManager : Event: ======'machine_var_audits_switches_s_trough_ball_4'====== Args={'value': 3, 'prev_value': None, 'change': True}
2025-03-14 22:11:45,282 : INFO : EventManager : Event: ======'machine_var_audits_switches_s_trough_ball_5'====== Args={'value': 3, 'prev_value': None, 'change': True}
2025-03-14 22:11:45,282 : INFO : EventManager : Event: ======'machine_var_audits_switches_s_trough_ball_6'====== Args={'value': 4, 'prev_value': None, 'change': True}
2025-03-14 22:11:45,282 : INFO : EventManager : Event: ======'machine_var_audits_switches_s_trough_ball_jam'====== Args={'value': 3, 'prev_value': None, 'change': True}
2025-03-14 22:11:45,282 : INFO : EventManager : Event: ======'machine_var_audits_switches_s_trough_eject_coil'====== Args={'value': 0, 'prev_value': None, 'change': True}
2025-03-14 22:11:45,283 : INFO : EventManager : Event: ======'init_phase_5'====== Args={}
2025-03-14 22:11:45,283 : INFO : EventManager : Event: ======'init_done'====== Args={}
2025-03-14 22:11:45,284 : INFO : EventManager : Event: ======'machine_reset_phase_1'====== Args={}
2025-03-14 22:11:45,285 : INFO : EventManager : Event: ======'machine_reset_phase_2'====== Args={}
2025-03-14 22:11:45,289 : INFO : EventManager : Event: ======'machine_reset_phase_3'====== Args={}
2025-03-14 22:11:45,294 : INFO : EventManager : Event: ======'reset_complete'====== Args={}
2025-03-14 22:11:45,295 : INFO : EventManager : Event: ======'mode_attract_will_start'====== Args={}
2025-03-14 22:11:45,296 : INFO : EventManager : Event: ======'mode_attract_starting'====== Args={}
2025-03-14 22:11:45,297 : INFO : Mode.attract : Will not start because machine is shutting down.
2025-03-14 22:11:46,383 : ERROR : asyncio : Task was destroyed but it is pending!
task: <Task pending name='Task-67' coro=<IocpProactor.accept.<locals>.accept_coro() running at C:\Users\User\AppData\Local\Programs\Python\Python312\Lib\asyncio\windows_events.py:566> wait_for=<_OverlappedFuture cancelled>>
2025-03-14 22:11:46,385 : ERROR : Machine : Runtime Exception
Traceback (most recent call last):
  File "C:\Users\User\AppData\Local\Programs\Python\Python312\Lib\site-packages\mpf\core\machine.py", line 808, in _run_loop
    raise self._exception['exception']
  File "C:\Users\User\AppData\Local\Programs\Python\Python312\Lib\site-packages\mpf\devices\ball_device\ball_device.py", line 198, in _initialize_async
    await self.ball_count_handler.initialize()
  File "C:\Users\User\AppData\Local\Programs\Python\Python312\Lib\site-packages\mpf\devices\ball_device\ball_count_handler.py", line 92, in initialize
    self.counter = counter_class(self.ball_device, self.ball_device.config.get("counter", {}))
                   ^^^^^^^^^^^^^^^^^^^^^^^^^^^^^^^^^^^^^^^^^^^^^^^^^^^^^^^^^^^^^^^^^^^^^^^^^^^
  File "C:\Users\User\AppData\Local\Programs\Python\Python312\Lib\site-packages\mpf\devices\ball_device\switch_counter.py", line 74, in __init__
    self.ball_device.raise_config_error('Configuration error in {} ball device. '
  File "C:\Users\User\AppData\Local\Programs\Python\Python312\Lib\site-packages\mpf\core\logging.py", line 175, in raise_config_error
    raise ConfigFileError(msg, error_no, self.log.name if self.log else "", context, self._url_base) \
mpf.exceptions.config_file_error.ConfigFileError: Config File Error in ball_device.bd_trough: Configuration error in bd_trough ball device. mechanical_eject can only be used with devices that have 1 ball switch Error Code: CFE-ball_device-5 (https://missionpinball.org/logs)
2025-03-14 22:11:46,399 : INFO : root : MPF run loop ended.
