2025-03-14 21:54:39,632 : INFO : root : Loading config.
2025-03-14 21:54:39,640 : INFO : YamlMultifileConfigLoader : Machine config file #1: config.yaml
2025-03-14 21:54:39,641 : INFO : ConfigProcessor : Loading config from cache: C:\Users\User\AppData\Local\Temp\5682b9bdeb2b9ad8a31c13560e038609.mpf_cache
2025-03-14 21:54:39,667 : WARNING : ConfigProcessor : Config file in cache changed: C:\Users\User\Desktop\fast_homebrew_godot_v2\fast_homebrew_godot_v2\config\switches.yaml
2025-03-14 21:54:39,667 : INFO : ConfigProcessor : Loading config from file C:\Users\User\AppData\Local\Programs\Python\Python312\Lib\site-packages\mpf\mpfconfig.yaml.
2025-03-14 21:54:39,703 : INFO : ConfigProcessor : Loading config: C:\Users\User\AppData\Local\Programs\Python\Python312\Lib\site-packages\mpf\mpfconfig.yaml
2025-03-14 21:54:39,703 : INFO : ConfigProcessor : Loading config from file C:\Users\User\Desktop\fast_homebrew_godot_v2\fast_homebrew_godot_v2\config\config.yaml.
2025-03-14 21:54:39,709 : INFO : ConfigProcessor : Loading config: C:\Users\User\Desktop\fast_homebrew_godot_v2\fast_homebrew_godot_v2\config\config.yaml
2025-03-14 21:54:39,710 : INFO : ConfigProcessor : Loading config: C:\Users\User\Desktop\fast_homebrew_godot_v2\fast_homebrew_godot_v2\config\lights.yaml
2025-03-14 21:54:39,715 : INFO : ConfigProcessor : Loading config: C:\Users\User\Desktop\fast_homebrew_godot_v2\fast_homebrew_godot_v2\config\coils.yaml
2025-03-14 21:54:39,719 : INFO : ConfigProcessor : Loading config: C:\Users\User\Desktop\fast_homebrew_godot_v2\fast_homebrew_godot_v2\config\switches.yaml
2025-03-14 21:54:39,723 : INFO : ConfigProcessor : Loading config: C:\Users\User\Desktop\fast_homebrew_godot_v2\fast_homebrew_godot_v2\config\images.yaml
2025-03-14 21:54:39,725 : INFO : ConfigProcessor : Loading config: C:\Users\User\Desktop\fast_homebrew_godot_v2\fast_homebrew_godot_v2\config\videos.yaml
2025-03-14 21:54:39,730 : INFO : ConfigProcessor : Config file cache created: C:\Users\User\AppData\Local\Temp\5682b9bdeb2b9ad8a31c13560e038609.mpf_cache
2025-03-14 21:54:40,036 : INFO : ConfigProcessor : Loading config from cache: C:\Users\User\AppData\Local\Temp\8422c6572f827355f8aade1949d04025.mpf_cache
2025-03-14 21:54:40,038 : INFO : ConfigProcessor : Loading config from cache: C:\Users\User\AppData\Local\Temp\1c0e7e9816717d8e62c4728dfe372999.mpf_cache
2025-03-14 21:54:40,039 : INFO : ConfigProcessor : Loading config from cache: C:\Users\User\AppData\Local\Temp\e3e8065d662ad307fa9574659e7e4e8e.mpf_cache
2025-03-14 21:54:40,040 : INFO : ConfigProcessor : Loading config from cache: C:\Users\User\AppData\Local\Temp\8422c6572f827355f8aade1949d04025.mpf_cache
2025-03-14 21:54:40,042 : INFO : Machine : Mission Pinball Framework Core Engine v0.80.0.dev6
2025-03-14 21:54:40,042 : INFO : Machine : Command line arguments: {'no_load_cache': False, 'create_config_cache': True, 'bcp': False, 'configfile': ['config.yaml'], 'force_assets_load': False, 'platform_integration_test': False, 'jsonlogging': False, 'logfile': 'logs\\2025-03-14-21-54-39-mpf-BERNIE.log', 'pause': False, 'production': False, 'text_ui': False, 'loglevel': 15, 'consoleloglevel': 20, 'force_platform': None, 'syslog_address': None, 'full_logfile_path': 'C:\\Users\\User\\Desktop\\fast_homebrew_godot_v2\\fast_homebrew_godot_v2\\logs\\2025-03-14-21-54-39-mpf-BERNIE.log'}
2025-03-14 21:54:40,042 : INFO : Machine : MPF path: C:\Users\User\AppData\Local\Programs\Python\Python312\Lib\site-packages\mpf
2025-03-14 21:54:40,042 : INFO : Machine : Machine path: C:\Users\User\Desktop\fast_homebrew_godot_v2\fast_homebrew_godot_v2
2025-03-14 21:54:40,043 : INFO : Machine : Platform: win32
2025-03-14 21:54:40,043 : INFO : Machine : Python executable location: C:\Users\User\AppData\Local\Programs\Python\Python312\python.exe
2025-03-14 21:54:40,043 : INFO : Machine : Python version: 3.12.3 (64-bit)
2025-03-14 21:54:40,050 : INFO : Machine : Initializing MPF...
2025-03-14 21:54:40,359 : INFO : FAST : Auto-detecting ports for the following connections: ['net']
2025-03-14 21:54:40,427 : INFO : FAST : Detected NET on port COM5
2025-03-14 21:54:40,539 : INFO : FAST [NET] : Trying to connect to COM5 at 921600bps
2025-03-14 21:54:40,549 : INFO : FAST [NET] : Connected to COM5 at 921600bps
2025-03-14 21:54:40,567 : INFO : FAST [NET] : Connected to FP-CPU-2000 with firmware v02.26
2025-03-14 21:54:40,598 : INFO : FAST [NET] : Registered I/O Board 0: Model: FP-I/O-3208, Firmware: 01.10, Switches: 32, Drivers: 8
2025-03-14 21:54:40,599 : INFO : EventManager : Event: ======'machine_var_credits_string'====== Args={'value': 'FREE PLAY', 'prev_value': None, 'change': True}
2025-03-14 21:54:40,682 : INFO : EventManager : Event: ======'machine_var_master_volume'====== Args={'value': 0.5, 'prev_value': None, 'change': True}
2025-03-14 21:54:40,682 : INFO : EventManager : Event: ======'machine_var_mpf_version'====== Args={'value': 'Mission Pinball Framework v0.80.0.dev6', 'prev_value': None, 'change': True}
2025-03-14 21:54:40,682 : INFO : EventManager : Event: ======'machine_var_mpf_extended_version'====== Args={'value': 'Mission Pinball Framework v0.80.0.dev6, Config version:6, Show version: 6, BCP version:1.1', 'prev_value': None, 'change': True}
2025-03-14 21:54:40,683 : INFO : EventManager : Event: ======'machine_var_python_version'====== Args={'value': '3.12.3', 'prev_value': None, 'change': True}
2025-03-14 21:54:40,912 : INFO : EventManager : Event: ======'machine_var_platform'====== Args={'value': 'Windows-11-10.0.22631-SP0', 'prev_value': None, 'change': True}
2025-03-14 21:54:40,912 : INFO : EventManager : Event: ======'machine_var_platform_system'====== Args={'value': 'Windows', 'prev_value': None, 'change': True}
2025-03-14 21:54:40,913 : INFO : EventManager : Event: ======'machine_var_platform_release'====== Args={'value': '11', 'prev_value': None, 'change': True}
2025-03-14 21:54:40,913 : INFO : EventManager : Event: ======'machine_var_platform_version'====== Args={'value': '10.0.22631', 'prev_value': None, 'change': True}
2025-03-14 21:54:40,913 : INFO : EventManager : Event: ======'machine_var_platform_machine'====== Args={'value': 'AMD64', 'prev_value': None, 'change': True}
2025-03-14 21:54:40,913 : INFO : EventManager : Event: ======'machine_var_log_file_path'====== Args={'value': 'C:\\Users\\User\\Desktop\\fast_homebrew_godot_v2\\fast_homebrew_godot_v2\\logs\\2025-03-14-21-54-39-mpf-BERNIE.log', 'prev_value': None, 'change': True}
2025-03-14 21:54:40,913 : INFO : EventManager : Event: ======'init_phase_1'====== Args={}
2025-03-14 21:54:45,056 : INFO : SwitchController : <<<<<<< 's_trough_ball_jam' active >>>>>>>
2025-03-14 21:54:45,056 : INFO : SwitchController : <<<<<<< 's_trough_ball_1' active >>>>>>>
2025-03-14 21:54:45,056 : INFO : SwitchController : <<<<<<< 's_flipper_right' active >>>>>>>
2025-03-14 21:54:45,056 : INFO : SwitchController : <<<<<<< 's_start' active >>>>>>>
2025-03-14 21:54:45,057 : INFO : EventManager : Event: ======'init_phase_2'====== Args={}
2025-03-14 21:54:45,057 : INFO : SwitchController : Found active switch: (6, [FAST Platform Interface]) <switch.s_trough_ball_jam>
2025-03-14 21:54:45,058 : INFO : SwitchController : Found active switch: (0, [FAST Platform Interface]) <switch.s_trough_ball_1>
2025-03-14 21:54:45,058 : INFO : SwitchController : Found active switch: (31, [FAST Platform Interface]) <switch.s_flipper_right>
2025-03-14 21:54:45,058 : INFO : SwitchController : Found active switch: (29, [FAST Platform Interface]) <switch.s_start>
2025-03-14 21:54:45,555 : INFO : ball_device.bd_trough : BCH: Initial count: 1
2025-03-14 21:54:45,555 : INFO : ball_device.bd_trough : State: idle
2025-03-14 21:54:45,556 : INFO : ball_device.bd_plunger : BCH: Initial count: 0
2025-03-14 21:54:45,557 : INFO : ball_device.bd_plunger : State: idle
2025-03-14 21:54:45,582 : INFO : EventManager : Event: ======'init_phase_3'====== Args={}
2025-03-14 21:54:45,587 : INFO : EventManager : Event: ======'init_phase_4'====== Args={}
2025-03-14 21:54:45,588 : INFO : BallController : Initial balls found: 1
2025-03-14 21:54:45,590 : INFO : EventManager : Event: ======'machine_var_audits_events_game_ended'====== Args={'value': 0, 'prev_value': None, 'change': True}
2025-03-14 21:54:45,590 : INFO : EventManager : Event: ======'machine_var_audits_events_game_started'====== Args={'value': 391, 'prev_value': None, 'change': True}
2025-03-14 21:54:45,591 : INFO : EventManager : Event: ======'machine_var_audits_missing_switches_s_flipper_left'====== Args={'value': 1, 'prev_value': None, 'change': True}
2025-03-14 21:54:45,591 : INFO : EventManager : Event: ======'machine_var_audits_missing_switches_s_flipper_right'====== Args={'value': 2, 'prev_value': None, 'change': True}
2025-03-14 21:54:45,591 : INFO : EventManager : Event: ======'machine_var_audits_missing_switches_s_launch'====== Args={'value': 6, 'prev_value': None, 'change': True}
2025-03-14 21:54:45,591 : INFO : EventManager : Event: ======'machine_var_audits_missing_switches_s_left_flipper'====== Args={'value': 363, 'prev_value': None, 'change': True}
2025-03-14 21:54:45,591 : INFO : EventManager : Event: ======'machine_var_audits_missing_switches_s_left_flipper_eos'====== Args={'value': 363, 'prev_value': None, 'change': True}
2025-03-14 21:54:45,591 : INFO : EventManager : Event: ======'machine_var_audits_missing_switches_s_left_inlane'====== Args={'value': 6, 'prev_value': None, 'change': True}
2025-03-14 21:54:45,591 : INFO : EventManager : Event: ======'machine_var_audits_missing_switches_s_left_inner_lane'====== Args={'value': 357, 'prev_value': None, 'change': True}
2025-03-14 21:54:45,591 : INFO : EventManager : Event: ======'machine_var_audits_missing_switches_s_left_outer_lane'====== Args={'value': 153, 'prev_value': None, 'change': True}
2025-03-14 21:54:45,591 : INFO : EventManager : Event: ======'machine_var_audits_missing_switches_s_left_outlane'====== Args={'value': 6, 'prev_value': None, 'change': True}
2025-03-14 21:54:45,592 : INFO : EventManager : Event: ======'machine_var_audits_missing_switches_s_left_sling'====== Args={'value': 363, 'prev_value': None, 'change': True}
2025-03-14 21:54:45,592 : INFO : EventManager : Event: ======'machine_var_audits_missing_switches_s_mead'====== Args={'value': 267, 'prev_value': None, 'change': True}
2025-03-14 21:54:45,592 : INFO : EventManager : Event: ======'machine_var_audits_missing_switches_s_percy'====== Args={'value': 85, 'prev_value': None, 'change': True}
2025-03-14 21:54:45,592 : INFO : EventManager : Event: ======'machine_var_audits_missing_switches_s_pop_bumper_1'====== Args={'value': 357, 'prev_value': None, 'change': True}
2025-03-14 21:54:45,592 : INFO : EventManager : Event: ======'machine_var_audits_missing_switches_s_pop_bumper_2'====== Args={'value': 357, 'prev_value': None, 'change': True}
2025-03-14 21:54:45,592 : INFO : EventManager : Event: ======'machine_var_audits_missing_switches_s_pop_bumper_3'====== Args={'value': 357, 'prev_value': None, 'change': True}
2025-03-14 21:54:45,592 : INFO : EventManager : Event: ======'machine_var_audits_missing_switches_s_right_flipper'====== Args={'value': 363, 'prev_value': None, 'change': True}
2025-03-14 21:54:45,592 : INFO : EventManager : Event: ======'machine_var_audits_missing_switches_s_right_flipper_eos'====== Args={'value': 363, 'prev_value': None, 'change': True}
2025-03-14 21:54:45,592 : INFO : EventManager : Event: ======'machine_var_audits_missing_switches_s_right_inlane'====== Args={'value': 6, 'prev_value': None, 'change': True}
2025-03-14 21:54:45,593 : INFO : EventManager : Event: ======'machine_var_audits_missing_switches_s_right_inner_lane'====== Args={'value': 357, 'prev_value': None, 'change': True}
2025-03-14 21:54:45,593 : INFO : EventManager : Event: ======'machine_var_audits_missing_switches_s_right_outer_lane'====== Args={'value': 357, 'prev_value': None, 'change': True}
2025-03-14 21:54:45,593 : INFO : EventManager : Event: ======'machine_var_audits_missing_switches_s_right_outlane'====== Args={'value': 6, 'prev_value': None, 'change': True}
2025-03-14 21:54:45,593 : INFO : EventManager : Event: ======'machine_var_audits_missing_switches_s_right_sling'====== Args={'value': 363, 'prev_value': None, 'change': True}
2025-03-14 21:54:45,593 : INFO : EventManager : Event: ======'machine_var_audits_missing_switches_s_scanlan'====== Args={'value': 204, 'prev_value': None, 'change': True}
2025-03-14 21:54:45,593 : INFO : EventManager : Event: ======'machine_var_audits_missing_switches_s_trough_ball_1'====== Args={'value': 365, 'prev_value': None, 'change': True}
2025-03-14 21:54:45,593 : INFO : EventManager : Event: ======'machine_var_audits_missing_switches_s_trough_ball_jam'====== Args={'value': 365, 'prev_value': None, 'change': True}
2025-03-14 21:54:45,593 : INFO : EventManager : Event: ======'machine_var_audits_player_score'====== Args={'value': {'average': 0, 'top': [], 'total': 0}, 'prev_value': None, 'change': True}
2025-03-14 21:54:45,593 : INFO : EventManager : Event: ======'machine_var_audits_shots_mead_shot'====== Args={'value': 223, 'prev_value': None, 'change': True}
2025-03-14 21:54:45,593 : INFO : EventManager : Event: ======'machine_var_audits_shots_percy_shot'====== Args={'value': 56, 'prev_value': None, 'change': True}
2025-03-14 21:54:45,597 : INFO : EventManager : Event: ======'machine_var_audits_shots_scanlan_shot'====== Args={'value': 121, 'prev_value': None, 'change': True}
2025-03-14 21:54:45,597 : INFO : EventManager : Event: ======'machine_var_audits_shots_video_shot_1'====== Args={'value': 24, 'prev_value': None, 'change': True}
2025-03-14 21:54:45,598 : INFO : EventManager : Event: ======'machine_var_audits_shots_video_shot_2'====== Args={'value': 20, 'prev_value': None, 'change': True}
2025-03-14 21:54:45,598 : INFO : EventManager : Event: ======'machine_var_audits_switches_s_auto_launcher'====== Args={'value': 0, 'prev_value': None, 'change': True}
2025-03-14 21:54:45,598 : INFO : EventManager : Event: ======'machine_var_audits_switches_s_ball_drain'====== Args={'value': 0, 'prev_value': None, 'change': True}
2025-03-14 21:54:45,598 : INFO : EventManager : Event: ======'machine_var_audits_switches_s_flipper_left'====== Args={'value': 13, 'prev_value': None, 'change': True}
2025-03-14 21:54:45,598 : INFO : EventManager : Event: ======'machine_var_audits_switches_s_flipper_left_lower_eos'====== Args={'value': 3, 'prev_value': None, 'change': True}
2025-03-14 21:54:45,598 : INFO : EventManager : Event: ======'machine_var_audits_switches_s_flipper_left_upper_eos'====== Args={'value': 2, 'prev_value': None, 'change': True}
2025-03-14 21:54:45,598 : INFO : EventManager : Event: ======'machine_var_audits_switches_s_flipper_right'====== Args={'value': 0, 'prev_value': None, 'change': True}
2025-03-14 21:54:45,598 : INFO : EventManager : Event: ======'machine_var_audits_switches_s_flipper_right_eos'====== Args={'value': 2, 'prev_value': None, 'change': True}
2025-03-14 21:54:45,599 : INFO : EventManager : Event: ======'machine_var_audits_switches_s_launch'====== Args={'value': 0, 'prev_value': None, 'change': True}
2025-03-14 21:54:45,599 : INFO : EventManager : Event: ======'machine_var_audits_switches_s_left_flipper'====== Args={'value': 36, 'prev_value': None, 'change': True}
2025-03-14 21:54:45,599 : INFO : EventManager : Event: ======'machine_var_audits_switches_s_left_flipper_eos'====== Args={'value': 0, 'prev_value': None, 'change': True}
2025-03-14 21:54:45,599 : INFO : EventManager : Event: ======'machine_var_audits_switches_s_left_inlane'====== Args={'value': 0, 'prev_value': None, 'change': True}
2025-03-14 21:54:45,599 : INFO : EventManager : Event: ======'machine_var_audits_switches_s_left_inner_lane'====== Args={'value': 0, 'prev_value': None, 'change': True}
2025-03-14 21:54:45,599 : INFO : EventManager : Event: ======'machine_var_audits_switches_s_left_outer_lane'====== Args={'value': 0, 'prev_value': None, 'change': True}
2025-03-14 21:54:45,599 : INFO : EventManager : Event: ======'machine_var_audits_switches_s_left_outlane'====== Args={'value': 0, 'prev_value': None, 'change': True}
2025-03-14 21:54:45,599 : INFO : EventManager : Event: ======'machine_var_audits_switches_s_left_sling'====== Args={'value': 7, 'prev_value': None, 'change': True}
2025-03-14 21:54:45,599 : INFO : EventManager : Event: ======'machine_var_audits_switches_s_mead'====== Args={'value': 0, 'prev_value': None, 'change': True}
2025-03-14 21:54:45,599 : INFO : EventManager : Event: ======'machine_var_audits_switches_s_percy'====== Args={'value': 0, 'prev_value': None, 'change': True}
2025-03-14 21:54:45,599 : INFO : EventManager : Event: ======'machine_var_audits_switches_s_plunger'====== Args={'value': 11, 'prev_value': None, 'change': True}
2025-03-14 21:54:45,600 : INFO : EventManager : Event: ======'machine_var_audits_switches_s_pop_bumper_1'====== Args={'value': 0, 'prev_value': None, 'change': True}
2025-03-14 21:54:45,600 : INFO : EventManager : Event: ======'machine_var_audits_switches_s_pop_bumper_2'====== Args={'value': 0, 'prev_value': None, 'change': True}
2025-03-14 21:54:45,600 : INFO : EventManager : Event: ======'machine_var_audits_switches_s_pop_bumper_3'====== Args={'value': 0, 'prev_value': None, 'change': True}
2025-03-14 21:54:45,600 : INFO : EventManager : Event: ======'machine_var_audits_switches_s_right_flipper'====== Args={'value': 131, 'prev_value': None, 'change': True}
2025-03-14 21:54:45,600 : INFO : EventManager : Event: ======'machine_var_audits_switches_s_right_flipper_eos'====== Args={'value': 0, 'prev_value': None, 'change': True}
2025-03-14 21:54:45,600 : INFO : EventManager : Event: ======'machine_var_audits_switches_s_right_inlane'====== Args={'value': 0, 'prev_value': None, 'change': True}
2025-03-14 21:54:45,600 : INFO : EventManager : Event: ======'machine_var_audits_switches_s_right_inner_lane'====== Args={'value': 0, 'prev_value': None, 'change': True}
2025-03-14 21:54:45,600 : INFO : EventManager : Event: ======'machine_var_audits_switches_s_right_outer_lane'====== Args={'value': 0, 'prev_value': None, 'change': True}
2025-03-14 21:54:45,601 : INFO : EventManager : Event: ======'machine_var_audits_switches_s_right_outlane'====== Args={'value': 0, 'prev_value': None, 'change': True}
2025-03-14 21:54:45,601 : INFO : EventManager : Event: ======'machine_var_audits_switches_s_right_sling'====== Args={'value': 3, 'prev_value': None, 'change': True}
2025-03-14 21:54:45,601 : INFO : EventManager : Event: ======'machine_var_audits_switches_s_scanlan'====== Args={'value': 0, 'prev_value': None, 'change': True}
2025-03-14 21:54:45,601 : INFO : EventManager : Event: ======'machine_var_audits_switches_s_start'====== Args={'value': 57, 'prev_value': None, 'change': True}
2025-03-14 21:54:45,601 : INFO : EventManager : Event: ======'machine_var_audits_switches_s_switch_2'====== Args={'value': 0, 'prev_value': None, 'change': True}
2025-03-14 21:54:45,601 : INFO : EventManager : Event: ======'machine_var_audits_switches_s_trough_ball_1'====== Args={'value': 4, 'prev_value': None, 'change': True}
2025-03-14 21:54:45,601 : INFO : EventManager : Event: ======'machine_var_audits_switches_s_trough_ball_2'====== Args={'value': 6, 'prev_value': None, 'change': True}
2025-03-14 21:54:45,601 : INFO : EventManager : Event: ======'machine_var_audits_switches_s_trough_ball_3'====== Args={'value': 3, 'prev_value': None, 'change': True}
2025-03-14 21:54:45,601 : INFO : EventManager : Event: ======'machine_var_audits_switches_s_trough_ball_4'====== Args={'value': 2, 'prev_value': None, 'change': True}
2025-03-14 21:54:45,602 : INFO : EventManager : Event: ======'machine_var_audits_switches_s_trough_ball_5'====== Args={'value': 2, 'prev_value': None, 'change': True}
2025-03-14 21:54:45,602 : INFO : EventManager : Event: ======'machine_var_audits_switches_s_trough_ball_6'====== Args={'value': 3, 'prev_value': None, 'change': True}
2025-03-14 21:54:45,602 : INFO : EventManager : Event: ======'machine_var_audits_switches_s_trough_ball_jam'====== Args={'value': 3, 'prev_value': None, 'change': True}
2025-03-14 21:54:45,602 : INFO : EventManager : Event: ======'machine_var_audits_switches_s_trough_eject_coil'====== Args={'value': 0, 'prev_value': None, 'change': True}
2025-03-14 21:54:45,603 : INFO : EventManager : Event: ======'init_phase_5'====== Args={}
2025-03-14 21:54:45,605 : INFO : EventManager : Event: ======'init_done'====== Args={}
2025-03-14 21:54:45,605 : INFO : EventManager : Event: ======'machine_reset_phase_1'====== Args={}
2025-03-14 21:54:45,605 : INFO : EventManager : Event: ======'machine_reset_phase_2'====== Args={}
2025-03-14 21:54:45,606 : INFO : EventManager : Event: ======'machine_reset_phase_3'====== Args={}
2025-03-14 21:54:45,607 : INFO : EventManager : Event: ======'reset_complete'====== Args={}
2025-03-14 21:54:45,608 : INFO : EventManager : Event: ======'mode_attract_will_start'====== Args={}
2025-03-14 21:54:45,609 : INFO : EventManager : Event: ======'mode_attract_starting'====== Args={}
2025-03-14 21:54:45,609 : INFO : Mode.attract : Started. Priority: 10
2025-03-14 21:54:45,609 : INFO : EventManager : Event: ======'modes_active_modes_changed'====== Args={}
2025-03-14 21:54:45,609 : INFO : EventManager : Event: ======'mode_attract_started'====== Args={}
2025-03-14 21:54:45,610 : INFO : EventManager : Event: ======'collecting_balls_complete'====== Args={}
2025-03-14 21:54:45,616 : INFO : Machine : Starting the main run loop with active modes: [<Mode.attract>]
2025-03-14 21:54:45,648 : INFO : SwitchController : <<<<<<< 's_flipper_right_eos' active >>>>>>>
2025-03-14 21:55:03,530 : INFO : SwitchController : <<<<<<< 's_start' inactive >>>>>>>
2025-03-14 21:55:03,531 : INFO : EventManager : Event: ======'request_to_start_game'====== Args={}
2025-03-14 21:55:03,531 : INFO : EventManager : Event: ======'game_start'====== Args={'buttons': [], 'hold_time': 853131.39}
2025-03-14 21:55:03,531 : INFO : EventManager : Event: ======'mode_game_will_start'====== Args={'buttons': [], 'hold_time': 853131.39}
2025-03-14 21:55:03,532 : INFO : EventManager : Event: ======'mode_game_starting'====== Args={'buttons': [], 'hold_time': 853131.39}
2025-03-14 21:55:03,532 : INFO : EventManager : Event: ======'mode_attract_will_stop'====== Args={}
2025-03-14 21:55:03,532 : INFO : EventManager : Event: ======'mode_attract_stopping'====== Args={}
2025-03-14 21:55:03,532 : INFO : Mode.game : Started. Priority: 20
2025-03-14 21:55:03,533 : INFO : EventManager : Event: ======'modes_active_modes_changed'====== Args={}
2025-03-14 21:55:03,533 : INFO : EventManager : Event: ======'mode_game_started'====== Args={'buttons': [], 'hold_time': 853131.39}
2025-03-14 21:55:03,533 : INFO : Mode.attract : Stopped.
2025-03-14 21:55:03,534 : INFO : EventManager : Event: ======'modes_active_modes_changed'====== Args={}
2025-03-14 21:55:03,534 : INFO : EventManager : Event: ======'mode_attract_stopped'====== Args={}
2025-03-14 21:55:03,534 : INFO : EventManager : Event: ======'clear'====== Args={'key': 'attract'}
2025-03-14 21:55:03,534 : INFO : EventManager : Event: ======'game_will_start'====== Args={}
2025-03-14 21:55:03,535 : INFO : EventManager : Event: ======'game_starting'====== Args={'game': <Mode.game>}
2025-03-14 21:55:03,536 : INFO : EventManager : Unordered handler for class <Auditor> on event game_ended with priority 1. Handlers: [RegisteredHandler(callback=<bound method Auditor.disable of <Auditor>>, priority=1, kwargs={}, key=UUID('fe164800-6aaf-4336-bc70-f2c080a0186e'), condition=None, blocking_facility=None), RegisteredHandler(callback=<bound method Auditor._save_audits of <Auditor>>, priority=1, kwargs={}, key=UUID('3c55ce3e-79d3-432f-946c-dbb154d0e389'), condition=None, blocking_facility=None)]. The order of those handlers is not defined and they will be executed in random order. This might lead to race conditions and potential bugs.
2025-03-14 21:55:03,537 : INFO : EventManager : Event: ======'player_add_request'====== Args={}
2025-03-14 21:55:03,537 : INFO : EventManager : Event: ======'player_will_add'====== Args={'number': 1}
2025-03-14 21:55:03,537 : INFO : EventManager : Event: ======'player_adding'====== Args={'player': <Player 1>, 'number': 1}
2025-03-14 21:55:03,537 : INFO : EventManager : Event: ======'player_added'====== Args={'player': <Player 1>, 'num': 1}
2025-03-14 21:55:03,537 : INFO : Mode.game : Player added successfully. Total players: 1
2025-03-14 21:55:03,537 : INFO : EventManager : Event: ======'player_index'====== Args={'value': 0, 'prev_value': 0, 'change': 0, 'player_num': 1}
2025-03-14 21:55:03,538 : INFO : EventManager : Event: ======'player_number'====== Args={'value': 1, 'prev_value': 1, 'change': 0, 'player_num': 1}
2025-03-14 21:55:03,538 : INFO : EventManager : Event: ======'player_score'====== Args={'value': 0, 'prev_value': 0, 'change': 0, 'player_num': 1}
2025-03-14 21:55:03,538 : INFO : EventManager : Event: ======'game_started'====== Args={}
2025-03-14 21:55:03,538 : INFO : EventManager : Event: ======'player_turn_will_start'====== Args={'player': <Player 1>, 'number': 1}
2025-03-14 21:55:03,538 : INFO : EventManager : Event: ======'player_turn_starting'====== Args={'player': <Player 1>, 'number': 1}
2025-03-14 21:55:03,539 : INFO : EventManager : Event: ======'player_ball'====== Args={'value': 1, 'prev_value': 0, 'change': 1, 'player_num': 1}
2025-03-14 21:55:03,539 : INFO : EventManager : Event: ======'player_turn_started'====== Args={'player': <Player 1>, 'number': 1}
2025-03-14 21:55:03,540 : INFO : EventManager : Event: ======'ball_will_start'====== Args={'player': 1, 'ball': 1, 'balls_remaining': 2, 'is_extra_ball': False}
2025-03-14 21:55:03,540 : INFO : EventManager : Event: ======'ball_starting'====== Args={'player': 1, 'ball': 1, 'balls_remaining': 2, 'is_extra_ball': False}
2025-03-14 21:55:03,541 : INFO : EventManager : Event: ======'balls_in_play'====== Args={'balls': 1}
2025-03-14 21:55:03,541 : INFO : EventManager : Event: ======'ball_started'====== Args={'player': 1, 'ball': 1, 'balls_remaining': 2, 'is_extra_ball': False}
2025-03-14 21:55:03,541 : INFO : EventManager : Event: ======'mode_base_will_start'====== Args={'player': 1, 'ball': 1, 'balls_remaining': 2, 'is_extra_ball': False}
2025-03-14 21:55:03,542 : INFO : EventManager : Event: ======'mode_base_starting'====== Args={'player': 1, 'ball': 1, 'balls_remaining': 2, 'is_extra_ball': False}
2025-03-14 21:55:03,542 : INFO : Mode.base : Started. Priority: 100
2025-03-14 21:55:03,542 : INFO : EventManager : Event: ======'modes_active_modes_changed'====== Args={}
2025-03-14 21:55:03,542 : INFO : EventManager : Event: ======'mode_base_started'====== Args={'player': 1, 'ball': 1, 'balls_remaining': 2, 'is_extra_ball': False}
2025-03-14 21:55:03,542 : INFO : EventManager : Event: ======'single_player_ball_started'====== Args={}
2025-03-14 21:55:03,546 : INFO : EventManager : Event: ======'ball_start_target'====== Args={'target': 'playfield'}
2025-03-14 21:55:03,547 : INFO : ball_device.bd_plunger : Setting up player-controlled eject. Balls: 1, Target: <playfield.playfield>, player_controlled_eject_event: None
2025-03-14 21:55:03,547 : INFO : EventManager : Event: ======'balldevice_balls_available'====== Args={}
2025-03-14 21:55:03,548 : INFO : ball_device.bd_trough : State: waiting_for_target_ready
2025-03-14 21:55:03,548 : INFO : EventManager : Event: ======'balldevice_bd_trough_ball_eject_attempt'====== Args={'balls': 1, 'target': <ball_device.bd_plunger>, 'source': <ball_device.bd_trough>, 'mechanical_eject': True, 'num_attempts': 0}
2025-03-14 21:55:03,548 : INFO : ball_device.bd_plunger : State: waiting_for_ball
2025-03-14 21:55:03,548 : INFO : ball_device.bd_trough : State: ejecting
2025-03-14 21:55:03,549 : INFO : ball_device.bd_trough : Ejecting ball to <ball_device.bd_plunger>
2025-03-14 21:55:03,549 : INFO : EventManager : Event: ======'balldevice_bd_trough_ejecting_ball'====== Args={'balls': 1, 'target': <ball_device.bd_plunger>, 'source': <ball_device.bd_trough>, 'mechanical_eject': True, 'num_attempts': 0}
2025-03-14 21:55:03,550 : INFO : ball_device.bd_trough : Wait for ball to leave device
2025-03-14 21:55:03,551 : INFO : coil.c_trough_eject_coil : Pulsing Driver for 15ms (1.0 pulse_power)
2025-03-14 21:55:07,178 : INFO : SwitchController : <<<<<<< 's_start' active >>>>>>>
2025-03-14 21:55:07,178 : INFO : EventManager : Event: ======'sw_start'====== Args={}
2025-03-14 21:55:07,178 : INFO : EventManager : Event: ======'machine_var_audits_switches_s_start'====== Args={'value': 58, 'prev_value': 57, 'change': 1}
2025-03-14 21:55:07,188 : INFO : EventManager : Event: ======'player_add_request'====== Args={}
2025-03-14 21:55:07,188 : INFO : EventManager : Event: ======'player_will_add'====== Args={'number': 2}
2025-03-14 21:55:07,188 : INFO : EventManager : Event: ======'player_adding'====== Args={'player': <Player 2>, 'number': 2}
2025-03-14 21:55:07,188 : INFO : EventManager : Event: ======'player_added'====== Args={'player': <Player 2>, 'num': 2}
2025-03-14 21:55:07,189 : INFO : Mode.game : Player added successfully. Total players: 2
2025-03-14 21:55:07,189 : INFO : EventManager : Event: ======'multiplayer_game'====== Args={}
2025-03-14 21:55:07,189 : INFO : EventManager : Event: ======'player_index'====== Args={'value': 1, 'prev_value': 1, 'change': 0, 'player_num': 2}
2025-03-14 21:55:07,189 : INFO : EventManager : Event: ======'player_number'====== Args={'value': 2, 'prev_value': 2, 'change': 0, 'player_num': 2}
2025-03-14 21:55:07,189 : INFO : EventManager : Event: ======'player_score'====== Args={'value': 0, 'prev_value': 0, 'change': 0, 'player_num': 2}
2025-03-14 21:55:07,411 : INFO : SwitchController : <<<<<<< 's_start' inactive >>>>>>>
2025-03-14 21:55:07,614 : INFO : SwitchController : <<<<<<< 's_start' active >>>>>>>
2025-03-14 21:55:07,614 : INFO : EventManager : Event: ======'sw_start'====== Args={}
2025-03-14 21:55:07,614 : INFO : EventManager : Event: ======'machine_var_audits_switches_s_start'====== Args={'value': 59, 'prev_value': 58, 'change': 1}
2025-03-14 21:55:07,614 : INFO : EventManager : Event: ======'player_add_request'====== Args={}
2025-03-14 21:55:07,615 : INFO : EventManager : Event: ======'player_will_add'====== Args={'number': 3}
2025-03-14 21:55:07,615 : INFO : EventManager : Event: ======'player_adding'====== Args={'player': <Player 3>, 'number': 3}
2025-03-14 21:55:07,615 : INFO : EventManager : Event: ======'player_added'====== Args={'player': <Player 3>, 'num': 3}
2025-03-14 21:55:07,615 : INFO : Mode.game : Player added successfully. Total players: 3
2025-03-14 21:55:07,615 : INFO : EventManager : Event: ======'player_index'====== Args={'value': 2, 'prev_value': 2, 'change': 0, 'player_num': 3}
2025-03-14 21:55:07,615 : INFO : EventManager : Event: ======'player_number'====== Args={'value': 3, 'prev_value': 3, 'change': 0, 'player_num': 3}
2025-03-14 21:55:07,615 : INFO : EventManager : Event: ======'player_score'====== Args={'value': 0, 'prev_value': 0, 'change': 0, 'player_num': 3}
2025-03-14 21:55:07,912 : INFO : SwitchController : <<<<<<< 's_start' inactive >>>>>>>
2025-03-14 21:55:08,102 : INFO : SwitchController : <<<<<<< 's_start' active >>>>>>>
2025-03-14 21:55:08,102 : INFO : EventManager : Event: ======'sw_start'====== Args={}
2025-03-14 21:55:08,103 : INFO : EventManager : Event: ======'machine_var_audits_switches_s_start'====== Args={'value': 60, 'prev_value': 59, 'change': 1}
2025-03-14 21:55:08,103 : INFO : EventManager : Event: ======'player_add_request'====== Args={}
2025-03-14 21:55:08,103 : INFO : EventManager : Event: ======'player_will_add'====== Args={'number': 4}
2025-03-14 21:55:08,103 : INFO : EventManager : Event: ======'player_adding'====== Args={'player': <Player 4>, 'number': 4}
2025-03-14 21:55:08,103 : INFO : EventManager : Event: ======'player_added'====== Args={'player': <Player 4>, 'num': 4}
2025-03-14 21:55:08,103 : INFO : Mode.game : Player added successfully. Total players: 4
2025-03-14 21:55:08,103 : INFO : EventManager : Event: ======'player_index'====== Args={'value': 3, 'prev_value': 3, 'change': 0, 'player_num': 4}
2025-03-14 21:55:08,103 : INFO : EventManager : Event: ======'player_number'====== Args={'value': 4, 'prev_value': 4, 'change': 0, 'player_num': 4}
2025-03-14 21:55:08,103 : INFO : EventManager : Event: ======'player_score'====== Args={'value': 0, 'prev_value': 0, 'change': 0, 'player_num': 4}
2025-03-14 21:55:08,370 : INFO : SwitchController : <<<<<<< 's_start' inactive >>>>>>>
2025-03-14 21:55:13,548 : INFO : EventManager : Event: ======'balldevice_bd_trough_ball_eject_failed'====== Args={'target': <ball_device.bd_plunger>, 'balls': 1, 'retry': True, 'num_attempts': 1}
2025-03-14 21:55:13,549 : INFO : ball_device.bd_trough : State: waiting_for_target_ready
2025-03-14 21:55:13,550 : INFO : EventManager : Event: ======'balldevice_bd_trough_ball_eject_attempt'====== Args={'balls': 1, 'target': <ball_device.bd_plunger>, 'source': <ball_device.bd_trough>, 'mechanical_eject': True, 'num_attempts': 1}
2025-03-14 21:55:13,550 : INFO : ball_device.bd_trough : State: ejecting
2025-03-14 21:55:13,550 : INFO : ball_device.bd_trough : Ejecting ball to <ball_device.bd_plunger>
2025-03-14 21:55:13,550 : INFO : EventManager : Event: ======'balldevice_bd_trough_ejecting_ball'====== Args={'balls': 1, 'target': <ball_device.bd_plunger>, 'source': <ball_device.bd_trough>, 'mechanical_eject': True, 'num_attempts': 1}
2025-03-14 21:55:13,551 : INFO : ball_device.bd_trough : Wait for ball to leave device
2025-03-14 21:55:13,552 : INFO : coil.c_trough_eject_coil : Pulsing Driver for 15ms (1.0 pulse_power)
2025-03-14 21:55:23,553 : INFO : EventManager : Event: ======'balldevice_bd_trough_ball_eject_failed'====== Args={'target': <ball_device.bd_plunger>, 'balls': 1, 'retry': True, 'num_attempts': 2}
2025-03-14 21:55:23,553 : INFO : ball_device.bd_trough : State: waiting_for_target_ready
2025-03-14 21:55:23,554 : INFO : EventManager : Event: ======'balldevice_bd_trough_ball_eject_attempt'====== Args={'balls': 1, 'target': <ball_device.bd_plunger>, 'source': <ball_device.bd_trough>, 'mechanical_eject': True, 'num_attempts': 2}
2025-03-14 21:55:23,555 : INFO : ball_device.bd_trough : State: ejecting
2025-03-14 21:55:23,555 : INFO : ball_device.bd_trough : Ejecting ball to <ball_device.bd_plunger>
2025-03-14 21:55:23,556 : INFO : EventManager : Event: ======'balldevice_bd_trough_ejecting_ball'====== Args={'balls': 1, 'target': <ball_device.bd_plunger>, 'source': <ball_device.bd_trough>, 'mechanical_eject': True, 'num_attempts': 2}
2025-03-14 21:55:23,556 : INFO : ball_device.bd_trough : Wait for ball to leave device
2025-03-14 21:55:23,556 : INFO : coil.c_trough_eject_coil : Pulsing Driver for 15ms (1.0 pulse_power)
2025-03-14 21:55:29,436 : INFO : SwitchController : <<<<<<< 's_flipper_right_eos' inactive >>>>>>>
2025-03-14 21:55:33,550 : INFO : EventManager : Event: ======'balldevice_bd_trough_ball_eject_failed'====== Args={'target': <ball_device.bd_plunger>, 'balls': 1, 'retry': True, 'num_attempts': 3}
2025-03-14 21:55:33,553 : INFO : ball_device.bd_trough : State: waiting_for_target_ready
2025-03-14 21:55:33,554 : INFO : EventManager : Event: ======'balldevice_bd_trough_ball_eject_attempt'====== Args={'balls': 1, 'target': <ball_device.bd_plunger>, 'source': <ball_device.bd_trough>, 'mechanical_eject': True, 'num_attempts': 3}
2025-03-14 21:55:33,555 : INFO : ball_device.bd_trough : State: ejecting
2025-03-14 21:55:33,555 : INFO : ball_device.bd_trough : Ejecting ball to <ball_device.bd_plunger>
2025-03-14 21:55:33,555 : INFO : EventManager : Event: ======'balldevice_bd_trough_ejecting_ball'====== Args={'balls': 1, 'target': <ball_device.bd_plunger>, 'source': <ball_device.bd_trough>, 'mechanical_eject': True, 'num_attempts': 3}
2025-03-14 21:55:33,556 : INFO : ball_device.bd_trough : Wait for ball to leave device
2025-03-14 21:55:33,557 : INFO : coil.c_trough_eject_coil : Pulsing Driver for 15ms (1.0 pulse_power)
2025-03-14 21:55:36,170 : INFO : SwitchController : <<<<<<< 's_trough_ball_1' inactive >>>>>>>
2025-03-14 21:55:36,171 : INFO : SwitchController : <<<<<<< 's_trough_ball_2' active >>>>>>>
2025-03-14 21:55:36,171 : INFO : EventManager : Event: ======'machine_var_audits_switches_s_trough_ball_2'====== Args={'value': 7, 'prev_value': 6, 'change': 1}
2025-03-14 21:55:36,171 : INFO : SwitchController : <<<<<<< 's_trough_ball_3' active >>>>>>>
2025-03-14 21:55:36,172 : INFO : EventManager : Event: ======'machine_var_audits_switches_s_trough_ball_3'====== Args={'value': 4, 'prev_value': 3, 'change': 1}
2025-03-14 21:55:36,172 : INFO : SwitchController : <<<<<<< 's_trough_ball_4' active >>>>>>>
2025-03-14 21:55:36,172 : INFO : EventManager : Event: ======'machine_var_audits_switches_s_trough_ball_4'====== Args={'value': 3, 'prev_value': 2, 'change': 1}
2025-03-14 21:55:36,173 : INFO : SwitchController : <<<<<<< 's_trough_ball_5' active >>>>>>>
2025-03-14 21:55:36,173 : INFO : EventManager : Event: ======'machine_var_audits_switches_s_trough_ball_5'====== Args={'value': 3, 'prev_value': 2, 'change': 1}
2025-03-14 21:55:36,173 : INFO : SwitchController : <<<<<<< 's_trough_ball_6' active >>>>>>>
2025-03-14 21:55:36,173 : INFO : EventManager : Event: ======'machine_var_audits_switches_s_trough_ball_6'====== Args={'value': 4, 'prev_value': 3, 'change': 1}
2025-03-14 21:55:36,174 : INFO : SwitchController : <<<<<<< 's_trough_ball_jam' inactive >>>>>>>
2025-03-14 21:55:36,174 : INFO : SwitchController : <<<<<<< 's_plunger' active >>>>>>>
2025-03-14 21:55:36,174 : INFO : EventManager : Event: ======'machine_var_audits_switches_s_plunger'====== Args={'value': 12, 'prev_value': 11, 'change': 1}
2025-03-14 21:55:36,177 : INFO : SwitchController : <<<<<<< 's_flipper_right_eos' active >>>>>>>
2025-03-14 21:55:36,177 : INFO : EventManager : Event: ======'machine_var_audits_switches_s_flipper_right_eos'====== Args={'value': 3, 'prev_value': 2, 'change': 1}
2025-03-14 21:55:36,178 : INFO : SwitchController : <<<<<<< 's_flipper_left_lower_eos' active >>>>>>>
2025-03-14 21:55:36,178 : INFO : EventManager : Event: ======'machine_var_audits_switches_s_flipper_left_lower_eos'====== Args={'value': 4, 'prev_value': 3, 'change': 1}
2025-03-14 21:55:36,178 : INFO : SwitchController : <<<<<<< 's_flipper_left_upper_eos' active >>>>>>>
2025-03-14 21:55:36,179 : INFO : EventManager : Event: ======'machine_var_audits_switches_s_flipper_left_upper_eos'====== Args={'value': 3, 'prev_value': 2, 'change': 1}
2025-03-14 21:55:36,179 : INFO : SwitchController : <<<<<<< 's_flipper_right' inactive >>>>>>>
2025-03-14 21:55:36,182 : INFO : ball_device.bd_trough : State: ball_left
2025-03-14 21:55:36,183 : INFO : ball_device.bd_trough : Ball left
2025-03-14 21:55:36,183 : INFO : ball_device.bd_trough : Wait for confirm with timeout 10.0
2025-03-14 21:55:36,215 : ERROR : asyncio : Fatal write error on serial transport
protocol: <asyncio.streams.StreamReaderProtocol object at 0x000001A549ECFB60>
transport: SerialTransport(<ProactorEventLoop running=True closed=False debug=False>, <asyncio.streams.StreamReaderProtocol object at 0x000001A549ECFB60>, Serial<id=0x1a549ecfc10, open=True>(port='COM5', baudrate=921600, bytesize=8, parity='N', stopbits=1, timeout=0, xonxoff=False, rtscts=False, dsrdtr=False))
Traceback (most recent call last):
  File "C:\Users\User\AppData\Local\Programs\Python\Python312\Lib\site-packages\serial_asyncio\__init__.py", line 290, in _poll_read
    if self.serial.in_waiting:
       ^^^^^^^^^^^^^^^^^^^^^^
  File "C:\Users\User\AppData\Local\Programs\Python\Python312\Lib\site-packages\serial\serialwin32.py", line 259, in in_waiting
    raise SerialException("ClearCommError failed ({!r})".format(ctypes.WinError()))
serial.serialutil.SerialException: ClearCommError failed (PermissionError(13, 'The device does not recognize the command.', None, 22))
2025-03-14 21:55:36,219 : WARNING : FAST [NET] : Serial error: ClearCommError failed (PermissionError(13, 'The device does not recognize the command.', None, 22))
2025-03-14 21:55:36,219 : INFO : Machine : Shutting down...
2025-03-14 21:55:36,219 : INFO : EventManager : Event: ======'shutdown'====== Args={}
2025-03-14 21:55:36,221 : INFO : EventManager : Event: ======'mode_game_will_stop'====== Args={}
2025-03-14 21:55:36,221 : INFO : EventManager : Event: ======'mode_game_stopping'====== Args={}
2025-03-14 21:55:36,221 : INFO : EventManager : Event: ======'mode_base_will_stop'====== Args={}
2025-03-14 21:55:36,222 : INFO : EventManager : Event: ======'mode_base_stopping'====== Args={}
2025-03-14 21:55:36,222 : INFO : Mode.base : Stopped.
2025-03-14 21:55:36,222 : INFO : EventManager : Event: ======'modes_active_modes_changed'====== Args={}
2025-03-14 21:55:36,222 : INFO : EventManager : Event: ======'mode_base_stopped'====== Args={}
2025-03-14 21:55:36,222 : INFO : EventManager : Event: ======'clear'====== Args={'key': 'base'}
2025-03-14 21:55:36,223 : INFO : Mode.game : Stopped.
2025-03-14 21:55:36,223 : INFO : EventManager : Event: ======'modes_active_modes_changed'====== Args={}
2025-03-14 21:55:36,223 : INFO : EventManager : Event: ======'mode_game_stopped'====== Args={}
2025-03-14 21:55:36,223 : INFO : EventManager : Event: ======'clear'====== Args={'key': 'game'}
2025-03-14 21:55:36,347 : ERROR : root : ClearCommError failed (PermissionError(13, 'The device does not recognize the command.', None, 22))
Traceback (most recent call last):
  File "C:\Users\User\AppData\Local\Programs\Python\Python312\Lib\site-packages\mpf\commands\game.py", line 229, in __init__
    self.machine.run()
  File "C:\Users\User\AppData\Local\Programs\Python\Python312\Lib\site-packages\mpf\core\machine.py", line 704, in run
    self._run_loop()
  File "C:\Users\User\AppData\Local\Programs\Python\Python312\Lib\site-packages\mpf\core\machine.py", line 804, in _run_loop
    self._crash_shutdown()
  File "C:\Users\User\AppData\Local\Programs\Python\Python312\Lib\site-packages\mpf\core\machine.py", line 749, in _crash_shutdown
    self._do_stop()
  File "C:\Users\User\AppData\Local\Programs\Python\Python312\Lib\site-packages\mpf\core\machine.py", line 740, in _do_stop
    self.shutdown()
  File "C:\Users\User\AppData\Local\Programs\Python\Python312\Lib\site-packages\mpf\core\machine.py", line 770, in shutdown
    self._platform_stop()
  File "C:\Users\User\AppData\Local\Programs\Python\Python312\Lib\site-packages\mpf\core\machine.py", line 820, in _platform_stop
    hardware_platform.stop()
  File "C:\Users\User\AppData\Local\Programs\Python\Python312\Lib\site-packages\mpf\platforms\fast\fast.py", line 173, in stop
    connection.stop()
  File "C:\Users\User\AppData\Local\Programs\Python\Python312\Lib\site-packages\mpf\platforms\fast\communicators\base.py", line 244, in stop
    self.machine.clock.loop.run_until_complete(self.writer.wait_closed())
  File "C:\Users\User\AppData\Local\Programs\Python\Python312\Lib\asyncio\base_events.py", line 687, in run_until_complete
    return future.result()
           ^^^^^^^^^^^^^^^
  File "C:\Users\User\AppData\Local\Programs\Python\Python312\Lib\asyncio\streams.py", line 364, in wait_closed
    await self._protocol._get_close_waiter(self)
  File "C:\Users\User\AppData\Local\Programs\Python\Python312\Lib\site-packages\serial_asyncio\__init__.py", line 290, in _poll_read
    if self.serial.in_waiting:
       ^^^^^^^^^^^^^^^^^^^^^^
  File "C:\Users\User\AppData\Local\Programs\Python\Python312\Lib\site-packages\serial\serialwin32.py", line 259, in in_waiting
    raise SerialException("ClearCommError failed ({!r})".format(ctypes.WinError()))
serial.serialutil.SerialException: ClearCommError failed (PermissionError(13, 'The device does not recognize the command.', None, 22))
