2025-03-21 12:52:23,475 : INFO : root : Loading config.
2025-03-21 12:52:23,483 : INFO : YamlMultifileConfigLoader : Machine config file #1: config.yaml
2025-03-21 12:52:23,484 : INFO : ConfigProcessor : Loading config from cache: C:\Users\User\AppData\Local\Temp\5682b9bdeb2b9ad8a31c13560e038609.mpf_cache
2025-03-21 12:52:23,704 : INFO : ConfigProcessor : Loading config from cache: C:\Users\User\AppData\Local\Temp\8422c6572f827355f8aade1949d04025.mpf_cache
2025-03-21 12:52:23,705 : INFO : ConfigProcessor : Loading config from cache: C:\Users\User\AppData\Local\Temp\1c0e7e9816717d8e62c4728dfe372999.mpf_cache
2025-03-21 12:52:23,708 : INFO : ConfigProcessor : Loading config from cache: C:\Users\User\AppData\Local\Temp\e3e8065d662ad307fa9574659e7e4e8e.mpf_cache
2025-03-21 12:52:23,710 : INFO : ConfigProcessor : Loading config from cache: C:\Users\User\AppData\Local\Temp\8422c6572f827355f8aade1949d04025.mpf_cache
2025-03-21 12:52:23,714 : INFO : Machine : Mission Pinball Framework Core Engine v0.80.0.dev6
2025-03-21 12:52:23,715 : INFO : Machine : Command line arguments: {'no_load_cache': False, 'create_config_cache': True, 'bcp': False, 'configfile': ['config.yaml'], 'force_assets_load': False, 'platform_integration_test': False, 'jsonlogging': False, 'logfile': 'logs\\2025-03-21-12-52-23-mpf-BERNIE.log', 'pause': False, 'production': False, 'text_ui': False, 'loglevel': 15, 'consoleloglevel': 20, 'force_platform': None, 'syslog_address': None, 'full_logfile_path': 'C:\\Users\\User\\Desktop\\fast_homebrew_godot_v2\\fast_homebrew_godot_v2\\logs\\2025-03-21-12-52-23-mpf-BERNIE.log'}
2025-03-21 12:52:23,715 : INFO : Machine : MPF path: C:\Users\User\AppData\Local\Programs\Python\Python312\Lib\site-packages\mpf
2025-03-21 12:52:23,715 : INFO : Machine : Machine path: C:\Users\User\Desktop\fast_homebrew_godot_v2\fast_homebrew_godot_v2
2025-03-21 12:52:23,715 : INFO : Machine : Platform: win32
2025-03-21 12:52:23,715 : INFO : Machine : Python executable location: C:\Users\User\AppData\Local\Programs\Python\Python312\python.exe
2025-03-21 12:52:23,715 : INFO : Machine : Python version: 3.12.3 (64-bit)
2025-03-21 12:52:23,720 : INFO : Machine : Initializing MPF...
2025-03-21 12:52:23,946 : INFO : FAST : Auto-detecting ports for the following connections: ['net']
2025-03-21 12:52:23,995 : INFO : FAST : Detected NET on port COM5
2025-03-21 12:52:24,106 : INFO : FAST [NET] : Trying to connect to COM5 at 921600bps
2025-03-21 12:52:24,116 : INFO : FAST [NET] : Connected to COM5 at 921600bps
2025-03-21 12:52:24,119 : INFO : FAST [NET] : Connected to FP-CPU-2000 with firmware v02.26
2025-03-21 12:52:24,151 : INFO : FAST [NET] : Registered I/O Board 0: Model: FP-I/O-3208, Firmware: 01.10, Switches: 32, Drivers: 8
2025-03-21 12:52:24,166 : INFO : FAST [NET] : Registered I/O Board 1: Model: FP-I/O-3208, Firmware: 01.10, Switches: 32, Drivers: 8
2025-03-21 12:52:24,167 : INFO : EventManager : Event: ======'machine_var_credits_string'====== Args={'value': 'FREE PLAY', 'prev_value': None, 'change': True}
2025-03-21 12:52:24,244 : INFO : EventManager : Event: ======'machine_var_master_volume'====== Args={'value': 0.5, 'prev_value': None, 'change': True}
2025-03-21 12:52:24,245 : INFO : EventManager : Event: ======'machine_var_player1_score'====== Args={'value': 0, 'prev_value': None, 'change': True}
2025-03-21 12:52:24,245 : INFO : EventManager : Event: ======'machine_var_mpf_version'====== Args={'value': 'Mission Pinball Framework v0.80.0.dev6', 'prev_value': None, 'change': True}
2025-03-21 12:52:24,245 : INFO : EventManager : Event: ======'machine_var_mpf_extended_version'====== Args={'value': 'Mission Pinball Framework v0.80.0.dev6, Config version:6, Show version: 6, BCP version:1.1', 'prev_value': None, 'change': True}
2025-03-21 12:52:24,246 : INFO : EventManager : Event: ======'machine_var_python_version'====== Args={'value': '3.12.3', 'prev_value': None, 'change': True}
2025-03-21 12:52:24,452 : INFO : EventManager : Event: ======'machine_var_platform'====== Args={'value': 'Windows-11-10.0.22631-SP0', 'prev_value': None, 'change': True}
2025-03-21 12:52:24,452 : INFO : EventManager : Event: ======'machine_var_platform_system'====== Args={'value': 'Windows', 'prev_value': None, 'change': True}
2025-03-21 12:52:24,452 : INFO : EventManager : Event: ======'machine_var_platform_release'====== Args={'value': '11', 'prev_value': None, 'change': True}
2025-03-21 12:52:24,452 : INFO : EventManager : Event: ======'machine_var_platform_version'====== Args={'value': '10.0.22631', 'prev_value': None, 'change': True}
2025-03-21 12:52:24,452 : INFO : EventManager : Event: ======'machine_var_platform_machine'====== Args={'value': 'AMD64', 'prev_value': None, 'change': True}
2025-03-21 12:52:24,453 : INFO : EventManager : Event: ======'machine_var_log_file_path'====== Args={'value': 'C:\\Users\\User\\Desktop\\fast_homebrew_godot_v2\\fast_homebrew_godot_v2\\logs\\2025-03-21-12-52-23-mpf-BERNIE.log', 'prev_value': None, 'change': True}
2025-03-21 12:52:24,453 : INFO : EventManager : Event: ======'init_phase_1'====== Args={}
2025-03-21 12:52:28,642 : INFO : SwitchController : <<<<<<< 's_trough_ball_jam' active >>>>>>>
2025-03-21 12:52:28,642 : INFO : SwitchController : <<<<<<< 's_flipper_right' active >>>>>>>
2025-03-21 12:52:28,642 : INFO : SwitchController : <<<<<<< 's_start' active >>>>>>>
2025-03-21 12:52:28,643 : INFO : EventManager : Event: ======'init_phase_2'====== Args={}
2025-03-21 12:52:28,644 : INFO : SwitchController : Found active switch: (6, [FAST Platform Interface]) <switch.s_trough_ball_jam>
2025-03-21 12:52:28,644 : INFO : SwitchController : Found active switch: (31, [FAST Platform Interface]) <switch.s_flipper_right>
2025-03-21 12:52:28,644 : INFO : SwitchController : Found active switch: (29, [FAST Platform Interface]) <switch.s_start>
2025-03-21 12:52:28,651 : INFO : ball_device.bd_trough : BCH: Initial count: 0
2025-03-21 12:52:28,651 : INFO : ball_device.bd_trough : State: idle
2025-03-21 12:52:28,653 : INFO : ball_device.bd_plunger : BCH: Initial count: 0
2025-03-21 12:52:28,653 : INFO : ball_device.bd_plunger : State: idle
2025-03-21 12:52:28,683 : INFO : EventManager : Event: ======'init_phase_3'====== Args={}
2025-03-21 12:52:28,687 : INFO : EventManager : Event: ======'init_phase_4'====== Args={}
2025-03-21 12:52:28,688 : INFO : BallController : Initial balls found: 0
2025-03-21 12:52:28,691 : INFO : EventManager : Event: ======'machine_var_audits_events_game_ended'====== Args={'value': 4, 'prev_value': None, 'change': True}
2025-03-21 12:52:28,691 : INFO : EventManager : Event: ======'machine_var_audits_events_game_started'====== Args={'value': 436, 'prev_value': None, 'change': True}
2025-03-21 12:52:28,691 : INFO : EventManager : Event: ======'machine_var_audits_missing_switches_s_eject_confirm'====== Args={'value': 14, 'prev_value': None, 'change': True}
2025-03-21 12:52:28,691 : INFO : EventManager : Event: ======'machine_var_audits_missing_switches_s_flipper_right'====== Args={'value': 47, 'prev_value': None, 'change': True}
2025-03-21 12:52:28,691 : INFO : EventManager : Event: ======'machine_var_audits_missing_switches_s_flipper_right_eos'====== Args={'value': 44, 'prev_value': None, 'change': True}
2025-03-21 12:52:28,691 : INFO : EventManager : Event: ======'machine_var_audits_missing_switches_s_launch'====== Args={'value': 6, 'prev_value': None, 'change': True}
2025-03-21 12:52:28,692 : INFO : EventManager : Event: ======'machine_var_audits_missing_switches_s_left_flipper'====== Args={'value': 363, 'prev_value': None, 'change': True}
2025-03-21 12:52:28,692 : INFO : EventManager : Event: ======'machine_var_audits_missing_switches_s_left_flipper_eos'====== Args={'value': 363, 'prev_value': None, 'change': True}
2025-03-21 12:52:28,692 : INFO : EventManager : Event: ======'machine_var_audits_missing_switches_s_left_inlane'====== Args={'value': 6, 'prev_value': None, 'change': True}
2025-03-21 12:52:28,692 : INFO : EventManager : Event: ======'machine_var_audits_missing_switches_s_left_inner_lane'====== Args={'value': 357, 'prev_value': None, 'change': True}
2025-03-21 12:52:28,692 : INFO : EventManager : Event: ======'machine_var_audits_missing_switches_s_left_outer_lane'====== Args={'value': 153, 'prev_value': None, 'change': True}
2025-03-21 12:52:28,692 : INFO : EventManager : Event: ======'machine_var_audits_missing_switches_s_left_outlane'====== Args={'value': 6, 'prev_value': None, 'change': True}
2025-03-21 12:52:28,692 : INFO : EventManager : Event: ======'machine_var_audits_missing_switches_s_left_sling'====== Args={'value': 363, 'prev_value': None, 'change': True}
2025-03-21 12:52:28,692 : INFO : EventManager : Event: ======'machine_var_audits_missing_switches_s_mead'====== Args={'value': 267, 'prev_value': None, 'change': True}
2025-03-21 12:52:28,692 : INFO : EventManager : Event: ======'machine_var_audits_missing_switches_s_percy'====== Args={'value': 85, 'prev_value': None, 'change': True}
2025-03-21 12:52:28,692 : INFO : EventManager : Event: ======'machine_var_audits_missing_switches_s_pop_bumper_1'====== Args={'value': 357, 'prev_value': None, 'change': True}
2025-03-21 12:52:28,693 : INFO : EventManager : Event: ======'machine_var_audits_missing_switches_s_pop_bumper_2'====== Args={'value': 357, 'prev_value': None, 'change': True}
2025-03-21 12:52:28,693 : INFO : EventManager : Event: ======'machine_var_audits_missing_switches_s_pop_bumper_3'====== Args={'value': 357, 'prev_value': None, 'change': True}
2025-03-21 12:52:28,693 : INFO : EventManager : Event: ======'machine_var_audits_missing_switches_s_right_flipper'====== Args={'value': 363, 'prev_value': None, 'change': True}
2025-03-21 12:52:28,693 : INFO : EventManager : Event: ======'machine_var_audits_missing_switches_s_right_flipper_eos'====== Args={'value': 363, 'prev_value': None, 'change': True}
2025-03-21 12:52:28,693 : INFO : EventManager : Event: ======'machine_var_audits_missing_switches_s_right_inlane'====== Args={'value': 6, 'prev_value': None, 'change': True}
2025-03-21 12:52:28,693 : INFO : EventManager : Event: ======'machine_var_audits_missing_switches_s_right_inner_lane'====== Args={'value': 357, 'prev_value': None, 'change': True}
2025-03-21 12:52:28,693 : INFO : EventManager : Event: ======'machine_var_audits_missing_switches_s_right_outer_lane'====== Args={'value': 357, 'prev_value': None, 'change': True}
2025-03-21 12:52:28,693 : INFO : EventManager : Event: ======'machine_var_audits_missing_switches_s_right_outlane'====== Args={'value': 6, 'prev_value': None, 'change': True}
2025-03-21 12:52:28,693 : INFO : EventManager : Event: ======'machine_var_audits_missing_switches_s_right_sling'====== Args={'value': 363, 'prev_value': None, 'change': True}
2025-03-21 12:52:28,693 : INFO : EventManager : Event: ======'machine_var_audits_missing_switches_s_scanlan'====== Args={'value': 204, 'prev_value': None, 'change': True}
2025-03-21 12:52:28,694 : INFO : EventManager : Event: ======'machine_var_audits_missing_switches_s_start'====== Args={'value': 2, 'prev_value': None, 'change': True}
2025-03-21 12:52:28,694 : INFO : EventManager : Event: ======'machine_var_audits_missing_switches_s_trough_ball_2'====== Args={'value': 2, 'prev_value': None, 'change': True}
2025-03-21 12:52:28,694 : INFO : EventManager : Event: ======'machine_var_audits_missing_switches_s_trough_ball_3'====== Args={'value': 22, 'prev_value': None, 'change': True}
2025-03-21 12:52:28,694 : INFO : EventManager : Event: ======'machine_var_audits_missing_switches_s_trough_ball_4'====== Args={'value': 22, 'prev_value': None, 'change': True}
2025-03-21 12:52:28,694 : INFO : EventManager : Event: ======'machine_var_audits_missing_switches_s_trough_ball_5'====== Args={'value': 22, 'prev_value': None, 'change': True}
2025-03-21 12:52:28,694 : INFO : EventManager : Event: ======'machine_var_audits_missing_switches_s_trough_ball_6'====== Args={'value': 22, 'prev_value': None, 'change': True}
2025-03-21 12:52:28,694 : INFO : EventManager : Event: ======'machine_var_audits_missing_switches_s_trough_ball_jam'====== Args={'value': 410, 'prev_value': None, 'change': True}
2025-03-21 12:52:28,694 : INFO : EventManager : Event: ======'machine_var_audits_player_score'====== Args={'value': {'average': 0, 'top': [0, 0, 0, 0], 'total': 4}, 'prev_value': None, 'change': True}
2025-03-21 12:52:28,694 : INFO : EventManager : Event: ======'machine_var_audits_shots_mead_shot'====== Args={'value': 223, 'prev_value': None, 'change': True}
2025-03-21 12:52:28,694 : INFO : EventManager : Event: ======'machine_var_audits_shots_percy_shot'====== Args={'value': 56, 'prev_value': None, 'change': True}
2025-03-21 12:52:28,697 : INFO : EventManager : Event: ======'machine_var_audits_shots_scanlan_shot'====== Args={'value': 121, 'prev_value': None, 'change': True}
2025-03-21 12:52:28,697 : INFO : EventManager : Event: ======'machine_var_audits_shots_video_shot_1'====== Args={'value': 24, 'prev_value': None, 'change': True}
2025-03-21 12:52:28,697 : INFO : EventManager : Event: ======'machine_var_audits_shots_video_shot_2'====== Args={'value': 20, 'prev_value': None, 'change': True}
2025-03-21 12:52:28,697 : INFO : EventManager : Event: ======'machine_var_audits_switches_s_auto_launcher'====== Args={'value': 0, 'prev_value': None, 'change': True}
2025-03-21 12:52:28,697 : INFO : EventManager : Event: ======'machine_var_audits_switches_s_ball_drain'====== Args={'value': 0, 'prev_value': None, 'change': True}
2025-03-21 12:52:28,698 : INFO : EventManager : Event: ======'machine_var_audits_switches_s_eject_confirm'====== Args={'value': 0, 'prev_value': None, 'change': True}
2025-03-21 12:52:28,698 : INFO : EventManager : Event: ======'machine_var_audits_switches_s_flipper_left'====== Args={'value': 21, 'prev_value': None, 'change': True}
2025-03-21 12:52:28,698 : INFO : EventManager : Event: ======'machine_var_audits_switches_s_flipper_left_lower_eos'====== Args={'value': 14, 'prev_value': None, 'change': True}
2025-03-21 12:52:28,698 : INFO : EventManager : Event: ======'machine_var_audits_switches_s_flipper_left_upper_eos'====== Args={'value': 14, 'prev_value': None, 'change': True}
2025-03-21 12:52:28,698 : INFO : EventManager : Event: ======'machine_var_audits_switches_s_flipper_right'====== Args={'value': 0, 'prev_value': None, 'change': True}
2025-03-21 12:52:28,698 : INFO : EventManager : Event: ======'machine_var_audits_switches_s_flipper_right_eos'====== Args={'value': 3, 'prev_value': None, 'change': True}
2025-03-21 12:52:28,699 : INFO : EventManager : Event: ======'machine_var_audits_switches_s_launch'====== Args={'value': 0, 'prev_value': None, 'change': True}
2025-03-21 12:52:28,699 : INFO : EventManager : Event: ======'machine_var_audits_switches_s_left_flipper'====== Args={'value': 36, 'prev_value': None, 'change': True}
2025-03-21 12:52:28,699 : INFO : EventManager : Event: ======'machine_var_audits_switches_s_left_flipper_eos'====== Args={'value': 0, 'prev_value': None, 'change': True}
2025-03-21 12:52:28,699 : INFO : EventManager : Event: ======'machine_var_audits_switches_s_left_inlane'====== Args={'value': 0, 'prev_value': None, 'change': True}
2025-03-21 12:52:28,699 : INFO : EventManager : Event: ======'machine_var_audits_switches_s_left_inner_lane'====== Args={'value': 0, 'prev_value': None, 'change': True}
2025-03-21 12:52:28,699 : INFO : EventManager : Event: ======'machine_var_audits_switches_s_left_outer_lane'====== Args={'value': 0, 'prev_value': None, 'change': True}
2025-03-21 12:52:28,699 : INFO : EventManager : Event: ======'machine_var_audits_switches_s_left_outlane'====== Args={'value': 0, 'prev_value': None, 'change': True}
2025-03-21 12:52:28,699 : INFO : EventManager : Event: ======'machine_var_audits_switches_s_left_sling'====== Args={'value': 7, 'prev_value': None, 'change': True}
2025-03-21 12:52:28,699 : INFO : EventManager : Event: ======'machine_var_audits_switches_s_mead'====== Args={'value': 0, 'prev_value': None, 'change': True}
2025-03-21 12:52:28,700 : INFO : EventManager : Event: ======'machine_var_audits_switches_s_percy'====== Args={'value': 0, 'prev_value': None, 'change': True}
2025-03-21 12:52:28,700 : INFO : EventManager : Event: ======'machine_var_audits_switches_s_plunger'====== Args={'value': 35, 'prev_value': None, 'change': True}
2025-03-21 12:52:28,700 : INFO : EventManager : Event: ======'machine_var_audits_switches_s_pop_bumper_1'====== Args={'value': 0, 'prev_value': None, 'change': True}
2025-03-21 12:52:28,700 : INFO : EventManager : Event: ======'machine_var_audits_switches_s_pop_bumper_2'====== Args={'value': 0, 'prev_value': None, 'change': True}
2025-03-21 12:52:28,700 : INFO : EventManager : Event: ======'machine_var_audits_switches_s_pop_bumper_3'====== Args={'value': 0, 'prev_value': None, 'change': True}
2025-03-21 12:52:28,700 : INFO : EventManager : Event: ======'machine_var_audits_switches_s_pop_bumper_cc_1'====== Args={'value': 17, 'prev_value': None, 'change': True}
2025-03-21 12:52:28,700 : INFO : EventManager : Event: ======'machine_var_audits_switches_s_pop_bumper_cc_2'====== Args={'value': 14, 'prev_value': None, 'change': True}
2025-03-21 12:52:28,700 : INFO : EventManager : Event: ======'machine_var_audits_switches_s_pop_bumper_cc_3'====== Args={'value': 18, 'prev_value': None, 'change': True}
2025-03-21 12:52:28,700 : INFO : EventManager : Event: ======'machine_var_audits_switches_s_pop_bumper_m'====== Args={'value': 16, 'prev_value': None, 'change': True}
2025-03-21 12:52:28,700 : INFO : EventManager : Event: ======'machine_var_audits_switches_s_right_flipper'====== Args={'value': 131, 'prev_value': None, 'change': True}
2025-03-21 12:52:28,700 : INFO : EventManager : Event: ======'machine_var_audits_switches_s_right_flipper_eos'====== Args={'value': 0, 'prev_value': None, 'change': True}
2025-03-21 12:52:28,701 : INFO : EventManager : Event: ======'machine_var_audits_switches_s_right_inlane'====== Args={'value': 0, 'prev_value': None, 'change': True}
2025-03-21 12:52:28,701 : INFO : EventManager : Event: ======'machine_var_audits_switches_s_right_inner_lane'====== Args={'value': 0, 'prev_value': None, 'change': True}
2025-03-21 12:52:28,701 : INFO : EventManager : Event: ======'machine_var_audits_switches_s_right_outer_lane'====== Args={'value': 0, 'prev_value': None, 'change': True}
2025-03-21 12:52:28,701 : INFO : EventManager : Event: ======'machine_var_audits_switches_s_right_outlane'====== Args={'value': 0, 'prev_value': None, 'change': True}
2025-03-21 12:52:28,701 : INFO : EventManager : Event: ======'machine_var_audits_switches_s_right_sling'====== Args={'value': 3, 'prev_value': None, 'change': True}
2025-03-21 12:52:28,701 : INFO : EventManager : Event: ======'machine_var_audits_switches_s_scanlan'====== Args={'value': 0, 'prev_value': None, 'change': True}
2025-03-21 12:52:28,701 : INFO : EventManager : Event: ======'machine_var_audits_switches_s_slingshot_1'====== Args={'value': 41, 'prev_value': None, 'change': True}
2025-03-21 12:52:28,701 : INFO : EventManager : Event: ======'machine_var_audits_switches_s_slingshot_2'====== Args={'value': 18, 'prev_value': None, 'change': True}
2025-03-21 12:52:28,701 : INFO : EventManager : Event: ======'machine_var_audits_switches_s_start'====== Args={'value': 160, 'prev_value': None, 'change': True}
2025-03-21 12:52:28,701 : INFO : EventManager : Event: ======'machine_var_audits_switches_s_switch_2'====== Args={'value': 0, 'prev_value': None, 'change': True}
2025-03-21 12:52:28,701 : INFO : EventManager : Event: ======'machine_var_audits_switches_s_trough_ball_1'====== Args={'value': 38, 'prev_value': None, 'change': True}
2025-03-21 12:52:28,702 : INFO : EventManager : Event: ======'machine_var_audits_switches_s_trough_ball_2'====== Args={'value': 16, 'prev_value': None, 'change': True}
2025-03-21 12:52:28,702 : INFO : EventManager : Event: ======'machine_var_audits_switches_s_trough_ball_3'====== Args={'value': 5, 'prev_value': None, 'change': True}
2025-03-21 12:52:28,702 : INFO : EventManager : Event: ======'machine_var_audits_switches_s_trough_ball_4'====== Args={'value': 4, 'prev_value': None, 'change': True}
2025-03-21 12:52:28,702 : INFO : EventManager : Event: ======'machine_var_audits_switches_s_trough_ball_5'====== Args={'value': 4, 'prev_value': None, 'change': True}
2025-03-21 12:52:28,702 : INFO : EventManager : Event: ======'machine_var_audits_switches_s_trough_ball_6'====== Args={'value': 5, 'prev_value': None, 'change': True}
2025-03-21 12:52:28,702 : INFO : EventManager : Event: ======'machine_var_audits_switches_s_trough_ball_jam'====== Args={'value': 3, 'prev_value': None, 'change': True}
2025-03-21 12:52:28,702 : INFO : EventManager : Event: ======'machine_var_audits_switches_s_trough_eject_coil'====== Args={'value': 0, 'prev_value': None, 'change': True}
2025-03-21 12:52:28,703 : INFO : EventManager : Event: ======'init_phase_5'====== Args={}
2025-03-21 12:52:28,704 : INFO : EventManager : Event: ======'init_done'====== Args={}
2025-03-21 12:52:28,704 : INFO : EventManager : Event: ======'machine_reset_phase_1'====== Args={}
2025-03-21 12:52:28,706 : INFO : EventManager : Event: ======'machine_reset_phase_2'====== Args={}
2025-03-21 12:52:28,707 : INFO : EventManager : Event: ======'machine_reset_phase_3'====== Args={}
2025-03-21 12:52:28,714 : INFO : EventManager : Event: ======'reset_complete'====== Args={}
2025-03-21 12:52:28,714 : INFO : EventManager : Event: ======'mode_attract_will_start'====== Args={}
2025-03-21 12:52:28,715 : INFO : EventManager : Event: ======'mode_attract_starting'====== Args={}
2025-03-21 12:52:28,715 : INFO : Mode.attract : Started. Priority: 10
2025-03-21 12:52:28,715 : INFO : EventManager : Event: ======'modes_active_modes_changed'====== Args={}
2025-03-21 12:52:28,715 : INFO : EventManager : Event: ======'mode_attract_started'====== Args={}
2025-03-21 12:52:28,716 : INFO : EventManager : Event: ======'collecting_balls_complete'====== Args={}
2025-03-21 12:52:28,721 : INFO : Machine : Starting the main run loop with active modes: [<Mode.attract>]
2025-03-21 12:52:35,269 : INFO : SwitchController : <<<<<<< 's_trough_ball_2' active >>>>>>>
2025-03-21 12:52:35,270 : INFO : SwitchController : <<<<<<< 's_start' inactive >>>>>>>
2025-03-21 12:52:35,270 : INFO : EventManager : Event: ======'request_to_start_game'====== Args={}
2025-03-21 12:52:35,270 : INFO : BallController : Known balls: 0
2025-03-21 12:52:35,270 : INFO : BallController : bd_trough contains 0 balls. Tags ['trough', 'home', 'drain']
2025-03-21 12:52:35,270 : INFO : BallController : bd_plunger contains 0 balls. Tags []
2025-03-21 12:52:35,270 : INFO : BallController : playfield contains 0 balls. Tags ['default']
2025-03-21 12:52:35,270 : WARNING : BallController : BallController denies game start. Not enough balls. 0 found. 1 required
2025-03-21 12:52:35,271 : INFO : BallController : Triggering ball search.
2025-03-21 12:52:35,504 : INFO : SwitchController : <<<<<<< 's_trough_ball_2' inactive >>>>>>>
2025-03-21 12:52:35,504 : INFO : SwitchController : <<<<<<< 's_start' active >>>>>>>
2025-03-21 12:52:44,076 : INFO : SwitchController : <<<<<<< 's_start' inactive >>>>>>>
2025-03-21 12:52:44,076 : INFO : EventManager : Event: ======'request_to_start_game'====== Args={}
2025-03-21 12:52:44,076 : INFO : SwitchController : <<<<<<< 's_trough_ball_2' active >>>>>>>
2025-03-21 12:52:44,076 : INFO : BallController : Known balls: 0
2025-03-21 12:52:44,078 : INFO : BallController : bd_trough contains 0 balls. Tags ['trough', 'home', 'drain']
2025-03-21 12:52:44,078 : INFO : BallController : bd_plunger contains 0 balls. Tags []
2025-03-21 12:52:44,078 : INFO : BallController : playfield contains 0 balls. Tags ['default']
2025-03-21 12:52:44,078 : WARNING : BallController : BallController denies game start. Not enough balls. 0 found. 1 required
2025-03-21 12:52:44,078 : INFO : BallController : Triggering ball search.
2025-03-21 12:52:44,373 : INFO : SwitchController : <<<<<<< 's_trough_ball_2' inactive >>>>>>>
2025-03-21 12:52:44,374 : INFO : SwitchController : <<<<<<< 's_start' active >>>>>>>
2025-03-21 12:53:56,409 : INFO : SwitchController : <<<<<<< 's_trough_ball_2' active >>>>>>>
2025-03-21 12:53:56,409 : INFO : SwitchController : <<<<<<< 's_start' inactive >>>>>>>
2025-03-21 12:53:56,409 : INFO : EventManager : Event: ======'request_to_start_game'====== Args={}
2025-03-21 12:53:56,411 : INFO : BallController : Known balls: 0
2025-03-21 12:53:56,411 : INFO : BallController : bd_trough contains 0 balls. Tags ['trough', 'home', 'drain']
2025-03-21 12:53:56,411 : INFO : BallController : bd_plunger contains 0 balls. Tags []
2025-03-21 12:53:56,411 : INFO : BallController : playfield contains 0 balls. Tags ['default']
2025-03-21 12:53:56,411 : WARNING : BallController : BallController denies game start. Not enough balls. 0 found. 1 required
2025-03-21 12:53:56,411 : INFO : BallController : Triggering ball search.
2025-03-21 12:53:56,456 : INFO : SwitchController : <<<<<<< 's_trough_ball_2' inactive >>>>>>>
2025-03-21 12:53:56,456 : INFO : SwitchController : <<<<<<< 's_start' active >>>>>>>
2025-03-21 12:53:56,471 : INFO : SwitchController : <<<<<<< 's_trough_ball_1' active >>>>>>>
2025-03-21 12:53:56,973 : INFO : EventManager : Event: ======'balldevice_bd_trough_ball_count_changed'====== Args={'balls': 1}
2025-03-21 12:53:56,974 : INFO : ball_device.bd_trough : Received unexpected ball
2025-03-21 12:53:56,974 : INFO : EventManager : Event: ======'balldevice_captured_from_playfield'====== Args={'balls': 1}
2025-03-21 12:53:56,974 : INFO : EventManager : Event: ======'sw_playfield_active'====== Args={'balls': 1}
2025-03-21 12:53:56,975 : INFO : EventManager : Event: ======'playfield_active'====== Args={'source': None}
2025-03-21 12:53:56,975 : INFO : EventManager : Event: ======'unexpected_ball_on_playfield'====== Args={}
2025-03-21 12:53:56,975 : INFO : EventManager : Event: ======'playfield_ball_count_change'====== Args={'balls': -1, 'change': -1}
2025-03-21 12:53:56,975 : INFO : EventManager : Event: ======'balldevice_playfield_ball_enter'====== Args={'new_balls': 1, 'unclaimed_balls': 1, 'device': <playfield.playfield>}
2025-03-21 12:53:56,976 : INFO : EventManager : Event: ======'playfield_ball_count_change'====== Args={'balls': 0, 'change': 1}
2025-03-21 12:53:56,976 : INFO : BallController : Found a new ball which was captured from playfield. Known balls: 1
2025-03-21 12:53:56,976 : INFO : EventManager : Event: ======'found_new_ball'====== Args={}
2025-03-21 12:53:56,976 : INFO : EventManager : Event: ======'balldevice_bd_trough_ball_enter'====== Args={'new_balls': 1, 'unclaimed_balls': 1, 'new_available_balls': 1, 'device': <ball_device.bd_trough>}
2025-03-21 12:53:56,978 : INFO : EventManager : Event: ======'ball_drain'====== Args={'device': <ball_device.bd_trough>, 'balls': 1}
2025-03-21 12:53:56,978 : INFO : EventManager : Event: ======'balldevice_balls_available'====== Args={}
2025-03-21 12:53:56,978 : INFO : EventManager : Event: ======'balldevice_bd_trough_ball_entered'====== Args={'new_balls': 1, 'device': <ball_device.bd_trough>}
2025-03-21 12:54:10,316 : INFO : SwitchController : <<<<<<< 's_trough_ball_2' active >>>>>>>
2025-03-21 12:54:10,316 : INFO : SwitchController : <<<<<<< 's_start' inactive >>>>>>>
2025-03-21 12:54:10,316 : INFO : EventManager : Event: ======'request_to_start_game'====== Args={}
2025-03-21 12:54:10,316 : INFO : EventManager : Event: ======'game_start'====== Args={'buttons': [], 'hold_time': 13.859999999869615}
2025-03-21 12:54:10,317 : INFO : EventManager : Event: ======'mode_game_will_start'====== Args={'buttons': [], 'hold_time': 13.859999999869615}
2025-03-21 12:54:10,317 : INFO : EventManager : Event: ======'mode_game_starting'====== Args={'buttons': [], 'hold_time': 13.859999999869615}
2025-03-21 12:54:10,317 : INFO : EventManager : Event: ======'mode_attract_will_stop'====== Args={}
2025-03-21 12:54:10,317 : INFO : EventManager : Event: ======'mode_attract_stopping'====== Args={}
2025-03-21 12:54:10,317 : INFO : Mode.game : Started. Priority: 20
2025-03-21 12:54:10,319 : INFO : EventManager : Event: ======'modes_active_modes_changed'====== Args={}
2025-03-21 12:54:10,319 : INFO : EventManager : Event: ======'mode_game_started'====== Args={'buttons': [], 'hold_time': 13.859999999869615}
2025-03-21 12:54:10,319 : INFO : Mode.attract : Stopped.
2025-03-21 12:54:10,319 : INFO : EventManager : Event: ======'modes_active_modes_changed'====== Args={}
2025-03-21 12:54:10,319 : INFO : EventManager : Event: ======'mode_attract_stopped'====== Args={}
2025-03-21 12:54:10,319 : INFO : EventManager : Event: ======'clear'====== Args={'key': 'attract'}
2025-03-21 12:54:10,320 : INFO : EventManager : Event: ======'game_will_start'====== Args={}
2025-03-21 12:54:10,320 : INFO : EventManager : Event: ======'game_starting'====== Args={'game': <Mode.game>}
2025-03-21 12:54:10,322 : INFO : EventManager : Unordered handler for class <Auditor> on event game_ended with priority 1. Handlers: [RegisteredHandler(callback=<bound method Auditor.disable of <Auditor>>, priority=1, kwargs={}, key=UUID('69907dc2-975e-492c-a296-62a4795dfbac'), condition=None, blocking_facility=None), RegisteredHandler(callback=<bound method Auditor._save_audits of <Auditor>>, priority=1, kwargs={}, key=UUID('5fa37509-f091-4089-a6e6-ddc2af2fd9dd'), condition=None, blocking_facility=None)]. The order of those handlers is not defined and they will be executed in random order. This might lead to race conditions and potential bugs.
2025-03-21 12:54:10,322 : INFO : EventManager : Event: ======'player_add_request'====== Args={}
2025-03-21 12:54:10,322 : INFO : EventManager : Event: ======'player_will_add'====== Args={'number': 1}
2025-03-21 12:54:10,323 : INFO : EventManager : Event: ======'player_adding'====== Args={'player': <Player 1>, 'number': 1}
2025-03-21 12:54:10,323 : INFO : EventManager : Event: ======'player_added'====== Args={'player': <Player 1>, 'num': 1}
2025-03-21 12:54:10,323 : INFO : Mode.game : Player added successfully. Total players: 1
2025-03-21 12:54:10,323 : INFO : EventManager : Event: ======'player_index'====== Args={'value': 0, 'prev_value': 0, 'change': 0, 'player_num': 1}
2025-03-21 12:54:10,323 : INFO : EventManager : Event: ======'player_number'====== Args={'value': 1, 'prev_value': 1, 'change': 0, 'player_num': 1}
2025-03-21 12:54:10,323 : INFO : EventManager : Event: ======'player_score'====== Args={'value': 0, 'prev_value': 0, 'change': 0, 'player_num': 1}
2025-03-21 12:54:10,324 : INFO : EventManager : Event: ======'game_started'====== Args={}
2025-03-21 12:54:10,325 : INFO : EventManager : Event: ======'player_turn_will_start'====== Args={'player': <Player 1>, 'number': 1}
2025-03-21 12:54:10,325 : INFO : EventManager : Event: ======'player_turn_starting'====== Args={'player': <Player 1>, 'number': 1}
2025-03-21 12:54:10,325 : INFO : EventManager : Event: ======'player_ball'====== Args={'value': 1, 'prev_value': 0, 'change': 1, 'player_num': 1}
2025-03-21 12:54:10,325 : INFO : EventManager : Event: ======'player_turn_started'====== Args={'player': <Player 1>, 'number': 1}
2025-03-21 12:54:10,333 : INFO : EventManager : Event: ======'ball_will_start'====== Args={'player': 1, 'ball': 1, 'balls_remaining': 0, 'is_extra_ball': False}
2025-03-21 12:54:10,346 : INFO : EventManager : Event: ======'ball_starting'====== Args={'player': 1, 'ball': 1, 'balls_remaining': 0, 'is_extra_ball': False}
2025-03-21 12:54:10,346 : INFO : EventManager : Event: ======'balls_in_play'====== Args={'balls': 1}
2025-03-21 12:54:10,346 : INFO : EventManager : Event: ======'ball_started'====== Args={'player': 1, 'ball': 1, 'balls_remaining': 0, 'is_extra_ball': False}
2025-03-21 12:54:10,348 : INFO : EventManager : Event: ======'mode_base_will_start'====== Args={'player': 1, 'ball': 1, 'balls_remaining': 0, 'is_extra_ball': False}
2025-03-21 12:54:10,349 : INFO : EventManager : Event: ======'mode_base_starting'====== Args={'player': 1, 'ball': 1, 'balls_remaining': 0, 'is_extra_ball': False}
2025-03-21 12:54:10,350 : INFO : Mode.base : Started. Priority: 100
2025-03-21 12:54:10,350 : INFO : EventManager : Event: ======'modes_active_modes_changed'====== Args={}
2025-03-21 12:54:10,350 : INFO : EventManager : Event: ======'mode_base_started'====== Args={'player': 1, 'ball': 1, 'balls_remaining': 0, 'is_extra_ball': False}
2025-03-21 12:54:10,350 : INFO : EventManager : Event: ======'single_player_ball_started'====== Args={}
2025-03-21 12:54:10,351 : INFO : EventManager : Event: ======'ball_start_target'====== Args={'target': 'playfield'}
2025-03-21 12:54:10,351 : INFO : ball_device.bd_plunger : Setting up player-controlled eject. Balls: 1, Target: <playfield.playfield>, player_controlled_eject_event: None
2025-03-21 12:54:10,351 : INFO : EventManager : Event: ======'balldevice_balls_available'====== Args={}
2025-03-21 12:54:10,353 : INFO : ball_device.bd_trough : State: waiting_for_target_ready
2025-03-21 12:54:10,353 : INFO : EventManager : Event: ======'balldevice_bd_trough_ball_eject_attempt'====== Args={'balls': 1, 'target': <ball_device.bd_plunger>, 'source': <ball_device.bd_trough>, 'mechanical_eject': True, 'num_attempts': 0}
2025-03-21 12:54:10,353 : INFO : ball_device.bd_plunger : State: waiting_for_ball
2025-03-21 12:54:10,354 : INFO : ball_device.bd_trough : State: ejecting
2025-03-21 12:54:10,354 : INFO : ball_device.bd_trough : Ejecting ball to <ball_device.bd_plunger>
2025-03-21 12:54:10,354 : INFO : EventManager : Event: ======'balldevice_bd_trough_ejecting_ball'====== Args={'balls': 1, 'target': <ball_device.bd_plunger>, 'source': <ball_device.bd_trough>, 'mechanical_eject': True, 'num_attempts': 0}
2025-03-21 12:54:10,355 : INFO : ball_device.bd_trough : Wait for ball to leave device
2025-03-21 12:54:10,355 : INFO : coil.c_trough_eject_coil : Pulsing Driver for 15ms (1.0 pulse_power)
2025-03-21 12:54:10,520 : INFO : SwitchController : <<<<<<< 's_trough_ball_2' inactive >>>>>>>
2025-03-21 12:54:10,520 : INFO : SwitchController : <<<<<<< 's_start' active >>>>>>>
2025-03-21 12:54:10,520 : INFO : EventManager : Event: ======'sw_start'====== Args={}
2025-03-21 12:54:10,520 : INFO : EventManager : Event: ======'machine_var_audits_switches_s_start'====== Args={'value': 161, 'prev_value': 160, 'change': 1}
2025-03-21 12:54:20,354 : INFO : ball_device.bd_trough : State: eject_broken
2025-03-21 12:54:20,355 : INFO : EventManager : Event: ======'balldevice_bd_trough_ball_eject_failed'====== Args={'target': <ball_device.bd_plunger>, 'balls': 1, 'retry': False, 'num_attempts': 1}
2025-03-21 12:54:20,355 : INFO : EventManager : Event: ======'balldevice_bd_trough_broken'====== Args={}
2025-03-21 12:54:21,462 : INFO : Machine : Shutting down...
2025-03-21 12:54:21,462 : INFO : EventManager : Event: ======'shutdown'====== Args={}
2025-03-21 12:54:21,464 : INFO : EventManager : Event: ======'mode_game_will_stop'====== Args={}
2025-03-21 12:54:21,464 : INFO : EventManager : Event: ======'mode_game_stopping'====== Args={}
2025-03-21 12:54:21,465 : INFO : EventManager : Event: ======'mode_base_will_stop'====== Args={}
2025-03-21 12:54:21,465 : INFO : EventManager : Event: ======'mode_base_stopping'====== Args={}
2025-03-21 12:54:21,465 : INFO : Mode.base : Stopped.
2025-03-21 12:54:21,465 : INFO : EventManager : Event: ======'modes_active_modes_changed'====== Args={}
2025-03-21 12:54:21,466 : INFO : EventManager : Event: ======'mode_base_stopped'====== Args={}
2025-03-21 12:54:21,466 : INFO : EventManager : Event: ======'clear'====== Args={'key': 'base'}
2025-03-21 12:54:21,467 : INFO : Mode.game : Stopped.
2025-03-21 12:54:21,467 : INFO : EventManager : Event: ======'modes_active_modes_changed'====== Args={}
2025-03-21 12:54:21,467 : INFO : EventManager : Event: ======'mode_game_stopped'====== Args={}
2025-03-21 12:54:21,467 : INFO : EventManager : Event: ======'clear'====== Args={'key': 'game'}
2025-03-21 12:54:21,579 : INFO : root : MPF run loop ended.
