2025-03-14 21:11:43,586 : INFO : root : Loading config.
2025-03-14 21:11:43,596 : INFO : YamlMultifileConfigLoader : Machine config file #1: config.yaml
2025-03-14 21:11:43,597 : INFO : ConfigProcessor : Loading config from cache: C:\Users\User\AppData\Local\Temp\5682b9bdeb2b9ad8a31c13560e038609.mpf_cache
2025-03-14 21:11:43,622 : WARNING : ConfigProcessor : Config file in cache changed: C:\Users\User\Desktop\fast_homebrew_godot_v2\fast_homebrew_godot_v2\config\coils.yaml
2025-03-14 21:11:43,624 : INFO : ConfigProcessor : Loading config from file C:\Users\User\AppData\Local\Programs\Python\Python312\Lib\site-packages\mpf\mpfconfig.yaml.
2025-03-14 21:11:43,666 : INFO : ConfigProcessor : Loading config: C:\Users\User\AppData\Local\Programs\Python\Python312\Lib\site-packages\mpf\mpfconfig.yaml
2025-03-14 21:11:43,667 : INFO : ConfigProcessor : Loading config from file C:\Users\User\Desktop\fast_homebrew_godot_v2\fast_homebrew_godot_v2\config\config.yaml.
2025-03-14 21:11:43,672 : INFO : ConfigProcessor : Loading config: C:\Users\User\Desktop\fast_homebrew_godot_v2\fast_homebrew_godot_v2\config\config.yaml
2025-03-14 21:11:43,676 : INFO : ConfigProcessor : Loading config: C:\Users\User\Desktop\fast_homebrew_godot_v2\fast_homebrew_godot_v2\config\lights.yaml
2025-03-14 21:11:43,679 : INFO : ConfigProcessor : Loading config: C:\Users\User\Desktop\fast_homebrew_godot_v2\fast_homebrew_godot_v2\config\coils.yaml
2025-03-14 21:11:43,689 : INFO : ConfigProcessor : Loading config: C:\Users\User\Desktop\fast_homebrew_godot_v2\fast_homebrew_godot_v2\config\switches.yaml
2025-03-14 21:11:43,698 : INFO : ConfigProcessor : Loading config: C:\Users\User\Desktop\fast_homebrew_godot_v2\fast_homebrew_godot_v2\config\images.yaml
2025-03-14 21:11:43,700 : INFO : ConfigProcessor : Loading config: C:\Users\User\Desktop\fast_homebrew_godot_v2\fast_homebrew_godot_v2\config\videos.yaml
2025-03-14 21:11:43,704 : INFO : ConfigProcessor : Config file cache created: C:\Users\User\AppData\Local\Temp\5682b9bdeb2b9ad8a31c13560e038609.mpf_cache
2025-03-14 21:11:44,004 : INFO : ConfigProcessor : Loading config from cache: C:\Users\User\AppData\Local\Temp\8422c6572f827355f8aade1949d04025.mpf_cache
2025-03-14 21:11:44,008 : INFO : ConfigProcessor : Loading config from cache: C:\Users\User\AppData\Local\Temp\1c0e7e9816717d8e62c4728dfe372999.mpf_cache
2025-03-14 21:11:44,009 : INFO : ConfigProcessor : Loading config from cache: C:\Users\User\AppData\Local\Temp\e3e8065d662ad307fa9574659e7e4e8e.mpf_cache
2025-03-14 21:11:44,011 : INFO : ConfigProcessor : Loading config from cache: C:\Users\User\AppData\Local\Temp\8422c6572f827355f8aade1949d04025.mpf_cache
2025-03-14 21:11:44,012 : INFO : Machine : Mission Pinball Framework Core Engine v0.80.0.dev6
2025-03-14 21:11:44,012 : INFO : Machine : Command line arguments: {'no_load_cache': False, 'create_config_cache': True, 'bcp': False, 'configfile': ['config.yaml'], 'force_assets_load': False, 'platform_integration_test': False, 'jsonlogging': False, 'logfile': 'logs\\2025-03-14-21-11-43-mpf-BERNIE.log', 'pause': False, 'production': False, 'text_ui': False, 'loglevel': 15, 'consoleloglevel': 20, 'force_platform': None, 'syslog_address': None, 'full_logfile_path': 'C:\\Users\\User\\Desktop\\fast_homebrew_godot_v2\\fast_homebrew_godot_v2\\logs\\2025-03-14-21-11-43-mpf-BERNIE.log'}
2025-03-14 21:11:44,012 : INFO : Machine : MPF path: C:\Users\User\AppData\Local\Programs\Python\Python312\Lib\site-packages\mpf
2025-03-14 21:11:44,013 : INFO : Machine : Machine path: C:\Users\User\Desktop\fast_homebrew_godot_v2\fast_homebrew_godot_v2
2025-03-14 21:11:44,013 : INFO : Machine : Platform: win32
2025-03-14 21:11:44,013 : INFO : Machine : Python executable location: C:\Users\User\AppData\Local\Programs\Python\Python312\python.exe
2025-03-14 21:11:44,013 : INFO : Machine : Python version: 3.12.3 (64-bit)
2025-03-14 21:11:44,018 : INFO : Machine : Initializing MPF...
2025-03-14 21:11:44,244 : INFO : FAST : Auto-detecting ports for the following connections: ['net']
2025-03-14 21:11:44,298 : INFO : FAST : Detected NET on port COM5
2025-03-14 21:11:44,414 : INFO : FAST [NET] : Trying to connect to COM5 at 921600bps
2025-03-14 21:11:44,431 : INFO : FAST [NET] : Connected to COM5 at 921600bps
2025-03-14 21:11:44,447 : INFO : FAST [NET] : Connected to FP-CPU-2000 with firmware v02.26
2025-03-14 21:11:44,472 : INFO : FAST [NET] : Registered I/O Board 0: Model: FP-I/O-3208, Firmware: 01.10, Switches: 32, Drivers: 8
2025-03-14 21:11:44,478 : INFO : EventManager : Event: ======'machine_var_credits_string'====== Args={'value': 'FREE PLAY', 'prev_value': None, 'change': True}
2025-03-14 21:11:44,548 : INFO : EventManager : Event: ======'machine_var_master_volume'====== Args={'value': 0.5, 'prev_value': None, 'change': True}
2025-03-14 21:11:44,549 : INFO : EventManager : Event: ======'machine_var_mpf_version'====== Args={'value': 'Mission Pinball Framework v0.80.0.dev6', 'prev_value': None, 'change': True}
2025-03-14 21:11:44,549 : INFO : EventManager : Event: ======'machine_var_mpf_extended_version'====== Args={'value': 'Mission Pinball Framework v0.80.0.dev6, Config version:6, Show version: 6, BCP version:1.1', 'prev_value': None, 'change': True}
2025-03-14 21:11:44,549 : INFO : EventManager : Event: ======'machine_var_python_version'====== Args={'value': '3.12.3', 'prev_value': None, 'change': True}
2025-03-14 21:11:44,689 : INFO : EventManager : Event: ======'machine_var_platform'====== Args={'value': 'Windows-11-10.0.22631-SP0', 'prev_value': None, 'change': True}
2025-03-14 21:11:44,689 : INFO : EventManager : Event: ======'machine_var_platform_system'====== Args={'value': 'Windows', 'prev_value': None, 'change': True}
2025-03-14 21:11:44,689 : INFO : EventManager : Event: ======'machine_var_platform_release'====== Args={'value': '11', 'prev_value': None, 'change': True}
2025-03-14 21:11:44,689 : INFO : EventManager : Event: ======'machine_var_platform_version'====== Args={'value': '10.0.22631', 'prev_value': None, 'change': True}
2025-03-14 21:11:44,690 : INFO : EventManager : Event: ======'machine_var_platform_machine'====== Args={'value': 'AMD64', 'prev_value': None, 'change': True}
2025-03-14 21:11:44,690 : INFO : EventManager : Event: ======'machine_var_log_file_path'====== Args={'value': 'C:\\Users\\User\\Desktop\\fast_homebrew_godot_v2\\fast_homebrew_godot_v2\\logs\\2025-03-14-21-11-43-mpf-BERNIE.log', 'prev_value': None, 'change': True}
2025-03-14 21:11:44,690 : INFO : EventManager : Event: ======'init_phase_1'====== Args={}
2025-03-14 21:11:47,211 : INFO : SwitchController : <<<<<<< 's_trough_ball_jam' active >>>>>>>
2025-03-14 21:11:47,211 : INFO : SwitchController : <<<<<<< 's_trough_ball_1' active >>>>>>>
2025-03-14 21:11:47,211 : INFO : SwitchController : <<<<<<< 's_flipper_left' active >>>>>>>
2025-03-14 21:11:47,211 : INFO : SwitchController : <<<<<<< 's_flipper_right' active >>>>>>>
2025-03-14 21:11:47,211 : INFO : SwitchController : <<<<<<< 's_start' active >>>>>>>
2025-03-14 21:11:47,215 : INFO : EventManager : Event: ======'init_phase_2'====== Args={}
2025-03-14 21:11:47,215 : INFO : SwitchController : Found active switch: (6, [FAST Platform Interface]) <switch.s_trough_ball_jam>
2025-03-14 21:11:47,215 : INFO : SwitchController : Found active switch: (0, [FAST Platform Interface]) <switch.s_trough_ball_1>
2025-03-14 21:11:47,215 : INFO : SwitchController : Found active switch: (30, [FAST Platform Interface]) <switch.s_flipper_left>
2025-03-14 21:11:47,216 : INFO : SwitchController : Found active switch: (31, [FAST Platform Interface]) <switch.s_flipper_right>
2025-03-14 21:11:47,216 : INFO : SwitchController : Found active switch: (29, [FAST Platform Interface]) <switch.s_start>
2025-03-14 21:11:47,709 : INFO : ball_device.bd_trough : BCH: Initial count: 1
2025-03-14 21:11:47,710 : INFO : ball_device.bd_trough : State: idle
2025-03-14 21:11:47,710 : INFO : ball_device.bd_plunger : BCH: Initial count: 0
2025-03-14 21:11:47,712 : INFO : ball_device.bd_plunger : State: idle
2025-03-14 21:11:47,744 : INFO : EventManager : Event: ======'init_phase_3'====== Args={}
2025-03-14 21:11:47,748 : INFO : EventManager : Event: ======'init_phase_4'====== Args={}
2025-03-14 21:11:47,749 : INFO : BallController : Initial balls found: 1
2025-03-14 21:11:47,751 : INFO : EventManager : Event: ======'machine_var_audits_events_game_ended'====== Args={'value': 0, 'prev_value': None, 'change': True}
2025-03-14 21:11:47,751 : INFO : EventManager : Event: ======'machine_var_audits_events_game_started'====== Args={'value': 389, 'prev_value': None, 'change': True}
2025-03-14 21:11:47,751 : INFO : EventManager : Event: ======'machine_var_audits_missing_switches_s_launch'====== Args={'value': 6, 'prev_value': None, 'change': True}
2025-03-14 21:11:47,751 : INFO : EventManager : Event: ======'machine_var_audits_missing_switches_s_left_flipper'====== Args={'value': 363, 'prev_value': None, 'change': True}
2025-03-14 21:11:47,751 : INFO : EventManager : Event: ======'machine_var_audits_missing_switches_s_left_flipper_eos'====== Args={'value': 363, 'prev_value': None, 'change': True}
2025-03-14 21:11:47,752 : INFO : EventManager : Event: ======'machine_var_audits_missing_switches_s_left_inlane'====== Args={'value': 6, 'prev_value': None, 'change': True}
2025-03-14 21:11:47,752 : INFO : EventManager : Event: ======'machine_var_audits_missing_switches_s_left_inner_lane'====== Args={'value': 357, 'prev_value': None, 'change': True}
2025-03-14 21:11:47,752 : INFO : EventManager : Event: ======'machine_var_audits_missing_switches_s_left_outer_lane'====== Args={'value': 153, 'prev_value': None, 'change': True}
2025-03-14 21:11:47,752 : INFO : EventManager : Event: ======'machine_var_audits_missing_switches_s_left_outlane'====== Args={'value': 6, 'prev_value': None, 'change': True}
2025-03-14 21:11:47,752 : INFO : EventManager : Event: ======'machine_var_audits_missing_switches_s_left_sling'====== Args={'value': 363, 'prev_value': None, 'change': True}
2025-03-14 21:11:47,752 : INFO : EventManager : Event: ======'machine_var_audits_missing_switches_s_mead'====== Args={'value': 267, 'prev_value': None, 'change': True}
2025-03-14 21:11:47,752 : INFO : EventManager : Event: ======'machine_var_audits_missing_switches_s_percy'====== Args={'value': 85, 'prev_value': None, 'change': True}
2025-03-14 21:11:47,752 : INFO : EventManager : Event: ======'machine_var_audits_missing_switches_s_plunger'====== Args={'value': 363, 'prev_value': None, 'change': True}
2025-03-14 21:11:47,752 : INFO : EventManager : Event: ======'machine_var_audits_missing_switches_s_pop_bumper_1'====== Args={'value': 357, 'prev_value': None, 'change': True}
2025-03-14 21:11:47,753 : INFO : EventManager : Event: ======'machine_var_audits_missing_switches_s_pop_bumper_2'====== Args={'value': 357, 'prev_value': None, 'change': True}
2025-03-14 21:11:47,753 : INFO : EventManager : Event: ======'machine_var_audits_missing_switches_s_pop_bumper_3'====== Args={'value': 357, 'prev_value': None, 'change': True}
2025-03-14 21:11:47,753 : INFO : EventManager : Event: ======'machine_var_audits_missing_switches_s_right_flipper'====== Args={'value': 363, 'prev_value': None, 'change': True}
2025-03-14 21:11:47,753 : INFO : EventManager : Event: ======'machine_var_audits_missing_switches_s_right_flipper_eos'====== Args={'value': 363, 'prev_value': None, 'change': True}
2025-03-14 21:11:47,753 : INFO : EventManager : Event: ======'machine_var_audits_missing_switches_s_right_inlane'====== Args={'value': 6, 'prev_value': None, 'change': True}
2025-03-14 21:11:47,753 : INFO : EventManager : Event: ======'machine_var_audits_missing_switches_s_right_inner_lane'====== Args={'value': 357, 'prev_value': None, 'change': True}
2025-03-14 21:11:47,753 : INFO : EventManager : Event: ======'machine_var_audits_missing_switches_s_right_outer_lane'====== Args={'value': 357, 'prev_value': None, 'change': True}
2025-03-14 21:11:47,753 : INFO : EventManager : Event: ======'machine_var_audits_missing_switches_s_right_outlane'====== Args={'value': 6, 'prev_value': None, 'change': True}
2025-03-14 21:11:47,753 : INFO : EventManager : Event: ======'machine_var_audits_missing_switches_s_right_sling'====== Args={'value': 363, 'prev_value': None, 'change': True}
2025-03-14 21:11:47,753 : INFO : EventManager : Event: ======'machine_var_audits_missing_switches_s_scanlan'====== Args={'value': 204, 'prev_value': None, 'change': True}
2025-03-14 21:11:47,753 : INFO : EventManager : Event: ======'machine_var_audits_missing_switches_s_start'====== Args={'value': 6, 'prev_value': None, 'change': True}
2025-03-14 21:11:47,754 : INFO : EventManager : Event: ======'machine_var_audits_missing_switches_s_trough_ball_1'====== Args={'value': 363, 'prev_value': None, 'change': True}
2025-03-14 21:11:47,754 : INFO : EventManager : Event: ======'machine_var_audits_missing_switches_s_trough_ball_2'====== Args={'value': 363, 'prev_value': None, 'change': True}
2025-03-14 21:11:47,754 : INFO : EventManager : Event: ======'machine_var_audits_missing_switches_s_trough_ball_3'====== Args={'value': 363, 'prev_value': None, 'change': True}
2025-03-14 21:11:47,754 : INFO : EventManager : Event: ======'machine_var_audits_missing_switches_s_trough_ball_4'====== Args={'value': 278, 'prev_value': None, 'change': True}
2025-03-14 21:11:47,754 : INFO : EventManager : Event: ======'machine_var_audits_missing_switches_s_trough_ball_5'====== Args={'value': 363, 'prev_value': None, 'change': True}
2025-03-14 21:11:47,754 : INFO : EventManager : Event: ======'machine_var_audits_missing_switches_s_trough_ball_6'====== Args={'value': 95, 'prev_value': None, 'change': True}
2025-03-14 21:11:47,754 : INFO : EventManager : Event: ======'machine_var_audits_missing_switches_s_trough_ball_jam'====== Args={'value': 363, 'prev_value': None, 'change': True}
2025-03-14 21:11:47,754 : INFO : EventManager : Event: ======'machine_var_audits_player_score'====== Args={'value': {'average': 0, 'top': [], 'total': 0}, 'prev_value': None, 'change': True}
2025-03-14 21:11:47,754 : INFO : EventManager : Event: ======'machine_var_audits_shots_mead_shot'====== Args={'value': 223, 'prev_value': None, 'change': True}
2025-03-14 21:11:47,755 : INFO : EventManager : Event: ======'machine_var_audits_shots_percy_shot'====== Args={'value': 56, 'prev_value': None, 'change': True}
2025-03-14 21:11:47,755 : INFO : EventManager : Event: ======'machine_var_audits_shots_scanlan_shot'====== Args={'value': 121, 'prev_value': None, 'change': True}
2025-03-14 21:11:47,755 : INFO : EventManager : Event: ======'machine_var_audits_shots_video_shot_1'====== Args={'value': 24, 'prev_value': None, 'change': True}
2025-03-14 21:11:47,755 : INFO : EventManager : Event: ======'machine_var_audits_shots_video_shot_2'====== Args={'value': 20, 'prev_value': None, 'change': True}
2025-03-14 21:11:47,755 : INFO : EventManager : Event: ======'machine_var_audits_switches_s_auto_launcher'====== Args={'value': 0, 'prev_value': None, 'change': True}
2025-03-14 21:11:47,755 : INFO : EventManager : Event: ======'machine_var_audits_switches_s_ball_drain'====== Args={'value': 0, 'prev_value': None, 'change': True}
2025-03-14 21:11:47,755 : INFO : EventManager : Event: ======'machine_var_audits_switches_s_launch'====== Args={'value': 0, 'prev_value': None, 'change': True}
2025-03-14 21:11:47,755 : INFO : EventManager : Event: ======'machine_var_audits_switches_s_left_flipper'====== Args={'value': 36, 'prev_value': None, 'change': True}
2025-03-14 21:11:47,758 : INFO : EventManager : Event: ======'machine_var_audits_switches_s_left_flipper_eos'====== Args={'value': 0, 'prev_value': None, 'change': True}
2025-03-14 21:11:47,758 : INFO : EventManager : Event: ======'machine_var_audits_switches_s_left_inlane'====== Args={'value': 0, 'prev_value': None, 'change': True}
2025-03-14 21:11:47,758 : INFO : EventManager : Event: ======'machine_var_audits_switches_s_left_inner_lane'====== Args={'value': 0, 'prev_value': None, 'change': True}
2025-03-14 21:11:47,758 : INFO : EventManager : Event: ======'machine_var_audits_switches_s_left_outer_lane'====== Args={'value': 0, 'prev_value': None, 'change': True}
2025-03-14 21:11:47,759 : INFO : EventManager : Event: ======'machine_var_audits_switches_s_left_outlane'====== Args={'value': 0, 'prev_value': None, 'change': True}
2025-03-14 21:11:47,759 : INFO : EventManager : Event: ======'machine_var_audits_switches_s_left_sling'====== Args={'value': 7, 'prev_value': None, 'change': True}
2025-03-14 21:11:47,759 : INFO : EventManager : Event: ======'machine_var_audits_switches_s_mead'====== Args={'value': 0, 'prev_value': None, 'change': True}
2025-03-14 21:11:47,759 : INFO : EventManager : Event: ======'machine_var_audits_switches_s_percy'====== Args={'value': 0, 'prev_value': None, 'change': True}
2025-03-14 21:11:47,759 : INFO : EventManager : Event: ======'machine_var_audits_switches_s_plunger'====== Args={'value': 9, 'prev_value': None, 'change': True}
2025-03-14 21:11:47,759 : INFO : EventManager : Event: ======'machine_var_audits_switches_s_pop_bumper_1'====== Args={'value': 0, 'prev_value': None, 'change': True}
2025-03-14 21:11:47,759 : INFO : EventManager : Event: ======'machine_var_audits_switches_s_pop_bumper_2'====== Args={'value': 0, 'prev_value': None, 'change': True}
2025-03-14 21:11:47,760 : INFO : EventManager : Event: ======'machine_var_audits_switches_s_pop_bumper_3'====== Args={'value': 0, 'prev_value': None, 'change': True}
2025-03-14 21:11:47,760 : INFO : EventManager : Event: ======'machine_var_audits_switches_s_right_flipper'====== Args={'value': 131, 'prev_value': None, 'change': True}
2025-03-14 21:11:47,760 : INFO : EventManager : Event: ======'machine_var_audits_switches_s_right_flipper_eos'====== Args={'value': 0, 'prev_value': None, 'change': True}
2025-03-14 21:11:47,760 : INFO : EventManager : Event: ======'machine_var_audits_switches_s_right_inlane'====== Args={'value': 0, 'prev_value': None, 'change': True}
2025-03-14 21:11:47,760 : INFO : EventManager : Event: ======'machine_var_audits_switches_s_right_inner_lane'====== Args={'value': 0, 'prev_value': None, 'change': True}
2025-03-14 21:11:47,760 : INFO : EventManager : Event: ======'machine_var_audits_switches_s_right_outer_lane'====== Args={'value': 0, 'prev_value': None, 'change': True}
2025-03-14 21:11:47,760 : INFO : EventManager : Event: ======'machine_var_audits_switches_s_right_outlane'====== Args={'value': 0, 'prev_value': None, 'change': True}
2025-03-14 21:11:47,760 : INFO : EventManager : Event: ======'machine_var_audits_switches_s_right_sling'====== Args={'value': 3, 'prev_value': None, 'change': True}
2025-03-14 21:11:47,760 : INFO : EventManager : Event: ======'machine_var_audits_switches_s_scanlan'====== Args={'value': 0, 'prev_value': None, 'change': True}
2025-03-14 21:11:47,762 : INFO : EventManager : Event: ======'machine_var_audits_switches_s_start'====== Args={'value': 38, 'prev_value': None, 'change': True}
2025-03-14 21:11:47,762 : INFO : EventManager : Event: ======'machine_var_audits_switches_s_switch_2'====== Args={'value': 0, 'prev_value': None, 'change': True}
2025-03-14 21:11:47,762 : INFO : EventManager : Event: ======'machine_var_audits_switches_s_trough_ball_1'====== Args={'value': 4, 'prev_value': None, 'change': True}
2025-03-14 21:11:47,762 : INFO : EventManager : Event: ======'machine_var_audits_switches_s_trough_ball_2'====== Args={'value': 4, 'prev_value': None, 'change': True}
2025-03-14 21:11:47,762 : INFO : EventManager : Event: ======'machine_var_audits_switches_s_trough_ball_3'====== Args={'value': 1, 'prev_value': None, 'change': True}
2025-03-14 21:11:47,762 : INFO : EventManager : Event: ======'machine_var_audits_switches_s_trough_ball_4'====== Args={'value': 0, 'prev_value': None, 'change': True}
2025-03-14 21:11:47,762 : INFO : EventManager : Event: ======'machine_var_audits_switches_s_trough_ball_5'====== Args={'value': 0, 'prev_value': None, 'change': True}
2025-03-14 21:11:47,762 : INFO : EventManager : Event: ======'machine_var_audits_switches_s_trough_ball_6'====== Args={'value': 1, 'prev_value': None, 'change': True}
2025-03-14 21:11:47,762 : INFO : EventManager : Event: ======'machine_var_audits_switches_s_trough_ball_jam'====== Args={'value': 3, 'prev_value': None, 'change': True}
2025-03-14 21:11:47,762 : INFO : EventManager : Event: ======'machine_var_audits_switches_s_trough_eject_coil'====== Args={'value': 0, 'prev_value': None, 'change': True}
2025-03-14 21:11:47,763 : INFO : EventManager : Event: ======'machine_var_audits_switches_s_flipper_left_upper_eos'====== Args={'value': 0, 'prev_value': None, 'change': True}
2025-03-14 21:11:47,776 : INFO : EventManager : Event: ======'machine_var_audits_switches_s_flipper_right_eos'====== Args={'value': 0, 'prev_value': None, 'change': True}
2025-03-14 21:11:47,776 : INFO : EventManager : Event: ======'machine_var_audits_switches_s_flipper_left_lower_eos'====== Args={'value': 0, 'prev_value': None, 'change': True}
2025-03-14 21:11:47,777 : INFO : EventManager : Event: ======'machine_var_audits_switches_s_flipper_right'====== Args={'value': 0, 'prev_value': None, 'change': True}
2025-03-14 21:11:47,777 : INFO : EventManager : Event: ======'machine_var_audits_switches_s_flipper_left'====== Args={'value': 0, 'prev_value': None, 'change': True}
2025-03-14 21:11:47,778 : INFO : EventManager : Event: ======'init_phase_5'====== Args={}
2025-03-14 21:11:47,779 : INFO : EventManager : Event: ======'init_done'====== Args={}
2025-03-14 21:11:47,779 : INFO : EventManager : Event: ======'machine_reset_phase_1'====== Args={}
2025-03-14 21:11:47,780 : INFO : EventManager : Event: ======'machine_reset_phase_2'====== Args={}
2025-03-14 21:11:47,780 : INFO : EventManager : Event: ======'machine_reset_phase_3'====== Args={}
2025-03-14 21:11:47,783 : INFO : EventManager : Event: ======'reset_complete'====== Args={}
2025-03-14 21:11:47,784 : INFO : EventManager : Event: ======'mode_attract_will_start'====== Args={}
2025-03-14 21:11:47,784 : INFO : EventManager : Event: ======'mode_attract_starting'====== Args={}
2025-03-14 21:11:47,784 : INFO : Mode.attract : Started. Priority: 10
2025-03-14 21:11:47,785 : INFO : EventManager : Event: ======'modes_active_modes_changed'====== Args={}
2025-03-14 21:11:47,785 : INFO : EventManager : Event: ======'mode_attract_started'====== Args={}
2025-03-14 21:11:47,785 : INFO : EventManager : Event: ======'collecting_balls_complete'====== Args={}
2025-03-14 21:11:47,788 : INFO : Machine : Starting the main run loop with active modes: [<Mode.attract>]
2025-03-14 21:11:47,819 : INFO : SwitchController : <<<<<<< 's_flipper_right_eos' active >>>>>>>
2025-03-14 21:11:47,820 : INFO : SwitchController : <<<<<<< 's_flipper_left_lower_eos' active >>>>>>>
2025-03-14 21:11:47,820 : INFO : SwitchController : <<<<<<< 's_flipper_left_upper_eos' active >>>>>>>
2025-03-14 21:11:47,851 : INFO : SwitchController : <<<<<<< 's_flipper_left_lower_eos' inactive >>>>>>>
2025-03-14 21:11:47,851 : INFO : SwitchController : <<<<<<< 's_flipper_right_eos' inactive >>>>>>>
2025-03-14 21:11:52,667 : INFO : SwitchController : <<<<<<< 's_flipper_left_upper_eos' inactive >>>>>>>
2025-03-14 21:11:54,697 : INFO : SwitchController : <<<<<<< 's_flipper_left' inactive >>>>>>>
2025-03-14 21:11:54,698 : INFO : SwitchController : <<<<<<< 's_flipper_right' inactive >>>>>>>
2025-03-14 21:11:54,714 : INFO : SwitchController : <<<<<<< 's_flipper_left' active >>>>>>>
2025-03-14 21:11:54,715 : INFO : SwitchController : <<<<<<< 's_flipper_right' active >>>>>>>
2025-03-14 21:11:54,747 : INFO : SwitchController : <<<<<<< 's_flipper_right_eos' active >>>>>>>
2025-03-14 21:11:54,747 : INFO : SwitchController : <<<<<<< 's_flipper_left_lower_eos' active >>>>>>>
2025-03-14 21:11:54,748 : INFO : SwitchController : <<<<<<< 's_flipper_left_upper_eos' active >>>>>>>
2025-03-14 21:11:54,779 : INFO : SwitchController : <<<<<<< 's_flipper_right_eos' inactive >>>>>>>
2025-03-14 21:11:54,781 : INFO : SwitchController : <<<<<<< 's_flipper_left' inactive >>>>>>>
2025-03-14 21:11:54,781 : INFO : SwitchController : <<<<<<< 's_flipper_right' inactive >>>>>>>
2025-03-14 21:11:54,812 : INFO : SwitchController : <<<<<<< 's_flipper_left' active >>>>>>>
2025-03-14 21:11:54,812 : INFO : SwitchController : <<<<<<< 's_flipper_right' active >>>>>>>
2025-03-14 21:11:54,862 : INFO : SwitchController : <<<<<<< 's_flipper_right_eos' active >>>>>>>
2025-03-14 21:11:54,904 : INFO : SwitchController : <<<<<<< 's_flipper_right_eos' inactive >>>>>>>
2025-03-14 21:11:55,625 : INFO : SwitchController : <<<<<<< 's_flipper_left' inactive >>>>>>>
2025-03-14 21:11:55,625 : INFO : SwitchController : <<<<<<< 's_flipper_right' inactive >>>>>>>
2025-03-14 21:11:55,661 : INFO : SwitchController : <<<<<<< 's_flipper_left' active >>>>>>>
2025-03-14 21:11:55,662 : INFO : SwitchController : <<<<<<< 's_flipper_right' active >>>>>>>
2025-03-14 21:11:55,687 : INFO : SwitchController : <<<<<<< 's_flipper_right_eos' active >>>>>>>
2025-03-14 21:11:55,718 : INFO : SwitchController : <<<<<<< 's_flipper_right_eos' inactive >>>>>>>
2025-03-14 21:11:56,234 : INFO : SwitchController : <<<<<<< 's_flipper_left' inactive >>>>>>>
2025-03-14 21:11:56,234 : INFO : SwitchController : <<<<<<< 's_flipper_right' inactive >>>>>>>
2025-03-14 21:11:56,266 : INFO : SwitchController : <<<<<<< 's_flipper_left' active >>>>>>>
2025-03-14 21:11:56,267 : INFO : SwitchController : <<<<<<< 's_flipper_right' active >>>>>>>
2025-03-14 21:11:56,281 : INFO : SwitchController : <<<<<<< 's_flipper_left_lower_eos' inactive >>>>>>>
2025-03-14 21:11:56,281 : INFO : SwitchController : <<<<<<< 's_flipper_left_lower_eos' active >>>>>>>
2025-03-14 21:11:56,297 : INFO : SwitchController : <<<<<<< 's_flipper_right_eos' active >>>>>>>
2025-03-14 21:11:56,328 : INFO : SwitchController : <<<<<<< 's_flipper_right_eos' inactive >>>>>>>
2025-03-14 21:12:00,367 : INFO : SwitchController : <<<<<<< 's_flipper_left' inactive >>>>>>>
2025-03-14 21:12:00,368 : INFO : SwitchController : <<<<<<< 's_flipper_right' inactive >>>>>>>
2025-03-14 21:12:00,414 : INFO : SwitchController : <<<<<<< 's_flipper_left_lower_eos' inactive >>>>>>>
2025-03-14 21:12:00,431 : INFO : SwitchController : <<<<<<< 's_flipper_left_upper_eos' inactive >>>>>>>
2025-03-14 21:12:00,508 : INFO : SwitchController : <<<<<<< 's_flipper_left' active >>>>>>>
2025-03-14 21:12:00,509 : INFO : SwitchController : <<<<<<< 's_flipper_right' active >>>>>>>
2025-03-14 21:12:00,542 : INFO : SwitchController : <<<<<<< 's_flipper_left_upper_eos' active >>>>>>>
2025-03-14 21:12:00,543 : INFO : SwitchController : <<<<<<< 's_flipper_right_eos' active >>>>>>>
2025-03-14 21:12:00,544 : INFO : SwitchController : <<<<<<< 's_flipper_left_lower_eos' active >>>>>>>
2025-03-14 21:12:00,571 : INFO : SwitchController : <<<<<<< 's_flipper_right_eos' inactive >>>>>>>
2025-03-14 21:12:00,572 : INFO : SwitchController : <<<<<<< 's_flipper_left_lower_eos' inactive >>>>>>>
2025-03-14 21:12:05,864 : INFO : SwitchController : <<<<<<< 's_flipper_left_upper_eos' inactive >>>>>>>
2025-03-14 21:12:08,454 : INFO : Machine : Shutting down...
2025-03-14 21:12:08,454 : INFO : EventManager : Event: ======'shutdown'====== Args={}
2025-03-14 21:12:08,559 : INFO : root : MPF run loop ended.
