2025-03-14 23:29:08,478 : INFO : root : Loading config.
2025-03-14 23:29:08,490 : INFO : YamlMultifileConfigLoader : Machine config file #1: config.yaml
2025-03-14 23:29:08,490 : INFO : ConfigProcessor : Loading config from cache: C:\Users\User\AppData\Local\Temp\5682b9bdeb2b9ad8a31c13560e038609.mpf_cache
2025-03-14 23:29:08,780 : INFO : ConfigProcessor : Loading config from cache: C:\Users\User\AppData\Local\Temp\8422c6572f827355f8aade1949d04025.mpf_cache
2025-03-14 23:29:08,782 : INFO : ConfigProcessor : Loading config from cache: C:\Users\User\AppData\Local\Temp\1c0e7e9816717d8e62c4728dfe372999.mpf_cache
2025-03-14 23:29:08,784 : WARNING : ConfigProcessor : Config file in cache changed: C:\Users\User\Desktop\fast_homebrew_godot_v2\fast_homebrew_godot_v2\modes\base\config\base.yaml
2025-03-14 23:29:08,784 : INFO : ConfigProcessor : Loading config from file C:\Users\User\Desktop\fast_homebrew_godot_v2\fast_homebrew_godot_v2\modes\base\config\base.yaml.
2025-03-14 23:29:08,788 : INFO : ConfigProcessor : Loading config: C:\Users\User\Desktop\fast_homebrew_godot_v2\fast_homebrew_godot_v2\modes\base\config\base.yaml
2025-03-14 23:29:08,788 : INFO : ConfigProcessor : Config file cache created: C:\Users\User\AppData\Local\Temp\e3e8065d662ad307fa9574659e7e4e8e.mpf_cache
2025-03-14 23:29:08,791 : INFO : ConfigProcessor : Loading config from cache: C:\Users\User\AppData\Local\Temp\8422c6572f827355f8aade1949d04025.mpf_cache
2025-03-14 23:29:08,792 : INFO : Machine : Mission Pinball Framework Core Engine v0.80.0.dev6
2025-03-14 23:29:08,792 : INFO : Machine : Command line arguments: {'no_load_cache': False, 'create_config_cache': True, 'bcp': False, 'configfile': ['config.yaml'], 'force_assets_load': False, 'platform_integration_test': False, 'jsonlogging': False, 'logfile': 'logs\\2025-03-14-23-29-08-mpf-BERNIE.log', 'pause': False, 'production': False, 'text_ui': False, 'loglevel': 15, 'consoleloglevel': 20, 'force_platform': None, 'syslog_address': None, 'full_logfile_path': 'C:\\Users\\User\\Desktop\\fast_homebrew_godot_v2\\fast_homebrew_godot_v2\\logs\\2025-03-14-23-29-08-mpf-BERNIE.log'}
2025-03-14 23:29:08,793 : INFO : Machine : MPF path: C:\Users\User\AppData\Local\Programs\Python\Python312\Lib\site-packages\mpf
2025-03-14 23:29:08,793 : INFO : Machine : Machine path: C:\Users\User\Desktop\fast_homebrew_godot_v2\fast_homebrew_godot_v2
2025-03-14 23:29:08,793 : INFO : Machine : Platform: win32
2025-03-14 23:29:08,793 : INFO : Machine : Python executable location: C:\Users\User\AppData\Local\Programs\Python\Python312\python.exe
2025-03-14 23:29:08,793 : INFO : Machine : Python version: 3.12.3 (64-bit)
2025-03-14 23:29:08,797 : INFO : Machine : Initializing MPF...
2025-03-14 23:29:09,058 : INFO : FAST : Auto-detecting ports for the following connections: ['net']
2025-03-14 23:29:09,114 : INFO : FAST : Detected NET on port COM5
2025-03-14 23:29:09,226 : INFO : FAST [NET] : Trying to connect to COM5 at 921600bps
2025-03-14 23:29:09,457 : INFO : FAST [NET] : Connected to COM5 at 921600bps
2025-03-14 23:29:09,474 : INFO : FAST [NET] : Connected to FP-CPU-2000 with firmware v02.26
2025-03-14 23:29:09,506 : INFO : FAST [NET] : Registered I/O Board 0: Model: FP-I/O-3208, Firmware: 01.10, Switches: 32, Drivers: 8
2025-03-14 23:29:09,507 : INFO : EventManager : Event: ======'machine_var_credits_string'====== Args={'value': 'FREE PLAY', 'prev_value': None, 'change': True}
2025-03-14 23:29:09,641 : INFO : EventManager : Event: ======'machine_var_master_volume'====== Args={'value': 0.5, 'prev_value': None, 'change': True}
2025-03-14 23:29:09,641 : INFO : EventManager : Event: ======'machine_var_mpf_version'====== Args={'value': 'Mission Pinball Framework v0.80.0.dev6', 'prev_value': None, 'change': True}
2025-03-14 23:29:09,641 : INFO : EventManager : Event: ======'machine_var_mpf_extended_version'====== Args={'value': 'Mission Pinball Framework v0.80.0.dev6, Config version:6, Show version: 6, BCP version:1.1', 'prev_value': None, 'change': True}
2025-03-14 23:29:09,642 : INFO : EventManager : Event: ======'machine_var_python_version'====== Args={'value': '3.12.3', 'prev_value': None, 'change': True}
2025-03-14 23:29:10,077 : INFO : EventManager : Event: ======'machine_var_platform'====== Args={'value': 'Windows-11-10.0.22631-SP0', 'prev_value': None, 'change': True}
2025-03-14 23:29:10,077 : INFO : EventManager : Event: ======'machine_var_platform_system'====== Args={'value': 'Windows', 'prev_value': None, 'change': True}
2025-03-14 23:29:10,077 : INFO : EventManager : Event: ======'machine_var_platform_release'====== Args={'value': '11', 'prev_value': None, 'change': True}
2025-03-14 23:29:10,077 : INFO : EventManager : Event: ======'machine_var_platform_version'====== Args={'value': '10.0.22631', 'prev_value': None, 'change': True}
2025-03-14 23:29:10,077 : INFO : EventManager : Event: ======'machine_var_platform_machine'====== Args={'value': 'AMD64', 'prev_value': None, 'change': True}
2025-03-14 23:29:10,077 : INFO : EventManager : Event: ======'machine_var_log_file_path'====== Args={'value': 'C:\\Users\\User\\Desktop\\fast_homebrew_godot_v2\\fast_homebrew_godot_v2\\logs\\2025-03-14-23-29-08-mpf-BERNIE.log', 'prev_value': None, 'change': True}
2025-03-14 23:29:10,078 : INFO : EventManager : Event: ======'init_phase_1'====== Args={}
2025-03-14 23:29:12,591 : INFO : SwitchController : <<<<<<< 's_trough_ball_jam' active >>>>>>>
2025-03-14 23:29:12,592 : INFO : SwitchController : <<<<<<< 's_trough_ball_1' active >>>>>>>
2025-03-14 23:29:12,592 : INFO : SwitchController : <<<<<<< 's_flipper_right' active >>>>>>>
2025-03-14 23:29:12,592 : INFO : SwitchController : <<<<<<< 's_eject_confirm' active >>>>>>>
2025-03-14 23:29:12,593 : INFO : EventManager : Event: ======'init_phase_2'====== Args={}
2025-03-14 23:29:12,594 : INFO : SwitchController : Found active switch: (6, [FAST Platform Interface]) <switch.s_trough_ball_jam>
2025-03-14 23:29:12,594 : INFO : SwitchController : Found active switch: (0, [FAST Platform Interface]) <switch.s_trough_ball_1>
2025-03-14 23:29:12,594 : INFO : SwitchController : Found active switch: (31, [FAST Platform Interface]) <switch.s_flipper_right>
2025-03-14 23:29:12,594 : INFO : SwitchController : Found active switch: (21, [FAST Platform Interface]) <switch.s_eject_confirm>
2025-03-14 23:29:13,104 : INFO : ball_device.bd_trough : BCH: Initial count: 1
2025-03-14 23:29:13,104 : INFO : ball_device.bd_trough : State: idle
2025-03-14 23:29:13,105 : INFO : ball_device.bd_plunger : BCH: Initial count: 0
2025-03-14 23:29:13,106 : INFO : ball_device.bd_plunger : State: idle
2025-03-14 23:29:13,137 : INFO : EventManager : Event: ======'init_phase_3'====== Args={}
2025-03-14 23:29:13,140 : INFO : EventManager : Event: ======'init_phase_4'====== Args={}
2025-03-14 23:29:13,141 : INFO : BallController : Initial balls found: 1
2025-03-14 23:29:13,143 : INFO : EventManager : Event: ======'machine_var_audits_events_game_ended'====== Args={'value': 0, 'prev_value': None, 'change': True}
2025-03-14 23:29:13,143 : INFO : EventManager : Event: ======'machine_var_audits_events_game_started'====== Args={'value': 407, 'prev_value': None, 'change': True}
2025-03-14 23:29:13,143 : INFO : EventManager : Event: ======'machine_var_audits_missing_switches_s_eject_confirm'====== Args={'value': 10, 'prev_value': None, 'change': True}
2025-03-14 23:29:13,144 : INFO : EventManager : Event: ======'machine_var_audits_missing_switches_s_flipper_left'====== Args={'value': 11, 'prev_value': None, 'change': True}
2025-03-14 23:29:13,144 : INFO : EventManager : Event: ======'machine_var_audits_missing_switches_s_flipper_left_lower_eos'====== Args={'value': 11, 'prev_value': None, 'change': True}
2025-03-14 23:29:13,144 : INFO : EventManager : Event: ======'machine_var_audits_missing_switches_s_flipper_left_upper_eos'====== Args={'value': 11, 'prev_value': None, 'change': True}
2025-03-14 23:29:13,144 : INFO : EventManager : Event: ======'machine_var_audits_missing_switches_s_flipper_right'====== Args={'value': 18, 'prev_value': None, 'change': True}
2025-03-14 23:29:13,144 : INFO : EventManager : Event: ======'machine_var_audits_missing_switches_s_flipper_right_eos'====== Args={'value': 15, 'prev_value': None, 'change': True}
2025-03-14 23:29:13,144 : INFO : EventManager : Event: ======'machine_var_audits_missing_switches_s_launch'====== Args={'value': 6, 'prev_value': None, 'change': True}
2025-03-14 23:29:13,144 : INFO : EventManager : Event: ======'machine_var_audits_missing_switches_s_left_flipper'====== Args={'value': 363, 'prev_value': None, 'change': True}
2025-03-14 23:29:13,144 : INFO : EventManager : Event: ======'machine_var_audits_missing_switches_s_left_flipper_eos'====== Args={'value': 363, 'prev_value': None, 'change': True}
2025-03-14 23:29:13,144 : INFO : EventManager : Event: ======'machine_var_audits_missing_switches_s_left_inlane'====== Args={'value': 6, 'prev_value': None, 'change': True}
2025-03-14 23:29:13,144 : INFO : EventManager : Event: ======'machine_var_audits_missing_switches_s_left_inner_lane'====== Args={'value': 357, 'prev_value': None, 'change': True}
2025-03-14 23:29:13,145 : INFO : EventManager : Event: ======'machine_var_audits_missing_switches_s_left_outer_lane'====== Args={'value': 153, 'prev_value': None, 'change': True}
2025-03-14 23:29:13,145 : INFO : EventManager : Event: ======'machine_var_audits_missing_switches_s_left_outlane'====== Args={'value': 6, 'prev_value': None, 'change': True}
2025-03-14 23:29:13,145 : INFO : EventManager : Event: ======'machine_var_audits_missing_switches_s_left_sling'====== Args={'value': 363, 'prev_value': None, 'change': True}
2025-03-14 23:29:13,145 : INFO : EventManager : Event: ======'machine_var_audits_missing_switches_s_mead'====== Args={'value': 267, 'prev_value': None, 'change': True}
2025-03-14 23:29:13,145 : INFO : EventManager : Event: ======'machine_var_audits_missing_switches_s_percy'====== Args={'value': 85, 'prev_value': None, 'change': True}
2025-03-14 23:29:13,145 : INFO : EventManager : Event: ======'machine_var_audits_missing_switches_s_plunger'====== Args={'value': 15, 'prev_value': None, 'change': True}
2025-03-14 23:29:13,145 : INFO : EventManager : Event: ======'machine_var_audits_missing_switches_s_pop_bumper_1'====== Args={'value': 357, 'prev_value': None, 'change': True}
2025-03-14 23:29:13,145 : INFO : EventManager : Event: ======'machine_var_audits_missing_switches_s_pop_bumper_2'====== Args={'value': 357, 'prev_value': None, 'change': True}
2025-03-14 23:29:13,145 : INFO : EventManager : Event: ======'machine_var_audits_missing_switches_s_pop_bumper_3'====== Args={'value': 357, 'prev_value': None, 'change': True}
2025-03-14 23:29:13,145 : INFO : EventManager : Event: ======'machine_var_audits_missing_switches_s_right_flipper'====== Args={'value': 363, 'prev_value': None, 'change': True}
2025-03-14 23:29:13,146 : INFO : EventManager : Event: ======'machine_var_audits_missing_switches_s_right_flipper_eos'====== Args={'value': 363, 'prev_value': None, 'change': True}
2025-03-14 23:29:13,146 : INFO : EventManager : Event: ======'machine_var_audits_missing_switches_s_right_inlane'====== Args={'value': 6, 'prev_value': None, 'change': True}
2025-03-14 23:29:13,146 : INFO : EventManager : Event: ======'machine_var_audits_missing_switches_s_right_inner_lane'====== Args={'value': 357, 'prev_value': None, 'change': True}
2025-03-14 23:29:13,146 : INFO : EventManager : Event: ======'machine_var_audits_missing_switches_s_right_outer_lane'====== Args={'value': 357, 'prev_value': None, 'change': True}
2025-03-14 23:29:13,146 : INFO : EventManager : Event: ======'machine_var_audits_missing_switches_s_right_outlane'====== Args={'value': 6, 'prev_value': None, 'change': True}
2025-03-14 23:29:13,146 : INFO : EventManager : Event: ======'machine_var_audits_missing_switches_s_right_sling'====== Args={'value': 363, 'prev_value': None, 'change': True}
2025-03-14 23:29:13,146 : INFO : EventManager : Event: ======'machine_var_audits_missing_switches_s_scanlan'====== Args={'value': 204, 'prev_value': None, 'change': True}
2025-03-14 23:29:13,146 : INFO : EventManager : Event: ======'machine_var_audits_missing_switches_s_start'====== Args={'value': 1, 'prev_value': None, 'change': True}
2025-03-14 23:29:13,146 : INFO : EventManager : Event: ======'machine_var_audits_missing_switches_s_trough_ball_1'====== Args={'value': 381, 'prev_value': None, 'change': True}
2025-03-14 23:29:13,146 : INFO : EventManager : Event: ======'machine_var_audits_missing_switches_s_trough_ball_2'====== Args={'value': 15, 'prev_value': None, 'change': True}
2025-03-14 23:29:13,147 : INFO : EventManager : Event: ======'machine_var_audits_missing_switches_s_trough_ball_3'====== Args={'value': 15, 'prev_value': None, 'change': True}
2025-03-14 23:29:13,147 : INFO : EventManager : Event: ======'machine_var_audits_missing_switches_s_trough_ball_4'====== Args={'value': 15, 'prev_value': None, 'change': True}
2025-03-14 23:29:13,147 : INFO : EventManager : Event: ======'machine_var_audits_missing_switches_s_trough_ball_5'====== Args={'value': 15, 'prev_value': None, 'change': True}
2025-03-14 23:29:13,147 : INFO : EventManager : Event: ======'machine_var_audits_missing_switches_s_trough_ball_6'====== Args={'value': 15, 'prev_value': None, 'change': True}
2025-03-14 23:29:13,147 : INFO : EventManager : Event: ======'machine_var_audits_missing_switches_s_trough_ball_jam'====== Args={'value': 381, 'prev_value': None, 'change': True}
2025-03-14 23:29:13,147 : INFO : EventManager : Event: ======'machine_var_audits_player_score'====== Args={'value': {'average': 0, 'top': [], 'total': 0}, 'prev_value': None, 'change': True}
2025-03-14 23:29:13,147 : INFO : EventManager : Event: ======'machine_var_audits_shots_mead_shot'====== Args={'value': 223, 'prev_value': None, 'change': True}
2025-03-14 23:29:13,147 : INFO : EventManager : Event: ======'machine_var_audits_shots_percy_shot'====== Args={'value': 56, 'prev_value': None, 'change': True}
2025-03-14 23:29:13,147 : INFO : EventManager : Event: ======'machine_var_audits_shots_scanlan_shot'====== Args={'value': 121, 'prev_value': None, 'change': True}
2025-03-14 23:29:13,148 : INFO : EventManager : Event: ======'machine_var_audits_shots_video_shot_1'====== Args={'value': 24, 'prev_value': None, 'change': True}
2025-03-14 23:29:13,148 : INFO : EventManager : Event: ======'machine_var_audits_shots_video_shot_2'====== Args={'value': 20, 'prev_value': None, 'change': True}
2025-03-14 23:29:13,148 : INFO : EventManager : Event: ======'machine_var_audits_switches_s_auto_launcher'====== Args={'value': 0, 'prev_value': None, 'change': True}
2025-03-14 23:29:13,148 : INFO : EventManager : Event: ======'machine_var_audits_switches_s_ball_drain'====== Args={'value': 0, 'prev_value': None, 'change': True}
2025-03-14 23:29:13,148 : INFO : EventManager : Event: ======'machine_var_audits_switches_s_eject_confirm'====== Args={'value': 0, 'prev_value': None, 'change': True}
2025-03-14 23:29:13,148 : INFO : EventManager : Event: ======'machine_var_audits_switches_s_flipper_left'====== Args={'value': 15, 'prev_value': None, 'change': True}
2025-03-14 23:29:13,148 : INFO : EventManager : Event: ======'machine_var_audits_switches_s_flipper_left_lower_eos'====== Args={'value': 6, 'prev_value': None, 'change': True}
2025-03-14 23:29:13,148 : INFO : EventManager : Event: ======'machine_var_audits_switches_s_flipper_left_upper_eos'====== Args={'value': 5, 'prev_value': None, 'change': True}
2025-03-14 23:29:13,148 : INFO : EventManager : Event: ======'machine_var_audits_switches_s_flipper_right'====== Args={'value': 0, 'prev_value': None, 'change': True}
2025-03-14 23:29:13,148 : INFO : EventManager : Event: ======'machine_var_audits_switches_s_flipper_right_eos'====== Args={'value': 3, 'prev_value': None, 'change': True}
2025-03-14 23:29:13,148 : INFO : EventManager : Event: ======'machine_var_audits_switches_s_launch'====== Args={'value': 0, 'prev_value': None, 'change': True}
2025-03-14 23:29:13,148 : INFO : EventManager : Event: ======'machine_var_audits_switches_s_left_flipper'====== Args={'value': 36, 'prev_value': None, 'change': True}
2025-03-14 23:29:13,148 : INFO : EventManager : Event: ======'machine_var_audits_switches_s_left_flipper_eos'====== Args={'value': 0, 'prev_value': None, 'change': True}
2025-03-14 23:29:13,148 : INFO : EventManager : Event: ======'machine_var_audits_switches_s_left_inlane'====== Args={'value': 0, 'prev_value': None, 'change': True}
2025-03-14 23:29:13,148 : INFO : EventManager : Event: ======'machine_var_audits_switches_s_left_inner_lane'====== Args={'value': 0, 'prev_value': None, 'change': True}
2025-03-14 23:29:13,150 : INFO : EventManager : Event: ======'machine_var_audits_switches_s_left_outer_lane'====== Args={'value': 0, 'prev_value': None, 'change': True}
2025-03-14 23:29:13,150 : INFO : EventManager : Event: ======'machine_var_audits_switches_s_left_outlane'====== Args={'value': 0, 'prev_value': None, 'change': True}
2025-03-14 23:29:13,150 : INFO : EventManager : Event: ======'machine_var_audits_switches_s_left_sling'====== Args={'value': 7, 'prev_value': None, 'change': True}
2025-03-14 23:29:13,150 : INFO : EventManager : Event: ======'machine_var_audits_switches_s_mead'====== Args={'value': 0, 'prev_value': None, 'change': True}
2025-03-14 23:29:13,150 : INFO : EventManager : Event: ======'machine_var_audits_switches_s_percy'====== Args={'value': 0, 'prev_value': None, 'change': True}
2025-03-14 23:29:13,150 : INFO : EventManager : Event: ======'machine_var_audits_switches_s_plunger'====== Args={'value': 12, 'prev_value': None, 'change': True}
2025-03-14 23:29:13,150 : INFO : EventManager : Event: ======'machine_var_audits_switches_s_pop_bumper_1'====== Args={'value': 0, 'prev_value': None, 'change': True}
2025-03-14 23:29:13,150 : INFO : EventManager : Event: ======'machine_var_audits_switches_s_pop_bumper_2'====== Args={'value': 0, 'prev_value': None, 'change': True}
2025-03-14 23:29:13,150 : INFO : EventManager : Event: ======'machine_var_audits_switches_s_pop_bumper_3'====== Args={'value': 0, 'prev_value': None, 'change': True}
2025-03-14 23:29:13,150 : INFO : EventManager : Event: ======'machine_var_audits_switches_s_right_flipper'====== Args={'value': 131, 'prev_value': None, 'change': True}
2025-03-14 23:29:13,150 : INFO : EventManager : Event: ======'machine_var_audits_switches_s_right_flipper_eos'====== Args={'value': 0, 'prev_value': None, 'change': True}
2025-03-14 23:29:13,151 : INFO : EventManager : Event: ======'machine_var_audits_switches_s_right_inlane'====== Args={'value': 0, 'prev_value': None, 'change': True}
2025-03-14 23:29:13,151 : INFO : EventManager : Event: ======'machine_var_audits_switches_s_right_inner_lane'====== Args={'value': 0, 'prev_value': None, 'change': True}
2025-03-14 23:29:13,151 : INFO : EventManager : Event: ======'machine_var_audits_switches_s_right_outer_lane'====== Args={'value': 0, 'prev_value': None, 'change': True}
2025-03-14 23:29:13,151 : INFO : EventManager : Event: ======'machine_var_audits_switches_s_right_outlane'====== Args={'value': 0, 'prev_value': None, 'change': True}
2025-03-14 23:29:13,154 : INFO : EventManager : Event: ======'machine_var_audits_switches_s_right_sling'====== Args={'value': 3, 'prev_value': None, 'change': True}
2025-03-14 23:29:13,154 : INFO : EventManager : Event: ======'machine_var_audits_switches_s_scanlan'====== Args={'value': 0, 'prev_value': None, 'change': True}
2025-03-14 23:29:13,154 : INFO : EventManager : Event: ======'machine_var_audits_switches_s_start'====== Args={'value': 123, 'prev_value': None, 'change': True}
2025-03-14 23:29:13,154 : INFO : EventManager : Event: ======'machine_var_audits_switches_s_switch_2'====== Args={'value': 0, 'prev_value': None, 'change': True}
2025-03-14 23:29:13,154 : INFO : EventManager : Event: ======'machine_var_audits_switches_s_trough_ball_1'====== Args={'value': 4, 'prev_value': None, 'change': True}
2025-03-14 23:29:13,154 : INFO : EventManager : Event: ======'machine_var_audits_switches_s_trough_ball_2'====== Args={'value': 7, 'prev_value': None, 'change': True}
2025-03-14 23:29:13,155 : INFO : EventManager : Event: ======'machine_var_audits_switches_s_trough_ball_3'====== Args={'value': 4, 'prev_value': None, 'change': True}
2025-03-14 23:29:13,155 : INFO : EventManager : Event: ======'machine_var_audits_switches_s_trough_ball_4'====== Args={'value': 3, 'prev_value': None, 'change': True}
2025-03-14 23:29:13,155 : INFO : EventManager : Event: ======'machine_var_audits_switches_s_trough_ball_5'====== Args={'value': 3, 'prev_value': None, 'change': True}
2025-03-14 23:29:13,155 : INFO : EventManager : Event: ======'machine_var_audits_switches_s_trough_ball_6'====== Args={'value': 4, 'prev_value': None, 'change': True}
2025-03-14 23:29:13,155 : INFO : EventManager : Event: ======'machine_var_audits_switches_s_trough_ball_jam'====== Args={'value': 3, 'prev_value': None, 'change': True}
2025-03-14 23:29:13,155 : INFO : EventManager : Event: ======'machine_var_audits_switches_s_trough_eject_coil'====== Args={'value': 0, 'prev_value': None, 'change': True}
2025-03-14 23:29:13,156 : INFO : EventManager : Event: ======'init_phase_5'====== Args={}
2025-03-14 23:29:13,156 : INFO : EventManager : Event: ======'init_done'====== Args={}
2025-03-14 23:29:13,157 : INFO : EventManager : Event: ======'machine_reset_phase_1'====== Args={}
2025-03-14 23:29:13,158 : INFO : EventManager : Event: ======'machine_reset_phase_2'====== Args={}
2025-03-14 23:29:13,160 : INFO : EventManager : Event: ======'machine_reset_phase_3'====== Args={}
2025-03-14 23:29:13,161 : INFO : EventManager : Event: ======'reset_complete'====== Args={}
2025-03-14 23:29:13,161 : INFO : EventManager : Event: ======'mode_attract_will_start'====== Args={}
2025-03-14 23:29:13,162 : INFO : EventManager : Event: ======'mode_attract_starting'====== Args={}
2025-03-14 23:29:13,162 : INFO : Mode.attract : Started. Priority: 10
2025-03-14 23:29:13,163 : INFO : EventManager : Event: ======'modes_active_modes_changed'====== Args={}
2025-03-14 23:29:13,163 : INFO : EventManager : Event: ======'mode_attract_started'====== Args={}
2025-03-14 23:29:13,163 : INFO : EventManager : Event: ======'collecting_balls_complete'====== Args={}
2025-03-14 23:29:13,170 : INFO : Machine : Starting the main run loop with active modes: [<Mode.attract>]
2025-03-14 23:29:13,198 : INFO : SwitchController : <<<<<<< 's_flipper_right_eos' active >>>>>>>
2025-03-14 23:29:16,485 : INFO : SwitchController : <<<<<<< 's_start' active >>>>>>>
2025-03-14 23:29:16,798 : INFO : SwitchController : <<<<<<< 's_start' inactive >>>>>>>
2025-03-14 23:29:16,799 : INFO : EventManager : Event: ======'request_to_start_game'====== Args={}
2025-03-14 23:29:16,799 : INFO : EventManager : Event: ======'game_start'====== Args={'buttons': [], 'hold_time': 0.31299999996554106}
2025-03-14 23:29:16,799 : INFO : EventManager : Event: ======'mode_game_will_start'====== Args={'buttons': [], 'hold_time': 0.31299999996554106}
2025-03-14 23:29:16,800 : INFO : EventManager : Event: ======'mode_game_starting'====== Args={'buttons': [], 'hold_time': 0.31299999996554106}
2025-03-14 23:29:16,800 : INFO : EventManager : Event: ======'mode_attract_will_stop'====== Args={}
2025-03-14 23:29:16,800 : INFO : EventManager : Event: ======'mode_attract_stopping'====== Args={}
2025-03-14 23:29:16,800 : INFO : Mode.game : Started. Priority: 20
2025-03-14 23:29:16,800 : INFO : EventManager : Event: ======'modes_active_modes_changed'====== Args={}
2025-03-14 23:29:16,800 : INFO : EventManager : Event: ======'mode_game_started'====== Args={'buttons': [], 'hold_time': 0.31299999996554106}
2025-03-14 23:29:16,800 : INFO : Mode.attract : Stopped.
2025-03-14 23:29:16,800 : INFO : EventManager : Event: ======'modes_active_modes_changed'====== Args={}
2025-03-14 23:29:16,800 : INFO : EventManager : Event: ======'mode_attract_stopped'====== Args={}
2025-03-14 23:29:16,800 : INFO : EventManager : Event: ======'clear'====== Args={'key': 'attract'}
2025-03-14 23:29:16,802 : INFO : EventManager : Event: ======'game_will_start'====== Args={}
2025-03-14 23:29:16,804 : INFO : EventManager : Event: ======'game_starting'====== Args={'game': <Mode.game>}
2025-03-14 23:29:16,805 : INFO : EventManager : Unordered handler for class <Auditor> on event game_ended with priority 1. Handlers: [RegisteredHandler(callback=<bound method Auditor.disable of <Auditor>>, priority=1, kwargs={}, key=UUID('592efa08-81ec-471d-98fd-1022fc531c5e'), condition=None, blocking_facility=None), RegisteredHandler(callback=<bound method Auditor._save_audits of <Auditor>>, priority=1, kwargs={}, key=UUID('72f0aadb-7778-431e-b123-ca9d007e1be3'), condition=None, blocking_facility=None)]. The order of those handlers is not defined and they will be executed in random order. This might lead to race conditions and potential bugs.
2025-03-14 23:29:16,806 : INFO : EventManager : Event: ======'player_add_request'====== Args={}
2025-03-14 23:29:16,807 : INFO : EventManager : Event: ======'player_will_add'====== Args={'number': 1}
2025-03-14 23:29:16,807 : INFO : EventManager : Event: ======'player_adding'====== Args={'player': <Player 1>, 'number': 1}
2025-03-14 23:29:16,807 : INFO : EventManager : Event: ======'player_added'====== Args={'player': <Player 1>, 'num': 1}
2025-03-14 23:29:16,807 : INFO : Mode.game : Player added successfully. Total players: 1
2025-03-14 23:29:16,808 : INFO : EventManager : Event: ======'player_index'====== Args={'value': 0, 'prev_value': 0, 'change': 0, 'player_num': 1}
2025-03-14 23:29:16,808 : INFO : EventManager : Event: ======'player_number'====== Args={'value': 1, 'prev_value': 1, 'change': 0, 'player_num': 1}
2025-03-14 23:29:16,808 : INFO : EventManager : Event: ======'player_score'====== Args={'value': 0, 'prev_value': 0, 'change': 0, 'player_num': 1}
2025-03-14 23:29:16,808 : INFO : EventManager : Event: ======'game_started'====== Args={}
2025-03-14 23:29:16,808 : INFO : EventManager : Event: ======'player_turn_will_start'====== Args={'player': <Player 1>, 'number': 1}
2025-03-14 23:29:16,810 : INFO : EventManager : Event: ======'player_turn_starting'====== Args={'player': <Player 1>, 'number': 1}
2025-03-14 23:29:16,810 : INFO : EventManager : Event: ======'player_ball'====== Args={'value': 1, 'prev_value': 0, 'change': 1, 'player_num': 1}
2025-03-14 23:29:16,810 : INFO : EventManager : Event: ======'player_turn_started'====== Args={'player': <Player 1>, 'number': 1}
2025-03-14 23:29:16,811 : INFO : EventManager : Event: ======'ball_will_start'====== Args={'player': 1, 'ball': 1, 'balls_remaining': 2, 'is_extra_ball': False}
2025-03-14 23:29:16,812 : INFO : EventManager : Event: ======'ball_starting'====== Args={'player': 1, 'ball': 1, 'balls_remaining': 2, 'is_extra_ball': False}
2025-03-14 23:29:16,812 : INFO : EventManager : Event: ======'balls_in_play'====== Args={'balls': 1}
2025-03-14 23:29:16,812 : INFO : EventManager : Event: ======'ball_started'====== Args={'player': 1, 'ball': 1, 'balls_remaining': 2, 'is_extra_ball': False}
2025-03-14 23:29:16,823 : INFO : EventManager : Event: ======'mode_base_will_start'====== Args={'player': 1, 'ball': 1, 'balls_remaining': 2, 'is_extra_ball': False}
2025-03-14 23:29:16,823 : INFO : EventManager : Event: ======'mode_base_starting'====== Args={'player': 1, 'ball': 1, 'balls_remaining': 2, 'is_extra_ball': False}
2025-03-14 23:29:16,824 : INFO : Mode.base : Started. Priority: 100
2025-03-14 23:29:16,824 : INFO : EventManager : Event: ======'modes_active_modes_changed'====== Args={}
2025-03-14 23:29:16,824 : INFO : EventManager : Event: ======'mode_base_started'====== Args={'player': 1, 'ball': 1, 'balls_remaining': 2, 'is_extra_ball': False}
2025-03-14 23:29:16,824 : INFO : EventManager : Event: ======'s_plunger_active'====== Args={'priority': 0}
2025-03-14 23:29:16,825 : INFO : EventManager : Event: ======'single_player_ball_started'====== Args={}
2025-03-14 23:29:16,827 : INFO : EventManager : Event: ======'ball_start_target'====== Args={'target': 'playfield'}
2025-03-14 23:29:16,827 : INFO : ball_device.bd_plunger : Setting up player-controlled eject. Balls: 1, Target: <playfield.playfield>, player_controlled_eject_event: None
2025-03-14 23:29:16,828 : INFO : EventManager : Event: ======'balldevice_balls_available'====== Args={}
2025-03-14 23:29:16,829 : INFO : ball_device.bd_trough : State: waiting_for_target_ready
2025-03-14 23:29:16,829 : INFO : EventManager : Event: ======'balldevice_bd_trough_ball_eject_attempt'====== Args={'balls': 1, 'target': <ball_device.bd_plunger>, 'source': <ball_device.bd_trough>, 'mechanical_eject': True, 'num_attempts': 0}
2025-03-14 23:29:16,829 : INFO : ball_device.bd_plunger : State: waiting_for_ball
2025-03-14 23:29:16,830 : INFO : ball_device.bd_trough : State: ejecting
2025-03-14 23:29:16,830 : INFO : ball_device.bd_trough : Ejecting ball to <ball_device.bd_plunger>
2025-03-14 23:29:16,830 : INFO : EventManager : Event: ======'balldevice_bd_trough_ejecting_ball'====== Args={'balls': 1, 'target': <ball_device.bd_plunger>, 'source': <ball_device.bd_trough>, 'mechanical_eject': True, 'num_attempts': 0}
2025-03-14 23:29:16,831 : INFO : ball_device.bd_trough : Wait for ball to leave device
2025-03-14 23:29:16,955 : INFO : SwitchController : <<<<<<< 's_start' active >>>>>>>
2025-03-14 23:29:16,955 : INFO : EventManager : Event: ======'sw_start'====== Args={}
2025-03-14 23:29:16,955 : INFO : EventManager : Event: ======'machine_var_audits_switches_s_start'====== Args={'value': 124, 'prev_value': 123, 'change': 1}
2025-03-14 23:29:16,956 : INFO : EventManager : Event: ======'player_add_request'====== Args={}
2025-03-14 23:29:16,956 : INFO : EventManager : Event: ======'player_will_add'====== Args={'number': 2}
2025-03-14 23:29:16,956 : INFO : EventManager : Event: ======'player_adding'====== Args={'player': <Player 2>, 'number': 2}
2025-03-14 23:29:16,956 : INFO : EventManager : Event: ======'player_added'====== Args={'player': <Player 2>, 'num': 2}
2025-03-14 23:29:16,956 : INFO : Mode.game : Player added successfully. Total players: 2
2025-03-14 23:29:16,957 : INFO : EventManager : Event: ======'multiplayer_game'====== Args={}
2025-03-14 23:29:16,957 : INFO : EventManager : Event: ======'player_index'====== Args={'value': 1, 'prev_value': 1, 'change': 0, 'player_num': 2}
2025-03-14 23:29:16,957 : INFO : EventManager : Event: ======'player_number'====== Args={'value': 2, 'prev_value': 2, 'change': 0, 'player_num': 2}
2025-03-14 23:29:16,957 : INFO : EventManager : Event: ======'player_score'====== Args={'value': 0, 'prev_value': 0, 'change': 0, 'player_num': 2}
2025-03-14 23:29:17,222 : INFO : SwitchController : <<<<<<< 's_start' inactive >>>>>>>
2025-03-14 23:29:17,327 : INFO : SwitchController : <<<<<<< 's_start' active >>>>>>>
2025-03-14 23:29:17,328 : INFO : EventManager : Event: ======'sw_start'====== Args={}
2025-03-14 23:29:17,328 : INFO : EventManager : Event: ======'machine_var_audits_switches_s_start'====== Args={'value': 125, 'prev_value': 124, 'change': 1}
2025-03-14 23:29:17,328 : INFO : EventManager : Event: ======'player_add_request'====== Args={}
2025-03-14 23:29:17,328 : INFO : EventManager : Event: ======'player_will_add'====== Args={'number': 3}
2025-03-14 23:29:17,328 : INFO : EventManager : Event: ======'player_adding'====== Args={'player': <Player 3>, 'number': 3}
2025-03-14 23:29:17,329 : INFO : EventManager : Event: ======'player_added'====== Args={'player': <Player 3>, 'num': 3}
2025-03-14 23:29:17,329 : INFO : Mode.game : Player added successfully. Total players: 3
2025-03-14 23:29:17,329 : INFO : EventManager : Event: ======'player_index'====== Args={'value': 2, 'prev_value': 2, 'change': 0, 'player_num': 3}
2025-03-14 23:29:17,329 : INFO : EventManager : Event: ======'player_number'====== Args={'value': 3, 'prev_value': 3, 'change': 0, 'player_num': 3}
2025-03-14 23:29:17,329 : INFO : EventManager : Event: ======'player_score'====== Args={'value': 0, 'prev_value': 0, 'change': 0, 'player_num': 3}
2025-03-14 23:29:17,545 : INFO : SwitchController : <<<<<<< 's_start' inactive >>>>>>>
2025-03-14 23:30:20,917 : INFO : Machine : Shutting down...
2025-03-14 23:30:20,917 : INFO : EventManager : Event: ======'shutdown'====== Args={}
2025-03-14 23:30:20,918 : INFO : EventManager : Event: ======'mode_game_will_stop'====== Args={}
2025-03-14 23:30:20,918 : INFO : EventManager : Event: ======'mode_game_stopping'====== Args={}
2025-03-14 23:30:20,920 : INFO : EventManager : Event: ======'mode_base_will_stop'====== Args={}
2025-03-14 23:30:20,921 : INFO : EventManager : Event: ======'mode_base_stopping'====== Args={}
2025-03-14 23:30:20,921 : INFO : Mode.base : Stopped.
2025-03-14 23:30:20,921 : INFO : EventManager : Event: ======'modes_active_modes_changed'====== Args={}
2025-03-14 23:30:20,921 : INFO : EventManager : Event: ======'mode_base_stopped'====== Args={}
2025-03-14 23:30:20,921 : INFO : EventManager : Event: ======'clear'====== Args={'key': 'base'}
2025-03-14 23:30:20,922 : INFO : Mode.game : Stopped.
2025-03-14 23:30:20,922 : INFO : EventManager : Event: ======'modes_active_modes_changed'====== Args={}
2025-03-14 23:30:20,922 : INFO : EventManager : Event: ======'mode_game_stopped'====== Args={}
2025-03-14 23:30:20,922 : INFO : EventManager : Event: ======'clear'====== Args={'key': 'game'}
2025-03-14 23:30:21,010 : INFO : SwitchController : <<<<<<< 's_flipper_right_eos' inactive >>>>>>>
2025-03-14 23:30:21,027 : INFO : root : MPF run loop ended.
