2025-03-21 12:54:26,980 : INFO : root : Loading config.
2025-03-21 12:54:26,986 : INFO : YamlMultifileConfigLoader : Machine config file #1: config.yaml
2025-03-21 12:54:26,988 : INFO : ConfigProcessor : Loading config from cache: C:\Users\User\AppData\Local\Temp\5682b9bdeb2b9ad8a31c13560e038609.mpf_cache
2025-03-21 12:54:27,206 : INFO : ConfigProcessor : Loading config from cache: C:\Users\User\AppData\Local\Temp\8422c6572f827355f8aade1949d04025.mpf_cache
2025-03-21 12:54:27,209 : INFO : ConfigProcessor : Loading config from cache: C:\Users\User\AppData\Local\Temp\1c0e7e9816717d8e62c4728dfe372999.mpf_cache
2025-03-21 12:54:27,212 : INFO : ConfigProcessor : Loading config from cache: C:\Users\User\AppData\Local\Temp\e3e8065d662ad307fa9574659e7e4e8e.mpf_cache
2025-03-21 12:54:27,214 : INFO : ConfigProcessor : Loading config from cache: C:\Users\User\AppData\Local\Temp\8422c6572f827355f8aade1949d04025.mpf_cache
2025-03-21 12:54:27,216 : INFO : Machine : Mission Pinball Framework Core Engine v0.80.0.dev6
2025-03-21 12:54:27,216 : INFO : Machine : Command line arguments: {'no_load_cache': False, 'create_config_cache': True, 'bcp': False, 'configfile': ['config.yaml'], 'force_assets_load': False, 'platform_integration_test': False, 'jsonlogging': False, 'logfile': 'logs\\2025-03-21-12-54-26-mpf-BERNIE.log', 'pause': False, 'production': False, 'text_ui': False, 'loglevel': 15, 'consoleloglevel': 20, 'force_platform': None, 'syslog_address': None, 'full_logfile_path': 'C:\\Users\\User\\Desktop\\fast_homebrew_godot_v2\\fast_homebrew_godot_v2\\logs\\2025-03-21-12-54-26-mpf-BERNIE.log'}
2025-03-21 12:54:27,216 : INFO : Machine : MPF path: C:\Users\User\AppData\Local\Programs\Python\Python312\Lib\site-packages\mpf
2025-03-21 12:54:27,216 : INFO : Machine : Machine path: C:\Users\User\Desktop\fast_homebrew_godot_v2\fast_homebrew_godot_v2
2025-03-21 12:54:27,216 : INFO : Machine : Platform: win32
2025-03-21 12:54:27,216 : INFO : Machine : Python executable location: C:\Users\User\AppData\Local\Programs\Python\Python312\python.exe
2025-03-21 12:54:27,216 : INFO : Machine : Python version: 3.12.3 (64-bit)
2025-03-21 12:54:27,220 : INFO : Machine : Initializing MPF...
2025-03-21 12:54:27,444 : INFO : FAST : Auto-detecting ports for the following connections: ['net']
2025-03-21 12:54:27,480 : INFO : FAST : Detected NET on port COM5
2025-03-21 12:54:27,592 : INFO : FAST [NET] : Trying to connect to COM5 at 921600bps
2025-03-21 12:54:27,601 : INFO : FAST [NET] : Connected to COM5 at 921600bps
2025-03-21 12:54:27,604 : INFO : FAST [NET] : Connected to FP-CPU-2000 with firmware v02.26
2025-03-21 12:54:27,635 : INFO : FAST [NET] : Registered I/O Board 0: Model: FP-I/O-3208, Firmware: 01.10, Switches: 32, Drivers: 8
2025-03-21 12:54:27,637 : INFO : FAST [NET] : Registered I/O Board 1: Model: FP-I/O-3208, Firmware: 01.10, Switches: 32, Drivers: 8
2025-03-21 12:54:27,638 : INFO : EventManager : Event: ======'machine_var_credits_string'====== Args={'value': 'FREE PLAY', 'prev_value': None, 'change': True}
2025-03-21 12:54:27,707 : INFO : EventManager : Event: ======'machine_var_master_volume'====== Args={'value': 0.5, 'prev_value': None, 'change': True}
2025-03-21 12:54:27,708 : INFO : EventManager : Event: ======'machine_var_player1_score'====== Args={'value': 0, 'prev_value': None, 'change': True}
2025-03-21 12:54:27,708 : INFO : EventManager : Event: ======'machine_var_mpf_version'====== Args={'value': 'Mission Pinball Framework v0.80.0.dev6', 'prev_value': None, 'change': True}
2025-03-21 12:54:27,708 : INFO : EventManager : Event: ======'machine_var_mpf_extended_version'====== Args={'value': 'Mission Pinball Framework v0.80.0.dev6, Config version:6, Show version: 6, BCP version:1.1', 'prev_value': None, 'change': True}
2025-03-21 12:54:27,709 : INFO : EventManager : Event: ======'machine_var_python_version'====== Args={'value': '3.12.3', 'prev_value': None, 'change': True}
2025-03-21 12:54:27,865 : INFO : EventManager : Event: ======'machine_var_platform'====== Args={'value': 'Windows-11-10.0.22631-SP0', 'prev_value': None, 'change': True}
2025-03-21 12:54:27,866 : INFO : EventManager : Event: ======'machine_var_platform_system'====== Args={'value': 'Windows', 'prev_value': None, 'change': True}
2025-03-21 12:54:27,866 : INFO : EventManager : Event: ======'machine_var_platform_release'====== Args={'value': '11', 'prev_value': None, 'change': True}
2025-03-21 12:54:27,866 : INFO : EventManager : Event: ======'machine_var_platform_version'====== Args={'value': '10.0.22631', 'prev_value': None, 'change': True}
2025-03-21 12:54:27,866 : INFO : EventManager : Event: ======'machine_var_platform_machine'====== Args={'value': 'AMD64', 'prev_value': None, 'change': True}
2025-03-21 12:54:27,866 : INFO : EventManager : Event: ======'machine_var_log_file_path'====== Args={'value': 'C:\\Users\\User\\Desktop\\fast_homebrew_godot_v2\\fast_homebrew_godot_v2\\logs\\2025-03-21-12-54-26-mpf-BERNIE.log', 'prev_value': None, 'change': True}
2025-03-21 12:54:27,866 : INFO : EventManager : Event: ======'init_phase_1'====== Args={}
2025-03-21 12:54:30,443 : INFO : SwitchController : <<<<<<< 's_trough_ball_jam' active >>>>>>>
2025-03-21 12:54:30,444 : INFO : SwitchController : <<<<<<< 's_trough_ball_1' active >>>>>>>
2025-03-21 12:54:30,444 : INFO : SwitchController : <<<<<<< 's_flipper_right' active >>>>>>>
2025-03-21 12:54:30,444 : INFO : SwitchController : <<<<<<< 's_start' active >>>>>>>
2025-03-21 12:54:30,445 : INFO : EventManager : Event: ======'init_phase_2'====== Args={}
2025-03-21 12:54:30,446 : INFO : SwitchController : Found active switch: (6, [FAST Platform Interface]) <switch.s_trough_ball_jam>
2025-03-21 12:54:30,446 : INFO : SwitchController : Found active switch: (26, [FAST Platform Interface]) <switch.s_trough_ball_1>
2025-03-21 12:54:30,446 : INFO : SwitchController : Found active switch: (31, [FAST Platform Interface]) <switch.s_flipper_right>
2025-03-21 12:54:30,446 : INFO : SwitchController : Found active switch: (29, [FAST Platform Interface]) <switch.s_start>
2025-03-21 12:54:30,943 : INFO : ball_device.bd_trough : BCH: Initial count: 1
2025-03-21 12:54:30,943 : INFO : ball_device.bd_trough : State: idle
2025-03-21 12:54:30,944 : INFO : ball_device.bd_plunger : BCH: Initial count: 0
2025-03-21 12:54:30,944 : INFO : ball_device.bd_plunger : State: idle
2025-03-21 12:54:30,994 : INFO : EventManager : Event: ======'init_phase_3'====== Args={}
2025-03-21 12:54:30,998 : INFO : EventManager : Event: ======'init_phase_4'====== Args={}
2025-03-21 12:54:30,999 : INFO : BallController : Initial balls found: 1
2025-03-21 12:54:31,001 : INFO : EventManager : Event: ======'machine_var_audits_events_game_ended'====== Args={'value': 4, 'prev_value': None, 'change': True}
2025-03-21 12:54:31,001 : INFO : EventManager : Event: ======'machine_var_audits_events_game_started'====== Args={'value': 437, 'prev_value': None, 'change': True}
2025-03-21 12:54:31,001 : INFO : EventManager : Event: ======'machine_var_audits_missing_switches_s_eject_confirm'====== Args={'value': 14, 'prev_value': None, 'change': True}
2025-03-21 12:54:31,002 : INFO : EventManager : Event: ======'machine_var_audits_missing_switches_s_flipper_left'====== Args={'value': 1, 'prev_value': None, 'change': True}
2025-03-21 12:54:31,002 : INFO : EventManager : Event: ======'machine_var_audits_missing_switches_s_flipper_left_lower_eos'====== Args={'value': 1, 'prev_value': None, 'change': True}
2025-03-21 12:54:31,002 : INFO : EventManager : Event: ======'machine_var_audits_missing_switches_s_flipper_left_upper_eos'====== Args={'value': 1, 'prev_value': None, 'change': True}
2025-03-21 12:54:31,002 : INFO : EventManager : Event: ======'machine_var_audits_missing_switches_s_flipper_right'====== Args={'value': 48, 'prev_value': None, 'change': True}
2025-03-21 12:54:31,002 : INFO : EventManager : Event: ======'machine_var_audits_missing_switches_s_flipper_right_eos'====== Args={'value': 45, 'prev_value': None, 'change': True}
2025-03-21 12:54:31,002 : INFO : EventManager : Event: ======'machine_var_audits_missing_switches_s_launch'====== Args={'value': 6, 'prev_value': None, 'change': True}
2025-03-21 12:54:31,002 : INFO : EventManager : Event: ======'machine_var_audits_missing_switches_s_left_flipper'====== Args={'value': 363, 'prev_value': None, 'change': True}
2025-03-21 12:54:31,002 : INFO : EventManager : Event: ======'machine_var_audits_missing_switches_s_left_flipper_eos'====== Args={'value': 363, 'prev_value': None, 'change': True}
2025-03-21 12:54:31,002 : INFO : EventManager : Event: ======'machine_var_audits_missing_switches_s_left_inlane'====== Args={'value': 6, 'prev_value': None, 'change': True}
2025-03-21 12:54:31,003 : INFO : EventManager : Event: ======'machine_var_audits_missing_switches_s_left_inner_lane'====== Args={'value': 357, 'prev_value': None, 'change': True}
2025-03-21 12:54:31,003 : INFO : EventManager : Event: ======'machine_var_audits_missing_switches_s_left_outer_lane'====== Args={'value': 153, 'prev_value': None, 'change': True}
2025-03-21 12:54:31,003 : INFO : EventManager : Event: ======'machine_var_audits_missing_switches_s_left_outlane'====== Args={'value': 6, 'prev_value': None, 'change': True}
2025-03-21 12:54:31,003 : INFO : EventManager : Event: ======'machine_var_audits_missing_switches_s_left_sling'====== Args={'value': 363, 'prev_value': None, 'change': True}
2025-03-21 12:54:31,003 : INFO : EventManager : Event: ======'machine_var_audits_missing_switches_s_mead'====== Args={'value': 267, 'prev_value': None, 'change': True}
2025-03-21 12:54:31,003 : INFO : EventManager : Event: ======'machine_var_audits_missing_switches_s_percy'====== Args={'value': 85, 'prev_value': None, 'change': True}
2025-03-21 12:54:31,003 : INFO : EventManager : Event: ======'machine_var_audits_missing_switches_s_plunger'====== Args={'value': 1, 'prev_value': None, 'change': True}
2025-03-21 12:54:31,003 : INFO : EventManager : Event: ======'machine_var_audits_missing_switches_s_pop_bumper_1'====== Args={'value': 357, 'prev_value': None, 'change': True}
2025-03-21 12:54:31,003 : INFO : EventManager : Event: ======'machine_var_audits_missing_switches_s_pop_bumper_2'====== Args={'value': 357, 'prev_value': None, 'change': True}
2025-03-21 12:54:31,003 : INFO : EventManager : Event: ======'machine_var_audits_missing_switches_s_pop_bumper_3'====== Args={'value': 357, 'prev_value': None, 'change': True}
2025-03-21 12:54:31,004 : INFO : EventManager : Event: ======'machine_var_audits_missing_switches_s_pop_bumper_cc_1'====== Args={'value': 1, 'prev_value': None, 'change': True}
2025-03-21 12:54:31,004 : INFO : EventManager : Event: ======'machine_var_audits_missing_switches_s_pop_bumper_cc_2'====== Args={'value': 1, 'prev_value': None, 'change': True}
2025-03-21 12:54:31,004 : INFO : EventManager : Event: ======'machine_var_audits_missing_switches_s_pop_bumper_cc_3'====== Args={'value': 1, 'prev_value': None, 'change': True}
2025-03-21 12:54:31,004 : INFO : EventManager : Event: ======'machine_var_audits_missing_switches_s_pop_bumper_m'====== Args={'value': 1, 'prev_value': None, 'change': True}
2025-03-21 12:54:31,004 : INFO : EventManager : Event: ======'machine_var_audits_missing_switches_s_right_flipper'====== Args={'value': 363, 'prev_value': None, 'change': True}
2025-03-21 12:54:31,004 : INFO : EventManager : Event: ======'machine_var_audits_missing_switches_s_right_flipper_eos'====== Args={'value': 363, 'prev_value': None, 'change': True}
2025-03-21 12:54:31,004 : INFO : EventManager : Event: ======'machine_var_audits_missing_switches_s_right_inlane'====== Args={'value': 6, 'prev_value': None, 'change': True}
2025-03-21 12:54:31,004 : INFO : EventManager : Event: ======'machine_var_audits_missing_switches_s_right_inner_lane'====== Args={'value': 357, 'prev_value': None, 'change': True}
2025-03-21 12:54:31,005 : INFO : EventManager : Event: ======'machine_var_audits_missing_switches_s_right_outer_lane'====== Args={'value': 357, 'prev_value': None, 'change': True}
2025-03-21 12:54:31,005 : INFO : EventManager : Event: ======'machine_var_audits_missing_switches_s_right_outlane'====== Args={'value': 6, 'prev_value': None, 'change': True}
2025-03-21 12:54:31,005 : INFO : EventManager : Event: ======'machine_var_audits_missing_switches_s_right_sling'====== Args={'value': 363, 'prev_value': None, 'change': True}
2025-03-21 12:54:31,005 : INFO : EventManager : Event: ======'machine_var_audits_missing_switches_s_scanlan'====== Args={'value': 204, 'prev_value': None, 'change': True}
2025-03-21 12:54:31,005 : INFO : EventManager : Event: ======'machine_var_audits_missing_switches_s_slingshot_1'====== Args={'value': 1, 'prev_value': None, 'change': True}
2025-03-21 12:54:31,005 : INFO : EventManager : Event: ======'machine_var_audits_missing_switches_s_slingshot_2'====== Args={'value': 1, 'prev_value': None, 'change': True}
2025-03-21 12:54:31,005 : INFO : EventManager : Event: ======'machine_var_audits_missing_switches_s_trough_ball_1'====== Args={'value': 1, 'prev_value': None, 'change': True}
2025-03-21 12:54:31,005 : INFO : EventManager : Event: ======'machine_var_audits_missing_switches_s_trough_ball_2'====== Args={'value': 3, 'prev_value': None, 'change': True}
2025-03-21 12:54:31,005 : INFO : EventManager : Event: ======'machine_var_audits_missing_switches_s_trough_ball_3'====== Args={'value': 23, 'prev_value': None, 'change': True}
2025-03-21 12:54:31,005 : INFO : EventManager : Event: ======'machine_var_audits_missing_switches_s_trough_ball_4'====== Args={'value': 23, 'prev_value': None, 'change': True}
2025-03-21 12:54:31,005 : INFO : EventManager : Event: ======'machine_var_audits_missing_switches_s_trough_ball_5'====== Args={'value': 23, 'prev_value': None, 'change': True}
2025-03-21 12:54:31,006 : INFO : EventManager : Event: ======'machine_var_audits_missing_switches_s_trough_ball_6'====== Args={'value': 23, 'prev_value': None, 'change': True}
2025-03-21 12:54:31,006 : INFO : EventManager : Event: ======'machine_var_audits_missing_switches_s_trough_ball_jam'====== Args={'value': 411, 'prev_value': None, 'change': True}
2025-03-21 12:54:31,006 : INFO : EventManager : Event: ======'machine_var_audits_player_score'====== Args={'value': {'average': 0, 'top': [0, 0, 0, 0], 'total': 4}, 'prev_value': None, 'change': True}
2025-03-21 12:54:31,006 : INFO : EventManager : Event: ======'machine_var_audits_shots_mead_shot'====== Args={'value': 223, 'prev_value': None, 'change': True}
2025-03-21 12:54:31,009 : INFO : EventManager : Event: ======'machine_var_audits_shots_percy_shot'====== Args={'value': 56, 'prev_value': None, 'change': True}
2025-03-21 12:54:31,009 : INFO : EventManager : Event: ======'machine_var_audits_shots_scanlan_shot'====== Args={'value': 121, 'prev_value': None, 'change': True}
2025-03-21 12:54:31,010 : INFO : EventManager : Event: ======'machine_var_audits_shots_video_shot_1'====== Args={'value': 24, 'prev_value': None, 'change': True}
2025-03-21 12:54:31,010 : INFO : EventManager : Event: ======'machine_var_audits_shots_video_shot_2'====== Args={'value': 20, 'prev_value': None, 'change': True}
2025-03-21 12:54:31,010 : INFO : EventManager : Event: ======'machine_var_audits_switches_s_auto_launcher'====== Args={'value': 0, 'prev_value': None, 'change': True}
2025-03-21 12:54:31,010 : INFO : EventManager : Event: ======'machine_var_audits_switches_s_ball_drain'====== Args={'value': 0, 'prev_value': None, 'change': True}
2025-03-21 12:54:31,010 : INFO : EventManager : Event: ======'machine_var_audits_switches_s_eject_confirm'====== Args={'value': 0, 'prev_value': None, 'change': True}
2025-03-21 12:54:31,010 : INFO : EventManager : Event: ======'machine_var_audits_switches_s_flipper_left'====== Args={'value': 21, 'prev_value': None, 'change': True}
2025-03-21 12:54:31,010 : INFO : EventManager : Event: ======'machine_var_audits_switches_s_flipper_left_lower_eos'====== Args={'value': 14, 'prev_value': None, 'change': True}
2025-03-21 12:54:31,010 : INFO : EventManager : Event: ======'machine_var_audits_switches_s_flipper_left_upper_eos'====== Args={'value': 14, 'prev_value': None, 'change': True}
2025-03-21 12:54:31,010 : INFO : EventManager : Event: ======'machine_var_audits_switches_s_flipper_right'====== Args={'value': 0, 'prev_value': None, 'change': True}
2025-03-21 12:54:31,011 : INFO : EventManager : Event: ======'machine_var_audits_switches_s_flipper_right_eos'====== Args={'value': 3, 'prev_value': None, 'change': True}
2025-03-21 12:54:31,011 : INFO : EventManager : Event: ======'machine_var_audits_switches_s_launch'====== Args={'value': 0, 'prev_value': None, 'change': True}
2025-03-21 12:54:31,011 : INFO : EventManager : Event: ======'machine_var_audits_switches_s_left_flipper'====== Args={'value': 36, 'prev_value': None, 'change': True}
2025-03-21 12:54:31,011 : INFO : EventManager : Event: ======'machine_var_audits_switches_s_left_flipper_eos'====== Args={'value': 0, 'prev_value': None, 'change': True}
2025-03-21 12:54:31,011 : INFO : EventManager : Event: ======'machine_var_audits_switches_s_left_inlane'====== Args={'value': 0, 'prev_value': None, 'change': True}
2025-03-21 12:54:31,011 : INFO : EventManager : Event: ======'machine_var_audits_switches_s_left_inner_lane'====== Args={'value': 0, 'prev_value': None, 'change': True}
2025-03-21 12:54:31,011 : INFO : EventManager : Event: ======'machine_var_audits_switches_s_left_outer_lane'====== Args={'value': 0, 'prev_value': None, 'change': True}
2025-03-21 12:54:31,011 : INFO : EventManager : Event: ======'machine_var_audits_switches_s_left_outlane'====== Args={'value': 0, 'prev_value': None, 'change': True}
2025-03-21 12:54:31,012 : INFO : EventManager : Event: ======'machine_var_audits_switches_s_left_sling'====== Args={'value': 7, 'prev_value': None, 'change': True}
2025-03-21 12:54:31,012 : INFO : EventManager : Event: ======'machine_var_audits_switches_s_mead'====== Args={'value': 0, 'prev_value': None, 'change': True}
2025-03-21 12:54:31,012 : INFO : EventManager : Event: ======'machine_var_audits_switches_s_percy'====== Args={'value': 0, 'prev_value': None, 'change': True}
2025-03-21 12:54:31,012 : INFO : EventManager : Event: ======'machine_var_audits_switches_s_plunger'====== Args={'value': 35, 'prev_value': None, 'change': True}
2025-03-21 12:54:31,012 : INFO : EventManager : Event: ======'machine_var_audits_switches_s_pop_bumper_1'====== Args={'value': 0, 'prev_value': None, 'change': True}
2025-03-21 12:54:31,012 : INFO : EventManager : Event: ======'machine_var_audits_switches_s_pop_bumper_2'====== Args={'value': 0, 'prev_value': None, 'change': True}
2025-03-21 12:54:31,012 : INFO : EventManager : Event: ======'machine_var_audits_switches_s_pop_bumper_3'====== Args={'value': 0, 'prev_value': None, 'change': True}
2025-03-21 12:54:31,012 : INFO : EventManager : Event: ======'machine_var_audits_switches_s_pop_bumper_cc_1'====== Args={'value': 17, 'prev_value': None, 'change': True}
2025-03-21 12:54:31,012 : INFO : EventManager : Event: ======'machine_var_audits_switches_s_pop_bumper_cc_2'====== Args={'value': 14, 'prev_value': None, 'change': True}
2025-03-21 12:54:31,012 : INFO : EventManager : Event: ======'machine_var_audits_switches_s_pop_bumper_cc_3'====== Args={'value': 18, 'prev_value': None, 'change': True}
2025-03-21 12:54:31,013 : INFO : EventManager : Event: ======'machine_var_audits_switches_s_pop_bumper_m'====== Args={'value': 16, 'prev_value': None, 'change': True}
2025-03-21 12:54:31,013 : INFO : EventManager : Event: ======'machine_var_audits_switches_s_right_flipper'====== Args={'value': 131, 'prev_value': None, 'change': True}
2025-03-21 12:54:31,013 : INFO : EventManager : Event: ======'machine_var_audits_switches_s_right_flipper_eos'====== Args={'value': 0, 'prev_value': None, 'change': True}
2025-03-21 12:54:31,013 : INFO : EventManager : Event: ======'machine_var_audits_switches_s_right_inlane'====== Args={'value': 0, 'prev_value': None, 'change': True}
2025-03-21 12:54:31,013 : INFO : EventManager : Event: ======'machine_var_audits_switches_s_right_inner_lane'====== Args={'value': 0, 'prev_value': None, 'change': True}
2025-03-21 12:54:31,013 : INFO : EventManager : Event: ======'machine_var_audits_switches_s_right_outer_lane'====== Args={'value': 0, 'prev_value': None, 'change': True}
2025-03-21 12:54:31,013 : INFO : EventManager : Event: ======'machine_var_audits_switches_s_right_outlane'====== Args={'value': 0, 'prev_value': None, 'change': True}
2025-03-21 12:54:31,013 : INFO : EventManager : Event: ======'machine_var_audits_switches_s_right_sling'====== Args={'value': 3, 'prev_value': None, 'change': True}
2025-03-21 12:54:31,013 : INFO : EventManager : Event: ======'machine_var_audits_switches_s_scanlan'====== Args={'value': 0, 'prev_value': None, 'change': True}
2025-03-21 12:54:31,013 : INFO : EventManager : Event: ======'machine_var_audits_switches_s_slingshot_1'====== Args={'value': 41, 'prev_value': None, 'change': True}
2025-03-21 12:54:31,014 : INFO : EventManager : Event: ======'machine_var_audits_switches_s_slingshot_2'====== Args={'value': 18, 'prev_value': None, 'change': True}
2025-03-21 12:54:31,014 : INFO : EventManager : Event: ======'machine_var_audits_switches_s_start'====== Args={'value': 161, 'prev_value': None, 'change': True}
2025-03-21 12:54:31,014 : INFO : EventManager : Event: ======'machine_var_audits_switches_s_switch_2'====== Args={'value': 0, 'prev_value': None, 'change': True}
2025-03-21 12:54:31,014 : INFO : EventManager : Event: ======'machine_var_audits_switches_s_trough_ball_1'====== Args={'value': 38, 'prev_value': None, 'change': True}
2025-03-21 12:54:31,014 : INFO : EventManager : Event: ======'machine_var_audits_switches_s_trough_ball_2'====== Args={'value': 16, 'prev_value': None, 'change': True}
2025-03-21 12:54:31,014 : INFO : EventManager : Event: ======'machine_var_audits_switches_s_trough_ball_3'====== Args={'value': 5, 'prev_value': None, 'change': True}
2025-03-21 12:54:31,014 : INFO : EventManager : Event: ======'machine_var_audits_switches_s_trough_ball_4'====== Args={'value': 4, 'prev_value': None, 'change': True}
2025-03-21 12:54:31,015 : INFO : EventManager : Event: ======'machine_var_audits_switches_s_trough_ball_5'====== Args={'value': 4, 'prev_value': None, 'change': True}
2025-03-21 12:54:31,015 : INFO : EventManager : Event: ======'machine_var_audits_switches_s_trough_ball_6'====== Args={'value': 5, 'prev_value': None, 'change': True}
2025-03-21 12:54:31,015 : INFO : EventManager : Event: ======'machine_var_audits_switches_s_trough_ball_jam'====== Args={'value': 3, 'prev_value': None, 'change': True}
2025-03-21 12:54:31,015 : INFO : EventManager : Event: ======'machine_var_audits_switches_s_trough_eject_coil'====== Args={'value': 0, 'prev_value': None, 'change': True}
2025-03-21 12:54:31,016 : INFO : EventManager : Event: ======'init_phase_5'====== Args={}
2025-03-21 12:54:31,017 : INFO : EventManager : Event: ======'init_done'====== Args={}
2025-03-21 12:54:31,017 : INFO : EventManager : Event: ======'machine_reset_phase_1'====== Args={}
2025-03-21 12:54:31,018 : INFO : EventManager : Event: ======'machine_reset_phase_2'====== Args={}
2025-03-21 12:54:31,018 : INFO : EventManager : Event: ======'machine_reset_phase_3'====== Args={}
2025-03-21 12:54:31,020 : INFO : EventManager : Event: ======'reset_complete'====== Args={}
2025-03-21 12:54:31,020 : INFO : EventManager : Event: ======'mode_attract_will_start'====== Args={}
2025-03-21 12:54:31,021 : INFO : EventManager : Event: ======'mode_attract_starting'====== Args={}
2025-03-21 12:54:31,021 : INFO : Mode.attract : Started. Priority: 10
2025-03-21 12:54:31,021 : INFO : EventManager : Event: ======'modes_active_modes_changed'====== Args={}
2025-03-21 12:54:31,021 : INFO : EventManager : Event: ======'mode_attract_started'====== Args={}
2025-03-21 12:54:31,022 : INFO : EventManager : Event: ======'collecting_balls_complete'====== Args={}
2025-03-21 12:54:31,026 : INFO : Machine : Starting the main run loop with active modes: [<Mode.attract>]
2025-03-21 12:54:37,300 : INFO : SwitchController : <<<<<<< 's_trough_ball_2' active >>>>>>>
2025-03-21 12:54:37,301 : INFO : SwitchController : <<<<<<< 's_start' inactive >>>>>>>
2025-03-21 12:54:37,301 : INFO : EventManager : Event: ======'request_to_start_game'====== Args={}
2025-03-21 12:54:37,301 : INFO : EventManager : Event: ======'game_start'====== Args={'buttons': [], 'hold_time': 1425559.312}
2025-03-21 12:54:37,301 : INFO : EventManager : Event: ======'mode_game_will_start'====== Args={'buttons': [], 'hold_time': 1425559.312}
2025-03-21 12:54:37,302 : INFO : EventManager : Event: ======'mode_game_starting'====== Args={'buttons': [], 'hold_time': 1425559.312}
2025-03-21 12:54:37,302 : INFO : EventManager : Event: ======'mode_attract_will_stop'====== Args={}
2025-03-21 12:54:37,302 : INFO : EventManager : Event: ======'mode_attract_stopping'====== Args={}
2025-03-21 12:54:37,302 : INFO : Mode.game : Started. Priority: 20
2025-03-21 12:54:37,302 : INFO : EventManager : Event: ======'modes_active_modes_changed'====== Args={}
2025-03-21 12:54:37,302 : INFO : EventManager : Event: ======'mode_game_started'====== Args={'buttons': [], 'hold_time': 1425559.312}
2025-03-21 12:54:37,303 : INFO : Mode.attract : Stopped.
2025-03-21 12:54:37,303 : INFO : EventManager : Event: ======'modes_active_modes_changed'====== Args={}
2025-03-21 12:54:37,303 : INFO : EventManager : Event: ======'mode_attract_stopped'====== Args={}
2025-03-21 12:54:37,303 : INFO : EventManager : Event: ======'clear'====== Args={'key': 'attract'}
2025-03-21 12:54:37,303 : INFO : EventManager : Event: ======'game_will_start'====== Args={}
2025-03-21 12:54:37,304 : INFO : EventManager : Event: ======'game_starting'====== Args={'game': <Mode.game>}
2025-03-21 12:54:37,305 : INFO : EventManager : Unordered handler for class <Auditor> on event game_ended with priority 1. Handlers: [RegisteredHandler(callback=<bound method Auditor.disable of <Auditor>>, priority=1, kwargs={}, key=UUID('54835263-46e7-4856-acbb-5222254c8680'), condition=None, blocking_facility=None), RegisteredHandler(callback=<bound method Auditor._save_audits of <Auditor>>, priority=1, kwargs={}, key=UUID('a76371f8-598d-4d3f-95e4-193cfc76e316'), condition=None, blocking_facility=None)]. The order of those handlers is not defined and they will be executed in random order. This might lead to race conditions and potential bugs.
2025-03-21 12:54:37,307 : INFO : EventManager : Event: ======'player_add_request'====== Args={}
2025-03-21 12:54:37,309 : INFO : EventManager : Event: ======'player_will_add'====== Args={'number': 1}
2025-03-21 12:54:37,309 : INFO : EventManager : Event: ======'player_adding'====== Args={'player': <Player 1>, 'number': 1}
2025-03-21 12:54:37,309 : INFO : EventManager : Event: ======'player_added'====== Args={'player': <Player 1>, 'num': 1}
2025-03-21 12:54:37,309 : INFO : Mode.game : Player added successfully. Total players: 1
2025-03-21 12:54:37,309 : INFO : EventManager : Event: ======'player_index'====== Args={'value': 0, 'prev_value': 0, 'change': 0, 'player_num': 1}
2025-03-21 12:54:37,309 : INFO : EventManager : Event: ======'player_number'====== Args={'value': 1, 'prev_value': 1, 'change': 0, 'player_num': 1}
2025-03-21 12:54:37,309 : INFO : EventManager : Event: ======'player_score'====== Args={'value': 0, 'prev_value': 0, 'change': 0, 'player_num': 1}
2025-03-21 12:54:37,310 : INFO : EventManager : Event: ======'game_started'====== Args={}
2025-03-21 12:54:37,310 : INFO : EventManager : Event: ======'player_turn_will_start'====== Args={'player': <Player 1>, 'number': 1}
2025-03-21 12:54:37,319 : INFO : EventManager : Event: ======'player_turn_starting'====== Args={'player': <Player 1>, 'number': 1}
2025-03-21 12:54:37,320 : INFO : EventManager : Event: ======'player_ball'====== Args={'value': 1, 'prev_value': 0, 'change': 1, 'player_num': 1}
2025-03-21 12:54:37,320 : INFO : EventManager : Event: ======'player_turn_started'====== Args={'player': <Player 1>, 'number': 1}
2025-03-21 12:54:37,320 : INFO : EventManager : Event: ======'ball_will_start'====== Args={'player': 1, 'ball': 1, 'balls_remaining': 0, 'is_extra_ball': False}
2025-03-21 12:54:37,320 : INFO : EventManager : Event: ======'ball_starting'====== Args={'player': 1, 'ball': 1, 'balls_remaining': 0, 'is_extra_ball': False}
2025-03-21 12:54:37,321 : INFO : EventManager : Event: ======'balls_in_play'====== Args={'balls': 1}
2025-03-21 12:54:37,322 : INFO : EventManager : Event: ======'ball_started'====== Args={'player': 1, 'ball': 1, 'balls_remaining': 0, 'is_extra_ball': False}
2025-03-21 12:54:37,322 : INFO : EventManager : Event: ======'mode_base_will_start'====== Args={'player': 1, 'ball': 1, 'balls_remaining': 0, 'is_extra_ball': False}
2025-03-21 12:54:37,322 : INFO : EventManager : Event: ======'mode_base_starting'====== Args={'player': 1, 'ball': 1, 'balls_remaining': 0, 'is_extra_ball': False}
2025-03-21 12:54:37,326 : INFO : Mode.base : Started. Priority: 100
2025-03-21 12:54:37,326 : INFO : EventManager : Event: ======'modes_active_modes_changed'====== Args={}
2025-03-21 12:54:37,326 : INFO : EventManager : Event: ======'mode_base_started'====== Args={'player': 1, 'ball': 1, 'balls_remaining': 0, 'is_extra_ball': False}
2025-03-21 12:54:37,327 : INFO : EventManager : Event: ======'single_player_ball_started'====== Args={}
2025-03-21 12:54:37,328 : INFO : EventManager : Event: ======'ball_start_target'====== Args={'target': 'playfield'}
2025-03-21 12:54:37,328 : INFO : ball_device.bd_plunger : Setting up player-controlled eject. Balls: 1, Target: <playfield.playfield>, player_controlled_eject_event: None
2025-03-21 12:54:37,329 : INFO : EventManager : Event: ======'balldevice_balls_available'====== Args={}
2025-03-21 12:54:37,330 : INFO : ball_device.bd_trough : State: waiting_for_target_ready
2025-03-21 12:54:37,330 : INFO : EventManager : Event: ======'balldevice_bd_trough_ball_eject_attempt'====== Args={'balls': 1, 'target': <ball_device.bd_plunger>, 'source': <ball_device.bd_trough>, 'mechanical_eject': True, 'num_attempts': 0}
2025-03-21 12:54:37,330 : INFO : ball_device.bd_plunger : State: waiting_for_ball
2025-03-21 12:54:37,331 : INFO : ball_device.bd_trough : State: ejecting
2025-03-21 12:54:37,331 : INFO : ball_device.bd_trough : Ejecting ball to <ball_device.bd_plunger>
2025-03-21 12:54:37,331 : INFO : EventManager : Event: ======'balldevice_bd_trough_ejecting_ball'====== Args={'balls': 1, 'target': <ball_device.bd_plunger>, 'source': <ball_device.bd_trough>, 'mechanical_eject': True, 'num_attempts': 0}
2025-03-21 12:54:37,332 : INFO : ball_device.bd_trough : Wait for ball to leave device
2025-03-21 12:54:37,333 : INFO : coil.c_trough_eject_coil : Pulsing Driver for 15ms (1.0 pulse_power)
2025-03-21 12:54:37,471 : INFO : SwitchController : <<<<<<< 's_trough_ball_2' inactive >>>>>>>
2025-03-21 12:54:37,471 : INFO : SwitchController : <<<<<<< 's_start' active >>>>>>>
2025-03-21 12:54:37,472 : INFO : EventManager : Event: ======'sw_start'====== Args={}
2025-03-21 12:54:37,472 : INFO : EventManager : Event: ======'machine_var_audits_switches_s_start'====== Args={'value': 162, 'prev_value': 161, 'change': 1}
2025-03-21 12:54:47,311 : INFO : ball_device.bd_trough : State: eject_broken
2025-03-21 12:54:47,312 : INFO : EventManager : Event: ======'balldevice_bd_trough_ball_eject_failed'====== Args={'target': <ball_device.bd_plunger>, 'balls': 1, 'retry': False, 'num_attempts': 1}
2025-03-21 12:54:47,312 : INFO : EventManager : Event: ======'balldevice_bd_trough_broken'====== Args={}
2025-03-21 12:55:41,318 : ERROR : asyncio : Fatal write error on serial transport
protocol: <asyncio.streams.StreamReaderProtocol object at 0x0000017002720230>
transport: SerialTransport(<ProactorEventLoop running=True closed=False debug=False>, <asyncio.streams.StreamReaderProtocol object at 0x0000017002720230>, Serial<id=0x170027202e0, open=True>(port='COM5', baudrate=921600, bytesize=8, parity='N', stopbits=1, timeout=0, xonxoff=False, rtscts=False, dsrdtr=False))
Traceback (most recent call last):
  File "C:\Users\User\AppData\Local\Programs\Python\Python312\Lib\site-packages\serial_asyncio\__init__.py", line 290, in _poll_read
    if self.serial.in_waiting:
       ^^^^^^^^^^^^^^^^^^^^^^
  File "C:\Users\User\AppData\Local\Programs\Python\Python312\Lib\site-packages\serial\serialwin32.py", line 259, in in_waiting
    raise SerialException("ClearCommError failed ({!r})".format(ctypes.WinError()))
serial.serialutil.SerialException: ClearCommError failed (PermissionError(13, 'The device does not recognize the command.', None, 22))
2025-03-21 12:55:41,528 : WARNING : FAST [NET] : Serial error: ClearCommError failed (PermissionError(13, 'The device does not recognize the command.', None, 22))
2025-03-21 12:55:41,531 : INFO : Machine : Shutting down...
2025-03-21 12:55:41,531 : INFO : EventManager : Event: ======'shutdown'====== Args={}
2025-03-21 12:55:41,533 : INFO : EventManager : Event: ======'mode_game_will_stop'====== Args={}
2025-03-21 12:55:41,533 : INFO : EventManager : Event: ======'mode_game_stopping'====== Args={}
2025-03-21 12:55:41,534 : INFO : EventManager : Event: ======'mode_base_will_stop'====== Args={}
2025-03-21 12:55:41,534 : INFO : EventManager : Event: ======'mode_base_stopping'====== Args={}
2025-03-21 12:55:41,534 : INFO : Mode.base : Stopped.
2025-03-21 12:55:41,534 : INFO : EventManager : Event: ======'modes_active_modes_changed'====== Args={}
2025-03-21 12:55:41,534 : INFO : EventManager : Event: ======'mode_base_stopped'====== Args={}
2025-03-21 12:55:41,534 : INFO : EventManager : Event: ======'clear'====== Args={'key': 'base'}
2025-03-21 12:55:41,535 : INFO : Mode.game : Stopped.
2025-03-21 12:55:41,535 : INFO : EventManager : Event: ======'modes_active_modes_changed'====== Args={}
2025-03-21 12:55:41,535 : INFO : EventManager : Event: ======'mode_game_stopped'====== Args={}
2025-03-21 12:55:41,535 : INFO : EventManager : Event: ======'clear'====== Args={'key': 'game'}
2025-03-21 12:55:41,829 : ERROR : root : ClearCommError failed (PermissionError(13, 'The device does not recognize the command.', None, 22))
Traceback (most recent call last):
  File "C:\Users\User\AppData\Local\Programs\Python\Python312\Lib\site-packages\mpf\commands\game.py", line 229, in __init__
    self.machine.run()
  File "C:\Users\User\AppData\Local\Programs\Python\Python312\Lib\site-packages\mpf\core\machine.py", line 704, in run
    self._run_loop()
  File "C:\Users\User\AppData\Local\Programs\Python\Python312\Lib\site-packages\mpf\core\machine.py", line 804, in _run_loop
    self._crash_shutdown()
  File "C:\Users\User\AppData\Local\Programs\Python\Python312\Lib\site-packages\mpf\core\machine.py", line 749, in _crash_shutdown
    self._do_stop()
  File "C:\Users\User\AppData\Local\Programs\Python\Python312\Lib\site-packages\mpf\core\machine.py", line 740, in _do_stop
    self.shutdown()
  File "C:\Users\User\AppData\Local\Programs\Python\Python312\Lib\site-packages\mpf\core\machine.py", line 770, in shutdown
    self._platform_stop()
  File "C:\Users\User\AppData\Local\Programs\Python\Python312\Lib\site-packages\mpf\core\machine.py", line 820, in _platform_stop
    hardware_platform.stop()
  File "C:\Users\User\AppData\Local\Programs\Python\Python312\Lib\site-packages\mpf\platforms\fast\fast.py", line 173, in stop
    connection.stop()
  File "C:\Users\User\AppData\Local\Programs\Python\Python312\Lib\site-packages\mpf\platforms\fast\communicators\base.py", line 244, in stop
    self.machine.clock.loop.run_until_complete(self.writer.wait_closed())
  File "C:\Users\User\AppData\Local\Programs\Python\Python312\Lib\asyncio\base_events.py", line 687, in run_until_complete
    return future.result()
           ^^^^^^^^^^^^^^^
  File "C:\Users\User\AppData\Local\Programs\Python\Python312\Lib\asyncio\streams.py", line 364, in wait_closed
    await self._protocol._get_close_waiter(self)
  File "C:\Users\User\AppData\Local\Programs\Python\Python312\Lib\site-packages\serial_asyncio\__init__.py", line 290, in _poll_read
    if self.serial.in_waiting:
       ^^^^^^^^^^^^^^^^^^^^^^
  File "C:\Users\User\AppData\Local\Programs\Python\Python312\Lib\site-packages\serial\serialwin32.py", line 259, in in_waiting
    raise SerialException("ClearCommError failed ({!r})".format(ctypes.WinError()))
serial.serialutil.SerialException: ClearCommError failed (PermissionError(13, 'The device does not recognize the command.', None, 22))
