2025-03-15 15:40:09,166 : INFO : root : Loading config.
2025-03-15 15:40:09,176 : INFO : YamlMultifileConfigLoader : Machine config file #1: config.yaml
2025-03-15 15:40:09,177 : WARNING : ConfigProcessor : Config file in cache changed: C:\Users\User\Desktop\fast_homebrew_godot_v2\fast_homebrew_godot_v2\config\config.yaml
2025-03-15 15:40:09,177 : INFO : ConfigProcessor : Loading config from file C:\Users\User\AppData\Local\Programs\Python\Python312\Lib\site-packages\mpf\mpfconfig.yaml.
2025-03-15 15:40:09,213 : INFO : ConfigProcessor : Loading config: C:\Users\User\AppData\Local\Programs\Python\Python312\Lib\site-packages\mpf\mpfconfig.yaml
2025-03-15 15:40:09,214 : INFO : ConfigProcessor : Loading config from file C:\Users\User\Desktop\fast_homebrew_godot_v2\fast_homebrew_godot_v2\config\config.yaml.
2025-03-15 15:40:09,219 : INFO : ConfigProcessor : Loading config: C:\Users\User\Desktop\fast_homebrew_godot_v2\fast_homebrew_godot_v2\config\config.yaml
2025-03-15 15:40:09,221 : INFO : ConfigProcessor : Loading config: C:\Users\User\Desktop\fast_homebrew_godot_v2\fast_homebrew_godot_v2\config\lights.yaml
2025-03-15 15:40:09,225 : INFO : ConfigProcessor : Loading config: C:\Users\User\Desktop\fast_homebrew_godot_v2\fast_homebrew_godot_v2\config\coils.yaml
2025-03-15 15:40:09,236 : INFO : ConfigProcessor : Loading config: C:\Users\User\Desktop\fast_homebrew_godot_v2\fast_homebrew_godot_v2\config\switches.yaml
2025-03-15 15:40:09,238 : INFO : ConfigProcessor : Loading config: C:\Users\User\Desktop\fast_homebrew_godot_v2\fast_homebrew_godot_v2\config\images.yaml
2025-03-15 15:40:09,240 : INFO : ConfigProcessor : Loading config: C:\Users\User\Desktop\fast_homebrew_godot_v2\fast_homebrew_godot_v2\config\videos.yaml
2025-03-15 15:40:09,243 : INFO : ConfigProcessor : Config file cache created: C:\Users\User\AppData\Local\Temp\5682b9bdeb2b9ad8a31c13560e038609.mpf_cache
2025-03-15 15:40:09,471 : INFO : ConfigProcessor : Loading config from cache: C:\Users\User\AppData\Local\Temp\8422c6572f827355f8aade1949d04025.mpf_cache
2025-03-15 15:40:09,473 : INFO : ConfigProcessor : Loading config from cache: C:\Users\User\AppData\Local\Temp\1c0e7e9816717d8e62c4728dfe372999.mpf_cache
2025-03-15 15:40:09,474 : INFO : ConfigProcessor : Loading config from cache: C:\Users\User\AppData\Local\Temp\e3e8065d662ad307fa9574659e7e4e8e.mpf_cache
2025-03-15 15:40:09,476 : INFO : ConfigProcessor : Loading config from cache: C:\Users\User\AppData\Local\Temp\8422c6572f827355f8aade1949d04025.mpf_cache
2025-03-15 15:40:09,477 : INFO : Machine : Mission Pinball Framework Core Engine v0.80.0.dev6
2025-03-15 15:40:09,478 : INFO : Machine : Command line arguments: {'no_load_cache': False, 'create_config_cache': True, 'bcp': False, 'configfile': ['config.yaml'], 'force_assets_load': False, 'platform_integration_test': False, 'jsonlogging': False, 'logfile': 'logs\\2025-03-15-15-40-09-mpf-BERNIE.log', 'pause': False, 'production': False, 'text_ui': False, 'loglevel': 15, 'consoleloglevel': 20, 'force_platform': None, 'syslog_address': None, 'full_logfile_path': 'C:\\Users\\User\\Desktop\\fast_homebrew_godot_v2\\fast_homebrew_godot_v2\\logs\\2025-03-15-15-40-09-mpf-BERNIE.log'}
2025-03-15 15:40:09,481 : INFO : Machine : MPF path: C:\Users\User\AppData\Local\Programs\Python\Python312\Lib\site-packages\mpf
2025-03-15 15:40:09,481 : INFO : Machine : Machine path: C:\Users\User\Desktop\fast_homebrew_godot_v2\fast_homebrew_godot_v2
2025-03-15 15:40:09,482 : INFO : Machine : Platform: win32
2025-03-15 15:40:09,482 : INFO : Machine : Python executable location: C:\Users\User\AppData\Local\Programs\Python\Python312\python.exe
2025-03-15 15:40:09,482 : INFO : Machine : Python version: 3.12.3 (64-bit)
2025-03-15 15:40:09,486 : INFO : Machine : Initializing MPF...
2025-03-15 15:40:09,719 : INFO : FAST : Auto-detecting ports for the following connections: ['net']
2025-03-15 15:40:09,767 : INFO : FAST : Detected NET on port COM5
2025-03-15 15:40:09,878 : INFO : FAST [NET] : Trying to connect to COM5 at 921600bps
2025-03-15 15:40:09,888 : INFO : FAST [NET] : Connected to COM5 at 921600bps
2025-03-15 15:40:09,892 : INFO : FAST [NET] : Connected to FP-CPU-2000 with firmware v02.26
2025-03-15 15:40:09,924 : INFO : FAST [NET] : Registered I/O Board 0: Model: FP-I/O-3208, Firmware: 01.10, Switches: 32, Drivers: 8
2025-03-15 15:40:09,939 : INFO : FAST [NET] : Registered I/O Board 1: Model: FP-I/O-3208, Firmware: 01.10, Switches: 32, Drivers: 8
2025-03-15 15:40:09,939 : INFO : EventManager : Event: ======'machine_var_credits_string'====== Args={'value': 'FREE PLAY', 'prev_value': None, 'change': True}
2025-03-15 15:40:09,994 : INFO : EventManager : Event: ======'machine_var_master_volume'====== Args={'value': 0.5, 'prev_value': None, 'change': True}
2025-03-15 15:40:09,994 : INFO : EventManager : Event: ======'machine_var_mpf_version'====== Args={'value': 'Mission Pinball Framework v0.80.0.dev6', 'prev_value': None, 'change': True}
2025-03-15 15:40:09,995 : INFO : EventManager : Event: ======'machine_var_mpf_extended_version'====== Args={'value': 'Mission Pinball Framework v0.80.0.dev6, Config version:6, Show version: 6, BCP version:1.1', 'prev_value': None, 'change': True}
2025-03-15 15:40:09,995 : INFO : EventManager : Event: ======'machine_var_python_version'====== Args={'value': '3.12.3', 'prev_value': None, 'change': True}
2025-03-15 15:40:10,174 : INFO : EventManager : Event: ======'machine_var_platform'====== Args={'value': 'Windows-11-10.0.22631-SP0', 'prev_value': None, 'change': True}
2025-03-15 15:40:10,174 : INFO : EventManager : Event: ======'machine_var_platform_system'====== Args={'value': 'Windows', 'prev_value': None, 'change': True}
2025-03-15 15:40:10,174 : INFO : EventManager : Event: ======'machine_var_platform_release'====== Args={'value': '11', 'prev_value': None, 'change': True}
2025-03-15 15:40:10,174 : INFO : EventManager : Event: ======'machine_var_platform_version'====== Args={'value': '10.0.22631', 'prev_value': None, 'change': True}
2025-03-15 15:40:10,175 : INFO : EventManager : Event: ======'machine_var_platform_machine'====== Args={'value': 'AMD64', 'prev_value': None, 'change': True}
2025-03-15 15:40:10,175 : INFO : EventManager : Event: ======'machine_var_log_file_path'====== Args={'value': 'C:\\Users\\User\\Desktop\\fast_homebrew_godot_v2\\fast_homebrew_godot_v2\\logs\\2025-03-15-15-40-09-mpf-BERNIE.log', 'prev_value': None, 'change': True}
2025-03-15 15:40:10,175 : INFO : EventManager : Event: ======'init_phase_1'====== Args={}
2025-03-15 15:40:12,595 : INFO : SwitchController : <<<<<<< 's_trough_ball_jam' active >>>>>>>
2025-03-15 15:40:12,596 : INFO : SwitchController : <<<<<<< 's_trough_ball_1' active >>>>>>>
2025-03-15 15:40:12,596 : INFO : SwitchController : <<<<<<< 's_flipper_right' active >>>>>>>
2025-03-15 15:40:12,596 : INFO : EventManager : Event: ======'init_phase_2'====== Args={}
2025-03-15 15:40:12,597 : INFO : SwitchController : Found active switch: (6, [FAST Platform Interface]) <switch.s_trough_ball_jam>
2025-03-15 15:40:12,597 : INFO : SwitchController : Found active switch: (25, [FAST Platform Interface]) <switch.s_trough_ball_1>
2025-03-15 15:40:12,597 : INFO : SwitchController : Found active switch: (31, [FAST Platform Interface]) <switch.s_flipper_right>
2025-03-15 15:40:13,094 : INFO : ball_device.bd_trough : BCH: Initial count: 1
2025-03-15 15:40:13,095 : INFO : ball_device.bd_trough : State: idle
2025-03-15 15:40:13,096 : INFO : ball_device.bd_plunger : BCH: Initial count: 0
2025-03-15 15:40:13,096 : INFO : ball_device.bd_plunger : State: idle
2025-03-15 15:40:13,126 : INFO : EventManager : Event: ======'init_phase_3'====== Args={}
2025-03-15 15:40:13,133 : INFO : EventManager : Event: ======'init_phase_4'====== Args={}
2025-03-15 15:40:13,134 : INFO : BallController : Initial balls found: 1
2025-03-15 15:40:13,137 : INFO : EventManager : Event: ======'machine_var_audits_events_game_ended'====== Args={'value': 0, 'prev_value': None, 'change': True}
2025-03-15 15:40:13,137 : INFO : EventManager : Event: ======'machine_var_audits_events_game_started'====== Args={'value': 417, 'prev_value': None, 'change': True}
2025-03-15 15:40:13,137 : INFO : EventManager : Event: ======'machine_var_audits_missing_switches_s_eject_confirm'====== Args={'value': 14, 'prev_value': None, 'change': True}
2025-03-15 15:40:13,137 : INFO : EventManager : Event: ======'machine_var_audits_missing_switches_s_flipper_left'====== Args={'value': 1, 'prev_value': None, 'change': True}
2025-03-15 15:40:13,137 : INFO : EventManager : Event: ======'machine_var_audits_missing_switches_s_flipper_left_lower_eos'====== Args={'value': 1, 'prev_value': None, 'change': True}
2025-03-15 15:40:13,138 : INFO : EventManager : Event: ======'machine_var_audits_missing_switches_s_flipper_left_upper_eos'====== Args={'value': 1, 'prev_value': None, 'change': True}
2025-03-15 15:40:13,138 : INFO : EventManager : Event: ======'machine_var_audits_missing_switches_s_flipper_right'====== Args={'value': 28, 'prev_value': None, 'change': True}
2025-03-15 15:40:13,138 : INFO : EventManager : Event: ======'machine_var_audits_missing_switches_s_flipper_right_eos'====== Args={'value': 25, 'prev_value': None, 'change': True}
2025-03-15 15:40:13,138 : INFO : EventManager : Event: ======'machine_var_audits_missing_switches_s_launch'====== Args={'value': 6, 'prev_value': None, 'change': True}
2025-03-15 15:40:13,138 : INFO : EventManager : Event: ======'machine_var_audits_missing_switches_s_left_flipper'====== Args={'value': 363, 'prev_value': None, 'change': True}
2025-03-15 15:40:13,138 : INFO : EventManager : Event: ======'machine_var_audits_missing_switches_s_left_flipper_eos'====== Args={'value': 363, 'prev_value': None, 'change': True}
2025-03-15 15:40:13,138 : INFO : EventManager : Event: ======'machine_var_audits_missing_switches_s_left_inlane'====== Args={'value': 6, 'prev_value': None, 'change': True}
2025-03-15 15:40:13,138 : INFO : EventManager : Event: ======'machine_var_audits_missing_switches_s_left_inner_lane'====== Args={'value': 357, 'prev_value': None, 'change': True}
2025-03-15 15:40:13,138 : INFO : EventManager : Event: ======'machine_var_audits_missing_switches_s_left_outer_lane'====== Args={'value': 153, 'prev_value': None, 'change': True}
2025-03-15 15:40:13,138 : INFO : EventManager : Event: ======'machine_var_audits_missing_switches_s_left_outlane'====== Args={'value': 6, 'prev_value': None, 'change': True}
2025-03-15 15:40:13,139 : INFO : EventManager : Event: ======'machine_var_audits_missing_switches_s_left_sling'====== Args={'value': 363, 'prev_value': None, 'change': True}
2025-03-15 15:40:13,139 : INFO : EventManager : Event: ======'machine_var_audits_missing_switches_s_mead'====== Args={'value': 267, 'prev_value': None, 'change': True}
2025-03-15 15:40:13,139 : INFO : EventManager : Event: ======'machine_var_audits_missing_switches_s_percy'====== Args={'value': 85, 'prev_value': None, 'change': True}
2025-03-15 15:40:13,139 : INFO : EventManager : Event: ======'machine_var_audits_missing_switches_s_plunger'====== Args={'value': 2, 'prev_value': None, 'change': True}
2025-03-15 15:40:13,139 : INFO : EventManager : Event: ======'machine_var_audits_missing_switches_s_pop_bumper_1'====== Args={'value': 357, 'prev_value': None, 'change': True}
2025-03-15 15:40:13,139 : INFO : EventManager : Event: ======'machine_var_audits_missing_switches_s_pop_bumper_2'====== Args={'value': 357, 'prev_value': None, 'change': True}
2025-03-15 15:40:13,139 : INFO : EventManager : Event: ======'machine_var_audits_missing_switches_s_pop_bumper_3'====== Args={'value': 357, 'prev_value': None, 'change': True}
2025-03-15 15:40:13,139 : INFO : EventManager : Event: ======'machine_var_audits_missing_switches_s_right_flipper'====== Args={'value': 363, 'prev_value': None, 'change': True}
2025-03-15 15:40:13,139 : INFO : EventManager : Event: ======'machine_var_audits_missing_switches_s_right_flipper_eos'====== Args={'value': 363, 'prev_value': None, 'change': True}
2025-03-15 15:40:13,139 : INFO : EventManager : Event: ======'machine_var_audits_missing_switches_s_right_inlane'====== Args={'value': 6, 'prev_value': None, 'change': True}
2025-03-15 15:40:13,139 : INFO : EventManager : Event: ======'machine_var_audits_missing_switches_s_right_inner_lane'====== Args={'value': 357, 'prev_value': None, 'change': True}
2025-03-15 15:40:13,139 : INFO : EventManager : Event: ======'machine_var_audits_missing_switches_s_right_outer_lane'====== Args={'value': 357, 'prev_value': None, 'change': True}
2025-03-15 15:40:13,139 : INFO : EventManager : Event: ======'machine_var_audits_missing_switches_s_right_outlane'====== Args={'value': 6, 'prev_value': None, 'change': True}
2025-03-15 15:40:13,139 : INFO : EventManager : Event: ======'machine_var_audits_missing_switches_s_right_sling'====== Args={'value': 363, 'prev_value': None, 'change': True}
2025-03-15 15:40:13,139 : INFO : EventManager : Event: ======'machine_var_audits_missing_switches_s_scanlan'====== Args={'value': 204, 'prev_value': None, 'change': True}
2025-03-15 15:40:13,140 : INFO : EventManager : Event: ======'machine_var_audits_missing_switches_s_slingshot_2'====== Args={'value': 1, 'prev_value': None, 'change': True}
2025-03-15 15:40:13,140 : INFO : EventManager : Event: ======'machine_var_audits_missing_switches_s_start'====== Args={'value': 1, 'prev_value': None, 'change': True}
2025-03-15 15:40:13,140 : INFO : EventManager : Event: ======'machine_var_audits_missing_switches_s_trough_ball_1'====== Args={'value': 2, 'prev_value': None, 'change': True}
2025-03-15 15:40:13,140 : INFO : EventManager : Event: ======'machine_var_audits_missing_switches_s_trough_ball_2'====== Args={'value': 3, 'prev_value': None, 'change': True}
2025-03-15 15:40:13,140 : INFO : EventManager : Event: ======'machine_var_audits_missing_switches_s_trough_ball_3'====== Args={'value': 3, 'prev_value': None, 'change': True}
2025-03-15 15:40:13,140 : INFO : EventManager : Event: ======'machine_var_audits_missing_switches_s_trough_ball_4'====== Args={'value': 3, 'prev_value': None, 'change': True}
2025-03-15 15:40:13,140 : INFO : EventManager : Event: ======'machine_var_audits_missing_switches_s_trough_ball_5'====== Args={'value': 3, 'prev_value': None, 'change': True}
2025-03-15 15:40:13,140 : INFO : EventManager : Event: ======'machine_var_audits_missing_switches_s_trough_ball_6'====== Args={'value': 3, 'prev_value': None, 'change': True}
2025-03-15 15:40:13,140 : INFO : EventManager : Event: ======'machine_var_audits_missing_switches_s_trough_ball_jam'====== Args={'value': 391, 'prev_value': None, 'change': True}
2025-03-15 15:40:13,140 : INFO : EventManager : Event: ======'machine_var_audits_player_score'====== Args={'value': {'average': 0, 'top': [], 'total': 0}, 'prev_value': None, 'change': True}
2025-03-15 15:40:13,140 : INFO : EventManager : Event: ======'machine_var_audits_shots_mead_shot'====== Args={'value': 223, 'prev_value': None, 'change': True}
2025-03-15 15:40:13,141 : INFO : EventManager : Event: ======'machine_var_audits_shots_percy_shot'====== Args={'value': 56, 'prev_value': None, 'change': True}
2025-03-15 15:40:13,141 : INFO : EventManager : Event: ======'machine_var_audits_shots_scanlan_shot'====== Args={'value': 121, 'prev_value': None, 'change': True}
2025-03-15 15:40:13,141 : INFO : EventManager : Event: ======'machine_var_audits_shots_video_shot_1'====== Args={'value': 24, 'prev_value': None, 'change': True}
2025-03-15 15:40:13,141 : INFO : EventManager : Event: ======'machine_var_audits_shots_video_shot_2'====== Args={'value': 20, 'prev_value': None, 'change': True}
2025-03-15 15:40:13,141 : INFO : EventManager : Event: ======'machine_var_audits_switches_s_auto_launcher'====== Args={'value': 0, 'prev_value': None, 'change': True}
2025-03-15 15:40:13,142 : INFO : EventManager : Event: ======'machine_var_audits_switches_s_ball_drain'====== Args={'value': 0, 'prev_value': None, 'change': True}
2025-03-15 15:40:13,142 : INFO : EventManager : Event: ======'machine_var_audits_switches_s_eject_confirm'====== Args={'value': 0, 'prev_value': None, 'change': True}
2025-03-15 15:40:13,142 : INFO : EventManager : Event: ======'machine_var_audits_switches_s_flipper_left'====== Args={'value': 19, 'prev_value': None, 'change': True}
2025-03-15 15:40:13,142 : INFO : EventManager : Event: ======'machine_var_audits_switches_s_flipper_left_lower_eos'====== Args={'value': 11, 'prev_value': None, 'change': True}
2025-03-15 15:40:13,142 : INFO : EventManager : Event: ======'machine_var_audits_switches_s_flipper_left_upper_eos'====== Args={'value': 10, 'prev_value': None, 'change': True}
2025-03-15 15:40:13,142 : INFO : EventManager : Event: ======'machine_var_audits_switches_s_flipper_right'====== Args={'value': 0, 'prev_value': None, 'change': True}
2025-03-15 15:40:13,142 : INFO : EventManager : Event: ======'machine_var_audits_switches_s_flipper_right_eos'====== Args={'value': 3, 'prev_value': None, 'change': True}
2025-03-15 15:40:13,142 : INFO : EventManager : Event: ======'machine_var_audits_switches_s_launch'====== Args={'value': 0, 'prev_value': None, 'change': True}
2025-03-15 15:40:13,142 : INFO : EventManager : Event: ======'machine_var_audits_switches_s_left_flipper'====== Args={'value': 36, 'prev_value': None, 'change': True}
2025-03-15 15:40:13,142 : INFO : EventManager : Event: ======'machine_var_audits_switches_s_left_flipper_eos'====== Args={'value': 0, 'prev_value': None, 'change': True}
2025-03-15 15:40:13,142 : INFO : EventManager : Event: ======'machine_var_audits_switches_s_left_inlane'====== Args={'value': 0, 'prev_value': None, 'change': True}
2025-03-15 15:40:13,143 : INFO : EventManager : Event: ======'machine_var_audits_switches_s_left_inner_lane'====== Args={'value': 0, 'prev_value': None, 'change': True}
2025-03-15 15:40:13,143 : INFO : EventManager : Event: ======'machine_var_audits_switches_s_left_outer_lane'====== Args={'value': 0, 'prev_value': None, 'change': True}
2025-03-15 15:40:13,143 : INFO : EventManager : Event: ======'machine_var_audits_switches_s_left_outlane'====== Args={'value': 0, 'prev_value': None, 'change': True}
2025-03-15 15:40:13,143 : INFO : EventManager : Event: ======'machine_var_audits_switches_s_left_sling'====== Args={'value': 7, 'prev_value': None, 'change': True}
2025-03-15 15:40:13,143 : INFO : EventManager : Event: ======'machine_var_audits_switches_s_mead'====== Args={'value': 0, 'prev_value': None, 'change': True}
2025-03-15 15:40:13,143 : INFO : EventManager : Event: ======'machine_var_audits_switches_s_percy'====== Args={'value': 0, 'prev_value': None, 'change': True}
2025-03-15 15:40:13,143 : INFO : EventManager : Event: ======'machine_var_audits_switches_s_plunger'====== Args={'value': 17, 'prev_value': None, 'change': True}
2025-03-15 15:40:13,144 : INFO : EventManager : Event: ======'machine_var_audits_switches_s_pop_bumper_1'====== Args={'value': 0, 'prev_value': None, 'change': True}
2025-03-15 15:40:13,144 : INFO : EventManager : Event: ======'machine_var_audits_switches_s_pop_bumper_2'====== Args={'value': 0, 'prev_value': None, 'change': True}
2025-03-15 15:40:13,144 : INFO : EventManager : Event: ======'machine_var_audits_switches_s_pop_bumper_3'====== Args={'value': 0, 'prev_value': None, 'change': True}
2025-03-15 15:40:13,146 : INFO : EventManager : Event: ======'machine_var_audits_switches_s_pop_bumper_cc_1'====== Args={'value': 12, 'prev_value': None, 'change': True}
2025-03-15 15:40:13,146 : INFO : EventManager : Event: ======'machine_var_audits_switches_s_pop_bumper_cc_2'====== Args={'value': 12, 'prev_value': None, 'change': True}
2025-03-15 15:40:13,146 : INFO : EventManager : Event: ======'machine_var_audits_switches_s_pop_bumper_cc_3'====== Args={'value': 10, 'prev_value': None, 'change': True}
2025-03-15 15:40:13,146 : INFO : EventManager : Event: ======'machine_var_audits_switches_s_pop_bumper_m'====== Args={'value': 13, 'prev_value': None, 'change': True}
2025-03-15 15:40:13,146 : INFO : EventManager : Event: ======'machine_var_audits_switches_s_right_flipper'====== Args={'value': 131, 'prev_value': None, 'change': True}
2025-03-15 15:40:13,147 : INFO : EventManager : Event: ======'machine_var_audits_switches_s_right_flipper_eos'====== Args={'value': 0, 'prev_value': None, 'change': True}
2025-03-15 15:40:13,147 : INFO : EventManager : Event: ======'machine_var_audits_switches_s_right_inlane'====== Args={'value': 0, 'prev_value': None, 'change': True}
2025-03-15 15:40:13,147 : INFO : EventManager : Event: ======'machine_var_audits_switches_s_right_inner_lane'====== Args={'value': 0, 'prev_value': None, 'change': True}
2025-03-15 15:40:13,147 : INFO : EventManager : Event: ======'machine_var_audits_switches_s_right_outer_lane'====== Args={'value': 0, 'prev_value': None, 'change': True}
2025-03-15 15:40:13,147 : INFO : EventManager : Event: ======'machine_var_audits_switches_s_right_outlane'====== Args={'value': 0, 'prev_value': None, 'change': True}
2025-03-15 15:40:13,147 : INFO : EventManager : Event: ======'machine_var_audits_switches_s_right_sling'====== Args={'value': 3, 'prev_value': None, 'change': True}
2025-03-15 15:40:13,147 : INFO : EventManager : Event: ======'machine_var_audits_switches_s_scanlan'====== Args={'value': 0, 'prev_value': None, 'change': True}
2025-03-15 15:40:13,147 : INFO : EventManager : Event: ======'machine_var_audits_switches_s_slingshot_1'====== Args={'value': 13, 'prev_value': None, 'change': True}
2025-03-15 15:40:13,147 : INFO : EventManager : Event: ======'machine_var_audits_switches_s_slingshot_2'====== Args={'value': 7, 'prev_value': None, 'change': True}
2025-03-15 15:40:13,147 : INFO : EventManager : Event: ======'machine_var_audits_switches_s_start'====== Args={'value': 140, 'prev_value': None, 'change': True}
2025-03-15 15:40:13,147 : INFO : EventManager : Event: ======'machine_var_audits_switches_s_switch_2'====== Args={'value': 0, 'prev_value': None, 'change': True}
2025-03-15 15:40:13,147 : INFO : EventManager : Event: ======'machine_var_audits_switches_s_trough_ball_1'====== Args={'value': 13, 'prev_value': None, 'change': True}
2025-03-15 15:40:13,147 : INFO : EventManager : Event: ======'machine_var_audits_switches_s_trough_ball_2'====== Args={'value': 8, 'prev_value': None, 'change': True}
2025-03-15 15:40:13,147 : INFO : EventManager : Event: ======'machine_var_audits_switches_s_trough_ball_3'====== Args={'value': 5, 'prev_value': None, 'change': True}
2025-03-15 15:40:13,147 : INFO : EventManager : Event: ======'machine_var_audits_switches_s_trough_ball_4'====== Args={'value': 4, 'prev_value': None, 'change': True}
2025-03-15 15:40:13,147 : INFO : EventManager : Event: ======'machine_var_audits_switches_s_trough_ball_5'====== Args={'value': 4, 'prev_value': None, 'change': True}
2025-03-15 15:40:13,149 : INFO : EventManager : Event: ======'machine_var_audits_switches_s_trough_ball_6'====== Args={'value': 5, 'prev_value': None, 'change': True}
2025-03-15 15:40:13,149 : INFO : EventManager : Event: ======'machine_var_audits_switches_s_trough_ball_jam'====== Args={'value': 3, 'prev_value': None, 'change': True}
2025-03-15 15:40:13,150 : INFO : EventManager : Event: ======'machine_var_audits_switches_s_trough_eject_coil'====== Args={'value': 0, 'prev_value': None, 'change': True}
2025-03-15 15:40:13,152 : INFO : EventManager : Event: ======'init_phase_5'====== Args={}
2025-03-15 15:40:13,155 : INFO : EventManager : Event: ======'init_done'====== Args={}
2025-03-15 15:40:13,156 : INFO : EventManager : Event: ======'machine_reset_phase_1'====== Args={}
2025-03-15 15:40:13,156 : INFO : EventManager : Event: ======'machine_reset_phase_2'====== Args={}
2025-03-15 15:40:13,157 : INFO : EventManager : Event: ======'machine_reset_phase_3'====== Args={}
2025-03-15 15:40:13,158 : INFO : EventManager : Event: ======'reset_complete'====== Args={}
2025-03-15 15:40:13,159 : INFO : EventManager : Event: ======'mode_attract_will_start'====== Args={}
2025-03-15 15:40:13,160 : INFO : EventManager : Event: ======'mode_attract_starting'====== Args={}
2025-03-15 15:40:13,160 : INFO : Mode.attract : Started. Priority: 10
2025-03-15 15:40:13,164 : INFO : EventManager : Event: ======'modes_active_modes_changed'====== Args={}
2025-03-15 15:40:13,164 : INFO : EventManager : Event: ======'mode_attract_started'====== Args={}
2025-03-15 15:40:13,164 : INFO : EventManager : Event: ======'collecting_balls_complete'====== Args={}
2025-03-15 15:40:13,165 : INFO : Machine : Starting the main run loop with active modes: [<Mode.attract>]
2025-03-15 15:40:13,190 : INFO : SwitchController : <<<<<<< 's_flipper_right_eos' active >>>>>>>
2025-03-15 15:41:30,144 : INFO : SwitchController : <<<<<<< 's_trough_ball_2' active >>>>>>>
2025-03-15 15:41:30,221 : INFO : SwitchController : <<<<<<< 's_trough_ball_2' inactive >>>>>>>
2025-03-15 15:41:50,691 : INFO : SwitchController : <<<<<<< 's_start' active >>>>>>>
2025-03-15 15:41:50,753 : INFO : SwitchController : <<<<<<< 's_start' inactive >>>>>>>
2025-03-15 15:41:50,753 : INFO : EventManager : Event: ======'request_to_start_game'====== Args={}
2025-03-15 15:41:50,754 : INFO : EventManager : Event: ======'game_start'====== Args={'buttons': [], 'hold_time': 0.06300000008195639}
2025-03-15 15:41:50,754 : INFO : EventManager : Event: ======'mode_game_will_start'====== Args={'buttons': [], 'hold_time': 0.06300000008195639}
2025-03-15 15:41:50,755 : INFO : EventManager : Event: ======'mode_game_starting'====== Args={'buttons': [], 'hold_time': 0.06300000008195639}
2025-03-15 15:41:50,755 : INFO : EventManager : Event: ======'mode_attract_will_stop'====== Args={}
2025-03-15 15:41:50,755 : INFO : EventManager : Event: ======'mode_attract_stopping'====== Args={}
2025-03-15 15:41:50,755 : INFO : Mode.game : Started. Priority: 20
2025-03-15 15:41:50,755 : INFO : EventManager : Event: ======'modes_active_modes_changed'====== Args={}
2025-03-15 15:41:50,755 : INFO : EventManager : Event: ======'mode_game_started'====== Args={'buttons': [], 'hold_time': 0.06300000008195639}
2025-03-15 15:41:50,756 : INFO : Mode.attract : Stopped.
2025-03-15 15:41:50,756 : INFO : EventManager : Event: ======'modes_active_modes_changed'====== Args={}
2025-03-15 15:41:50,756 : INFO : EventManager : Event: ======'mode_attract_stopped'====== Args={}
2025-03-15 15:41:50,756 : INFO : EventManager : Event: ======'clear'====== Args={'key': 'attract'}
2025-03-15 15:41:50,757 : INFO : EventManager : Event: ======'game_will_start'====== Args={}
2025-03-15 15:41:50,757 : INFO : EventManager : Event: ======'game_starting'====== Args={'game': <Mode.game>}
2025-03-15 15:41:50,758 : INFO : EventManager : Unordered handler for class <Auditor> on event game_ended with priority 1. Handlers: [RegisteredHandler(callback=<bound method Auditor.disable of <Auditor>>, priority=1, kwargs={}, key=UUID('ecef9306-c66b-4f02-9f02-15c07766d2ef'), condition=None, blocking_facility=None), RegisteredHandler(callback=<bound method Auditor._save_audits of <Auditor>>, priority=1, kwargs={}, key=UUID('58bcab30-486d-4a39-a7cb-467f950baf16'), condition=None, blocking_facility=None)]. The order of those handlers is not defined and they will be executed in random order. This might lead to race conditions and potential bugs.
2025-03-15 15:41:50,759 : INFO : EventManager : Event: ======'player_add_request'====== Args={}
2025-03-15 15:41:50,759 : INFO : EventManager : Event: ======'player_will_add'====== Args={'number': 1}
2025-03-15 15:41:50,759 : INFO : EventManager : Event: ======'player_adding'====== Args={'player': <Player 1>, 'number': 1}
2025-03-15 15:41:50,759 : INFO : EventManager : Event: ======'player_added'====== Args={'player': <Player 1>, 'num': 1}
2025-03-15 15:41:50,759 : INFO : Mode.game : Player added successfully. Total players: 1
2025-03-15 15:41:50,759 : INFO : EventManager : Event: ======'player_index'====== Args={'value': 0, 'prev_value': 0, 'change': 0, 'player_num': 1}
2025-03-15 15:41:50,759 : INFO : EventManager : Event: ======'player_number'====== Args={'value': 1, 'prev_value': 1, 'change': 0, 'player_num': 1}
2025-03-15 15:41:50,759 : INFO : EventManager : Event: ======'player_score'====== Args={'value': 0, 'prev_value': 0, 'change': 0, 'player_num': 1}
2025-03-15 15:41:50,759 : INFO : EventManager : Event: ======'game_started'====== Args={}
2025-03-15 15:41:50,762 : INFO : EventManager : Event: ======'player_turn_will_start'====== Args={'player': <Player 1>, 'number': 1}
2025-03-15 15:41:50,763 : INFO : EventManager : Event: ======'player_turn_starting'====== Args={'player': <Player 1>, 'number': 1}
2025-03-15 15:41:50,763 : INFO : EventManager : Event: ======'player_ball'====== Args={'value': 1, 'prev_value': 0, 'change': 1, 'player_num': 1}
2025-03-15 15:41:50,763 : INFO : EventManager : Event: ======'player_turn_started'====== Args={'player': <Player 1>, 'number': 1}
2025-03-15 15:41:50,764 : INFO : EventManager : Event: ======'ball_will_start'====== Args={'player': 1, 'ball': 1, 'balls_remaining': 2, 'is_extra_ball': False}
2025-03-15 15:41:50,764 : INFO : EventManager : Event: ======'ball_starting'====== Args={'player': 1, 'ball': 1, 'balls_remaining': 2, 'is_extra_ball': False}
2025-03-15 15:41:50,765 : INFO : EventManager : Event: ======'balls_in_play'====== Args={'balls': 1}
2025-03-15 15:41:50,765 : INFO : EventManager : Event: ======'ball_started'====== Args={'player': 1, 'ball': 1, 'balls_remaining': 2, 'is_extra_ball': False}
2025-03-15 15:41:50,765 : INFO : EventManager : Event: ======'mode_base_will_start'====== Args={'player': 1, 'ball': 1, 'balls_remaining': 2, 'is_extra_ball': False}
2025-03-15 15:41:50,765 : INFO : EventManager : Event: ======'mode_base_starting'====== Args={'player': 1, 'ball': 1, 'balls_remaining': 2, 'is_extra_ball': False}
2025-03-15 15:41:50,766 : INFO : Mode.base : Started. Priority: 100
2025-03-15 15:41:50,766 : INFO : EventManager : Event: ======'modes_active_modes_changed'====== Args={}
2025-03-15 15:41:50,766 : INFO : EventManager : Event: ======'mode_base_started'====== Args={'player': 1, 'ball': 1, 'balls_remaining': 2, 'is_extra_ball': False}
2025-03-15 15:41:50,767 : INFO : EventManager : Event: ======'single_player_ball_started'====== Args={}
2025-03-15 15:41:50,768 : INFO : EventManager : Event: ======'ball_start_target'====== Args={'target': 'playfield'}
2025-03-15 15:41:50,768 : INFO : ball_device.bd_plunger : Setting up player-controlled eject. Balls: 1, Target: <playfield.playfield>, player_controlled_eject_event: None
2025-03-15 15:41:50,768 : INFO : EventManager : Event: ======'balldevice_balls_available'====== Args={}
2025-03-15 15:41:50,783 : INFO : ball_device.bd_trough : State: waiting_for_target_ready
2025-03-15 15:41:50,783 : INFO : EventManager : Event: ======'balldevice_bd_trough_ball_eject_attempt'====== Args={'balls': 1, 'target': <ball_device.bd_plunger>, 'source': <ball_device.bd_trough>, 'mechanical_eject': True, 'num_attempts': 0}
2025-03-15 15:41:50,783 : INFO : ball_device.bd_plunger : State: waiting_for_ball
2025-03-15 15:41:50,784 : INFO : ball_device.bd_trough : State: ejecting
2025-03-15 15:41:50,784 : INFO : ball_device.bd_trough : Ejecting ball to <ball_device.bd_plunger>
2025-03-15 15:41:50,784 : INFO : EventManager : Event: ======'balldevice_bd_trough_ejecting_ball'====== Args={'balls': 1, 'target': <ball_device.bd_plunger>, 'source': <ball_device.bd_trough>, 'mechanical_eject': True, 'num_attempts': 0}
2025-03-15 15:41:50,785 : INFO : ball_device.bd_trough : Wait for ball to leave device
2025-03-15 15:41:50,816 : INFO : SwitchController : <<<<<<< 's_start' active >>>>>>>
2025-03-15 15:41:50,816 : INFO : EventManager : Event: ======'sw_start'====== Args={}
2025-03-15 15:41:50,817 : INFO : EventManager : Event: ======'machine_var_audits_switches_s_start'====== Args={'value': 141, 'prev_value': 140, 'change': 1}
2025-03-15 15:41:50,817 : INFO : EventManager : Event: ======'player_add_request'====== Args={}
2025-03-15 15:41:50,817 : INFO : EventManager : Event: ======'player_will_add'====== Args={'number': 2}
2025-03-15 15:41:50,818 : INFO : EventManager : Event: ======'player_adding'====== Args={'player': <Player 2>, 'number': 2}
2025-03-15 15:41:50,818 : INFO : EventManager : Event: ======'player_added'====== Args={'player': <Player 2>, 'num': 2}
2025-03-15 15:41:50,818 : INFO : Mode.game : Player added successfully. Total players: 2
2025-03-15 15:41:50,818 : INFO : EventManager : Event: ======'multiplayer_game'====== Args={}
2025-03-15 15:41:50,818 : INFO : EventManager : Event: ======'player_index'====== Args={'value': 1, 'prev_value': 1, 'change': 0, 'player_num': 2}
2025-03-15 15:41:50,818 : INFO : EventManager : Event: ======'player_number'====== Args={'value': 2, 'prev_value': 2, 'change': 0, 'player_num': 2}
2025-03-15 15:41:50,818 : INFO : EventManager : Event: ======'player_score'====== Args={'value': 0, 'prev_value': 0, 'change': 0, 'player_num': 2}
2025-03-15 15:41:50,848 : INFO : SwitchController : <<<<<<< 's_start' inactive >>>>>>>
2025-03-15 15:41:51,052 : INFO : SwitchController : <<<<<<< 's_start' active >>>>>>>
2025-03-15 15:41:51,052 : INFO : EventManager : Event: ======'sw_start'====== Args={}
2025-03-15 15:41:51,053 : INFO : EventManager : Event: ======'machine_var_audits_switches_s_start'====== Args={'value': 142, 'prev_value': 141, 'change': 1}
2025-03-15 15:41:51,053 : INFO : EventManager : Event: ======'player_add_request'====== Args={}
2025-03-15 15:41:51,053 : INFO : EventManager : Event: ======'player_will_add'====== Args={'number': 3}
2025-03-15 15:41:51,053 : INFO : EventManager : Event: ======'player_adding'====== Args={'player': <Player 3>, 'number': 3}
2025-03-15 15:41:51,053 : INFO : EventManager : Event: ======'player_added'====== Args={'player': <Player 3>, 'num': 3}
2025-03-15 15:41:51,053 : INFO : Mode.game : Player added successfully. Total players: 3
2025-03-15 15:41:51,054 : INFO : EventManager : Event: ======'player_index'====== Args={'value': 2, 'prev_value': 2, 'change': 0, 'player_num': 3}
2025-03-15 15:41:51,054 : INFO : EventManager : Event: ======'player_number'====== Args={'value': 3, 'prev_value': 3, 'change': 0, 'player_num': 3}
2025-03-15 15:41:51,054 : INFO : EventManager : Event: ======'player_score'====== Args={'value': 0, 'prev_value': 0, 'change': 0, 'player_num': 3}
2025-03-15 15:41:51,068 : INFO : SwitchController : <<<<<<< 's_start' inactive >>>>>>>
2025-03-15 15:41:51,068 : INFO : SwitchController : <<<<<<< 's_start' active >>>>>>>
2025-03-15 15:41:51,068 : INFO : EventManager : Event: ======'sw_start'====== Args={}
2025-03-15 15:41:51,068 : INFO : EventManager : Event: ======'machine_var_audits_switches_s_start'====== Args={'value': 143, 'prev_value': 142, 'change': 1}
2025-03-15 15:41:51,068 : INFO : EventManager : Event: ======'player_add_request'====== Args={}
2025-03-15 15:41:51,068 : INFO : EventManager : Event: ======'player_will_add'====== Args={'number': 4}
2025-03-15 15:41:51,068 : INFO : EventManager : Event: ======'player_adding'====== Args={'player': <Player 4>, 'number': 4}
2025-03-15 15:41:51,068 : INFO : EventManager : Event: ======'player_added'====== Args={'player': <Player 4>, 'num': 4}
2025-03-15 15:41:51,069 : INFO : Mode.game : Player added successfully. Total players: 4
2025-03-15 15:41:51,069 : INFO : EventManager : Event: ======'player_index'====== Args={'value': 3, 'prev_value': 3, 'change': 0, 'player_num': 4}
2025-03-15 15:41:51,069 : INFO : EventManager : Event: ======'player_number'====== Args={'value': 4, 'prev_value': 4, 'change': 0, 'player_num': 4}
2025-03-15 15:41:51,069 : INFO : EventManager : Event: ======'player_score'====== Args={'value': 0, 'prev_value': 0, 'change': 0, 'player_num': 4}
2025-03-15 15:41:51,098 : INFO : SwitchController : <<<<<<< 's_start' inactive >>>>>>>
2025-03-15 15:41:51,377 : INFO : SwitchController : <<<<<<< 's_start' active >>>>>>>
2025-03-15 15:41:51,377 : INFO : EventManager : Event: ======'sw_start'====== Args={}
2025-03-15 15:41:51,377 : INFO : EventManager : Event: ======'machine_var_audits_switches_s_start'====== Args={'value': 144, 'prev_value': 143, 'change': 1}
2025-03-15 15:41:51,423 : INFO : SwitchController : <<<<<<< 's_start' inactive >>>>>>>
2025-03-15 15:41:51,595 : INFO : SwitchController : <<<<<<< 's_start' active >>>>>>>
2025-03-15 15:41:51,595 : INFO : EventManager : Event: ======'sw_start'====== Args={}
2025-03-15 15:41:51,595 : INFO : EventManager : Event: ======'machine_var_audits_switches_s_start'====== Args={'value': 145, 'prev_value': 144, 'change': 1}
2025-03-15 15:41:51,611 : INFO : SwitchController : <<<<<<< 's_start' inactive >>>>>>>
2025-03-15 15:41:51,626 : INFO : SwitchController : <<<<<<< 's_start' active >>>>>>>
2025-03-15 15:41:51,627 : INFO : EventManager : Event: ======'sw_start'====== Args={}
2025-03-15 15:41:51,627 : INFO : EventManager : Event: ======'machine_var_audits_switches_s_start'====== Args={'value': 146, 'prev_value': 145, 'change': 1}
2025-03-15 15:41:51,671 : INFO : SwitchController : <<<<<<< 's_start' inactive >>>>>>>
2025-03-15 15:41:51,906 : INFO : SwitchController : <<<<<<< 's_start' active >>>>>>>
2025-03-15 15:41:51,907 : INFO : EventManager : Event: ======'sw_start'====== Args={}
2025-03-15 15:41:51,907 : INFO : EventManager : Event: ======'machine_var_audits_switches_s_start'====== Args={'value': 147, 'prev_value': 146, 'change': 1}
2025-03-15 15:41:51,983 : INFO : SwitchController : <<<<<<< 's_start' inactive >>>>>>>
2025-03-15 15:41:52,014 : INFO : SwitchController : <<<<<<< 's_start' active >>>>>>>
2025-03-15 15:41:52,015 : INFO : EventManager : Event: ======'sw_start'====== Args={}
2025-03-15 15:41:52,015 : INFO : EventManager : Event: ======'machine_var_audits_switches_s_start'====== Args={'value': 148, 'prev_value': 147, 'change': 1}
2025-03-15 15:41:52,093 : INFO : SwitchController : <<<<<<< 's_start' inactive >>>>>>>
2025-03-15 15:41:52,094 : INFO : SwitchController : <<<<<<< 's_start' active >>>>>>>
2025-03-15 15:41:52,094 : INFO : EventManager : Event: ======'sw_start'====== Args={}
2025-03-15 15:41:52,094 : INFO : EventManager : Event: ======'machine_var_audits_switches_s_start'====== Args={'value': 149, 'prev_value': 148, 'change': 1}
2025-03-15 15:41:52,137 : INFO : SwitchController : <<<<<<< 's_start' inactive >>>>>>>
2025-03-15 15:42:09,864 : INFO : Machine : Shutting down...
2025-03-15 15:42:09,864 : INFO : EventManager : Event: ======'shutdown'====== Args={}
2025-03-15 15:42:09,866 : INFO : EventManager : Event: ======'mode_game_will_stop'====== Args={}
2025-03-15 15:42:09,866 : INFO : EventManager : Event: ======'mode_game_stopping'====== Args={}
2025-03-15 15:42:09,867 : INFO : EventManager : Event: ======'mode_base_will_stop'====== Args={}
2025-03-15 15:42:09,867 : INFO : EventManager : Event: ======'mode_base_stopping'====== Args={}
2025-03-15 15:42:09,868 : INFO : Mode.base : Stopped.
2025-03-15 15:42:09,868 : INFO : EventManager : Event: ======'modes_active_modes_changed'====== Args={}
2025-03-15 15:42:09,868 : INFO : EventManager : Event: ======'mode_base_stopped'====== Args={}
2025-03-15 15:42:09,868 : INFO : EventManager : Event: ======'clear'====== Args={'key': 'base'}
2025-03-15 15:42:09,868 : INFO : Mode.game : Stopped.
2025-03-15 15:42:09,868 : INFO : EventManager : Event: ======'modes_active_modes_changed'====== Args={}
2025-03-15 15:42:09,868 : INFO : EventManager : Event: ======'mode_game_stopped'====== Args={}
2025-03-15 15:42:09,868 : INFO : EventManager : Event: ======'clear'====== Args={'key': 'game'}
2025-03-15 15:42:09,962 : INFO : SwitchController : <<<<<<< 's_flipper_right_eos' inactive >>>>>>>
2025-03-15 15:42:09,965 : INFO : root : MPF run loop ended.
