2025-03-15 15:55:22,217 : INFO : root : Loading config.
2025-03-15 15:55:22,225 : INFO : YamlMultifileConfigLoader : Machine config file #1: config.yaml
2025-03-15 15:55:22,226 : INFO : ConfigProcessor : Loading config from cache: C:\Users\User\AppData\Local\Temp\5682b9bdeb2b9ad8a31c13560e038609.mpf_cache
2025-03-15 15:55:22,459 : INFO : ConfigProcessor : Loading config from cache: C:\Users\User\AppData\Local\Temp\8422c6572f827355f8aade1949d04025.mpf_cache
2025-03-15 15:55:22,463 : INFO : ConfigProcessor : Loading config from cache: C:\Users\User\AppData\Local\Temp\1c0e7e9816717d8e62c4728dfe372999.mpf_cache
2025-03-15 15:55:22,468 : INFO : ConfigProcessor : Loading config from cache: C:\Users\User\AppData\Local\Temp\e3e8065d662ad307fa9574659e7e4e8e.mpf_cache
2025-03-15 15:55:22,470 : INFO : ConfigProcessor : Loading config from cache: C:\Users\User\AppData\Local\Temp\8422c6572f827355f8aade1949d04025.mpf_cache
2025-03-15 15:55:22,472 : INFO : Machine : Mission Pinball Framework Core Engine v0.80.0.dev6
2025-03-15 15:55:22,472 : INFO : Machine : Command line arguments: {'no_load_cache': False, 'create_config_cache': True, 'bcp': False, 'configfile': ['config.yaml'], 'force_assets_load': False, 'platform_integration_test': False, 'jsonlogging': False, 'logfile': 'logs\\2025-03-15-15-55-22-mpf-BERNIE.log', 'pause': False, 'production': False, 'text_ui': False, 'loglevel': 15, 'consoleloglevel': 20, 'force_platform': None, 'syslog_address': None, 'full_logfile_path': 'C:\\Users\\User\\Desktop\\fast_homebrew_godot_v2\\fast_homebrew_godot_v2\\logs\\2025-03-15-15-55-22-mpf-BERNIE.log'}
2025-03-15 15:55:22,472 : INFO : Machine : MPF path: C:\Users\User\AppData\Local\Programs\Python\Python312\Lib\site-packages\mpf
2025-03-15 15:55:22,472 : INFO : Machine : Machine path: C:\Users\User\Desktop\fast_homebrew_godot_v2\fast_homebrew_godot_v2
2025-03-15 15:55:22,473 : INFO : Machine : Platform: win32
2025-03-15 15:55:22,473 : INFO : Machine : Python executable location: C:\Users\User\AppData\Local\Programs\Python\Python312\python.exe
2025-03-15 15:55:22,473 : INFO : Machine : Python version: 3.12.3 (64-bit)
2025-03-15 15:55:22,476 : INFO : Machine : Initializing MPF...
2025-03-15 15:55:22,707 : INFO : FAST : Auto-detecting ports for the following connections: ['net']
2025-03-15 15:55:22,765 : INFO : FAST : Detected NET on port COM5
2025-03-15 15:55:22,875 : INFO : FAST [NET] : Trying to connect to COM5 at 921600bps
2025-03-15 15:55:22,883 : INFO : FAST [NET] : Connected to COM5 at 921600bps
2025-03-15 15:55:22,887 : INFO : FAST [NET] : Connected to FP-CPU-2000 with firmware v02.26
2025-03-15 15:55:22,903 : INFO : FAST [NET] : Registered I/O Board 0: Model: FP-I/O-3208, Firmware: 01.10, Switches: 32, Drivers: 8
2025-03-15 15:55:22,927 : INFO : FAST [NET] : Registered I/O Board 1: Model: FP-I/O-3208, Firmware: 01.10, Switches: 32, Drivers: 8
2025-03-15 15:55:22,929 : INFO : EventManager : Event: ======'machine_var_credits_string'====== Args={'value': 'FREE PLAY', 'prev_value': None, 'change': True}
2025-03-15 15:55:22,999 : INFO : EventManager : Event: ======'machine_var_master_volume'====== Args={'value': 0.5, 'prev_value': None, 'change': True}
2025-03-15 15:55:22,999 : INFO : EventManager : Event: ======'machine_var_player1_score'====== Args={'value': 0, 'prev_value': None, 'change': True}
2025-03-15 15:55:23,000 : INFO : EventManager : Event: ======'machine_var_mpf_version'====== Args={'value': 'Mission Pinball Framework v0.80.0.dev6', 'prev_value': None, 'change': True}
2025-03-15 15:55:23,000 : INFO : EventManager : Event: ======'machine_var_mpf_extended_version'====== Args={'value': 'Mission Pinball Framework v0.80.0.dev6, Config version:6, Show version: 6, BCP version:1.1', 'prev_value': None, 'change': True}
2025-03-15 15:55:23,000 : INFO : EventManager : Event: ======'machine_var_python_version'====== Args={'value': '3.12.3', 'prev_value': None, 'change': True}
2025-03-15 15:55:23,148 : INFO : EventManager : Event: ======'machine_var_platform'====== Args={'value': 'Windows-11-10.0.22631-SP0', 'prev_value': None, 'change': True}
2025-03-15 15:55:23,148 : INFO : EventManager : Event: ======'machine_var_platform_system'====== Args={'value': 'Windows', 'prev_value': None, 'change': True}
2025-03-15 15:55:23,148 : INFO : EventManager : Event: ======'machine_var_platform_release'====== Args={'value': '11', 'prev_value': None, 'change': True}
2025-03-15 15:55:23,148 : INFO : EventManager : Event: ======'machine_var_platform_version'====== Args={'value': '10.0.22631', 'prev_value': None, 'change': True}
2025-03-15 15:55:23,148 : INFO : EventManager : Event: ======'machine_var_platform_machine'====== Args={'value': 'AMD64', 'prev_value': None, 'change': True}
2025-03-15 15:55:23,148 : INFO : EventManager : Event: ======'machine_var_log_file_path'====== Args={'value': 'C:\\Users\\User\\Desktop\\fast_homebrew_godot_v2\\fast_homebrew_godot_v2\\logs\\2025-03-15-15-55-22-mpf-BERNIE.log', 'prev_value': None, 'change': True}
2025-03-15 15:55:23,148 : INFO : EventManager : Event: ======'init_phase_1'====== Args={}
2025-03-15 15:55:25,727 : INFO : SwitchController : <<<<<<< 's_trough_ball_jam' active >>>>>>>
2025-03-15 15:55:25,727 : INFO : SwitchController : <<<<<<< 's_trough_ball_1' active >>>>>>>
2025-03-15 15:55:25,727 : INFO : EventManager : Event: ======'init_phase_2'====== Args={}
2025-03-15 15:55:25,728 : INFO : SwitchController : Found active switch: (6, [FAST Platform Interface]) <switch.s_trough_ball_jam>
2025-03-15 15:55:25,728 : INFO : SwitchController : Found active switch: (26, [FAST Platform Interface]) <switch.s_trough_ball_1>
2025-03-15 15:55:26,227 : INFO : ball_device.bd_trough : BCH: Initial count: 1
2025-03-15 15:55:26,228 : INFO : ball_device.bd_trough : State: idle
2025-03-15 15:55:26,229 : INFO : ball_device.bd_plunger : BCH: Initial count: 0
2025-03-15 15:55:26,229 : INFO : ball_device.bd_plunger : State: idle
2025-03-15 15:55:26,288 : INFO : EventManager : Event: ======'init_phase_3'====== Args={}
2025-03-15 15:55:26,292 : INFO : EventManager : Event: ======'init_phase_4'====== Args={}
2025-03-15 15:55:26,294 : INFO : BallController : Initial balls found: 1
2025-03-15 15:55:26,298 : INFO : EventManager : Event: ======'machine_var_audits_events_game_ended'====== Args={'value': 2, 'prev_value': None, 'change': True}
2025-03-15 15:55:26,298 : INFO : EventManager : Event: ======'machine_var_audits_events_game_started'====== Args={'value': 428, 'prev_value': None, 'change': True}
2025-03-15 15:55:26,298 : INFO : EventManager : Event: ======'machine_var_audits_missing_switches_s_eject_confirm'====== Args={'value': 14, 'prev_value': None, 'change': True}
2025-03-15 15:55:26,298 : INFO : EventManager : Event: ======'machine_var_audits_missing_switches_s_flipper_left'====== Args={'value': 12, 'prev_value': None, 'change': True}
2025-03-15 15:55:26,298 : INFO : EventManager : Event: ======'machine_var_audits_missing_switches_s_flipper_left_lower_eos'====== Args={'value': 6, 'prev_value': None, 'change': True}
2025-03-15 15:55:26,298 : INFO : EventManager : Event: ======'machine_var_audits_missing_switches_s_flipper_left_upper_eos'====== Args={'value': 6, 'prev_value': None, 'change': True}
2025-03-15 15:55:26,298 : INFO : EventManager : Event: ======'machine_var_audits_missing_switches_s_flipper_right'====== Args={'value': 39, 'prev_value': None, 'change': True}
2025-03-15 15:55:26,298 : INFO : EventManager : Event: ======'machine_var_audits_missing_switches_s_flipper_right_eos'====== Args={'value': 36, 'prev_value': None, 'change': True}
2025-03-15 15:55:26,299 : INFO : EventManager : Event: ======'machine_var_audits_missing_switches_s_launch'====== Args={'value': 6, 'prev_value': None, 'change': True}
2025-03-15 15:55:26,299 : INFO : EventManager : Event: ======'machine_var_audits_missing_switches_s_left_flipper'====== Args={'value': 363, 'prev_value': None, 'change': True}
2025-03-15 15:55:26,299 : INFO : EventManager : Event: ======'machine_var_audits_missing_switches_s_left_flipper_eos'====== Args={'value': 363, 'prev_value': None, 'change': True}
2025-03-15 15:55:26,299 : INFO : EventManager : Event: ======'machine_var_audits_missing_switches_s_left_inlane'====== Args={'value': 6, 'prev_value': None, 'change': True}
2025-03-15 15:55:26,299 : INFO : EventManager : Event: ======'machine_var_audits_missing_switches_s_left_inner_lane'====== Args={'value': 357, 'prev_value': None, 'change': True}
2025-03-15 15:55:26,299 : INFO : EventManager : Event: ======'machine_var_audits_missing_switches_s_left_outer_lane'====== Args={'value': 153, 'prev_value': None, 'change': True}
2025-03-15 15:55:26,300 : INFO : EventManager : Event: ======'machine_var_audits_missing_switches_s_left_outlane'====== Args={'value': 6, 'prev_value': None, 'change': True}
2025-03-15 15:55:26,300 : INFO : EventManager : Event: ======'machine_var_audits_missing_switches_s_left_sling'====== Args={'value': 363, 'prev_value': None, 'change': True}
2025-03-15 15:55:26,300 : INFO : EventManager : Event: ======'machine_var_audits_missing_switches_s_mead'====== Args={'value': 267, 'prev_value': None, 'change': True}
2025-03-15 15:55:26,300 : INFO : EventManager : Event: ======'machine_var_audits_missing_switches_s_percy'====== Args={'value': 85, 'prev_value': None, 'change': True}
2025-03-15 15:55:26,300 : INFO : EventManager : Event: ======'machine_var_audits_missing_switches_s_pop_bumper_1'====== Args={'value': 357, 'prev_value': None, 'change': True}
2025-03-15 15:55:26,300 : INFO : EventManager : Event: ======'machine_var_audits_missing_switches_s_pop_bumper_2'====== Args={'value': 357, 'prev_value': None, 'change': True}
2025-03-15 15:55:26,300 : INFO : EventManager : Event: ======'machine_var_audits_missing_switches_s_pop_bumper_3'====== Args={'value': 357, 'prev_value': None, 'change': True}
2025-03-15 15:55:26,300 : INFO : EventManager : Event: ======'machine_var_audits_missing_switches_s_pop_bumper_cc_1'====== Args={'value': 11, 'prev_value': None, 'change': True}
2025-03-15 15:55:26,300 : INFO : EventManager : Event: ======'machine_var_audits_missing_switches_s_pop_bumper_cc_2'====== Args={'value': 11, 'prev_value': None, 'change': True}
2025-03-15 15:55:26,300 : INFO : EventManager : Event: ======'machine_var_audits_missing_switches_s_pop_bumper_cc_3'====== Args={'value': 11, 'prev_value': None, 'change': True}
2025-03-15 15:55:26,300 : INFO : EventManager : Event: ======'machine_var_audits_missing_switches_s_pop_bumper_m'====== Args={'value': 11, 'prev_value': None, 'change': True}
2025-03-15 15:55:26,300 : INFO : EventManager : Event: ======'machine_var_audits_missing_switches_s_right_flipper'====== Args={'value': 363, 'prev_value': None, 'change': True}
2025-03-15 15:55:26,300 : INFO : EventManager : Event: ======'machine_var_audits_missing_switches_s_right_flipper_eos'====== Args={'value': 363, 'prev_value': None, 'change': True}
2025-03-15 15:55:26,301 : INFO : EventManager : Event: ======'machine_var_audits_missing_switches_s_right_inlane'====== Args={'value': 6, 'prev_value': None, 'change': True}
2025-03-15 15:55:26,301 : INFO : EventManager : Event: ======'machine_var_audits_missing_switches_s_right_inner_lane'====== Args={'value': 357, 'prev_value': None, 'change': True}
2025-03-15 15:55:26,301 : INFO : EventManager : Event: ======'machine_var_audits_missing_switches_s_right_outer_lane'====== Args={'value': 357, 'prev_value': None, 'change': True}
2025-03-15 15:55:26,301 : INFO : EventManager : Event: ======'machine_var_audits_missing_switches_s_right_outlane'====== Args={'value': 6, 'prev_value': None, 'change': True}
2025-03-15 15:55:26,301 : INFO : EventManager : Event: ======'machine_var_audits_missing_switches_s_right_sling'====== Args={'value': 363, 'prev_value': None, 'change': True}
2025-03-15 15:55:26,301 : INFO : EventManager : Event: ======'machine_var_audits_missing_switches_s_scanlan'====== Args={'value': 204, 'prev_value': None, 'change': True}
2025-03-15 15:55:26,301 : INFO : EventManager : Event: ======'machine_var_audits_missing_switches_s_slingshot_1'====== Args={'value': 11, 'prev_value': None, 'change': True}
2025-03-15 15:55:26,301 : INFO : EventManager : Event: ======'machine_var_audits_missing_switches_s_slingshot_2'====== Args={'value': 12, 'prev_value': None, 'change': True}
2025-03-15 15:55:26,301 : INFO : EventManager : Event: ======'machine_var_audits_missing_switches_s_start'====== Args={'value': 1, 'prev_value': None, 'change': True}
2025-03-15 15:55:26,301 : INFO : EventManager : Event: ======'machine_var_audits_missing_switches_s_trough_ball_2'====== Args={'value': 2, 'prev_value': None, 'change': True}
2025-03-15 15:55:26,302 : INFO : EventManager : Event: ======'machine_var_audits_missing_switches_s_trough_ball_3'====== Args={'value': 14, 'prev_value': None, 'change': True}
2025-03-15 15:55:26,302 : INFO : EventManager : Event: ======'machine_var_audits_missing_switches_s_trough_ball_4'====== Args={'value': 14, 'prev_value': None, 'change': True}
2025-03-15 15:55:26,302 : INFO : EventManager : Event: ======'machine_var_audits_missing_switches_s_trough_ball_5'====== Args={'value': 14, 'prev_value': None, 'change': True}
2025-03-15 15:55:26,302 : INFO : EventManager : Event: ======'machine_var_audits_missing_switches_s_trough_ball_6'====== Args={'value': 14, 'prev_value': None, 'change': True}
2025-03-15 15:55:26,302 : INFO : EventManager : Event: ======'machine_var_audits_missing_switches_s_trough_ball_jam'====== Args={'value': 402, 'prev_value': None, 'change': True}
2025-03-15 15:55:26,302 : INFO : EventManager : Event: ======'machine_var_audits_player_score'====== Args={'value': {'average': 0, 'top': [0, 0], 'total': 2}, 'prev_value': None, 'change': True}
2025-03-15 15:55:26,302 : INFO : EventManager : Event: ======'machine_var_audits_shots_mead_shot'====== Args={'value': 223, 'prev_value': None, 'change': True}
2025-03-15 15:55:26,302 : INFO : EventManager : Event: ======'machine_var_audits_shots_percy_shot'====== Args={'value': 56, 'prev_value': None, 'change': True}
2025-03-15 15:55:26,302 : INFO : EventManager : Event: ======'machine_var_audits_shots_scanlan_shot'====== Args={'value': 121, 'prev_value': None, 'change': True}
2025-03-15 15:55:26,303 : INFO : EventManager : Event: ======'machine_var_audits_shots_video_shot_1'====== Args={'value': 24, 'prev_value': None, 'change': True}
2025-03-15 15:55:26,303 : INFO : EventManager : Event: ======'machine_var_audits_shots_video_shot_2'====== Args={'value': 20, 'prev_value': None, 'change': True}
2025-03-15 15:55:26,303 : INFO : EventManager : Event: ======'machine_var_audits_switches_s_auto_launcher'====== Args={'value': 0, 'prev_value': None, 'change': True}
2025-03-15 15:55:26,303 : INFO : EventManager : Event: ======'machine_var_audits_switches_s_ball_drain'====== Args={'value': 0, 'prev_value': None, 'change': True}
2025-03-15 15:55:26,303 : INFO : EventManager : Event: ======'machine_var_audits_switches_s_eject_confirm'====== Args={'value': 0, 'prev_value': None, 'change': True}
2025-03-15 15:55:26,303 : INFO : EventManager : Event: ======'machine_var_audits_switches_s_flipper_left'====== Args={'value': 19, 'prev_value': None, 'change': True}
2025-03-15 15:55:26,303 : INFO : EventManager : Event: ======'machine_var_audits_switches_s_flipper_left_lower_eos'====== Args={'value': 12, 'prev_value': None, 'change': True}
2025-03-15 15:55:26,304 : INFO : EventManager : Event: ======'machine_var_audits_switches_s_flipper_left_upper_eos'====== Args={'value': 11, 'prev_value': None, 'change': True}
2025-03-15 15:55:26,304 : INFO : EventManager : Event: ======'machine_var_audits_switches_s_flipper_right'====== Args={'value': 0, 'prev_value': None, 'change': True}
2025-03-15 15:55:26,304 : INFO : EventManager : Event: ======'machine_var_audits_switches_s_flipper_right_eos'====== Args={'value': 3, 'prev_value': None, 'change': True}
2025-03-15 15:55:26,304 : INFO : EventManager : Event: ======'machine_var_audits_switches_s_launch'====== Args={'value': 0, 'prev_value': None, 'change': True}
2025-03-15 15:55:26,304 : INFO : EventManager : Event: ======'machine_var_audits_switches_s_left_flipper'====== Args={'value': 36, 'prev_value': None, 'change': True}
2025-03-15 15:55:26,304 : INFO : EventManager : Event: ======'machine_var_audits_switches_s_left_flipper_eos'====== Args={'value': 0, 'prev_value': None, 'change': True}
2025-03-15 15:55:26,304 : INFO : EventManager : Event: ======'machine_var_audits_switches_s_left_inlane'====== Args={'value': 0, 'prev_value': None, 'change': True}
2025-03-15 15:55:26,304 : INFO : EventManager : Event: ======'machine_var_audits_switches_s_left_inner_lane'====== Args={'value': 0, 'prev_value': None, 'change': True}
2025-03-15 15:55:26,304 : INFO : EventManager : Event: ======'machine_var_audits_switches_s_left_outer_lane'====== Args={'value': 0, 'prev_value': None, 'change': True}
2025-03-15 15:55:26,304 : INFO : EventManager : Event: ======'machine_var_audits_switches_s_left_outlane'====== Args={'value': 0, 'prev_value': None, 'change': True}
2025-03-15 15:55:26,304 : INFO : EventManager : Event: ======'machine_var_audits_switches_s_left_sling'====== Args={'value': 7, 'prev_value': None, 'change': True}
2025-03-15 15:55:26,305 : INFO : EventManager : Event: ======'machine_var_audits_switches_s_mead'====== Args={'value': 0, 'prev_value': None, 'change': True}
2025-03-15 15:55:26,305 : INFO : EventManager : Event: ======'machine_var_audits_switches_s_percy'====== Args={'value': 0, 'prev_value': None, 'change': True}
2025-03-15 15:55:26,305 : INFO : EventManager : Event: ======'machine_var_audits_switches_s_plunger'====== Args={'value': 30, 'prev_value': None, 'change': True}
2025-03-15 15:55:26,305 : INFO : EventManager : Event: ======'machine_var_audits_switches_s_pop_bumper_1'====== Args={'value': 0, 'prev_value': None, 'change': True}
2025-03-15 15:55:26,305 : INFO : EventManager : Event: ======'machine_var_audits_switches_s_pop_bumper_2'====== Args={'value': 0, 'prev_value': None, 'change': True}
2025-03-15 15:55:26,305 : INFO : EventManager : Event: ======'machine_var_audits_switches_s_pop_bumper_3'====== Args={'value': 0, 'prev_value': None, 'change': True}
2025-03-15 15:55:26,305 : INFO : EventManager : Event: ======'machine_var_audits_switches_s_pop_bumper_cc_1'====== Args={'value': 12, 'prev_value': None, 'change': True}
2025-03-15 15:55:26,305 : INFO : EventManager : Event: ======'machine_var_audits_switches_s_pop_bumper_cc_2'====== Args={'value': 12, 'prev_value': None, 'change': True}
2025-03-15 15:55:26,305 : INFO : EventManager : Event: ======'machine_var_audits_switches_s_pop_bumper_cc_3'====== Args={'value': 10, 'prev_value': None, 'change': True}
2025-03-15 15:55:26,305 : INFO : EventManager : Event: ======'machine_var_audits_switches_s_pop_bumper_m'====== Args={'value': 13, 'prev_value': None, 'change': True}
2025-03-15 15:55:26,306 : INFO : EventManager : Event: ======'machine_var_audits_switches_s_right_flipper'====== Args={'value': 131, 'prev_value': None, 'change': True}
2025-03-15 15:55:26,306 : INFO : EventManager : Event: ======'machine_var_audits_switches_s_right_flipper_eos'====== Args={'value': 0, 'prev_value': None, 'change': True}
2025-03-15 15:55:26,306 : INFO : EventManager : Event: ======'machine_var_audits_switches_s_right_inlane'====== Args={'value': 0, 'prev_value': None, 'change': True}
2025-03-15 15:55:26,306 : INFO : EventManager : Event: ======'machine_var_audits_switches_s_right_inner_lane'====== Args={'value': 0, 'prev_value': None, 'change': True}
2025-03-15 15:55:26,306 : INFO : EventManager : Event: ======'machine_var_audits_switches_s_right_outer_lane'====== Args={'value': 0, 'prev_value': None, 'change': True}
2025-03-15 15:55:26,306 : INFO : EventManager : Event: ======'machine_var_audits_switches_s_right_outlane'====== Args={'value': 0, 'prev_value': None, 'change': True}
2025-03-15 15:55:26,306 : INFO : EventManager : Event: ======'machine_var_audits_switches_s_right_sling'====== Args={'value': 3, 'prev_value': None, 'change': True}
2025-03-15 15:55:26,306 : INFO : EventManager : Event: ======'machine_var_audits_switches_s_scanlan'====== Args={'value': 0, 'prev_value': None, 'change': True}
2025-03-15 15:55:26,306 : INFO : EventManager : Event: ======'machine_var_audits_switches_s_slingshot_1'====== Args={'value': 13, 'prev_value': None, 'change': True}
2025-03-15 15:55:26,306 : INFO : EventManager : Event: ======'machine_var_audits_switches_s_slingshot_2'====== Args={'value': 7, 'prev_value': None, 'change': True}
2025-03-15 15:55:26,306 : INFO : EventManager : Event: ======'machine_var_audits_switches_s_start'====== Args={'value': 158, 'prev_value': None, 'change': True}
2025-03-15 15:55:26,307 : INFO : EventManager : Event: ======'machine_var_audits_switches_s_switch_2'====== Args={'value': 0, 'prev_value': None, 'change': True}
2025-03-15 15:55:26,307 : INFO : EventManager : Event: ======'machine_var_audits_switches_s_trough_ball_1'====== Args={'value': 21, 'prev_value': None, 'change': True}
2025-03-15 15:55:26,307 : INFO : EventManager : Event: ======'machine_var_audits_switches_s_trough_ball_2'====== Args={'value': 13, 'prev_value': None, 'change': True}
2025-03-15 15:55:26,307 : INFO : EventManager : Event: ======'machine_var_audits_switches_s_trough_ball_3'====== Args={'value': 5, 'prev_value': None, 'change': True}
2025-03-15 15:55:26,307 : INFO : EventManager : Event: ======'machine_var_audits_switches_s_trough_ball_4'====== Args={'value': 4, 'prev_value': None, 'change': True}
2025-03-15 15:55:26,307 : INFO : EventManager : Event: ======'machine_var_audits_switches_s_trough_ball_5'====== Args={'value': 4, 'prev_value': None, 'change': True}
2025-03-15 15:55:26,307 : INFO : EventManager : Event: ======'machine_var_audits_switches_s_trough_ball_6'====== Args={'value': 5, 'prev_value': None, 'change': True}
2025-03-15 15:55:26,307 : INFO : EventManager : Event: ======'machine_var_audits_switches_s_trough_ball_jam'====== Args={'value': 3, 'prev_value': None, 'change': True}
2025-03-15 15:55:26,307 : INFO : EventManager : Event: ======'machine_var_audits_switches_s_trough_eject_coil'====== Args={'value': 0, 'prev_value': None, 'change': True}
2025-03-15 15:55:26,310 : INFO : EventManager : Event: ======'init_phase_5'====== Args={}
2025-03-15 15:55:26,318 : INFO : EventManager : Event: ======'init_done'====== Args={}
2025-03-15 15:55:26,320 : INFO : EventManager : Event: ======'machine_reset_phase_1'====== Args={}
2025-03-15 15:55:26,320 : INFO : EventManager : Event: ======'machine_reset_phase_2'====== Args={}
2025-03-15 15:55:26,322 : INFO : EventManager : Event: ======'machine_reset_phase_3'====== Args={}
2025-03-15 15:55:26,324 : INFO : EventManager : Event: ======'reset_complete'====== Args={}
2025-03-15 15:55:26,325 : INFO : EventManager : Event: ======'mode_attract_will_start'====== Args={}
2025-03-15 15:55:26,325 : INFO : EventManager : Event: ======'mode_attract_starting'====== Args={}
2025-03-15 15:55:26,325 : INFO : Mode.attract : Started. Priority: 10
2025-03-15 15:55:26,325 : INFO : EventManager : Event: ======'modes_active_modes_changed'====== Args={}
2025-03-15 15:55:26,326 : INFO : EventManager : Event: ======'mode_attract_started'====== Args={}
2025-03-15 15:55:26,326 : INFO : EventManager : Event: ======'collecting_balls_complete'====== Args={}
2025-03-15 15:55:26,330 : INFO : Machine : Starting the main run loop with active modes: [<Mode.attract>]
2025-03-15 15:55:31,188 : INFO : SwitchController : <<<<<<< 's_start' active >>>>>>>
2025-03-15 15:55:31,436 : INFO : SwitchController : <<<<<<< 's_start' inactive >>>>>>>
2025-03-15 15:55:31,437 : INFO : EventManager : Event: ======'request_to_start_game'====== Args={}
2025-03-15 15:55:31,437 : INFO : EventManager : Event: ======'game_start'====== Args={'buttons': [], 'hold_time': 0.25}
2025-03-15 15:55:31,437 : INFO : EventManager : Event: ======'mode_game_will_start'====== Args={'buttons': [], 'hold_time': 0.25}
2025-03-15 15:55:31,438 : INFO : EventManager : Event: ======'mode_game_starting'====== Args={'buttons': [], 'hold_time': 0.25}
2025-03-15 15:55:31,438 : INFO : EventManager : Event: ======'mode_attract_will_stop'====== Args={}
2025-03-15 15:55:31,438 : INFO : EventManager : Event: ======'mode_attract_stopping'====== Args={}
2025-03-15 15:55:31,438 : INFO : Mode.game : Started. Priority: 20
2025-03-15 15:55:31,438 : INFO : EventManager : Event: ======'modes_active_modes_changed'====== Args={}
2025-03-15 15:55:31,438 : INFO : EventManager : Event: ======'mode_game_started'====== Args={'buttons': [], 'hold_time': 0.25}
2025-03-15 15:55:31,439 : INFO : Mode.attract : Stopped.
2025-03-15 15:55:31,439 : INFO : EventManager : Event: ======'modes_active_modes_changed'====== Args={}
2025-03-15 15:55:31,439 : INFO : EventManager : Event: ======'mode_attract_stopped'====== Args={}
2025-03-15 15:55:31,439 : INFO : EventManager : Event: ======'clear'====== Args={'key': 'attract'}
2025-03-15 15:55:31,439 : INFO : EventManager : Event: ======'game_will_start'====== Args={}
2025-03-15 15:55:31,440 : INFO : EventManager : Event: ======'game_starting'====== Args={'game': <Mode.game>}
2025-03-15 15:55:31,441 : INFO : EventManager : Unordered handler for class <Auditor> on event game_ended with priority 1. Handlers: [RegisteredHandler(callback=<bound method Auditor.disable of <Auditor>>, priority=1, kwargs={}, key=UUID('0bac1092-d241-4d83-a819-fdedea34915c'), condition=None, blocking_facility=None), RegisteredHandler(callback=<bound method Auditor._save_audits of <Auditor>>, priority=1, kwargs={}, key=UUID('ddcf53ef-7e01-4ae2-9e98-d499d7268e60'), condition=None, blocking_facility=None)]. The order of those handlers is not defined and they will be executed in random order. This might lead to race conditions and potential bugs.
2025-03-15 15:55:31,442 : INFO : EventManager : Event: ======'player_add_request'====== Args={}
2025-03-15 15:55:31,442 : INFO : EventManager : Event: ======'player_will_add'====== Args={'number': 1}
2025-03-15 15:55:31,443 : INFO : EventManager : Event: ======'player_adding'====== Args={'player': <Player 1>, 'number': 1}
2025-03-15 15:55:31,443 : INFO : EventManager : Event: ======'player_added'====== Args={'player': <Player 1>, 'num': 1}
2025-03-15 15:55:31,443 : INFO : Mode.game : Player added successfully. Total players: 1
2025-03-15 15:55:31,443 : INFO : EventManager : Event: ======'player_index'====== Args={'value': 0, 'prev_value': 0, 'change': 0, 'player_num': 1}
2025-03-15 15:55:31,443 : INFO : EventManager : Event: ======'player_number'====== Args={'value': 1, 'prev_value': 1, 'change': 0, 'player_num': 1}
2025-03-15 15:55:31,443 : INFO : EventManager : Event: ======'player_score'====== Args={'value': 0, 'prev_value': 0, 'change': 0, 'player_num': 1}
2025-03-15 15:55:31,444 : INFO : EventManager : Event: ======'game_started'====== Args={}
2025-03-15 15:55:31,444 : INFO : EventManager : Event: ======'player_turn_will_start'====== Args={'player': <Player 1>, 'number': 1}
2025-03-15 15:55:31,445 : INFO : EventManager : Event: ======'player_turn_starting'====== Args={'player': <Player 1>, 'number': 1}
2025-03-15 15:55:31,445 : INFO : EventManager : Event: ======'player_ball'====== Args={'value': 1, 'prev_value': 0, 'change': 1, 'player_num': 1}
2025-03-15 15:55:31,445 : INFO : EventManager : Event: ======'player_turn_started'====== Args={'player': <Player 1>, 'number': 1}
2025-03-15 15:55:31,445 : INFO : EventManager : Event: ======'ball_will_start'====== Args={'player': 1, 'ball': 1, 'balls_remaining': 0, 'is_extra_ball': False}
2025-03-15 15:55:31,446 : INFO : EventManager : Event: ======'ball_starting'====== Args={'player': 1, 'ball': 1, 'balls_remaining': 0, 'is_extra_ball': False}
2025-03-15 15:55:31,446 : INFO : EventManager : Event: ======'balls_in_play'====== Args={'balls': 1}
2025-03-15 15:55:31,446 : INFO : EventManager : Event: ======'ball_started'====== Args={'player': 1, 'ball': 1, 'balls_remaining': 0, 'is_extra_ball': False}
2025-03-15 15:55:31,446 : INFO : EventManager : Event: ======'mode_base_will_start'====== Args={'player': 1, 'ball': 1, 'balls_remaining': 0, 'is_extra_ball': False}
2025-03-15 15:55:31,447 : INFO : EventManager : Event: ======'mode_base_starting'====== Args={'player': 1, 'ball': 1, 'balls_remaining': 0, 'is_extra_ball': False}
2025-03-15 15:55:31,448 : INFO : Mode.base : Started. Priority: 100
2025-03-15 15:55:31,448 : INFO : EventManager : Event: ======'modes_active_modes_changed'====== Args={}
2025-03-15 15:55:31,448 : INFO : EventManager : Event: ======'mode_base_started'====== Args={'player': 1, 'ball': 1, 'balls_remaining': 0, 'is_extra_ball': False}
2025-03-15 15:55:31,451 : INFO : EventManager : Event: ======'single_player_ball_started'====== Args={}
2025-03-15 15:55:31,452 : INFO : EventManager : Event: ======'ball_start_target'====== Args={'target': 'playfield'}
2025-03-15 15:55:31,452 : INFO : ball_device.bd_plunger : Setting up player-controlled eject. Balls: 1, Target: <playfield.playfield>, player_controlled_eject_event: None
2025-03-15 15:55:31,452 : INFO : EventManager : Event: ======'balldevice_balls_available'====== Args={}
2025-03-15 15:55:31,453 : INFO : ball_device.bd_trough : State: waiting_for_target_ready
2025-03-15 15:55:31,453 : INFO : EventManager : Event: ======'balldevice_bd_trough_ball_eject_attempt'====== Args={'balls': 1, 'target': <ball_device.bd_plunger>, 'source': <ball_device.bd_trough>, 'mechanical_eject': True, 'num_attempts': 0}
2025-03-15 15:55:31,454 : INFO : ball_device.bd_plunger : State: waiting_for_ball
2025-03-15 15:55:31,454 : INFO : ball_device.bd_trough : State: ejecting
2025-03-15 15:55:31,454 : INFO : ball_device.bd_trough : Ejecting ball to <ball_device.bd_plunger>
2025-03-15 15:55:31,455 : INFO : EventManager : Event: ======'balldevice_bd_trough_ejecting_ball'====== Args={'balls': 1, 'target': <ball_device.bd_plunger>, 'source': <ball_device.bd_trough>, 'mechanical_eject': True, 'num_attempts': 0}
2025-03-15 15:55:31,469 : INFO : ball_device.bd_trough : Wait for ball to leave device
2025-03-15 15:55:31,469 : INFO : coil.c_trough_eject_coil : Pulsing Driver for 15ms (1.0 pulse_power)
2025-03-15 15:55:31,503 : INFO : SwitchController : <<<<<<< 's_trough_ball_1' inactive >>>>>>>
2025-03-15 15:55:31,504 : INFO : SwitchController : <<<<<<< 's_trough_ball_1' active >>>>>>>
2025-03-15 15:55:31,504 : INFO : EventManager : Event: ======'machine_var_audits_switches_s_trough_ball_1'====== Args={'value': 22, 'prev_value': 21, 'change': 1}
2025-03-15 15:55:31,505 : INFO : ball_device.bd_trough : State: ball_left
2025-03-15 15:55:31,505 : INFO : ball_device.bd_trough : Ball left
2025-03-15 15:55:31,505 : INFO : ball_device.bd_trough : Wait for confirm with timeout 10.0
2025-03-15 15:55:31,530 : INFO : SwitchController : <<<<<<< 's_trough_ball_1' inactive >>>>>>>
2025-03-15 15:55:33,896 : INFO : SwitchController : <<<<<<< 's_plunger' active >>>>>>>
2025-03-15 15:55:33,897 : INFO : EventManager : Event: ======'machine_var_audits_switches_s_plunger'====== Args={'value': 31, 'prev_value': 30, 'change': 1}
2025-03-15 15:55:34,396 : INFO : ball_device.bd_plunger : Received ball from <ball_device.bd_trough>
2025-03-15 15:55:34,396 : INFO : EventManager : Event: ======'balldevice_bd_plunger_ball_enter'====== Args={'new_balls': 1, 'unclaimed_balls': 0, 'new_available_balls': 0, 'device': <ball_device.bd_plunger>}
2025-03-15 15:55:34,396 : INFO : EventManager : Event: ======'balldevice_bd_plunger_ball_entered'====== Args={'new_balls': 0, 'device': <ball_device.bd_plunger>}
2025-03-15 15:55:34,396 : INFO : EventManager : Event: ======'balldevice_bd_plunger_ball_count_changed'====== Args={'balls': 1}
2025-03-15 15:55:34,397 : INFO : ball_device.bd_trough : Got eject confirm
2025-03-15 15:55:34,397 : INFO : ball_device.bd_trough : Eject successful
2025-03-15 15:55:34,397 : INFO : EventManager : Event: ======'balldevice_bd_trough_ball_eject_success'====== Args={'balls': 1, 'target': <ball_device.bd_plunger>}
2025-03-15 15:55:34,397 : INFO : ball_device.bd_plunger : State: waiting_for_target_ready
2025-03-15 15:55:34,397 : INFO : EventManager : Event: ======'balldevice_bd_plunger_ball_eject_attempt'====== Args={'balls': 1, 'target': <playfield.playfield>, 'source': <ball_device.bd_plunger>, 'mechanical_eject': True, 'num_attempts': 0}
2025-03-15 15:55:34,397 : INFO : EventManager : Event: ======'balldevice_bd_trough_ball_count_changed'====== Args={'balls': 0}
2025-03-15 15:55:34,398 : INFO : ball_device.bd_trough : State: idle
2025-03-15 15:55:34,398 : INFO : ball_device.bd_plunger : State: ejecting
2025-03-15 15:55:34,398 : INFO : ball_device.bd_plunger : Ejecting ball to <playfield.playfield>
2025-03-15 15:55:34,398 : INFO : EventManager : Event: ======'balldevice_bd_plunger_ejecting_ball'====== Args={'balls': 1, 'target': <playfield.playfield>, 'source': <ball_device.bd_plunger>, 'mechanical_eject': True, 'num_attempts': 0}
2025-03-15 15:55:34,402 : INFO : ball_device.bd_plunger : Wait for ball to leave device
2025-03-15 15:55:34,428 : INFO : SwitchController : <<<<<<< 's_plunger' inactive >>>>>>>
2025-03-15 15:55:34,428 : INFO : ball_device.bd_plunger : State: ball_left
2025-03-15 15:55:34,430 : INFO : ball_device.bd_plunger : Ball left
2025-03-15 15:55:34,430 : INFO : ball_device.bd_plunger : Wait for confirm with timeout 5.0
2025-03-15 15:55:39,432 : INFO : ball_device.bd_plunger : State: failed_confirm
2025-03-15 15:55:39,433 : INFO : ball_device.bd_plunger : Got timeout (5.0s) before confirm from <playfield.playfield>
2025-03-15 15:55:39,524 : INFO : ball_device.bd_plunger : Confirming eject because target is playfield and ball did not return.
2025-03-15 15:55:39,524 : INFO : ball_device.bd_plunger : Eject successful
2025-03-15 15:55:39,525 : INFO : EventManager : Event: ======'balldevice_bd_plunger_ball_eject_success'====== Args={'balls': 1, 'target': <playfield.playfield>}
2025-03-15 15:55:39,525 : INFO : EventManager : Event: ======'balldevice_playfield_ball_enter'====== Args={'new_balls': 1, 'unclaimed_balls': 1, 'device': <playfield.playfield>}
2025-03-15 15:55:39,526 : INFO : EventManager : Event: ======'playfield_ball_count_change'====== Args={'balls': 1, 'change': 1}
2025-03-15 15:55:39,527 : INFO : EventManager : Event: ======'balldevice_bd_plunger_ball_count_changed'====== Args={'balls': 0}
2025-03-15 15:55:39,528 : INFO : ball_device.bd_plunger : State: idle
2025-03-15 15:55:43,258 : INFO : SwitchController : <<<<<<< 's_trough_ball_2' active >>>>>>>
2025-03-15 15:55:43,258 : INFO : EventManager : Event: ======'machine_var_audits_switches_s_trough_ball_2'====== Args={'value': 14, 'prev_value': 13, 'change': 1}
2025-03-15 15:55:43,273 : INFO : SwitchController : <<<<<<< 's_trough_ball_2' inactive >>>>>>>
2025-03-15 15:55:43,288 : INFO : SwitchController : <<<<<<< 's_trough_ball_1' active >>>>>>>
2025-03-15 15:55:43,288 : INFO : EventManager : Event: ======'machine_var_audits_switches_s_trough_ball_1'====== Args={'value': 23, 'prev_value': 22, 'change': 1}
2025-03-15 15:55:43,381 : INFO : SwitchController : <<<<<<< 's_trough_ball_1' inactive >>>>>>>
2025-03-15 15:55:43,413 : INFO : SwitchController : <<<<<<< 's_trough_ball_1' active >>>>>>>
2025-03-15 15:55:43,413 : INFO : EventManager : Event: ======'machine_var_audits_switches_s_trough_ball_1'====== Args={'value': 24, 'prev_value': 23, 'change': 1}
2025-03-15 15:55:43,910 : INFO : EventManager : Event: ======'balldevice_bd_trough_ball_count_changed'====== Args={'balls': 1}
2025-03-15 15:55:43,912 : INFO : ball_device.bd_trough : Received unexpected ball
2025-03-15 15:55:43,912 : INFO : EventManager : Event: ======'balldevice_captured_from_playfield'====== Args={'balls': 1}
2025-03-15 15:55:43,912 : INFO : EventManager : Event: ======'sw_playfield_active'====== Args={'balls': 1}
2025-03-15 15:55:43,912 : INFO : EventManager : Event: ======'playfield_ball_count_change'====== Args={'balls': 0, 'change': -1}
2025-03-15 15:55:43,913 : INFO : EventManager : Event: ======'balldevice_bd_trough_ball_enter'====== Args={'new_balls': 1, 'unclaimed_balls': 1, 'new_available_balls': 1, 'device': <ball_device.bd_trough>}
2025-03-15 15:55:43,913 : INFO : EventManager : Event: ======'ball_drain'====== Args={'device': <ball_device.bd_trough>, 'balls': 1}
2025-03-15 15:55:43,913 : INFO : EventManager : Event: ======'ball_will_end'====== Args={}
2025-03-15 15:55:43,914 : INFO : EventManager : Event: ======'balldevice_balls_available'====== Args={}
2025-03-15 15:55:43,914 : INFO : EventManager : Event: ======'balldevice_bd_trough_ball_entered'====== Args={'new_balls': 1, 'device': <ball_device.bd_trough>}
2025-03-15 15:55:43,915 : INFO : EventManager : Event: ======'ball_ending'====== Args={}
2025-03-15 15:55:43,915 : INFO : EventManager : Event: ======'mode_base_will_stop'====== Args={}
2025-03-15 15:55:43,916 : INFO : EventManager : Event: ======'mode_base_stopping'====== Args={}
2025-03-15 15:55:43,916 : INFO : Mode.base : Stopped.
2025-03-15 15:55:43,916 : INFO : EventManager : Event: ======'modes_active_modes_changed'====== Args={}
2025-03-15 15:55:43,916 : INFO : EventManager : Event: ======'mode_base_stopped'====== Args={}
2025-03-15 15:55:43,916 : INFO : EventManager : Event: ======'clear'====== Args={'key': 'base'}
2025-03-15 15:55:43,918 : INFO : EventManager : Event: ======'ball_ended'====== Args={}
2025-03-15 15:55:43,920 : INFO : EventManager : Event: ======'player_turn_will_end'====== Args={'player': <Player 1>, 'number': 1}
2025-03-15 15:55:43,920 : INFO : EventManager : Event: ======'player_turn_ending'====== Args={'player': <Player 1>, 'number': 1}
2025-03-15 15:55:43,921 : INFO : EventManager : Event: ======'player_turn_ended'====== Args={'player': <Player 1>, 'number': 1}
2025-03-15 15:55:43,921 : INFO : EventManager : Event: ======'game_will_end'====== Args={}
2025-03-15 15:55:43,921 : INFO : EventManager : Event: ======'game_ending'====== Args={}
2025-03-15 15:55:43,922 : INFO : EventManager : Event: ======'game_ended'====== Args={}
2025-03-15 15:55:43,922 : INFO : EventManager : Event: ======'mode_game_will_stop'====== Args={}
2025-03-15 15:55:43,922 : INFO : EventManager : Event: ======'mode_game_stopping'====== Args={}
2025-03-15 15:55:43,922 : INFO : EventManager : Event: ======'mode_attract_will_start'====== Args={}
2025-03-15 15:55:43,923 : INFO : EventManager : Event: ======'mode_attract_starting'====== Args={}
2025-03-15 15:55:43,923 : INFO : Mode.attract : Started. Priority: 10
2025-03-15 15:55:43,923 : INFO : EventManager : Event: ======'modes_active_modes_changed'====== Args={}
2025-03-15 15:55:43,924 : INFO : EventManager : Event: ======'mode_attract_started'====== Args={}
2025-03-15 15:55:43,924 : INFO : EventManager : Event: ======'collecting_balls_complete'====== Args={}
2025-03-15 15:55:43,924 : INFO : Mode.game : Stopped.
2025-03-15 15:55:43,924 : INFO : EventManager : Event: ======'modes_active_modes_changed'====== Args={}
2025-03-15 15:55:43,924 : INFO : EventManager : Event: ======'mode_game_stopped'====== Args={}
2025-03-15 15:55:43,924 : INFO : EventManager : Event: ======'clear'====== Args={'key': 'game'}
2025-03-15 15:55:50,991 : INFO : SwitchController : <<<<<<< 's_start' active >>>>>>>
2025-03-15 15:55:51,521 : INFO : SwitchController : <<<<<<< 's_start' inactive >>>>>>>
2025-03-15 15:55:51,521 : INFO : EventManager : Event: ======'request_to_start_game'====== Args={}
2025-03-15 15:55:51,521 : INFO : EventManager : Event: ======'game_start'====== Args={'buttons': [], 'hold_time': 0.5320000000065193}
2025-03-15 15:55:51,521 : INFO : EventManager : Event: ======'mode_game_will_start'====== Args={'buttons': [], 'hold_time': 0.5320000000065193}
2025-03-15 15:55:51,522 : INFO : EventManager : Event: ======'mode_game_starting'====== Args={'buttons': [], 'hold_time': 0.5320000000065193}
2025-03-15 15:55:51,522 : INFO : EventManager : Event: ======'mode_attract_will_stop'====== Args={}
2025-03-15 15:55:51,522 : INFO : EventManager : Event: ======'mode_attract_stopping'====== Args={}
2025-03-15 15:55:51,522 : INFO : Mode.game : Started. Priority: 20
2025-03-15 15:55:51,522 : INFO : EventManager : Event: ======'modes_active_modes_changed'====== Args={}
2025-03-15 15:55:51,522 : INFO : EventManager : Event: ======'mode_game_started'====== Args={'buttons': [], 'hold_time': 0.5320000000065193}
2025-03-15 15:55:51,523 : INFO : Mode.attract : Stopped.
2025-03-15 15:55:51,523 : INFO : EventManager : Event: ======'modes_active_modes_changed'====== Args={}
2025-03-15 15:55:51,523 : INFO : EventManager : Event: ======'mode_attract_stopped'====== Args={}
2025-03-15 15:55:51,523 : INFO : EventManager : Event: ======'clear'====== Args={'key': 'attract'}
2025-03-15 15:55:51,524 : INFO : EventManager : Event: ======'game_will_start'====== Args={}
2025-03-15 15:55:51,525 : INFO : EventManager : Event: ======'game_starting'====== Args={'game': <Mode.game>}
2025-03-15 15:55:51,528 : INFO : EventManager : Unordered handler for class <Auditor> on event game_ended with priority 1. Handlers: [RegisteredHandler(callback=<bound method Auditor.disable of <Auditor>>, priority=1, kwargs={}, key=UUID('0bac1092-d241-4d83-a819-fdedea34915c'), condition=None, blocking_facility=None), RegisteredHandler(callback=<bound method Auditor._save_audits of <Auditor>>, priority=1, kwargs={}, key=UUID('bfad2dd2-20ae-4b34-b716-3d6fe51c44c2'), condition=None, blocking_facility=None)]. The order of those handlers is not defined and they will be executed in random order. This might lead to race conditions and potential bugs.
2025-03-15 15:55:51,528 : INFO : EventManager : Event: ======'player_add_request'====== Args={}
2025-03-15 15:55:51,528 : INFO : EventManager : Event: ======'player_will_add'====== Args={'number': 1}
2025-03-15 15:55:51,529 : INFO : EventManager : Event: ======'player_adding'====== Args={'player': <Player 1>, 'number': 1}
2025-03-15 15:55:51,529 : INFO : EventManager : Event: ======'player_added'====== Args={'player': <Player 1>, 'num': 1}
2025-03-15 15:55:51,529 : INFO : Mode.game : Player added successfully. Total players: 1
2025-03-15 15:55:51,529 : INFO : EventManager : Event: ======'player_index'====== Args={'value': 0, 'prev_value': 0, 'change': 0, 'player_num': 1}
2025-03-15 15:55:51,529 : INFO : EventManager : Event: ======'player_number'====== Args={'value': 1, 'prev_value': 1, 'change': 0, 'player_num': 1}
2025-03-15 15:55:51,529 : INFO : EventManager : Event: ======'player_score'====== Args={'value': 0, 'prev_value': 0, 'change': 0, 'player_num': 1}
2025-03-15 15:55:51,529 : INFO : EventManager : Event: ======'game_started'====== Args={}
2025-03-15 15:55:51,529 : INFO : EventManager : Event: ======'player_turn_will_start'====== Args={'player': <Player 1>, 'number': 1}
2025-03-15 15:55:51,529 : INFO : EventManager : Event: ======'player_turn_starting'====== Args={'player': <Player 1>, 'number': 1}
2025-03-15 15:55:51,530 : INFO : EventManager : Event: ======'player_ball'====== Args={'value': 1, 'prev_value': 0, 'change': 1, 'player_num': 1}
2025-03-15 15:55:51,530 : INFO : EventManager : Event: ======'player_turn_started'====== Args={'player': <Player 1>, 'number': 1}
2025-03-15 15:55:51,532 : INFO : EventManager : Event: ======'ball_will_start'====== Args={'player': 1, 'ball': 1, 'balls_remaining': 0, 'is_extra_ball': False}
2025-03-15 15:55:51,532 : INFO : EventManager : Event: ======'ball_starting'====== Args={'player': 1, 'ball': 1, 'balls_remaining': 0, 'is_extra_ball': False}
2025-03-15 15:55:51,533 : INFO : EventManager : Event: ======'balls_in_play'====== Args={'balls': 1}
2025-03-15 15:55:51,533 : INFO : EventManager : Event: ======'ball_started'====== Args={'player': 1, 'ball': 1, 'balls_remaining': 0, 'is_extra_ball': False}
2025-03-15 15:55:51,534 : INFO : EventManager : Event: ======'mode_base_will_start'====== Args={'player': 1, 'ball': 1, 'balls_remaining': 0, 'is_extra_ball': False}
2025-03-15 15:55:51,534 : INFO : EventManager : Event: ======'mode_base_starting'====== Args={'player': 1, 'ball': 1, 'balls_remaining': 0, 'is_extra_ball': False}
2025-03-15 15:55:51,535 : INFO : Mode.base : Started. Priority: 100
2025-03-15 15:55:51,535 : INFO : EventManager : Event: ======'modes_active_modes_changed'====== Args={}
2025-03-15 15:55:51,536 : INFO : EventManager : Event: ======'mode_base_started'====== Args={'player': 1, 'ball': 1, 'balls_remaining': 0, 'is_extra_ball': False}
2025-03-15 15:55:51,548 : INFO : EventManager : Event: ======'single_player_ball_started'====== Args={}
2025-03-15 15:55:51,550 : INFO : EventManager : Event: ======'ball_start_target'====== Args={'target': 'playfield'}
2025-03-15 15:55:51,552 : INFO : ball_device.bd_plunger : Setting up player-controlled eject. Balls: 1, Target: <playfield.playfield>, player_controlled_eject_event: None
2025-03-15 15:55:51,552 : INFO : EventManager : Event: ======'balldevice_balls_available'====== Args={}
2025-03-15 15:55:51,554 : INFO : ball_device.bd_trough : State: waiting_for_target_ready
2025-03-15 15:55:51,554 : INFO : EventManager : Event: ======'balldevice_bd_trough_ball_eject_attempt'====== Args={'balls': 1, 'target': <ball_device.bd_plunger>, 'source': <ball_device.bd_trough>, 'mechanical_eject': True, 'num_attempts': 0}
2025-03-15 15:55:51,554 : INFO : ball_device.bd_plunger : State: waiting_for_ball
2025-03-15 15:55:51,555 : INFO : ball_device.bd_trough : State: ejecting
2025-03-15 15:55:51,555 : INFO : ball_device.bd_trough : Ejecting ball to <ball_device.bd_plunger>
2025-03-15 15:55:51,555 : INFO : EventManager : Event: ======'balldevice_bd_trough_ejecting_ball'====== Args={'balls': 1, 'target': <ball_device.bd_plunger>, 'source': <ball_device.bd_trough>, 'mechanical_eject': True, 'num_attempts': 0}
2025-03-15 15:55:51,555 : INFO : ball_device.bd_trough : Wait for ball to leave device
2025-03-15 15:55:51,555 : INFO : coil.c_trough_eject_coil : Pulsing Driver for 15ms (1.0 pulse_power)
2025-03-15 15:55:51,582 : INFO : SwitchController : <<<<<<< 's_trough_ball_1' inactive >>>>>>>
2025-03-15 15:55:51,583 : INFO : ball_device.bd_trough : State: ball_left
2025-03-15 15:55:51,584 : INFO : ball_device.bd_trough : Ball left
2025-03-15 15:55:51,584 : INFO : ball_device.bd_trough : Wait for confirm with timeout 10.0
2025-03-15 15:55:51,597 : INFO : SwitchController : <<<<<<< 's_trough_ball_1' active >>>>>>>
2025-03-15 15:55:51,598 : INFO : EventManager : Event: ======'machine_var_audits_switches_s_trough_ball_1'====== Args={'value': 25, 'prev_value': 24, 'change': 1}
2025-03-15 15:55:51,614 : INFO : SwitchController : <<<<<<< 's_trough_ball_1' inactive >>>>>>>
2025-03-15 15:56:01,580 : INFO : ball_device.bd_trough : State: failed_confirm
2025-03-15 15:56:01,581 : INFO : ball_device.bd_trough : Got timeout (10.0s) before confirm from <ball_device.bd_plunger>
2025-03-15 15:56:01,582 : INFO : ball_device.bd_plunger : Expecting incoming ball which may skip the device.
2025-03-15 15:56:01,582 : INFO : EventManager : Event: ======'balldevice_bd_plunger_ejecting_ball'====== Args={'balls': 1, 'target': <playfield.playfield>, 'source': <ball_device.bd_plunger>, 'mechanical_eject': False, 'num_attempts': 1}
2025-03-15 15:56:02,179 : INFO : SwitchController : <<<<<<< 's_flipper_left_upper_eos' active >>>>>>>
2025-03-15 15:56:02,180 : INFO : EventManager : Event: ======'machine_var_audits_switches_s_flipper_left_upper_eos'====== Args={'value': 12, 'prev_value': 11, 'change': 1}
2025-03-15 15:56:02,474 : INFO : SwitchController : <<<<<<< 's_flipper_left_upper_eos' inactive >>>>>>>
2025-03-15 15:56:06,586 : INFO : ball_device.bd_plunger : Got confirm for skipping ball.
2025-03-15 15:56:06,587 : INFO : ball_device.bd_plunger : Eject successful
2025-03-15 15:56:06,587 : INFO : EventManager : Event: ======'balldevice_bd_plunger_ball_eject_success'====== Args={'balls': 1, 'target': <playfield.playfield>}
2025-03-15 15:56:06,587 : INFO : EventManager : Event: ======'balldevice_playfield_ball_enter'====== Args={'new_balls': 1, 'unclaimed_balls': 1, 'device': <playfield.playfield>}
2025-03-15 15:56:06,587 : INFO : EventManager : Event: ======'playfield_ball_count_change'====== Args={'balls': 1, 'change': 1}
2025-03-15 15:56:06,587 : INFO : ball_device.bd_plunger : State: idle
2025-03-15 15:56:06,588 : INFO : ball_device.bd_trough : Eject successful
2025-03-15 15:56:06,588 : INFO : EventManager : Event: ======'balldevice_bd_trough_ball_eject_success'====== Args={'balls': 1, 'target': <ball_device.bd_plunger>}
2025-03-15 15:56:06,589 : INFO : EventManager : Event: ======'balldevice_bd_trough_ball_count_changed'====== Args={'balls': 0}
2025-03-15 15:56:06,589 : INFO : ball_device.bd_trough : State: idle
2025-03-15 15:57:13,133 : INFO : Machine : Shutting down...
2025-03-15 15:57:13,134 : INFO : EventManager : Event: ======'shutdown'====== Args={}
2025-03-15 15:57:13,135 : INFO : EventManager : Event: ======'mode_game_will_stop'====== Args={}
2025-03-15 15:57:13,135 : INFO : EventManager : Event: ======'mode_game_stopping'====== Args={}
2025-03-15 15:57:13,136 : INFO : EventManager : Event: ======'mode_base_will_stop'====== Args={}
2025-03-15 15:57:13,136 : INFO : EventManager : Event: ======'mode_base_stopping'====== Args={}
2025-03-15 15:57:13,137 : INFO : Mode.base : Stopped.
2025-03-15 15:57:13,137 : INFO : EventManager : Event: ======'modes_active_modes_changed'====== Args={}
2025-03-15 15:57:13,137 : INFO : EventManager : Event: ======'mode_base_stopped'====== Args={}
2025-03-15 15:57:13,137 : INFO : EventManager : Event: ======'clear'====== Args={'key': 'base'}
2025-03-15 15:57:13,137 : INFO : Mode.game : Stopped.
2025-03-15 15:57:13,137 : INFO : EventManager : Event: ======'modes_active_modes_changed'====== Args={}
2025-03-15 15:57:13,137 : INFO : EventManager : Event: ======'mode_game_stopped'====== Args={}
2025-03-15 15:57:13,138 : INFO : EventManager : Event: ======'clear'====== Args={'key': 'game'}
2025-03-15 15:57:13,245 : INFO : root : MPF run loop ended.
