2025-03-14 23:43:48,663 : INFO : root : Loading config.
2025-03-14 23:43:48,682 : INFO : YamlMultifileConfigLoader : Machine config file #1: config.yaml
2025-03-14 23:43:48,683 : INFO : ConfigProcessor : Loading config from cache: C:\Users\User\AppData\Local\Temp\5682b9bdeb2b9ad8a31c13560e038609.mpf_cache
2025-03-14 23:43:48,939 : INFO : ConfigProcessor : Loading config from cache: C:\Users\User\AppData\Local\Temp\8422c6572f827355f8aade1949d04025.mpf_cache
2025-03-14 23:43:48,942 : INFO : ConfigProcessor : Loading config from cache: C:\Users\User\AppData\Local\Temp\1c0e7e9816717d8e62c4728dfe372999.mpf_cache
2025-03-14 23:43:48,944 : INFO : ConfigProcessor : Loading config from cache: C:\Users\User\AppData\Local\Temp\e3e8065d662ad307fa9574659e7e4e8e.mpf_cache
2025-03-14 23:43:48,946 : INFO : ConfigProcessor : Loading config from cache: C:\Users\User\AppData\Local\Temp\8422c6572f827355f8aade1949d04025.mpf_cache
2025-03-14 23:43:48,947 : INFO : Machine : Mission Pinball Framework Core Engine v0.80.0.dev6
2025-03-14 23:43:48,948 : INFO : Machine : Command line arguments: {'no_load_cache': False, 'create_config_cache': True, 'bcp': False, 'configfile': ['config.yaml'], 'force_assets_load': False, 'platform_integration_test': False, 'jsonlogging': False, 'logfile': 'logs\\2025-03-14-23-43-48-mpf-BERNIE.log', 'pause': False, 'production': False, 'text_ui': False, 'loglevel': 15, 'consoleloglevel': 20, 'force_platform': None, 'syslog_address': None, 'full_logfile_path': 'C:\\Users\\User\\Desktop\\fast_homebrew_godot_v2\\fast_homebrew_godot_v2\\logs\\2025-03-14-23-43-48-mpf-BERNIE.log'}
2025-03-14 23:43:48,948 : INFO : Machine : MPF path: C:\Users\User\AppData\Local\Programs\Python\Python312\Lib\site-packages\mpf
2025-03-14 23:43:48,948 : INFO : Machine : Machine path: C:\Users\User\Desktop\fast_homebrew_godot_v2\fast_homebrew_godot_v2
2025-03-14 23:43:48,948 : INFO : Machine : Platform: win32
2025-03-14 23:43:48,948 : INFO : Machine : Python executable location: C:\Users\User\AppData\Local\Programs\Python\Python312\python.exe
2025-03-14 23:43:48,948 : INFO : Machine : Python version: 3.12.3 (64-bit)
2025-03-14 23:43:48,955 : INFO : Machine : Initializing MPF...
2025-03-14 23:43:49,214 : INFO : FAST : Auto-detecting ports for the following connections: ['net']
2025-03-14 23:43:49,274 : INFO : FAST : Detected NET on port COM5
2025-03-14 23:43:49,386 : INFO : FAST [NET] : Trying to connect to COM5 at 921600bps
2025-03-14 23:43:49,397 : INFO : FAST [NET] : Connected to COM5 at 921600bps
2025-03-14 23:43:49,415 : INFO : FAST [NET] : Connected to FP-CPU-2000 with firmware v02.26
2025-03-14 23:43:49,446 : INFO : FAST [NET] : Registered I/O Board 0: Model: FP-I/O-3208, Firmware: 01.10, Switches: 32, Drivers: 8
2025-03-14 23:43:49,447 : INFO : EventManager : Event: ======'machine_var_credits_string'====== Args={'value': 'FREE PLAY', 'prev_value': None, 'change': True}
2025-03-14 23:43:49,518 : INFO : EventManager : Event: ======'machine_var_master_volume'====== Args={'value': 0.5, 'prev_value': None, 'change': True}
2025-03-14 23:43:49,519 : INFO : EventManager : Event: ======'machine_var_mpf_version'====== Args={'value': 'Mission Pinball Framework v0.80.0.dev6', 'prev_value': None, 'change': True}
2025-03-14 23:43:49,519 : INFO : EventManager : Event: ======'machine_var_mpf_extended_version'====== Args={'value': 'Mission Pinball Framework v0.80.0.dev6, Config version:6, Show version: 6, BCP version:1.1', 'prev_value': None, 'change': True}
2025-03-14 23:43:49,519 : INFO : EventManager : Event: ======'machine_var_python_version'====== Args={'value': '3.12.3', 'prev_value': None, 'change': True}
2025-03-14 23:43:49,813 : INFO : EventManager : Event: ======'machine_var_platform'====== Args={'value': 'Windows-11-10.0.22631-SP0', 'prev_value': None, 'change': True}
2025-03-14 23:43:49,814 : INFO : EventManager : Event: ======'machine_var_platform_system'====== Args={'value': 'Windows', 'prev_value': None, 'change': True}
2025-03-14 23:43:49,814 : INFO : EventManager : Event: ======'machine_var_platform_release'====== Args={'value': '11', 'prev_value': None, 'change': True}
2025-03-14 23:43:49,814 : INFO : EventManager : Event: ======'machine_var_platform_version'====== Args={'value': '10.0.22631', 'prev_value': None, 'change': True}
2025-03-14 23:43:49,814 : INFO : EventManager : Event: ======'machine_var_platform_machine'====== Args={'value': 'AMD64', 'prev_value': None, 'change': True}
2025-03-14 23:43:49,814 : INFO : EventManager : Event: ======'machine_var_log_file_path'====== Args={'value': 'C:\\Users\\User\\Desktop\\fast_homebrew_godot_v2\\fast_homebrew_godot_v2\\logs\\2025-03-14-23-43-48-mpf-BERNIE.log', 'prev_value': None, 'change': True}
2025-03-14 23:43:49,814 : INFO : EventManager : Event: ======'init_phase_1'====== Args={}
2025-03-14 23:43:52,316 : INFO : SwitchController : <<<<<<< 's_trough_ball_jam' active >>>>>>>
2025-03-14 23:43:52,316 : INFO : SwitchController : <<<<<<< 's_trough_ball_1' active >>>>>>>
2025-03-14 23:43:52,316 : INFO : SwitchController : <<<<<<< 's_flipper_right' active >>>>>>>
2025-03-14 23:43:52,316 : INFO : SwitchController : <<<<<<< 's_eject_confirm' active >>>>>>>
2025-03-14 23:43:52,317 : INFO : EventManager : Event: ======'init_phase_2'====== Args={}
2025-03-14 23:43:52,318 : INFO : SwitchController : Found active switch: (6, [FAST Platform Interface]) <switch.s_trough_ball_jam>
2025-03-14 23:43:52,318 : INFO : SwitchController : Found active switch: (0, [FAST Platform Interface]) <switch.s_trough_ball_1>
2025-03-14 23:43:52,318 : INFO : SwitchController : Found active switch: (31, [FAST Platform Interface]) <switch.s_flipper_right>
2025-03-14 23:43:52,318 : INFO : SwitchController : Found active switch: (21, [FAST Platform Interface]) <switch.s_eject_confirm>
2025-03-14 23:43:52,817 : INFO : ball_device.bd_trough : BCH: Initial count: 1
2025-03-14 23:43:52,817 : INFO : ball_device.bd_trough : State: idle
2025-03-14 23:43:52,819 : INFO : ball_device.bd_plunger : BCH: Initial count: 0
2025-03-14 23:43:52,819 : INFO : ball_device.bd_plunger : State: idle
2025-03-14 23:43:52,850 : INFO : EventManager : Event: ======'init_phase_3'====== Args={}
2025-03-14 23:43:52,856 : INFO : EventManager : Event: ======'init_phase_4'====== Args={}
2025-03-14 23:43:52,857 : INFO : BallController : Initial balls found: 1
2025-03-14 23:43:52,860 : INFO : EventManager : Event: ======'machine_var_audits_events_game_ended'====== Args={'value': 0, 'prev_value': None, 'change': True}
2025-03-14 23:43:52,860 : INFO : EventManager : Event: ======'machine_var_audits_events_game_started'====== Args={'value': 410, 'prev_value': None, 'change': True}
2025-03-14 23:43:52,860 : INFO : EventManager : Event: ======'machine_var_audits_missing_switches_s_eject_confirm'====== Args={'value': 13, 'prev_value': None, 'change': True}
2025-03-14 23:43:52,861 : INFO : EventManager : Event: ======'machine_var_audits_missing_switches_s_flipper_left'====== Args={'value': 14, 'prev_value': None, 'change': True}
2025-03-14 23:43:52,861 : INFO : EventManager : Event: ======'machine_var_audits_missing_switches_s_flipper_left_lower_eos'====== Args={'value': 14, 'prev_value': None, 'change': True}
2025-03-14 23:43:52,861 : INFO : EventManager : Event: ======'machine_var_audits_missing_switches_s_flipper_left_upper_eos'====== Args={'value': 14, 'prev_value': None, 'change': True}
2025-03-14 23:43:52,861 : INFO : EventManager : Event: ======'machine_var_audits_missing_switches_s_flipper_right'====== Args={'value': 21, 'prev_value': None, 'change': True}
2025-03-14 23:43:52,861 : INFO : EventManager : Event: ======'machine_var_audits_missing_switches_s_flipper_right_eos'====== Args={'value': 18, 'prev_value': None, 'change': True}
2025-03-14 23:43:52,861 : INFO : EventManager : Event: ======'machine_var_audits_missing_switches_s_launch'====== Args={'value': 6, 'prev_value': None, 'change': True}
2025-03-14 23:43:52,861 : INFO : EventManager : Event: ======'machine_var_audits_missing_switches_s_left_flipper'====== Args={'value': 363, 'prev_value': None, 'change': True}
2025-03-14 23:43:52,861 : INFO : EventManager : Event: ======'machine_var_audits_missing_switches_s_left_flipper_eos'====== Args={'value': 363, 'prev_value': None, 'change': True}
2025-03-14 23:43:52,861 : INFO : EventManager : Event: ======'machine_var_audits_missing_switches_s_left_inlane'====== Args={'value': 6, 'prev_value': None, 'change': True}
2025-03-14 23:43:52,861 : INFO : EventManager : Event: ======'machine_var_audits_missing_switches_s_left_inner_lane'====== Args={'value': 357, 'prev_value': None, 'change': True}
2025-03-14 23:43:52,861 : INFO : EventManager : Event: ======'machine_var_audits_missing_switches_s_left_outer_lane'====== Args={'value': 153, 'prev_value': None, 'change': True}
2025-03-14 23:43:52,861 : INFO : EventManager : Event: ======'machine_var_audits_missing_switches_s_left_outlane'====== Args={'value': 6, 'prev_value': None, 'change': True}
2025-03-14 23:43:52,861 : INFO : EventManager : Event: ======'machine_var_audits_missing_switches_s_left_sling'====== Args={'value': 363, 'prev_value': None, 'change': True}
2025-03-14 23:43:52,861 : INFO : EventManager : Event: ======'machine_var_audits_missing_switches_s_mead'====== Args={'value': 267, 'prev_value': None, 'change': True}
2025-03-14 23:43:52,862 : INFO : EventManager : Event: ======'machine_var_audits_missing_switches_s_percy'====== Args={'value': 85, 'prev_value': None, 'change': True}
2025-03-14 23:43:52,862 : INFO : EventManager : Event: ======'machine_var_audits_missing_switches_s_plunger'====== Args={'value': 18, 'prev_value': None, 'change': True}
2025-03-14 23:43:52,862 : INFO : EventManager : Event: ======'machine_var_audits_missing_switches_s_pop_bumper_1'====== Args={'value': 357, 'prev_value': None, 'change': True}
2025-03-14 23:43:52,862 : INFO : EventManager : Event: ======'machine_var_audits_missing_switches_s_pop_bumper_2'====== Args={'value': 357, 'prev_value': None, 'change': True}
2025-03-14 23:43:52,862 : INFO : EventManager : Event: ======'machine_var_audits_missing_switches_s_pop_bumper_3'====== Args={'value': 357, 'prev_value': None, 'change': True}
2025-03-14 23:43:52,862 : INFO : EventManager : Event: ======'machine_var_audits_missing_switches_s_right_flipper'====== Args={'value': 363, 'prev_value': None, 'change': True}
2025-03-14 23:43:52,862 : INFO : EventManager : Event: ======'machine_var_audits_missing_switches_s_right_flipper_eos'====== Args={'value': 363, 'prev_value': None, 'change': True}
2025-03-14 23:43:52,862 : INFO : EventManager : Event: ======'machine_var_audits_missing_switches_s_right_inlane'====== Args={'value': 6, 'prev_value': None, 'change': True}
2025-03-14 23:43:52,862 : INFO : EventManager : Event: ======'machine_var_audits_missing_switches_s_right_inner_lane'====== Args={'value': 357, 'prev_value': None, 'change': True}
2025-03-14 23:43:52,862 : INFO : EventManager : Event: ======'machine_var_audits_missing_switches_s_right_outer_lane'====== Args={'value': 357, 'prev_value': None, 'change': True}
2025-03-14 23:43:52,863 : INFO : EventManager : Event: ======'machine_var_audits_missing_switches_s_right_outlane'====== Args={'value': 6, 'prev_value': None, 'change': True}
2025-03-14 23:43:52,863 : INFO : EventManager : Event: ======'machine_var_audits_missing_switches_s_right_sling'====== Args={'value': 363, 'prev_value': None, 'change': True}
2025-03-14 23:43:52,863 : INFO : EventManager : Event: ======'machine_var_audits_missing_switches_s_scanlan'====== Args={'value': 204, 'prev_value': None, 'change': True}
2025-03-14 23:43:52,863 : INFO : EventManager : Event: ======'machine_var_audits_missing_switches_s_start'====== Args={'value': 1, 'prev_value': None, 'change': True}
2025-03-14 23:43:52,863 : INFO : EventManager : Event: ======'machine_var_audits_missing_switches_s_trough_ball_1'====== Args={'value': 384, 'prev_value': None, 'change': True}
2025-03-14 23:43:52,863 : INFO : EventManager : Event: ======'machine_var_audits_missing_switches_s_trough_ball_2'====== Args={'value': 18, 'prev_value': None, 'change': True}
2025-03-14 23:43:52,863 : INFO : EventManager : Event: ======'machine_var_audits_missing_switches_s_trough_ball_3'====== Args={'value': 18, 'prev_value': None, 'change': True}
2025-03-14 23:43:52,863 : INFO : EventManager : Event: ======'machine_var_audits_missing_switches_s_trough_ball_4'====== Args={'value': 18, 'prev_value': None, 'change': True}
2025-03-14 23:43:52,863 : INFO : EventManager : Event: ======'machine_var_audits_missing_switches_s_trough_ball_5'====== Args={'value': 18, 'prev_value': None, 'change': True}
2025-03-14 23:43:52,863 : INFO : EventManager : Event: ======'machine_var_audits_missing_switches_s_trough_ball_6'====== Args={'value': 18, 'prev_value': None, 'change': True}
2025-03-14 23:43:52,866 : INFO : EventManager : Event: ======'machine_var_audits_missing_switches_s_trough_ball_jam'====== Args={'value': 384, 'prev_value': None, 'change': True}
2025-03-14 23:43:52,866 : INFO : EventManager : Event: ======'machine_var_audits_player_score'====== Args={'value': {'average': 0, 'top': [], 'total': 0}, 'prev_value': None, 'change': True}
2025-03-14 23:43:52,866 : INFO : EventManager : Event: ======'machine_var_audits_shots_mead_shot'====== Args={'value': 223, 'prev_value': None, 'change': True}
2025-03-14 23:43:52,866 : INFO : EventManager : Event: ======'machine_var_audits_shots_percy_shot'====== Args={'value': 56, 'prev_value': None, 'change': True}
2025-03-14 23:43:52,866 : INFO : EventManager : Event: ======'machine_var_audits_shots_scanlan_shot'====== Args={'value': 121, 'prev_value': None, 'change': True}
2025-03-14 23:43:52,866 : INFO : EventManager : Event: ======'machine_var_audits_shots_video_shot_1'====== Args={'value': 24, 'prev_value': None, 'change': True}
2025-03-14 23:43:52,866 : INFO : EventManager : Event: ======'machine_var_audits_shots_video_shot_2'====== Args={'value': 20, 'prev_value': None, 'change': True}
2025-03-14 23:43:52,866 : INFO : EventManager : Event: ======'machine_var_audits_switches_s_auto_launcher'====== Args={'value': 0, 'prev_value': None, 'change': True}
2025-03-14 23:43:52,866 : INFO : EventManager : Event: ======'machine_var_audits_switches_s_ball_drain'====== Args={'value': 0, 'prev_value': None, 'change': True}
2025-03-14 23:43:52,867 : INFO : EventManager : Event: ======'machine_var_audits_switches_s_eject_confirm'====== Args={'value': 0, 'prev_value': None, 'change': True}
2025-03-14 23:43:52,867 : INFO : EventManager : Event: ======'machine_var_audits_switches_s_flipper_left'====== Args={'value': 15, 'prev_value': None, 'change': True}
2025-03-14 23:43:52,867 : INFO : EventManager : Event: ======'machine_var_audits_switches_s_flipper_left_lower_eos'====== Args={'value': 6, 'prev_value': None, 'change': True}
2025-03-14 23:43:52,867 : INFO : EventManager : Event: ======'machine_var_audits_switches_s_flipper_left_upper_eos'====== Args={'value': 5, 'prev_value': None, 'change': True}
2025-03-14 23:43:52,867 : INFO : EventManager : Event: ======'machine_var_audits_switches_s_flipper_right'====== Args={'value': 0, 'prev_value': None, 'change': True}
2025-03-14 23:43:52,867 : INFO : EventManager : Event: ======'machine_var_audits_switches_s_flipper_right_eos'====== Args={'value': 3, 'prev_value': None, 'change': True}
2025-03-14 23:43:52,867 : INFO : EventManager : Event: ======'machine_var_audits_switches_s_launch'====== Args={'value': 0, 'prev_value': None, 'change': True}
2025-03-14 23:43:52,867 : INFO : EventManager : Event: ======'machine_var_audits_switches_s_left_flipper'====== Args={'value': 36, 'prev_value': None, 'change': True}
2025-03-14 23:43:52,867 : INFO : EventManager : Event: ======'machine_var_audits_switches_s_left_flipper_eos'====== Args={'value': 0, 'prev_value': None, 'change': True}
2025-03-14 23:43:52,867 : INFO : EventManager : Event: ======'machine_var_audits_switches_s_left_inlane'====== Args={'value': 0, 'prev_value': None, 'change': True}
2025-03-14 23:43:52,868 : INFO : EventManager : Event: ======'machine_var_audits_switches_s_left_inner_lane'====== Args={'value': 0, 'prev_value': None, 'change': True}
2025-03-14 23:43:52,868 : INFO : EventManager : Event: ======'machine_var_audits_switches_s_left_outer_lane'====== Args={'value': 0, 'prev_value': None, 'change': True}
2025-03-14 23:43:52,868 : INFO : EventManager : Event: ======'machine_var_audits_switches_s_left_outlane'====== Args={'value': 0, 'prev_value': None, 'change': True}
2025-03-14 23:43:52,868 : INFO : EventManager : Event: ======'machine_var_audits_switches_s_left_sling'====== Args={'value': 7, 'prev_value': None, 'change': True}
2025-03-14 23:43:52,868 : INFO : EventManager : Event: ======'machine_var_audits_switches_s_mead'====== Args={'value': 0, 'prev_value': None, 'change': True}
2025-03-14 23:43:52,871 : INFO : EventManager : Event: ======'machine_var_audits_switches_s_percy'====== Args={'value': 0, 'prev_value': None, 'change': True}
2025-03-14 23:43:52,871 : INFO : EventManager : Event: ======'machine_var_audits_switches_s_plunger'====== Args={'value': 12, 'prev_value': None, 'change': True}
2025-03-14 23:43:52,871 : INFO : EventManager : Event: ======'machine_var_audits_switches_s_pop_bumper_1'====== Args={'value': 0, 'prev_value': None, 'change': True}
2025-03-14 23:43:52,871 : INFO : EventManager : Event: ======'machine_var_audits_switches_s_pop_bumper_2'====== Args={'value': 0, 'prev_value': None, 'change': True}
2025-03-14 23:43:52,871 : INFO : EventManager : Event: ======'machine_var_audits_switches_s_pop_bumper_3'====== Args={'value': 0, 'prev_value': None, 'change': True}
2025-03-14 23:43:52,873 : INFO : EventManager : Event: ======'machine_var_audits_switches_s_right_flipper'====== Args={'value': 131, 'prev_value': None, 'change': True}
2025-03-14 23:43:52,873 : INFO : EventManager : Event: ======'machine_var_audits_switches_s_right_flipper_eos'====== Args={'value': 0, 'prev_value': None, 'change': True}
2025-03-14 23:43:52,873 : INFO : EventManager : Event: ======'machine_var_audits_switches_s_right_inlane'====== Args={'value': 0, 'prev_value': None, 'change': True}
2025-03-14 23:43:52,873 : INFO : EventManager : Event: ======'machine_var_audits_switches_s_right_inner_lane'====== Args={'value': 0, 'prev_value': None, 'change': True}
2025-03-14 23:43:52,873 : INFO : EventManager : Event: ======'machine_var_audits_switches_s_right_outer_lane'====== Args={'value': 0, 'prev_value': None, 'change': True}
2025-03-14 23:43:52,873 : INFO : EventManager : Event: ======'machine_var_audits_switches_s_right_outlane'====== Args={'value': 0, 'prev_value': None, 'change': True}
2025-03-14 23:43:52,874 : INFO : EventManager : Event: ======'machine_var_audits_switches_s_right_sling'====== Args={'value': 3, 'prev_value': None, 'change': True}
2025-03-14 23:43:52,874 : INFO : EventManager : Event: ======'machine_var_audits_switches_s_scanlan'====== Args={'value': 0, 'prev_value': None, 'change': True}
2025-03-14 23:43:52,874 : INFO : EventManager : Event: ======'machine_var_audits_switches_s_start'====== Args={'value': 127, 'prev_value': None, 'change': True}
2025-03-14 23:43:52,874 : INFO : EventManager : Event: ======'machine_var_audits_switches_s_switch_2'====== Args={'value': 0, 'prev_value': None, 'change': True}
2025-03-14 23:43:52,874 : INFO : EventManager : Event: ======'machine_var_audits_switches_s_trough_ball_1'====== Args={'value': 4, 'prev_value': None, 'change': True}
2025-03-14 23:43:52,874 : INFO : EventManager : Event: ======'machine_var_audits_switches_s_trough_ball_2'====== Args={'value': 7, 'prev_value': None, 'change': True}
2025-03-14 23:43:52,874 : INFO : EventManager : Event: ======'machine_var_audits_switches_s_trough_ball_3'====== Args={'value': 4, 'prev_value': None, 'change': True}
2025-03-14 23:43:52,874 : INFO : EventManager : Event: ======'machine_var_audits_switches_s_trough_ball_4'====== Args={'value': 3, 'prev_value': None, 'change': True}
2025-03-14 23:43:52,874 : INFO : EventManager : Event: ======'machine_var_audits_switches_s_trough_ball_5'====== Args={'value': 3, 'prev_value': None, 'change': True}
2025-03-14 23:43:52,875 : INFO : EventManager : Event: ======'machine_var_audits_switches_s_trough_ball_6'====== Args={'value': 4, 'prev_value': None, 'change': True}
2025-03-14 23:43:52,875 : INFO : EventManager : Event: ======'machine_var_audits_switches_s_trough_ball_jam'====== Args={'value': 3, 'prev_value': None, 'change': True}
2025-03-14 23:43:52,875 : INFO : EventManager : Event: ======'machine_var_audits_switches_s_trough_eject_coil'====== Args={'value': 0, 'prev_value': None, 'change': True}
2025-03-14 23:43:52,876 : INFO : EventManager : Event: ======'init_phase_5'====== Args={}
2025-03-14 23:43:52,876 : INFO : EventManager : Event: ======'init_done'====== Args={}
2025-03-14 23:43:52,877 : INFO : EventManager : Event: ======'machine_reset_phase_1'====== Args={}
2025-03-14 23:43:52,878 : INFO : EventManager : Event: ======'machine_reset_phase_2'====== Args={}
2025-03-14 23:43:52,879 : INFO : EventManager : Event: ======'machine_reset_phase_3'====== Args={}
2025-03-14 23:43:52,880 : INFO : EventManager : Event: ======'reset_complete'====== Args={}
2025-03-14 23:43:52,881 : INFO : EventManager : Event: ======'mode_attract_will_start'====== Args={}
2025-03-14 23:43:52,881 : INFO : EventManager : Event: ======'mode_attract_starting'====== Args={}
2025-03-14 23:43:52,882 : INFO : Mode.attract : Started. Priority: 10
2025-03-14 23:43:52,882 : INFO : EventManager : Event: ======'modes_active_modes_changed'====== Args={}
2025-03-14 23:43:52,882 : INFO : EventManager : Event: ======'mode_attract_started'====== Args={}
2025-03-14 23:43:52,882 : INFO : EventManager : Event: ======'collecting_balls_complete'====== Args={}
2025-03-14 23:43:52,893 : INFO : Machine : Starting the main run loop with active modes: [<Mode.attract>]
2025-03-14 23:43:52,911 : INFO : SwitchController : <<<<<<< 's_flipper_right_eos' active >>>>>>>
2025-03-14 23:43:56,489 : INFO : SwitchController : <<<<<<< 's_start' active >>>>>>>
2025-03-14 23:43:56,818 : INFO : SwitchController : <<<<<<< 's_start' inactive >>>>>>>
2025-03-14 23:43:56,819 : INFO : EventManager : Event: ======'request_to_start_game'====== Args={}
2025-03-14 23:43:56,819 : INFO : EventManager : Event: ======'game_start'====== Args={'buttons': [], 'hold_time': 0.3279999999795109}
2025-03-14 23:43:56,819 : INFO : EventManager : Event: ======'mode_game_will_start'====== Args={'buttons': [], 'hold_time': 0.3279999999795109}
2025-03-14 23:43:56,820 : INFO : EventManager : Event: ======'mode_game_starting'====== Args={'buttons': [], 'hold_time': 0.3279999999795109}
2025-03-14 23:43:56,820 : INFO : EventManager : Event: ======'mode_attract_will_stop'====== Args={}
2025-03-14 23:43:56,820 : INFO : EventManager : Event: ======'mode_attract_stopping'====== Args={}
2025-03-14 23:43:56,820 : INFO : Mode.game : Started. Priority: 20
2025-03-14 23:43:56,820 : INFO : EventManager : Event: ======'modes_active_modes_changed'====== Args={}
2025-03-14 23:43:56,824 : INFO : EventManager : Event: ======'mode_game_started'====== Args={'buttons': [], 'hold_time': 0.3279999999795109}
2025-03-14 23:43:56,825 : INFO : Mode.attract : Stopped.
2025-03-14 23:43:56,825 : INFO : EventManager : Event: ======'modes_active_modes_changed'====== Args={}
2025-03-14 23:43:56,825 : INFO : EventManager : Event: ======'mode_attract_stopped'====== Args={}
2025-03-14 23:43:56,825 : INFO : EventManager : Event: ======'clear'====== Args={'key': 'attract'}
2025-03-14 23:43:56,825 : INFO : EventManager : Event: ======'game_will_start'====== Args={}
2025-03-14 23:43:56,826 : INFO : EventManager : Event: ======'game_starting'====== Args={'game': <Mode.game>}
2025-03-14 23:43:56,827 : INFO : EventManager : Unordered handler for class <Auditor> on event game_ended with priority 1. Handlers: [RegisteredHandler(callback=<bound method Auditor.disable of <Auditor>>, priority=1, kwargs={}, key=UUID('91a63ab5-6deb-4b82-9f0e-521b99a46fbf'), condition=None, blocking_facility=None), RegisteredHandler(callback=<bound method Auditor._save_audits of <Auditor>>, priority=1, kwargs={}, key=UUID('e93f1168-0fbe-4c04-a8d4-4f064ea6e635'), condition=None, blocking_facility=None)]. The order of those handlers is not defined and they will be executed in random order. This might lead to race conditions and potential bugs.
2025-03-14 23:43:56,827 : INFO : EventManager : Event: ======'player_add_request'====== Args={}
2025-03-14 23:43:56,828 : INFO : EventManager : Event: ======'player_will_add'====== Args={'number': 1}
2025-03-14 23:43:56,828 : INFO : EventManager : Event: ======'player_adding'====== Args={'player': <Player 1>, 'number': 1}
2025-03-14 23:43:56,828 : INFO : EventManager : Event: ======'player_added'====== Args={'player': <Player 1>, 'num': 1}
2025-03-14 23:43:56,828 : INFO : Mode.game : Player added successfully. Total players: 1
2025-03-14 23:43:56,828 : INFO : EventManager : Event: ======'player_index'====== Args={'value': 0, 'prev_value': 0, 'change': 0, 'player_num': 1}
2025-03-14 23:43:56,828 : INFO : EventManager : Event: ======'player_number'====== Args={'value': 1, 'prev_value': 1, 'change': 0, 'player_num': 1}
2025-03-14 23:43:56,828 : INFO : EventManager : Event: ======'player_score'====== Args={'value': 0, 'prev_value': 0, 'change': 0, 'player_num': 1}
2025-03-14 23:43:56,829 : INFO : EventManager : Event: ======'game_started'====== Args={}
2025-03-14 23:43:56,829 : INFO : EventManager : Event: ======'player_turn_will_start'====== Args={'player': <Player 1>, 'number': 1}
2025-03-14 23:43:56,830 : INFO : EventManager : Event: ======'player_turn_starting'====== Args={'player': <Player 1>, 'number': 1}
2025-03-14 23:43:56,830 : INFO : EventManager : Event: ======'player_ball'====== Args={'value': 1, 'prev_value': 0, 'change': 1, 'player_num': 1}
2025-03-14 23:43:56,830 : INFO : EventManager : Event: ======'player_turn_started'====== Args={'player': <Player 1>, 'number': 1}
2025-03-14 23:43:56,830 : INFO : EventManager : Event: ======'ball_will_start'====== Args={'player': 1, 'ball': 1, 'balls_remaining': 2, 'is_extra_ball': False}
2025-03-14 23:43:56,831 : INFO : EventManager : Event: ======'ball_starting'====== Args={'player': 1, 'ball': 1, 'balls_remaining': 2, 'is_extra_ball': False}
2025-03-14 23:43:56,831 : INFO : EventManager : Event: ======'balls_in_play'====== Args={'balls': 1}
2025-03-14 23:43:56,831 : INFO : EventManager : Event: ======'ball_started'====== Args={'player': 1, 'ball': 1, 'balls_remaining': 2, 'is_extra_ball': False}
2025-03-14 23:43:56,831 : INFO : EventManager : Event: ======'mode_base_will_start'====== Args={'player': 1, 'ball': 1, 'balls_remaining': 2, 'is_extra_ball': False}
2025-03-14 23:43:56,832 : INFO : EventManager : Event: ======'mode_base_starting'====== Args={'player': 1, 'ball': 1, 'balls_remaining': 2, 'is_extra_ball': False}
2025-03-14 23:43:56,832 : INFO : Mode.base : Started. Priority: 100
2025-03-14 23:43:56,832 : INFO : EventManager : Event: ======'modes_active_modes_changed'====== Args={}
2025-03-14 23:43:56,832 : INFO : EventManager : Event: ======'mode_base_started'====== Args={'player': 1, 'ball': 1, 'balls_remaining': 2, 'is_extra_ball': False}
2025-03-14 23:43:56,832 : INFO : coil.c_trough_eject_coil : Pulsing Driver for 15ms (1.0 pulse_power)
2025-03-14 23:43:56,833 : INFO : EventManager : Event: ======'s_plunger_active'====== Args={'priority': 0}
2025-03-14 23:43:56,846 : INFO : EventManager : Event: ======'single_player_ball_started'====== Args={}
2025-03-14 23:43:56,846 : INFO : EventManager : Event: ======'ball_start_target'====== Args={'target': 'playfield'}
2025-03-14 23:43:56,847 : INFO : ball_device.bd_plunger : Setting up player-controlled eject. Balls: 1, Target: <playfield.playfield>, player_controlled_eject_event: None
2025-03-14 23:43:56,847 : INFO : EventManager : Event: ======'balldevice_balls_available'====== Args={}
2025-03-14 23:43:56,849 : INFO : ball_device.bd_trough : State: waiting_for_target_ready
2025-03-14 23:43:56,849 : INFO : EventManager : Event: ======'balldevice_bd_trough_ball_eject_attempt'====== Args={'balls': 1, 'target': <ball_device.bd_plunger>, 'source': <ball_device.bd_trough>, 'mechanical_eject': True, 'num_attempts': 0}
2025-03-14 23:43:56,849 : INFO : ball_device.bd_plunger : State: waiting_for_ball
2025-03-14 23:43:56,850 : INFO : ball_device.bd_trough : State: ejecting
2025-03-14 23:43:56,850 : INFO : ball_device.bd_trough : Ejecting ball to <ball_device.bd_plunger>
2025-03-14 23:43:56,851 : INFO : EventManager : Event: ======'balldevice_bd_trough_ejecting_ball'====== Args={'balls': 1, 'target': <ball_device.bd_plunger>, 'source': <ball_device.bd_trough>, 'mechanical_eject': True, 'num_attempts': 0}
2025-03-14 23:43:56,852 : INFO : ball_device.bd_trough : Wait for ball to leave device
2025-03-14 23:43:58,957 : INFO : SwitchController : <<<<<<< 's_start' active >>>>>>>
2025-03-14 23:43:58,958 : INFO : EventManager : Event: ======'sw_start'====== Args={}
2025-03-14 23:43:58,958 : INFO : EventManager : Event: ======'machine_var_audits_switches_s_start'====== Args={'value': 128, 'prev_value': 127, 'change': 1}
2025-03-14 23:43:58,958 : INFO : EventManager : Event: ======'player_add_request'====== Args={}
2025-03-14 23:43:58,958 : INFO : EventManager : Event: ======'player_will_add'====== Args={'number': 2}
2025-03-14 23:43:58,959 : INFO : EventManager : Event: ======'player_adding'====== Args={'player': <Player 2>, 'number': 2}
2025-03-14 23:43:58,959 : INFO : EventManager : Event: ======'player_added'====== Args={'player': <Player 2>, 'num': 2}
2025-03-14 23:43:58,959 : INFO : Mode.game : Player added successfully. Total players: 2
2025-03-14 23:43:58,959 : INFO : EventManager : Event: ======'multiplayer_game'====== Args={}
2025-03-14 23:43:58,959 : INFO : EventManager : Event: ======'player_index'====== Args={'value': 1, 'prev_value': 1, 'change': 0, 'player_num': 2}
2025-03-14 23:43:58,959 : INFO : EventManager : Event: ======'player_number'====== Args={'value': 2, 'prev_value': 2, 'change': 0, 'player_num': 2}
2025-03-14 23:43:58,959 : INFO : EventManager : Event: ======'player_score'====== Args={'value': 0, 'prev_value': 0, 'change': 0, 'player_num': 2}
2025-03-14 23:43:59,192 : INFO : SwitchController : <<<<<<< 's_start' inactive >>>>>>>
2025-03-14 23:44:00,877 : INFO : SwitchController : <<<<<<< 's_flipper_left' active >>>>>>>
2025-03-14 23:44:00,877 : INFO : EventManager : Event: ======'machine_var_audits_switches_s_flipper_left'====== Args={'value': 16, 'prev_value': 15, 'change': 1}
2025-03-14 23:44:00,893 : INFO : SwitchController : <<<<<<< 's_flipper_left_lower_eos' active >>>>>>>
2025-03-14 23:44:00,893 : INFO : EventManager : Event: ======'machine_var_audits_switches_s_flipper_left_lower_eos'====== Args={'value': 7, 'prev_value': 6, 'change': 1}
2025-03-14 23:44:00,893 : INFO : SwitchController : <<<<<<< 's_flipper_left_upper_eos' active >>>>>>>
2025-03-14 23:44:00,894 : INFO : EventManager : Event: ======'machine_var_audits_switches_s_flipper_left_upper_eos'====== Args={'value': 6, 'prev_value': 5, 'change': 1}
2025-03-14 23:44:01,081 : INFO : SwitchController : <<<<<<< 's_flipper_left' inactive >>>>>>>
2025-03-14 23:44:01,144 : INFO : SwitchController : <<<<<<< 's_flipper_left_lower_eos' inactive >>>>>>>
2025-03-14 23:44:01,161 : INFO : SwitchController : <<<<<<< 's_flipper_left_upper_eos' inactive >>>>>>>
2025-03-14 23:44:01,333 : INFO : SwitchController : <<<<<<< 's_flipper_left' active >>>>>>>
2025-03-14 23:44:01,333 : INFO : EventManager : Event: ======'machine_var_audits_switches_s_flipper_left'====== Args={'value': 17, 'prev_value': 16, 'change': 1}
2025-03-14 23:44:01,349 : INFO : SwitchController : <<<<<<< 's_flipper_left_lower_eos' active >>>>>>>
2025-03-14 23:44:01,349 : INFO : EventManager : Event: ======'machine_var_audits_switches_s_flipper_left_lower_eos'====== Args={'value': 8, 'prev_value': 7, 'change': 1}
2025-03-14 23:44:01,349 : INFO : SwitchController : <<<<<<< 's_flipper_left_upper_eos' active >>>>>>>
2025-03-14 23:44:01,349 : INFO : EventManager : Event: ======'machine_var_audits_switches_s_flipper_left_upper_eos'====== Args={'value': 7, 'prev_value': 6, 'change': 1}
2025-03-14 23:44:01,473 : INFO : SwitchController : <<<<<<< 's_flipper_left' inactive >>>>>>>
2025-03-14 23:44:01,537 : INFO : SwitchController : <<<<<<< 's_flipper_left_lower_eos' inactive >>>>>>>
2025-03-14 23:44:01,551 : INFO : SwitchController : <<<<<<< 's_flipper_left_upper_eos' inactive >>>>>>>
2025-03-14 23:44:04,413 : INFO : Machine : Shutting down...
2025-03-14 23:44:04,414 : INFO : EventManager : Event: ======'shutdown'====== Args={}
2025-03-14 23:44:04,415 : INFO : EventManager : Event: ======'mode_game_will_stop'====== Args={}
2025-03-14 23:44:04,415 : INFO : EventManager : Event: ======'mode_game_stopping'====== Args={}
2025-03-14 23:44:04,416 : INFO : EventManager : Event: ======'mode_base_will_stop'====== Args={}
2025-03-14 23:44:04,416 : INFO : EventManager : Event: ======'mode_base_stopping'====== Args={}
2025-03-14 23:44:04,416 : INFO : Mode.base : Stopped.
2025-03-14 23:44:04,416 : INFO : EventManager : Event: ======'modes_active_modes_changed'====== Args={}
2025-03-14 23:44:04,416 : INFO : EventManager : Event: ======'mode_base_stopped'====== Args={}
2025-03-14 23:44:04,416 : INFO : EventManager : Event: ======'clear'====== Args={'key': 'base'}
2025-03-14 23:44:04,417 : INFO : Mode.game : Stopped.
2025-03-14 23:44:04,417 : INFO : EventManager : Event: ======'modes_active_modes_changed'====== Args={}
2025-03-14 23:44:04,417 : INFO : EventManager : Event: ======'mode_game_stopped'====== Args={}
2025-03-14 23:44:04,417 : INFO : EventManager : Event: ======'clear'====== Args={'key': 'game'}
2025-03-14 23:44:04,514 : INFO : SwitchController : <<<<<<< 's_flipper_right_eos' inactive >>>>>>>
2025-03-14 23:44:04,517 : INFO : root : MPF run loop ended.
